[3.877s] DEBUG:colcon:Command line arguments: ['/usr/bin/colcon', 'build', '--packages-select', 'my_serial_node']
[3.877s] DEBUG:colcon:Parsed command line arguments: Namespace(allow_overriding=[], ament_cmake_args=None, base_paths=['.'], build_base='build', catkin_cmake_args=None, catkin_skip_building_tests=False, cmake_args=None, cmake_clean_cache=False, cmake_clean_first=False, cmake_force_configure=False, cmake_target=None, cmake_target_skip_unavailable=False, continue_on_error=False, event_handlers=None, executor='parallel', ignore_user_meta=False, install_base='install', log_base=None, log_level=None, main=<bound method BuildVerb.main of <colcon_core.verb.build.BuildVerb object at 0x7f7a9fb64f10>>, merge_install=False, metas=['./colcon.meta'], packages_above=None, packages_above_and_dependencies=None, packages_above_depth=None, packages_end=None, packages_ignore=None, packages_ignore_regex=None, packages_select=['my_serial_node'], packages_select_build_failed=False, packages_select_by_dep=None, packages_select_regex=None, packages_select_test_failures=False, packages_skip=None, packages_skip_build_finished=False, packages_skip_by_dep=None, packages_skip_regex=None, packages_skip_test_passed=False, packages_skip_up_to=None, packages_start=None, packages_up_to=None, packages_up_to_regex=None, parallel_workers=4, paths=None, symlink_install=False, test_result_base=None, verb_extension=<colcon_core.verb.build.BuildVerb object at 0x7f7a9fb64f10>, verb_name='build', verb_parser=<colcon_defaults.argument_parser.defaults.DefaultArgumentsDecorator object at 0x7f7a9fb64ca0>)
[4.073s] Level 1:colcon.colcon_core.package_discovery:discover_packages(colcon_meta) check parameters
[4.073s] Level 1:colcon.colcon_core.package_discovery:discover_packages(recursive) check parameters
[4.073s] Level 1:colcon.colcon_core.package_discovery:discover_packages(ignore) check parameters
[4.073s] Level 1:colcon.colcon_core.package_discovery:discover_packages(path) check parameters
[4.073s] Level 1:colcon.colcon_core.package_discovery:discover_packages(colcon_meta) discover
[4.073s] Level 1:colcon.colcon_core.package_discovery:discover_packages(recursive) discover
[4.073s] INFO:colcon.colcon_core.package_discovery:Crawling recursively for packages in '/home/kurisaw/Desktop/catkin_ws'
[4.074s] Level 1:colcon.colcon_core.package_identification:_identify(.) by extensions ['ignore', 'ignore_ament_install']
[4.074s] Level 1:colcon.colcon_core.package_identification:_identify(.) by extension 'ignore'
[4.074s] Level 1:colcon.colcon_core.package_identification:_identify(.) by extension 'ignore_ament_install'
[4.074s] Level 1:colcon.colcon_core.package_identification:_identify(.) by extensions ['colcon_pkg']
[4.074s] Level 1:colcon.colcon_core.package_identification:_identify(.) by extension 'colcon_pkg'
[4.074s] Level 1:colcon.colcon_core.package_identification:_identify(.) by extensions ['colcon_meta']
[4.074s] Level 1:colcon.colcon_core.package_identification:_identify(.) by extension 'colcon_meta'
[4.075s] Level 1:colcon.colcon_core.package_identification:_identify(.) by extensions ['ros']
[4.075s] Level 1:colcon.colcon_core.package_identification:_identify(.) by extension 'ros'
[4.105s] Level 1:colcon.colcon_core.package_identification:_identify(.) by extensions ['cmake', 'python']
[4.105s] Level 1:colcon.colcon_core.package_identification:_identify(.) by extension 'cmake'
[4.105s] Level 1:colcon.colcon_core.package_identification:_identify(.) by extension 'python'
[4.105s] Level 1:colcon.colcon_core.package_identification:_identify(.) by extensions ['python_setup_py']
[4.105s] Level 1:colcon.colcon_core.package_identification:_identify(.) by extension 'python_setup_py'
[4.106s] Level 1:colcon.colcon_core.package_identification:_identify(build) by extensions ['ignore', 'ignore_ament_install']
[4.106s] Level 1:colcon.colcon_core.package_identification:_identify(build) by extension 'ignore'
[4.106s] Level 1:colcon.colcon_core.package_identification:_identify(build) ignored
[4.107s] Level 1:colcon.colcon_core.package_identification:_identify(install) by extensions ['ignore', 'ignore_ament_install']
[4.107s] Level 1:colcon.colcon_core.package_identification:_identify(install) by extension 'ignore'
[4.107s] Level 1:colcon.colcon_core.package_identification:_identify(install) ignored
[4.107s] Level 1:colcon.colcon_core.package_identification:_identify(log) by extensions ['ignore', 'ignore_ament_install']
[4.108s] Level 1:colcon.colcon_core.package_identification:_identify(log) by extension 'ignore'
[4.108s] Level 1:colcon.colcon_core.package_identification:_identify(log) ignored
[4.108s] Level 1:colcon.colcon_core.package_identification:_identify(src) by extensions ['ignore', 'ignore_ament_install']
[4.108s] Level 1:colcon.colcon_core.package_identification:_identify(src) by extension 'ignore'
[4.108s] Level 1:colcon.colcon_core.package_identification:_identify(src) by extension 'ignore_ament_install'
[4.109s] Level 1:colcon.colcon_core.package_identification:_identify(src) by extensions ['colcon_pkg']
[4.109s] Level 1:colcon.colcon_core.package_identification:_identify(src) by extension 'colcon_pkg'
[4.109s] Level 1:colcon.colcon_core.package_identification:_identify(src) by extensions ['colcon_meta']
[4.109s] Level 1:colcon.colcon_core.package_identification:_identify(src) by extension 'colcon_meta'
[4.109s] Level 1:colcon.colcon_core.package_identification:_identify(src) by extensions ['ros']
[4.109s] Level 1:colcon.colcon_core.package_identification:_identify(src) by extension 'ros'
[4.110s] Level 1:colcon.colcon_core.package_identification:_identify(src) by extensions ['cmake', 'python']
[4.110s] Level 1:colcon.colcon_core.package_identification:_identify(src) by extension 'cmake'
[4.110s] Level 1:colcon.colcon_core.package_identification:_identify(src) by extension 'python'
[4.110s] Level 1:colcon.colcon_core.package_identification:_identify(src) by extensions ['python_setup_py']
[4.110s] Level 1:colcon.colcon_core.package_identification:_identify(src) by extension 'python_setup_py'
[4.111s] Level 1:colcon.colcon_core.package_identification:_identify(src/my_serial_node) by extensions ['ignore', 'ignore_ament_install']
[4.111s] Level 1:colcon.colcon_core.package_identification:_identify(src/my_serial_node) by extension 'ignore'
[4.111s] Level 1:colcon.colcon_core.package_identification:_identify(src/my_serial_node) by extension 'ignore_ament_install'
[4.111s] Level 1:colcon.colcon_core.package_identification:_identify(src/my_serial_node) by extensions ['colcon_pkg']
[4.111s] Level 1:colcon.colcon_core.package_identification:_identify(src/my_serial_node) by extension 'colcon_pkg'
[4.111s] Level 1:colcon.colcon_core.package_identification:_identify(src/my_serial_node) by extensions ['colcon_meta']
[4.111s] Level 1:colcon.colcon_core.package_identification:_identify(src/my_serial_node) by extension 'colcon_meta'
[4.112s] Level 1:colcon.colcon_core.package_identification:_identify(src/my_serial_node) by extensions ['ros']
[4.112s] Level 1:colcon.colcon_core.package_identification:_identify(src/my_serial_node) by extension 'ros'
[4.115s] DEBUG:colcon.colcon_core.package_identification:Package 'src/my_serial_node' with type 'ros.ament_cmake' and name 'my_serial_node'
[4.115s] Level 1:colcon.colcon_core.package_identification:_identify(src/ros_tutorials) by extensions ['ignore', 'ignore_ament_install']
[4.116s] Level 1:colcon.colcon_core.package_identification:_identify(src/ros_tutorials) by extension 'ignore'
[4.116s] Level 1:colcon.colcon_core.package_identification:_identify(src/ros_tutorials) by extension 'ignore_ament_install'
[4.116s] Level 1:colcon.colcon_core.package_identification:_identify(src/ros_tutorials) by extensions ['colcon_pkg']
[4.116s] Level 1:colcon.colcon_core.package_identification:_identify(src/ros_tutorials) by extension 'colcon_pkg'
[4.116s] Level 1:colcon.colcon_core.package_identification:_identify(src/ros_tutorials) by extensions ['colcon_meta']
[4.116s] Level 1:colcon.colcon_core.package_identification:_identify(src/ros_tutorials) by extension 'colcon_meta'
[4.116s] Level 1:colcon.colcon_core.package_identification:_identify(src/ros_tutorials) by extensions ['ros']
[4.116s] Level 1:colcon.colcon_core.package_identification:_identify(src/ros_tutorials) by extension 'ros'
[4.117s] Level 1:colcon.colcon_core.package_identification:_identify(src/ros_tutorials) by extensions ['cmake', 'python']
[4.117s] Level 1:colcon.colcon_core.package_identification:_identify(src/ros_tutorials) by extension 'cmake'
[4.117s] Level 1:colcon.colcon_core.package_identification:_identify(src/ros_tutorials) by extension 'python'
[4.117s] Level 1:colcon.colcon_core.package_identification:_identify(src/ros_tutorials) by extensions ['python_setup_py']
[4.117s] Level 1:colcon.colcon_core.package_identification:_identify(src/ros_tutorials) by extension 'python_setup_py'
[4.117s] Level 1:colcon.colcon_core.package_identification:_identify(src/ros_tutorials/ros_tutorials) by extensions ['ignore', 'ignore_ament_install']
[4.117s] Level 1:colcon.colcon_core.package_identification:_identify(src/ros_tutorials/ros_tutorials) by extension 'ignore'
[4.118s] Level 1:colcon.colcon_core.package_identification:_identify(src/ros_tutorials/ros_tutorials) ignored
[4.118s] Level 1:colcon.colcon_core.package_identification:_identify(src/ros_tutorials/roscpp_tutorials) by extensions ['ignore', 'ignore_ament_install']
[4.118s] Level 1:colcon.colcon_core.package_identification:_identify(src/ros_tutorials/roscpp_tutorials) by extension 'ignore'
[4.118s] Level 1:colcon.colcon_core.package_identification:_identify(src/ros_tutorials/roscpp_tutorials) ignored
[4.118s] Level 1:colcon.colcon_core.package_identification:_identify(src/ros_tutorials/rospy_tutorials) by extensions ['ignore', 'ignore_ament_install']
[4.119s] Level 1:colcon.colcon_core.package_identification:_identify(src/ros_tutorials/rospy_tutorials) by extension 'ignore'
[4.119s] Level 1:colcon.colcon_core.package_identification:_identify(src/ros_tutorials/rospy_tutorials) ignored
[4.119s] Level 1:colcon.colcon_core.package_identification:_identify(src/ros_tutorials/turtlesim) by extensions ['ignore', 'ignore_ament_install']
[4.119s] Level 1:colcon.colcon_core.package_identification:_identify(src/ros_tutorials/turtlesim) by extension 'ignore'
[4.119s] Level 1:colcon.colcon_core.package_identification:_identify(src/ros_tutorials/turtlesim) by extension 'ignore_ament_install'
[4.119s] Level 1:colcon.colcon_core.package_identification:_identify(src/ros_tutorials/turtlesim) by extensions ['colcon_pkg']
[4.119s] Level 1:colcon.colcon_core.package_identification:_identify(src/ros_tutorials/turtlesim) by extension 'colcon_pkg'
[4.119s] Level 1:colcon.colcon_core.package_identification:_identify(src/ros_tutorials/turtlesim) by extensions ['colcon_meta']
[4.120s] Level 1:colcon.colcon_core.package_identification:_identify(src/ros_tutorials/turtlesim) by extension 'colcon_meta'
[4.120s] Level 1:colcon.colcon_core.package_identification:_identify(src/ros_tutorials/turtlesim) by extensions ['ros']
[4.120s] Level 1:colcon.colcon_core.package_identification:_identify(src/ros_tutorials/turtlesim) by extension 'ros'
[4.121s] DEBUG:colcon.colcon_core.package_identification:Package 'src/ros_tutorials/turtlesim' with type 'ros.ament_cmake' and name 'turtlesim'
[4.121s] Level 1:colcon.colcon_core.package_discovery:discover_packages(recursive) using defaults
[4.121s] Level 1:colcon.colcon_core.package_discovery:discover_packages(ignore) discover
[4.121s] Level 1:colcon.colcon_core.package_discovery:discover_packages(ignore) using defaults
[4.121s] Level 1:colcon.colcon_core.package_discovery:discover_packages(path) discover
[4.121s] Level 1:colcon.colcon_core.package_discovery:discover_packages(path) using defaults
[4.357s] INFO:colcon.colcon_core.package_selection:Skipping not selected package 'turtlesim' in 'src/ros_tutorials/turtlesim'
[4.475s] Level 1:colcon.colcon_core.package_discovery:discover_packages(prefix_path) check parameters
[4.475s] Level 1:colcon.colcon_core.package_discovery:discover_packages(prefix_path) discover
[4.612s] DEBUG:colcon.colcon_installed_package_information.package_discovery:Found 2 installed packages in /home/kurisaw/Desktop/catkin_ws/install
[4.701s] DEBUG:colcon.colcon_installed_package_information.package_discovery:Found 4 installed packages in /home/kurisaw/catkin_ws/install
[4.772s] DEBUG:colcon.colcon_installed_package_information.package_discovery:Found 257 installed packages in /opt/ros/foxy
[4.774s] Level 1:colcon.colcon_core.package_discovery:discover_packages(prefix_path) using defaults
[5.056s] Level 5:colcon.colcon_core.verb:set package 'my_serial_node' build argument 'cmake_args' from command line to 'None'
[5.056s] Level 5:colcon.colcon_core.verb:set package 'my_serial_node' build argument 'cmake_target' from command line to 'None'
[5.056s] Level 5:colcon.colcon_core.verb:set package 'my_serial_node' build argument 'cmake_target_skip_unavailable' from command line to 'False'
[5.056s] Level 5:colcon.colcon_core.verb:set package 'my_serial_node' build argument 'cmake_clean_cache' from command line to 'False'
[5.057s] Level 5:colcon.colcon_core.verb:set package 'my_serial_node' build argument 'cmake_clean_first' from command line to 'False'
[5.057s] Level 5:colcon.colcon_core.verb:set package 'my_serial_node' build argument 'cmake_force_configure' from command line to 'False'
[5.057s] Level 5:colcon.colcon_core.verb:set package 'my_serial_node' build argument 'ament_cmake_args' from command line to 'None'
[5.057s] Level 5:colcon.colcon_core.verb:set package 'my_serial_node' build argument 'catkin_cmake_args' from command line to 'None'
[5.057s] Level 5:colcon.colcon_core.verb:set package 'my_serial_node' build argument 'catkin_skip_building_tests' from command line to 'False'
[5.057s] DEBUG:colcon.colcon_core.verb:Building package 'my_serial_node' with the following arguments: {'ament_cmake_args': None, 'build_base': '/home/kurisaw/Desktop/catkin_ws/build/my_serial_node', 'catkin_cmake_args': None, 'catkin_skip_building_tests': False, 'cmake_args': None, 'cmake_clean_cache': False, 'cmake_clean_first': False, 'cmake_force_configure': False, 'cmake_target': None, 'cmake_target_skip_unavailable': False, 'install_base': '/home/kurisaw/Desktop/catkin_ws/install/my_serial_node', 'merge_install': False, 'path': '/home/kurisaw/Desktop/catkin_ws/src/my_serial_node', 'symlink_install': False, 'test_result_base': None}
[5.115s] INFO:colcon.colcon_core.executor:Executing jobs using 'parallel' executor
[5.188s] DEBUG:colcon.colcon_parallel_executor.executor.parallel:run_until_complete
[5.189s] INFO:colcon.colcon_ros.task.ament_cmake.build:Building ROS package in '/home/kurisaw/Desktop/catkin_ws/src/my_serial_node' with build type 'ament_cmake'
[5.189s] INFO:colcon.colcon_cmake.task.cmake.build:Building CMake package in '/home/kurisaw/Desktop/catkin_ws/src/my_serial_node'
[5.268s] INFO:colcon.colcon_core.plugin_system:Skipping extension 'colcon_core.shell.bat': Not used on non-Windows systems
[5.269s] INFO:colcon.colcon_core.shell:Skip shell extension 'powershell' for command environment: Not usable outside of PowerShell
[5.269s] DEBUG:colcon.colcon_core.shell:Skip shell extension 'dsv' for command environment
[5.614s] DEBUG:colcon.colcon_core.event_handler.log_command:Invoking command in '/home/kurisaw/Desktop/catkin_ws/build/my_serial_node': CMAKE_PREFIX_PATH=${CMAKE_PREFIX_PATH}:/opt/ros/foxy /usr/bin/cmake --build /home/kurisaw/Desktop/catkin_ws/build/my_serial_node -- -j4 -l4
[15.837s] DEBUG:colcon.colcon_core.event_handler.log_command:Invoked command in '/home/kurisaw/Desktop/catkin_ws/build/my_serial_node' returned '0': CMAKE_PREFIX_PATH=${CMAKE_PREFIX_PATH}:/opt/ros/foxy /usr/bin/cmake --build /home/kurisaw/Desktop/catkin_ws/build/my_serial_node -- -j4 -l4
[15.974s] DEBUG:colcon.colcon_core.event_handler.log_command:Invoking command in '/home/kurisaw/Desktop/catkin_ws/build/my_serial_node': CMAKE_PREFIX_PATH=${CMAKE_PREFIX_PATH}:/opt/ros/foxy /usr/bin/cmake --install /home/kurisaw/Desktop/catkin_ws/build/my_serial_node
[16.023s] Level 1:colcon.colcon_core.environment:create_environment_scripts_only(my_serial_node)
[16.046s] DEBUG:colcon.colcon_core.event_handler.log_command:Invoked command in '/home/kurisaw/Desktop/catkin_ws/build/my_serial_node' returned '0': CMAKE_PREFIX_PATH=${CMAKE_PREFIX_PATH}:/opt/ros/foxy /usr/bin/cmake --install /home/kurisaw/Desktop/catkin_ws/build/my_serial_node
[16.121s] Level 1:colcon.colcon_core.environment:checking '/home/kurisaw/Desktop/catkin_ws/install/my_serial_node' for CMake module files
[16.123s] Level 1:colcon.colcon_core.environment:checking '/home/kurisaw/Desktop/catkin_ws/install/my_serial_node' for CMake config files
[16.124s] Level 1:colcon.colcon_core.shell:create_environment_hook('my_serial_node', 'cmake_prefix_path')
[16.250s] INFO:colcon.colcon_core.shell:Creating environment hook '/home/kurisaw/Desktop/catkin_ws/install/my_serial_node/share/my_serial_node/hook/cmake_prefix_path.ps1'
[16.251s] INFO:colcon.colcon_core.shell:Creating environment descriptor '/home/kurisaw/Desktop/catkin_ws/install/my_serial_node/share/my_serial_node/hook/cmake_prefix_path.dsv'
[16.252s] INFO:colcon.colcon_core.shell:Creating environment hook '/home/kurisaw/Desktop/catkin_ws/install/my_serial_node/share/my_serial_node/hook/cmake_prefix_path.sh'
[16.255s] Level 1:colcon.colcon_core.environment:checking '/home/kurisaw/Desktop/catkin_ws/install/my_serial_node/lib'
[16.255s] Level 1:colcon.colcon_core.environment:checking '/home/kurisaw/Desktop/catkin_ws/install/my_serial_node/bin'
[16.255s] Level 1:colcon.colcon_core.environment:checking '/home/kurisaw/Desktop/catkin_ws/install/my_serial_node/lib/pkgconfig/my_serial_node.pc'
[16.256s] Level 1:colcon.colcon_core.environment:checking '/home/kurisaw/Desktop/catkin_ws/install/my_serial_node/lib/python3.8/site-packages'
[16.256s] Level 1:colcon.colcon_core.environment:checking '/home/kurisaw/Desktop/catkin_ws/install/my_serial_node/bin'
[16.337s] INFO:colcon.colcon_core.shell:Creating package script '/home/kurisaw/Desktop/catkin_ws/install/my_serial_node/share/my_serial_node/package.ps1'
[16.339s] INFO:colcon.colcon_core.shell:Creating package descriptor '/home/kurisaw/Desktop/catkin_ws/install/my_serial_node/share/my_serial_node/package.dsv'
[16.341s] INFO:colcon.colcon_core.shell:Creating package script '/home/kurisaw/Desktop/catkin_ws/install/my_serial_node/share/my_serial_node/package.sh'
[16.343s] INFO:colcon.colcon_core.shell:Creating package script '/home/kurisaw/Desktop/catkin_ws/install/my_serial_node/share/my_serial_node/package.bash'
[16.345s] INFO:colcon.colcon_core.shell:Creating package script '/home/kurisaw/Desktop/catkin_ws/install/my_serial_node/share/my_serial_node/package.zsh'
[16.347s] Level 1:colcon.colcon_core.environment:create_file_with_runtime_dependencies(/home/kurisaw/Desktop/catkin_ws/install/my_serial_node/share/colcon-core/packages/my_serial_node)
[16.603s] Level 1:colcon.colcon_core.environment:create_environment_scripts_only(my_serial_node)
[16.671s] Level 1:colcon.colcon_core.environment:checking '/home/kurisaw/Desktop/catkin_ws/install/my_serial_node' for CMake module files
[16.672s] Level 1:colcon.colcon_core.environment:checking '/home/kurisaw/Desktop/catkin_ws/install/my_serial_node' for CMake config files
[16.674s] Level 1:colcon.colcon_core.shell:create_environment_hook('my_serial_node', 'cmake_prefix_path')
[16.744s] INFO:colcon.colcon_core.shell:Creating environment hook '/home/kurisaw/Desktop/catkin_ws/install/my_serial_node/share/my_serial_node/hook/cmake_prefix_path.ps1'
[16.747s] INFO:colcon.colcon_core.shell:Creating environment descriptor '/home/kurisaw/Desktop/catkin_ws/install/my_serial_node/share/my_serial_node/hook/cmake_prefix_path.dsv'
[16.748s] INFO:colcon.colcon_core.shell:Creating environment hook '/home/kurisaw/Desktop/catkin_ws/install/my_serial_node/share/my_serial_node/hook/cmake_prefix_path.sh'
[16.750s] Level 1:colcon.colcon_core.environment:checking '/home/kurisaw/Desktop/catkin_ws/install/my_serial_node/lib'
[16.750s] Level 1:colcon.colcon_core.environment:checking '/home/kurisaw/Desktop/catkin_ws/install/my_serial_node/bin'
[16.751s] Level 1:colcon.colcon_core.environment:checking '/home/kurisaw/Desktop/catkin_ws/install/my_serial_node/lib/pkgconfig/my_serial_node.pc'
[16.751s] Level 1:colcon.colcon_core.environment:checking '/home/kurisaw/Desktop/catkin_ws/install/my_serial_node/lib/python3.8/site-packages'
[16.752s] Level 1:colcon.colcon_core.environment:checking '/home/kurisaw/Desktop/catkin_ws/install/my_serial_node/bin'
[16.820s] INFO:colcon.colcon_core.shell:Creating package script '/home/kurisaw/Desktop/catkin_ws/install/my_serial_node/share/my_serial_node/package.ps1'
[16.821s] INFO:colcon.colcon_core.shell:Creating package descriptor '/home/kurisaw/Desktop/catkin_ws/install/my_serial_node/share/my_serial_node/package.dsv'
[16.823s] INFO:colcon.colcon_core.shell:Creating package script '/home/kurisaw/Desktop/catkin_ws/install/my_serial_node/share/my_serial_node/package.sh'
[16.824s] INFO:colcon.colcon_core.shell:Creating package script '/home/kurisaw/Desktop/catkin_ws/install/my_serial_node/share/my_serial_node/package.bash'
[16.825s] INFO:colcon.colcon_core.shell:Creating package script '/home/kurisaw/Desktop/catkin_ws/install/my_serial_node/share/my_serial_node/package.zsh'
[16.829s] Level 1:colcon.colcon_core.environment:create_file_with_runtime_dependencies(/home/kurisaw/Desktop/catkin_ws/install/my_serial_node/share/colcon-core/packages/my_serial_node)
[16.830s] DEBUG:colcon.colcon_parallel_executor.executor.parallel:closing loop
[16.833s] DEBUG:colcon.colcon_parallel_executor.executor.parallel:loop closed
[16.833s] DEBUG:colcon.colcon_parallel_executor.executor.parallel:run_until_complete finished with '0'
[16.834s] DEBUG:colcon.colcon_core.event_reactor:joining thread
[16.925s] INFO:colcon.colcon_core.plugin_system:Skipping extension 'colcon_notification.desktop_notification.terminal_notifier': Not used on non-Darwin systems
[16.925s] INFO:colcon.colcon_core.plugin_system:Skipping extension 'colcon_notification.desktop_notification.win32': Not used on non-Windows systems
[16.925s] INFO:colcon.colcon_notification.desktop_notification:Sending desktop notification using 'notify2'
[16.963s] DEBUG:colcon.colcon_core.event_reactor:joined thread
[17.056s] INFO:colcon.colcon_core.shell:Creating prefix script '/home/kurisaw/Desktop/catkin_ws/install/local_setup.ps1'
[17.058s] INFO:colcon.colcon_core.shell:Creating prefix util module '/home/kurisaw/Desktop/catkin_ws/install/_local_setup_util_ps1.py'
[17.060s] INFO:colcon.colcon_core.shell:Creating prefix chain script '/home/kurisaw/Desktop/catkin_ws/install/setup.ps1'
[17.146s] INFO:colcon.colcon_core.shell:Creating prefix script '/home/kurisaw/Desktop/catkin_ws/install/local_setup.sh'
[17.149s] INFO:colcon.colcon_core.shell:Creating prefix util module '/home/kurisaw/Desktop/catkin_ws/install/_local_setup_util_sh.py'
[17.150s] INFO:colcon.colcon_core.shell:Creating prefix chain script '/home/kurisaw/Desktop/catkin_ws/install/setup.sh'
[17.224s] INFO:colcon.colcon_core.shell:Creating prefix script '/home/kurisaw/Desktop/catkin_ws/install/local_setup.bash'
[17.225s] INFO:colcon.colcon_core.shell:Creating prefix chain script '/home/kurisaw/Desktop/catkin_ws/install/setup.bash'
[17.294s] INFO:colcon.colcon_core.shell:Creating prefix script '/home/kurisaw/Desktop/catkin_ws/install/local_setup.zsh'
[17.295s] INFO:colcon.colcon_core.shell:Creating prefix chain script '/home/kurisaw/Desktop/catkin_ws/install/setup.zsh'
