[0.594s] Invoking command in '/home/kurisaw/Desktop/catkin_ws/build/turtlesim': CMAKE_PREFIX_PATH=${CMAKE_PREFIX_PATH}:/opt/ros/foxy /usr/bin/cmake --build /home/kurisaw/Desktop/catkin_ws/build/turtlesim -- -j4 -l4
[1.038s] [  1%] Built target turtlesim__cpp
[1.094s] [ 11%] Built target turtlesim__rosidl_generator_c
[1.364s] [ 21%] Built target turtlesim__rosidl_typesupport_introspection_cpp
[1.420s] [ 31%] Built target turtlesim__rosidl_typesupport_introspection_c
[1.430s] [ 41%] Built target turtlesim__rosidl_typesupport_fastrtps_cpp
[1.483s] [ 51%] Built target turtlesim__rosidl_typesupport_cpp
[1.582s] [ 61%] Built target turtlesim__rosidl_typesupport_c
[1.600s] [ 71%] Built target turtlesim__rosidl_typesupport_fastrtps_c
[1.657s] [ 71%] Built target turtlesim
[1.973s] [ 73%] Built target draw_square
[1.977s] [ 74%] Built target turtlesim__py
[2.075s] [ 76%] Built target turtle_teleop_key
[2.093s] [ 82%] Built target mimic
[2.094s] [ 84%] Built target turtlesim_node
[2.151s] [ 93%] Built target turtlesim__python
[2.238s] [ 95%] Built target turtlesim__rosidl_typesupport_c__pyext
[2.310s] [ 97%] Built target turtlesim__rosidl_typesupport_fastrtps_c__pyext
[2.327s] [100%] Built target turtlesim__rosidl_typesupport_introspection_c__pyext
[2.375s] Invoked command in '/home/kurisaw/Desktop/catkin_ws/build/turtlesim' returned '0': CMAKE_PREFIX_PATH=${CMAKE_PREFIX_PATH}:/opt/ros/foxy /usr/bin/cmake --build /home/kurisaw/Desktop/catkin_ws/build/turtlesim -- -j4 -l4
