[0.563s] Invoking command in '/home/kurisaw/Desktop/catkin_ws/build/turtlesim': CMAKE_PREFIX_PATH=${CMAKE_PREFIX_PATH}:/opt/ros/foxy /usr/bin/cmake --build /home/kurisaw/Desktop/catkin_ws/build/turtlesim -- -j4 -l4
[0.860s] [  1%] Built target turtlesim__cpp
[0.902s] [ 11%] Built target turtlesim__rosidl_generator_c
[1.021s] [ 21%] Built target turtlesim__rosidl_typesupport_cpp
[1.082s] [ 31%] Built target turtlesim__rosidl_typesupport_introspection_c
[1.086s] [ 41%] Built target turtlesim__rosidl_typesupport_fastrtps_cpp
[1.094s] [ 51%] Built target turtlesim__rosidl_typesupport_introspection_cpp
[1.241s] [ 61%] Built target turtlesim__rosidl_typesupport_fastrtps_c
[1.254s] [ 71%] Built target turtlesim__rosidl_typesupport_c
[1.307s] [ 71%] Built target turtlesim
[1.474s] [ 73%] Built target turtle_teleop_key
[1.512s] [ 74%] Built target turtlesim__py
[1.512s] [ 76%] Built target draw_square
[1.534s] [ 82%] Built target turtlesim_node
[1.645s] [ 84%] Built target mimic
[1.670s] [ 93%] Built target turtlesim__python
[1.822s] [ 95%] Built target turtlesim__rosidl_typesupport_fastrtps_c__pyext
[1.842s] [ 97%] Built target turtlesim__rosidl_typesupport_c__pyext
[1.869s] [100%] Built target turtlesim__rosidl_typesupport_introspection_c__pyext
[1.956s] Invoked command in '/home/kurisaw/Desktop/catkin_ws/build/turtlesim' returned '0': CMAKE_PREFIX_PATH=${CMAKE_PREFIX_PATH}:/opt/ros/foxy /usr/bin/cmake --build /home/kurisaw/Desktop/catkin_ws/build/turtlesim -- -j4 -l4
[3.786s] Invoking command in '/home/kurisaw/Desktop/catkin_ws/build/turtlesim': CMAKE_PREFIX_PATH=${CMAKE_PREFIX_PATH}:/opt/ros/foxy /usr/bin/cmake --install /home/kurisaw/Desktop/catkin_ws/build/turtlesim
[3.823s] -- Install configuration: ""
[3.824s] -- Up-to-date: /home/kurisaw/Desktop/catkin_ws/install/turtlesim/share/ament_index/resource_index/rosidl_interfaces/turtlesim
[3.825s] -- Up-to-date: /home/kurisaw/Desktop/catkin_ws/install/turtlesim/include/turtlesim
[3.827s] -- Up-to-date: /home/kurisaw/Desktop/catkin_ws/install/turtlesim/include/turtlesim/action
[3.828s] -- Up-to-date: /home/kurisaw/Desktop/catkin_ws/install/turtlesim/include/turtlesim/action/rotate_absolute.h
[3.829s] -- Up-to-date: /home/kurisaw/Desktop/catkin_ws/install/turtlesim/include/turtlesim/action/detail
[3.830s] -- Up-to-date: /home/kurisaw/Desktop/catkin_ws/install/turtlesim/include/turtlesim/action/detail/rotate_absolute__struct.h
[3.831s] -- Up-to-date: /home/kurisaw/Desktop/catkin_ws/install/turtlesim/include/turtlesim/action/detail/rotate_absolute__functions.c
[3.832s] -- Up-to-date: /home/kurisaw/Desktop/catkin_ws/install/turtlesim/include/turtlesim/action/detail/rotate_absolute__type_support.h
[3.834s] -- Up-to-date: /home/kurisaw/Desktop/catkin_ws/install/turtlesim/include/turtlesim/action/detail/rotate_absolute__functions.h
[3.835s] -- Up-to-date: /home/kurisaw/Desktop/catkin_ws/install/turtlesim/include/turtlesim/msg
[3.837s] -- Up-to-date: /home/kurisaw/Desktop/catkin_ws/install/turtlesim/include/turtlesim/msg/rosidl_generator_c__visibility_control.h
[3.840s] -- Up-to-date: /home/kurisaw/Desktop/catkin_ws/install/turtlesim/include/turtlesim/msg/color.h
[3.840s] -- Up-to-date: /home/kurisaw/Desktop/catkin_ws/install/turtlesim/include/turtlesim/msg/pose.h
[3.841s] -- Up-to-date: /home/kurisaw/Desktop/catkin_ws/install/turtlesim/include/turtlesim/msg/detail
[3.842s] -- Up-to-date: /home/kurisaw/Desktop/catkin_ws/install/turtlesim/include/turtlesim/msg/detail/color__struct.h
[3.843s] -- Up-to-date: /home/kurisaw/Desktop/catkin_ws/install/turtlesim/include/turtlesim/msg/detail/color__type_support.h
[3.844s] -- Up-to-date: /home/kurisaw/Desktop/catkin_ws/install/turtlesim/include/turtlesim/msg/detail/pose__type_support.h
[3.845s] -- Up-to-date: /home/kurisaw/Desktop/catkin_ws/install/turtlesim/include/turtlesim/msg/detail/pose__functions.c
[3.846s] -- Up-to-date: /home/kurisaw/Desktop/catkin_ws/install/turtlesim/include/turtlesim/msg/detail/color__functions.c
[3.847s] -- Up-to-date: /home/kurisaw/Desktop/catkin_ws/install/turtlesim/include/turtlesim/msg/detail/pose__struct.h
[3.848s] -- Up-to-date: /home/kurisaw/Desktop/catkin_ws/install/turtlesim/include/turtlesim/msg/detail/pose__functions.h
[3.851s] -- Up-to-date: /home/kurisaw/Desktop/catkin_ws/install/turtlesim/include/turtlesim/msg/detail/color__functions.h
[3.852s] -- Up-to-date: /home/kurisaw/Desktop/catkin_ws/install/turtlesim/include/turtlesim/srv
[3.853s] -- Up-to-date: /home/kurisaw/Desktop/catkin_ws/install/turtlesim/include/turtlesim/srv/set_pen.h
[3.854s] -- Up-to-date: /home/kurisaw/Desktop/catkin_ws/install/turtlesim/include/turtlesim/srv/kill.h
[3.856s] -- Up-to-date: /home/kurisaw/Desktop/catkin_ws/install/turtlesim/include/turtlesim/srv/spawn.h
[3.857s] -- Up-to-date: /home/kurisaw/Desktop/catkin_ws/install/turtlesim/include/turtlesim/srv/teleport_relative.h
[3.858s] -- Up-to-date: /home/kurisaw/Desktop/catkin_ws/install/turtlesim/include/turtlesim/srv/detail
[3.859s] -- Up-to-date: /home/kurisaw/Desktop/catkin_ws/install/turtlesim/include/turtlesim/srv/detail/teleport_absolute__struct.h
[3.861s] -- Up-to-date: /home/kurisaw/Desktop/catkin_ws/install/turtlesim/include/turtlesim/srv/detail/teleport_relative__struct.h
[3.863s] -- Up-to-date: /home/kurisaw/Desktop/catkin_ws/install/turtlesim/include/turtlesim/srv/detail/teleport_relative__functions.h
[3.864s] -- Up-to-date: /home/kurisaw/Desktop/catkin_ws/install/turtlesim/include/turtlesim/srv/detail/kill__functions.c
[3.866s] -- Up-to-date: /home/kurisaw/Desktop/catkin_ws/install/turtlesim/include/turtlesim/srv/detail/spawn__functions.h
[3.868s] -- Up-to-date: /home/kurisaw/Desktop/catkin_ws/install/turtlesim/include/turtlesim/srv/detail/kill__type_support.h
[3.869s] -- Up-to-date: /home/kurisaw/Desktop/catkin_ws/install/turtlesim/include/turtlesim/srv/detail/set_pen__type_support.h
[3.869s] -- Up-to-date: /home/kurisaw/Desktop/catkin_ws/install/turtlesim/include/turtlesim/srv/detail/teleport_absolute__type_support.h
[3.869s] -- Up-to-date: /home/kurisaw/Desktop/catkin_ws/install/turtlesim/include/turtlesim/srv/detail/teleport_absolute__functions.h
[3.870s] -- Up-to-date: /home/kurisaw/Desktop/catkin_ws/install/turtlesim/include/turtlesim/srv/detail/set_pen__struct.h
[3.871s] -- Up-to-date: /home/kurisaw/Desktop/catkin_ws/install/turtlesim/include/turtlesim/srv/detail/teleport_absolute__functions.c
[3.872s] -- Up-to-date: /home/kurisaw/Desktop/catkin_ws/install/turtlesim/include/turtlesim/srv/detail/set_pen__functions.h
[3.873s] -- Up-to-date: /home/kurisaw/Desktop/catkin_ws/install/turtlesim/include/turtlesim/srv/detail/spawn__functions.c
[3.874s] -- Up-to-date: /home/kurisaw/Desktop/catkin_ws/install/turtlesim/include/turtlesim/srv/detail/kill__struct.h
[3.875s] -- Up-to-date: /home/kurisaw/Desktop/catkin_ws/install/turtlesim/include/turtlesim/srv/detail/teleport_relative__functions.c
[3.876s] -- Up-to-date: /home/kurisaw/Desktop/catkin_ws/install/turtlesim/include/turtlesim/srv/detail/spawn__struct.h
[3.879s] -- Up-to-date: /home/kurisaw/Desktop/catkin_ws/install/turtlesim/include/turtlesim/srv/detail/set_pen__functions.c
[3.880s] -- Up-to-date: /home/kurisaw/Desktop/catkin_ws/install/turtlesim/include/turtlesim/srv/detail/kill__functions.h
[3.880s] -- Up-to-date: /home/kurisaw/Desktop/catkin_ws/install/turtlesim/include/turtlesim/srv/detail/teleport_relative__type_support.h
[3.881s] -- Up-to-date: /home/kurisaw/Desktop/catkin_ws/install/turtlesim/include/turtlesim/srv/detail/spawn__type_support.h
[3.882s] -- Up-to-date: /home/kurisaw/Desktop/catkin_ws/install/turtlesim/include/turtlesim/srv/teleport_absolute.h
[3.882s] -- Up-to-date: /home/kurisaw/Desktop/catkin_ws/install/turtlesim/share/turtlesim/environment/library_path.sh
[3.884s] -- Up-to-date: /home/kurisaw/Desktop/catkin_ws/install/turtlesim/share/turtlesim/environment/library_path.dsv
[3.887s] -- Up-to-date: /home/kurisaw/Desktop/catkin_ws/install/turtlesim/lib/libturtlesim__rosidl_generator_c.so
[3.890s] -- Up-to-date: /home/kurisaw/Desktop/catkin_ws/install/turtlesim/include/turtlesim
[3.891s] -- Up-to-date: /home/kurisaw/Desktop/catkin_ws/install/turtlesim/include/turtlesim/action
[3.892s] -- Up-to-date: /home/kurisaw/Desktop/catkin_ws/install/turtlesim/include/turtlesim/action/detail
[3.893s] -- Up-to-date: /home/kurisaw/Desktop/catkin_ws/install/turtlesim/include/turtlesim/action/detail/rotate_absolute__rosidl_typesupport_fastrtps_c.h
[3.894s] -- Up-to-date: /home/kurisaw/Desktop/catkin_ws/install/turtlesim/include/turtlesim/msg
[3.895s] -- Up-to-date: /home/kurisaw/Desktop/catkin_ws/install/turtlesim/include/turtlesim/msg/rosidl_typesupport_fastrtps_c__visibility_control.h
[3.896s] -- Up-to-date: /home/kurisaw/Desktop/catkin_ws/install/turtlesim/include/turtlesim/msg/detail
[3.897s] -- Up-to-date: /home/kurisaw/Desktop/catkin_ws/install/turtlesim/include/turtlesim/msg/detail/color__rosidl_typesupport_fastrtps_c.h
[3.899s] -- Up-to-date: /home/kurisaw/Desktop/catkin_ws/install/turtlesim/include/turtlesim/msg/detail/pose__rosidl_typesupport_fastrtps_c.h
[3.900s] -- Up-to-date: /home/kurisaw/Desktop/catkin_ws/install/turtlesim/include/turtlesim/srv
[3.901s] -- Up-to-date: /home/kurisaw/Desktop/catkin_ws/install/turtlesim/include/turtlesim/srv/detail
[3.902s] -- Up-to-date: /home/kurisaw/Desktop/catkin_ws/install/turtlesim/include/turtlesim/srv/detail/teleport_absolute__rosidl_typesupport_fastrtps_c.h
[3.904s] -- Up-to-date: /home/kurisaw/Desktop/catkin_ws/install/turtlesim/include/turtlesim/srv/detail/set_pen__rosidl_typesupport_fastrtps_c.h
[3.906s] -- Up-to-date: /home/kurisaw/Desktop/catkin_ws/install/turtlesim/include/turtlesim/srv/detail/kill__rosidl_typesupport_fastrtps_c.h
[3.908s] -- Up-to-date: /home/kurisaw/Desktop/catkin_ws/install/turtlesim/include/turtlesim/srv/detail/teleport_relative__rosidl_typesupport_fastrtps_c.h
[3.909s] -- Up-to-date: /home/kurisaw/Desktop/catkin_ws/install/turtlesim/include/turtlesim/srv/detail/spawn__rosidl_typesupport_fastrtps_c.h
[3.914s] -- Up-to-date: /home/kurisaw/Desktop/catkin_ws/install/turtlesim/lib/libturtlesim__rosidl_typesupport_fastrtps_c.so
[3.917s] -- Up-to-date: /home/kurisaw/Desktop/catkin_ws/install/turtlesim/include/turtlesim
[3.919s] -- Up-to-date: /home/kurisaw/Desktop/catkin_ws/install/turtlesim/include/turtlesim/action
[3.920s] -- Up-to-date: /home/kurisaw/Desktop/catkin_ws/install/turtlesim/include/turtlesim/action/detail
[3.921s] -- Up-to-date: /home/kurisaw/Desktop/catkin_ws/install/turtlesim/include/turtlesim/action/detail/rotate_absolute__rosidl_typesupport_fastrtps_cpp.hpp
[3.922s] -- Up-to-date: /home/kurisaw/Desktop/catkin_ws/install/turtlesim/include/turtlesim/action/detail/dds_fastrtps
[3.924s] -- Up-to-date: /home/kurisaw/Desktop/catkin_ws/install/turtlesim/include/turtlesim/msg
[3.925s] -- Up-to-date: /home/kurisaw/Desktop/catkin_ws/install/turtlesim/include/turtlesim/msg/detail
[3.926s] -- Up-to-date: /home/kurisaw/Desktop/catkin_ws/install/turtlesim/include/turtlesim/msg/detail/pose__rosidl_typesupport_fastrtps_cpp.hpp
[3.927s] -- Up-to-date: /home/kurisaw/Desktop/catkin_ws/install/turtlesim/include/turtlesim/msg/detail/color__rosidl_typesupport_fastrtps_cpp.hpp
[3.929s] -- Up-to-date: /home/kurisaw/Desktop/catkin_ws/install/turtlesim/include/turtlesim/msg/detail/dds_fastrtps
[3.931s] -- Up-to-date: /home/kurisaw/Desktop/catkin_ws/install/turtlesim/include/turtlesim/msg/rosidl_typesupport_fastrtps_cpp__visibility_control.h
[3.932s] -- Up-to-date: /home/kurisaw/Desktop/catkin_ws/install/turtlesim/include/turtlesim/srv
[3.933s] -- Up-to-date: /home/kurisaw/Desktop/catkin_ws/install/turtlesim/include/turtlesim/srv/detail
[3.934s] -- Up-to-date: /home/kurisaw/Desktop/catkin_ws/install/turtlesim/include/turtlesim/srv/detail/spawn__rosidl_typesupport_fastrtps_cpp.hpp
[3.935s] -- Up-to-date: /home/kurisaw/Desktop/catkin_ws/install/turtlesim/include/turtlesim/srv/detail/teleport_relative__rosidl_typesupport_fastrtps_cpp.hpp
[3.936s] -- Up-to-date: /home/kurisaw/Desktop/catkin_ws/install/turtlesim/include/turtlesim/srv/detail/dds_fastrtps
[3.937s] -- Up-to-date: /home/kurisaw/Desktop/catkin_ws/install/turtlesim/include/turtlesim/srv/detail/set_pen__rosidl_typesupport_fastrtps_cpp.hpp
[3.939s] -- Up-to-date: /home/kurisaw/Desktop/catkin_ws/install/turtlesim/include/turtlesim/srv/detail/teleport_absolute__rosidl_typesupport_fastrtps_cpp.hpp
[3.940s] -- Up-to-date: /home/kurisaw/Desktop/catkin_ws/install/turtlesim/include/turtlesim/srv/detail/kill__rosidl_typesupport_fastrtps_cpp.hpp
[3.945s] -- Up-to-date: /home/kurisaw/Desktop/catkin_ws/install/turtlesim/lib/libturtlesim__rosidl_typesupport_fastrtps_cpp.so
[3.949s] -- Up-to-date: /home/kurisaw/Desktop/catkin_ws/install/turtlesim/include/turtlesim
[3.951s] -- Up-to-date: /home/kurisaw/Desktop/catkin_ws/install/turtlesim/include/turtlesim/action
[3.952s] -- Up-to-date: /home/kurisaw/Desktop/catkin_ws/install/turtlesim/include/turtlesim/action/detail
[3.953s] -- Up-to-date: /home/kurisaw/Desktop/catkin_ws/install/turtlesim/include/turtlesim/action/detail/rotate_absolute__rosidl_typesupport_introspection_c.h
[3.954s] -- Up-to-date: /home/kurisaw/Desktop/catkin_ws/install/turtlesim/include/turtlesim/action/detail/rotate_absolute__type_support.c
[3.955s] -- Up-to-date: /home/kurisaw/Desktop/catkin_ws/install/turtlesim/include/turtlesim/msg
[3.956s] -- Up-to-date: /home/kurisaw/Desktop/catkin_ws/install/turtlesim/include/turtlesim/msg/rosidl_typesupport_introspection_c__visibility_control.h
[3.958s] -- Up-to-date: /home/kurisaw/Desktop/catkin_ws/install/turtlesim/include/turtlesim/msg/detail
[3.960s] -- Up-to-date: /home/kurisaw/Desktop/catkin_ws/install/turtlesim/include/turtlesim/msg/detail/pose__type_support.c
[3.960s] -- Up-to-date: /home/kurisaw/Desktop/catkin_ws/install/turtlesim/include/turtlesim/msg/detail/color__rosidl_typesupport_introspection_c.h
[3.961s] -- Up-to-date: /home/kurisaw/Desktop/catkin_ws/install/turtlesim/include/turtlesim/msg/detail/pose__rosidl_typesupport_introspection_c.h
[3.963s] -- Up-to-date: /home/kurisaw/Desktop/catkin_ws/install/turtlesim/include/turtlesim/msg/detail/color__type_support.c
[3.963s] -- Up-to-date: /home/kurisaw/Desktop/catkin_ws/install/turtlesim/include/turtlesim/srv
[3.964s] -- Up-to-date: /home/kurisaw/Desktop/catkin_ws/install/turtlesim/include/turtlesim/srv/detail
[3.965s] -- Up-to-date: /home/kurisaw/Desktop/catkin_ws/install/turtlesim/include/turtlesim/srv/detail/spawn__rosidl_typesupport_introspection_c.h
[3.967s] -- Up-to-date: /home/kurisaw/Desktop/catkin_ws/install/turtlesim/include/turtlesim/srv/detail/kill__rosidl_typesupport_introspection_c.h
[3.968s] -- Up-to-date: /home/kurisaw/Desktop/catkin_ws/install/turtlesim/include/turtlesim/srv/detail/teleport_absolute__type_support.c
[3.968s] -- Up-to-date: /home/kurisaw/Desktop/catkin_ws/install/turtlesim/include/turtlesim/srv/detail/spawn__type_support.c
[3.968s] -- Up-to-date: /home/kurisaw/Desktop/catkin_ws/install/turtlesim/include/turtlesim/srv/detail/teleport_relative__type_support.c
[3.969s] -- Up-to-date: /home/kurisaw/Desktop/catkin_ws/install/turtlesim/include/turtlesim/srv/detail/teleport_absolute__rosidl_typesupport_introspection_c.h
[3.970s] -- Up-to-date: /home/kurisaw/Desktop/catkin_ws/install/turtlesim/include/turtlesim/srv/detail/teleport_relative__rosidl_typesupport_introspection_c.h
[3.971s] -- Up-to-date: /home/kurisaw/Desktop/catkin_ws/install/turtlesim/include/turtlesim/srv/detail/set_pen__type_support.c
[3.972s] -- Up-to-date: /home/kurisaw/Desktop/catkin_ws/install/turtlesim/include/turtlesim/srv/detail/kill__type_support.c
[3.973s] -- Up-to-date: /home/kurisaw/Desktop/catkin_ws/install/turtlesim/include/turtlesim/srv/detail/set_pen__rosidl_typesupport_introspection_c.h
[3.976s] -- Up-to-date: /home/kurisaw/Desktop/catkin_ws/install/turtlesim/lib/libturtlesim__rosidl_typesupport_introspection_c.so
[3.984s] -- Up-to-date: /home/kurisaw/Desktop/catkin_ws/install/turtlesim/lib/libturtlesim__rosidl_typesupport_c.so
[3.985s] -- Up-to-date: /home/kurisaw/Desktop/catkin_ws/install/turtlesim/include/turtlesim
[3.987s] -- Up-to-date: /home/kurisaw/Desktop/catkin_ws/install/turtlesim/include/turtlesim/action
[3.987s] -- Up-to-date: /home/kurisaw/Desktop/catkin_ws/install/turtlesim/include/turtlesim/action/rotate_absolute.hpp
[3.988s] -- Up-to-date: /home/kurisaw/Desktop/catkin_ws/install/turtlesim/include/turtlesim/action/detail
[3.989s] -- Up-to-date: /home/kurisaw/Desktop/catkin_ws/install/turtlesim/include/turtlesim/action/detail/rotate_absolute__traits.hpp
[3.990s] -- Up-to-date: /home/kurisaw/Desktop/catkin_ws/install/turtlesim/include/turtlesim/action/detail/rotate_absolute__builder.hpp
[3.991s] -- Up-to-date: /home/kurisaw/Desktop/catkin_ws/install/turtlesim/include/turtlesim/action/detail/rotate_absolute__type_support.hpp
[3.992s] -- Up-to-date: /home/kurisaw/Desktop/catkin_ws/install/turtlesim/include/turtlesim/action/detail/rotate_absolute__struct.hpp
[3.993s] -- Up-to-date: /home/kurisaw/Desktop/catkin_ws/install/turtlesim/include/turtlesim/msg
[3.995s] -- Up-to-date: /home/kurisaw/Desktop/catkin_ws/install/turtlesim/include/turtlesim/msg/color.hpp
[3.995s] -- Up-to-date: /home/kurisaw/Desktop/catkin_ws/install/turtlesim/include/turtlesim/msg/pose.hpp
[3.996s] -- Up-to-date: /home/kurisaw/Desktop/catkin_ws/install/turtlesim/include/turtlesim/msg/detail
[3.997s] -- Up-to-date: /home/kurisaw/Desktop/catkin_ws/install/turtlesim/include/turtlesim/msg/detail/color__type_support.hpp
[3.998s] -- Up-to-date: /home/kurisaw/Desktop/catkin_ws/install/turtlesim/include/turtlesim/msg/detail/color__struct.hpp
[3.999s] -- Up-to-date: /home/kurisaw/Desktop/catkin_ws/install/turtlesim/include/turtlesim/msg/detail/pose__traits.hpp
[4.000s] -- Up-to-date: /home/kurisaw/Desktop/catkin_ws/install/turtlesim/include/turtlesim/msg/detail/color__traits.hpp
[4.001s] -- Up-to-date: /home/kurisaw/Desktop/catkin_ws/install/turtlesim/include/turtlesim/msg/detail/pose__type_support.hpp
[4.002s] -- Up-to-date: /home/kurisaw/Desktop/catkin_ws/install/turtlesim/include/turtlesim/msg/detail/color__builder.hpp
[4.003s] -- Up-to-date: /home/kurisaw/Desktop/catkin_ws/install/turtlesim/include/turtlesim/msg/detail/pose__struct.hpp
[4.004s] -- Up-to-date: /home/kurisaw/Desktop/catkin_ws/install/turtlesim/include/turtlesim/msg/detail/pose__builder.hpp
[4.005s] -- Up-to-date: /home/kurisaw/Desktop/catkin_ws/install/turtlesim/include/turtlesim/msg/rosidl_generator_cpp__visibility_control.hpp
[4.006s] -- Up-to-date: /home/kurisaw/Desktop/catkin_ws/install/turtlesim/include/turtlesim/srv
[4.008s] -- Up-to-date: /home/kurisaw/Desktop/catkin_ws/install/turtlesim/include/turtlesim/srv/teleport_absolute.hpp
[4.009s] -- Up-to-date: /home/kurisaw/Desktop/catkin_ws/install/turtlesim/include/turtlesim/srv/spawn.hpp
[4.010s] -- Up-to-date: /home/kurisaw/Desktop/catkin_ws/install/turtlesim/include/turtlesim/srv/detail
[4.011s] -- Up-to-date: /home/kurisaw/Desktop/catkin_ws/install/turtlesim/include/turtlesim/srv/detail/set_pen__type_support.hpp
[4.012s] -- Up-to-date: /home/kurisaw/Desktop/catkin_ws/install/turtlesim/include/turtlesim/srv/detail/teleport_absolute__struct.hpp
[4.012s] -- Up-to-date: /home/kurisaw/Desktop/catkin_ws/install/turtlesim/include/turtlesim/srv/detail/teleport_absolute__builder.hpp
[4.013s] -- Up-to-date: /home/kurisaw/Desktop/catkin_ws/install/turtlesim/include/turtlesim/srv/detail/set_pen__traits.hpp
[4.014s] -- Up-to-date: /home/kurisaw/Desktop/catkin_ws/install/turtlesim/include/turtlesim/srv/detail/set_pen__builder.hpp
[4.015s] -- Up-to-date: /home/kurisaw/Desktop/catkin_ws/install/turtlesim/include/turtlesim/srv/detail/teleport_absolute__traits.hpp
[4.016s] -- Up-to-date: /home/kurisaw/Desktop/catkin_ws/install/turtlesim/include/turtlesim/srv/detail/set_pen__struct.hpp
[4.017s] -- Up-to-date: /home/kurisaw/Desktop/catkin_ws/install/turtlesim/include/turtlesim/srv/detail/teleport_relative__traits.hpp
[4.018s] -- Up-to-date: /home/kurisaw/Desktop/catkin_ws/install/turtlesim/include/turtlesim/srv/detail/spawn__traits.hpp
[4.019s] -- Up-to-date: /home/kurisaw/Desktop/catkin_ws/install/turtlesim/include/turtlesim/srv/detail/spawn__builder.hpp
[4.019s] -- Up-to-date: /home/kurisaw/Desktop/catkin_ws/install/turtlesim/include/turtlesim/srv/detail/teleport_absolute__type_support.hpp
[4.020s] -- Up-to-date: /home/kurisaw/Desktop/catkin_ws/install/turtlesim/include/turtlesim/srv/detail/spawn__type_support.hpp
[4.021s] -- Up-to-date: /home/kurisaw/Desktop/catkin_ws/install/turtlesim/include/turtlesim/srv/detail/kill__builder.hpp
[4.022s] -- Up-to-date: /home/kurisaw/Desktop/catkin_ws/install/turtlesim/include/turtlesim/srv/detail/kill__type_support.hpp
[4.023s] -- Up-to-date: /home/kurisaw/Desktop/catkin_ws/install/turtlesim/include/turtlesim/srv/detail/teleport_relative__struct.hpp
[4.025s] -- Up-to-date: /home/kurisaw/Desktop/catkin_ws/install/turtlesim/include/turtlesim/srv/detail/teleport_relative__builder.hpp
[4.026s] -- Up-to-date: /home/kurisaw/Desktop/catkin_ws/install/turtlesim/include/turtlesim/srv/detail/spawn__struct.hpp
[4.027s] -- Up-to-date: /home/kurisaw/Desktop/catkin_ws/install/turtlesim/include/turtlesim/srv/detail/kill__struct.hpp
[4.029s] -- Up-to-date: /home/kurisaw/Desktop/catkin_ws/install/turtlesim/include/turtlesim/srv/detail/kill__traits.hpp
[4.030s] -- Up-to-date: /home/kurisaw/Desktop/catkin_ws/install/turtlesim/include/turtlesim/srv/detail/teleport_relative__type_support.hpp
[4.032s] -- Up-to-date: /home/kurisaw/Desktop/catkin_ws/install/turtlesim/include/turtlesim/srv/kill.hpp
[4.032s] -- Up-to-date: /home/kurisaw/Desktop/catkin_ws/install/turtlesim/include/turtlesim/srv/set_pen.hpp
[4.033s] -- Up-to-date: /home/kurisaw/Desktop/catkin_ws/install/turtlesim/include/turtlesim/srv/teleport_relative.hpp
[4.035s] -- Up-to-date: /home/kurisaw/Desktop/catkin_ws/install/turtlesim/include/turtlesim
[4.038s] -- Up-to-date: /home/kurisaw/Desktop/catkin_ws/install/turtlesim/include/turtlesim/action
[4.039s] -- Up-to-date: /home/kurisaw/Desktop/catkin_ws/install/turtlesim/include/turtlesim/action/detail
[4.039s] -- Up-to-date: /home/kurisaw/Desktop/catkin_ws/install/turtlesim/include/turtlesim/action/detail/rotate_absolute__type_support.cpp
[4.040s] -- Up-to-date: /home/kurisaw/Desktop/catkin_ws/install/turtlesim/include/turtlesim/action/detail/rotate_absolute__rosidl_typesupport_introspection_cpp.hpp
[4.041s] -- Up-to-date: /home/kurisaw/Desktop/catkin_ws/install/turtlesim/include/turtlesim/msg
[4.042s] -- Up-to-date: /home/kurisaw/Desktop/catkin_ws/install/turtlesim/include/turtlesim/msg/detail
[4.045s] -- Up-to-date: /home/kurisaw/Desktop/catkin_ws/install/turtlesim/include/turtlesim/msg/detail/color__rosidl_typesupport_introspection_cpp.hpp
[4.045s] -- Up-to-date: /home/kurisaw/Desktop/catkin_ws/install/turtlesim/include/turtlesim/msg/detail/pose__rosidl_typesupport_introspection_cpp.hpp
[4.045s] -- Up-to-date: /home/kurisaw/Desktop/catkin_ws/install/turtlesim/include/turtlesim/msg/detail/pose__type_support.cpp
[4.046s] -- Up-to-date: /home/kurisaw/Desktop/catkin_ws/install/turtlesim/include/turtlesim/msg/detail/color__type_support.cpp
[4.046s] -- Up-to-date: /home/kurisaw/Desktop/catkin_ws/install/turtlesim/include/turtlesim/srv
[4.048s] -- Up-to-date: /home/kurisaw/Desktop/catkin_ws/install/turtlesim/include/turtlesim/srv/detail
[4.049s] -- Up-to-date: /home/kurisaw/Desktop/catkin_ws/install/turtlesim/include/turtlesim/srv/detail/teleport_relative__rosidl_typesupport_introspection_cpp.hpp
[4.049s] -- Up-to-date: /home/kurisaw/Desktop/catkin_ws/install/turtlesim/include/turtlesim/srv/detail/kill__type_support.cpp
[4.049s] -- Up-to-date: /home/kurisaw/Desktop/catkin_ws/install/turtlesim/include/turtlesim/srv/detail/teleport_relative__type_support.cpp
[4.049s] -- Up-to-date: /home/kurisaw/Desktop/catkin_ws/install/turtlesim/include/turtlesim/srv/detail/kill__rosidl_typesupport_introspection_cpp.hpp
[4.050s] -- Up-to-date: /home/kurisaw/Desktop/catkin_ws/install/turtlesim/include/turtlesim/srv/detail/spawn__type_support.cpp
[4.051s] -- Up-to-date: /home/kurisaw/Desktop/catkin_ws/install/turtlesim/include/turtlesim/srv/detail/teleport_absolute__type_support.cpp
[4.052s] -- Up-to-date: /home/kurisaw/Desktop/catkin_ws/install/turtlesim/include/turtlesim/srv/detail/set_pen__rosidl_typesupport_introspection_cpp.hpp
[4.053s] -- Up-to-date: /home/kurisaw/Desktop/catkin_ws/install/turtlesim/include/turtlesim/srv/detail/teleport_absolute__rosidl_typesupport_introspection_cpp.hpp
[4.054s] -- Up-to-date: /home/kurisaw/Desktop/catkin_ws/install/turtlesim/include/turtlesim/srv/detail/set_pen__type_support.cpp
[4.054s] -- Up-to-date: /home/kurisaw/Desktop/catkin_ws/install/turtlesim/include/turtlesim/srv/detail/spawn__rosidl_typesupport_introspection_cpp.hpp
[4.058s] -- Up-to-date: /home/kurisaw/Desktop/catkin_ws/install/turtlesim/lib/libturtlesim__rosidl_typesupport_introspection_cpp.so
[4.063s] -- Up-to-date: /home/kurisaw/Desktop/catkin_ws/install/turtlesim/lib/libturtlesim__rosidl_typesupport_cpp.so
[4.066s] -- Up-to-date: /home/kurisaw/Desktop/catkin_ws/install/turtlesim/share/turtlesim/environment/pythonpath.sh
[4.069s] -- Up-to-date: /home/kurisaw/Desktop/catkin_ws/install/turtlesim/share/turtlesim/environment/pythonpath.dsv
[4.069s] -- Up-to-date: /home/kurisaw/Desktop/catkin_ws/install/turtlesim/lib/python3.8/site-packages/turtlesim/__init__.py
[4.177s] -- Up-to-date: /home/kurisaw/Desktop/catkin_ws/install/turtlesim/lib/python3.8/site-packages/turtlesim/action
[4.180s] -- Up-to-date: /home/kurisaw/Desktop/catkin_ws/install/turtlesim/lib/python3.8/site-packages/turtlesim/action/__init__.py
[4.180s] -- Up-to-date: /home/kurisaw/Desktop/catkin_ws/install/turtlesim/lib/python3.8/site-packages/turtlesim/action/_rotate_absolute.py
[4.180s] -- Up-to-date: /home/kurisaw/Desktop/catkin_ws/install/turtlesim/lib/python3.8/site-packages/turtlesim/action/_rotate_absolute_s.c
[4.181s] -- Up-to-date: /home/kurisaw/Desktop/catkin_ws/install/turtlesim/lib/python3.8/site-packages/turtlesim/msg
[4.182s] -- Up-to-date: /home/kurisaw/Desktop/catkin_ws/install/turtlesim/lib/python3.8/site-packages/turtlesim/msg/__init__.py
[4.184s] -- Up-to-date: /home/kurisaw/Desktop/catkin_ws/install/turtlesim/lib/python3.8/site-packages/turtlesim/msg/_pose.py
[4.185s] -- Up-to-date: /home/kurisaw/Desktop/catkin_ws/install/turtlesim/lib/python3.8/site-packages/turtlesim/msg/_color.py
[4.187s] -- Up-to-date: /home/kurisaw/Desktop/catkin_ws/install/turtlesim/lib/python3.8/site-packages/turtlesim/msg/_pose_s.c
[4.188s] -- Up-to-date: /home/kurisaw/Desktop/catkin_ws/install/turtlesim/lib/python3.8/site-packages/turtlesim/msg/_color_s.c
[4.189s] -- Up-to-date: /home/kurisaw/Desktop/catkin_ws/install/turtlesim/lib/python3.8/site-packages/turtlesim/srv
[4.191s] -- Up-to-date: /home/kurisaw/Desktop/catkin_ws/install/turtlesim/lib/python3.8/site-packages/turtlesim/srv/_teleport_absolute.py
[4.192s] -- Up-to-date: /home/kurisaw/Desktop/catkin_ws/install/turtlesim/lib/python3.8/site-packages/turtlesim/srv/_kill.py
[4.193s] -- Up-to-date: /home/kurisaw/Desktop/catkin_ws/install/turtlesim/lib/python3.8/site-packages/turtlesim/srv/__init__.py
[4.195s] -- Up-to-date: /home/kurisaw/Desktop/catkin_ws/install/turtlesim/lib/python3.8/site-packages/turtlesim/srv/_set_pen.py
[4.197s] -- Up-to-date: /home/kurisaw/Desktop/catkin_ws/install/turtlesim/lib/python3.8/site-packages/turtlesim/srv/_teleport_relative.py
[4.198s] -- Up-to-date: /home/kurisaw/Desktop/catkin_ws/install/turtlesim/lib/python3.8/site-packages/turtlesim/srv/_set_pen_s.c
[4.198s] -- Up-to-date: /home/kurisaw/Desktop/catkin_ws/install/turtlesim/lib/python3.8/site-packages/turtlesim/srv/_spawn_s.c
[4.200s] -- Up-to-date: /home/kurisaw/Desktop/catkin_ws/install/turtlesim/lib/python3.8/site-packages/turtlesim/srv/_teleport_absolute_s.c
[4.203s] -- Up-to-date: /home/kurisaw/Desktop/catkin_ws/install/turtlesim/lib/python3.8/site-packages/turtlesim/srv/_kill_s.c
[4.203s] -- Up-to-date: /home/kurisaw/Desktop/catkin_ws/install/turtlesim/lib/python3.8/site-packages/turtlesim/srv/_spawn.py
[4.207s] -- Up-to-date: /home/kurisaw/Desktop/catkin_ws/install/turtlesim/lib/python3.8/site-packages/turtlesim/srv/_teleport_relative_s.c
[4.207s] -- Up-to-date: /home/kurisaw/Desktop/catkin_ws/install/turtlesim/lib/python3.8/site-packages/turtlesim/turtlesim_s__rosidl_typesupport_fastrtps_c.cpython-38-x86_64-linux-gnu.so
[4.212s] -- Up-to-date: /home/kurisaw/Desktop/catkin_ws/install/turtlesim/lib/python3.8/site-packages/turtlesim/turtlesim_s__rosidl_typesupport_introspection_c.cpython-38-x86_64-linux-gnu.so
[4.218s] -- Up-to-date: /home/kurisaw/Desktop/catkin_ws/install/turtlesim/lib/python3.8/site-packages/turtlesim/turtlesim_s__rosidl_typesupport_c.cpython-38-x86_64-linux-gnu.so
[4.224s] -- Up-to-date: /home/kurisaw/Desktop/catkin_ws/install/turtlesim/lib/libturtlesim__python.so
[4.228s] -- Up-to-date: /home/kurisaw/Desktop/catkin_ws/install/turtlesim/share/turtlesim/action/RotateAbsolute.idl
[4.229s] -- Up-to-date: /home/kurisaw/Desktop/catkin_ws/install/turtlesim/share/turtlesim/msg/Color.idl
[4.231s] -- Up-to-date: /home/kurisaw/Desktop/catkin_ws/install/turtlesim/share/turtlesim/msg/Pose.idl
[4.232s] -- Up-to-date: /home/kurisaw/Desktop/catkin_ws/install/turtlesim/share/turtlesim/srv/Kill.idl
[4.233s] -- Up-to-date: /home/kurisaw/Desktop/catkin_ws/install/turtlesim/share/turtlesim/srv/SetPen.idl
[4.235s] -- Up-to-date: /home/kurisaw/Desktop/catkin_ws/install/turtlesim/share/turtlesim/srv/Spawn.idl
[4.236s] -- Up-to-date: /home/kurisaw/Desktop/catkin_ws/install/turtlesim/share/turtlesim/srv/TeleportAbsolute.idl
[4.237s] -- Up-to-date: /home/kurisaw/Desktop/catkin_ws/install/turtlesim/share/turtlesim/srv/TeleportRelative.idl
[4.238s] -- Up-to-date: /home/kurisaw/Desktop/catkin_ws/install/turtlesim/share/turtlesim/action/RotateAbsolute.action
[4.240s] -- Up-to-date: /home/kurisaw/Desktop/catkin_ws/install/turtlesim/share/turtlesim/msg/Color.msg
[4.241s] -- Up-to-date: /home/kurisaw/Desktop/catkin_ws/install/turtlesim/share/turtlesim/msg/Pose.msg
[4.243s] -- Up-to-date: /home/kurisaw/Desktop/catkin_ws/install/turtlesim/share/turtlesim/srv/Kill.srv
[4.244s] -- Up-to-date: /home/kurisaw/Desktop/catkin_ws/install/turtlesim/share/turtlesim/srv/Kill_Request.msg
[4.245s] -- Up-to-date: /home/kurisaw/Desktop/catkin_ws/install/turtlesim/share/turtlesim/srv/Kill_Response.msg
[4.246s] -- Up-to-date: /home/kurisaw/Desktop/catkin_ws/install/turtlesim/share/turtlesim/srv/SetPen.srv
[4.247s] -- Up-to-date: /home/kurisaw/Desktop/catkin_ws/install/turtlesim/share/turtlesim/srv/SetPen_Request.msg
[4.248s] -- Up-to-date: /home/kurisaw/Desktop/catkin_ws/install/turtlesim/share/turtlesim/srv/SetPen_Response.msg
[4.250s] -- Up-to-date: /home/kurisaw/Desktop/catkin_ws/install/turtlesim/share/turtlesim/srv/Spawn.srv
[4.251s] -- Up-to-date: /home/kurisaw/Desktop/catkin_ws/install/turtlesim/share/turtlesim/srv/Spawn_Request.msg
[4.252s] -- Up-to-date: /home/kurisaw/Desktop/catkin_ws/install/turtlesim/share/turtlesim/srv/Spawn_Response.msg
[4.253s] -- Up-to-date: /home/kurisaw/Desktop/catkin_ws/install/turtlesim/share/turtlesim/srv/TeleportAbsolute.srv
[4.254s] -- Up-to-date: /home/kurisaw/Desktop/catkin_ws/install/turtlesim/share/turtlesim/srv/TeleportAbsolute_Request.msg
[4.255s] -- Up-to-date: /home/kurisaw/Desktop/catkin_ws/install/turtlesim/share/turtlesim/srv/TeleportAbsolute_Response.msg
[4.256s] -- Up-to-date: /home/kurisaw/Desktop/catkin_ws/install/turtlesim/share/turtlesim/srv/TeleportRelative.srv
[4.257s] -- Up-to-date: /home/kurisaw/Desktop/catkin_ws/install/turtlesim/share/turtlesim/srv/TeleportRelative_Request.msg
[4.258s] -- Up-to-date: /home/kurisaw/Desktop/catkin_ws/install/turtlesim/share/turtlesim/srv/TeleportRelative_Response.msg
[4.262s] -- Up-to-date: /home/kurisaw/Desktop/catkin_ws/install/turtlesim/lib/turtlesim/turtlesim_node
[4.269s] -- Up-to-date: /home/kurisaw/Desktop/catkin_ws/install/turtlesim/lib/turtlesim/turtle_teleop_key
[4.275s] -- Up-to-date: /home/kurisaw/Desktop/catkin_ws/install/turtlesim/lib/turtlesim/draw_square
[4.283s] -- Up-to-date: /home/kurisaw/Desktop/catkin_ws/install/turtlesim/lib/turtlesim/mimic
[4.287s] -- Up-to-date: /home/kurisaw/Desktop/catkin_ws/install/turtlesim/share/turtlesim/images
[4.288s] -- Up-to-date: /home/kurisaw/Desktop/catkin_ws/install/turtlesim/share/turtlesim/images/eloquent.png
[4.289s] -- Up-to-date: /home/kurisaw/Desktop/catkin_ws/install/turtlesim/share/turtlesim/images/bouncy.png
[4.290s] -- Up-to-date: /home/kurisaw/Desktop/catkin_ws/install/turtlesim/share/turtlesim/images/crystal.png
[4.291s] -- Up-to-date: /home/kurisaw/Desktop/catkin_ws/install/turtlesim/share/turtlesim/images/foxy.png
[4.292s] -- Up-to-date: /home/kurisaw/Desktop/catkin_ws/install/turtlesim/share/turtlesim/images/dashing.png
[4.292s] -- Up-to-date: /home/kurisaw/Desktop/catkin_ws/install/turtlesim/share/turtlesim/images/ardent.png
[4.293s] -- Up-to-date: /home/kurisaw/Desktop/catkin_ws/install/turtlesim/share/turtlesim/launch
[4.295s] -- Up-to-date: /home/kurisaw/Desktop/catkin_ws/install/turtlesim/share/turtlesim/launch/multisim.launch.py
[4.296s] -- Up-to-date: /home/kurisaw/Desktop/catkin_ws/install/turtlesim/share/ament_index/resource_index/package_run_dependencies/turtlesim
[4.298s] -- Up-to-date: /home/kurisaw/Desktop/catkin_ws/install/turtlesim/share/ament_index/resource_index/parent_prefix_path/turtlesim
[4.299s] -- Up-to-date: /home/kurisaw/Desktop/catkin_ws/install/turtlesim/share/turtlesim/environment/ament_prefix_path.sh
[4.301s] -- Up-to-date: /home/kurisaw/Desktop/catkin_ws/install/turtlesim/share/turtlesim/environment/ament_prefix_path.dsv
[4.302s] -- Up-to-date: /home/kurisaw/Desktop/catkin_ws/install/turtlesim/share/turtlesim/environment/path.sh
[4.303s] -- Up-to-date: /home/kurisaw/Desktop/catkin_ws/install/turtlesim/share/turtlesim/environment/path.dsv
[4.304s] -- Up-to-date: /home/kurisaw/Desktop/catkin_ws/install/turtlesim/share/turtlesim/local_setup.bash
[4.306s] -- Up-to-date: /home/kurisaw/Desktop/catkin_ws/install/turtlesim/share/turtlesim/local_setup.sh
[4.307s] -- Up-to-date: /home/kurisaw/Desktop/catkin_ws/install/turtlesim/share/turtlesim/local_setup.zsh
[4.308s] -- Up-to-date: /home/kurisaw/Desktop/catkin_ws/install/turtlesim/share/turtlesim/local_setup.dsv
[4.310s] -- Installing: /home/kurisaw/Desktop/catkin_ws/install/turtlesim/share/turtlesim/package.dsv
[4.314s] -- Up-to-date: /home/kurisaw/Desktop/catkin_ws/install/turtlesim/share/ament_index/resource_index/packages/turtlesim
[4.316s] -- Up-to-date: /home/kurisaw/Desktop/catkin_ws/install/turtlesim/share/turtlesim/cmake/turtlesim__rosidl_generator_cExport.cmake
[4.316s] -- Up-to-date: /home/kurisaw/Desktop/catkin_ws/install/turtlesim/share/turtlesim/cmake/turtlesim__rosidl_generator_cExport-noconfig.cmake
[4.318s] -- Up-to-date: /home/kurisaw/Desktop/catkin_ws/install/turtlesim/share/turtlesim/cmake/turtlesim__rosidl_typesupport_introspection_cExport.cmake
[4.320s] -- Up-to-date: /home/kurisaw/Desktop/catkin_ws/install/turtlesim/share/turtlesim/cmake/turtlesim__rosidl_typesupport_introspection_cExport-noconfig.cmake
[4.322s] -- Up-to-date: /home/kurisaw/Desktop/catkin_ws/install/turtlesim/share/turtlesim/cmake/turtlesim__rosidl_typesupport_cExport.cmake
[4.323s] -- Up-to-date: /home/kurisaw/Desktop/catkin_ws/install/turtlesim/share/turtlesim/cmake/turtlesim__rosidl_typesupport_cExport-noconfig.cmake
[4.325s] -- Up-to-date: /home/kurisaw/Desktop/catkin_ws/install/turtlesim/share/turtlesim/cmake/turtlesim__rosidl_generator_cppExport.cmake
[4.327s] -- Up-to-date: /home/kurisaw/Desktop/catkin_ws/install/turtlesim/share/turtlesim/cmake/turtlesim__rosidl_typesupport_introspection_cppExport.cmake
[4.328s] -- Up-to-date: /home/kurisaw/Desktop/catkin_ws/install/turtlesim/share/turtlesim/cmake/turtlesim__rosidl_typesupport_introspection_cppExport-noconfig.cmake
[4.330s] -- Up-to-date: /home/kurisaw/Desktop/catkin_ws/install/turtlesim/share/turtlesim/cmake/turtlesim__rosidl_typesupport_cppExport.cmake
[4.331s] -- Up-to-date: /home/kurisaw/Desktop/catkin_ws/install/turtlesim/share/turtlesim/cmake/turtlesim__rosidl_typesupport_cppExport-noconfig.cmake
[4.333s] -- Up-to-date: /home/kurisaw/Desktop/catkin_ws/install/turtlesim/share/turtlesim/cmake/rosidl_cmake-extras.cmake
[4.334s] -- Up-to-date: /home/kurisaw/Desktop/catkin_ws/install/turtlesim/share/turtlesim/cmake/ament_cmake_export_dependencies-extras.cmake
[4.335s] -- Up-to-date: /home/kurisaw/Desktop/catkin_ws/install/turtlesim/share/turtlesim/cmake/ament_cmake_export_libraries-extras.cmake
[4.336s] -- Up-to-date: /home/kurisaw/Desktop/catkin_ws/install/turtlesim/share/turtlesim/cmake/ament_cmake_export_targets-extras.cmake
[4.338s] -- Up-to-date: /home/kurisaw/Desktop/catkin_ws/install/turtlesim/share/turtlesim/cmake/ament_cmake_export_include_directories-extras.cmake
[4.339s] -- Up-to-date: /home/kurisaw/Desktop/catkin_ws/install/turtlesim/share/turtlesim/cmake/rosidl_cmake_export_typesupport_libraries-extras.cmake
[4.340s] -- Up-to-date: /home/kurisaw/Desktop/catkin_ws/install/turtlesim/share/turtlesim/cmake/rosidl_cmake_export_typesupport_targets-extras.cmake
[4.342s] -- Up-to-date: /home/kurisaw/Desktop/catkin_ws/install/turtlesim/share/turtlesim/cmake/turtlesimConfig.cmake
[4.343s] -- Up-to-date: /home/kurisaw/Desktop/catkin_ws/install/turtlesim/share/turtlesim/cmake/turtlesimConfig-version.cmake
[4.345s] -- Up-to-date: /home/kurisaw/Desktop/catkin_ws/install/turtlesim/share/turtlesim/package.xml
[4.359s] Invoked command in '/home/kurisaw/Desktop/catkin_ws/build/turtlesim' returned '0': CMAKE_PREFIX_PATH=${CMAKE_PREFIX_PATH}:/opt/ros/foxy /usr/bin/cmake --install /home/kurisaw/Desktop/catkin_ws/build/turtlesim
