[0.579s] Invoking command in '/home/kurisaw/Desktop/catkin_ws/build/turtlesim': CMAKE_PREFIX_PATH=${CMAKE_PREFIX_PATH}:/opt/ros/foxy /usr/bin/cmake --build /home/kurisaw/Desktop/catkin_ws/build/turtlesim -- -j4 -l4
[0.926s] [  1%] Built target turtlesim__cpp
[0.990s] [ 11%] Built target turtlesim__rosidl_generator_c
[1.164s] [ 21%] Built target turtlesim__rosidl_typesupport_fastrtps_cpp
[1.214s] [ 38%] Built target turtlesim__rosidl_typesupport_cpp
[1.220s] [ 41%] Built target turtlesim__rosidl_typesupport_introspection_cpp
[1.306s] [ 51%] Built target turtlesim__rosidl_typesupport_introspection_c
[1.383s] [ 61%] Built target turtlesim__rosidl_typesupport_c
[1.439s] [ 71%] Built target turtlesim__rosidl_typesupport_fastrtps_c
[1.573s] [ 71%] Built target turtlesim
[1.794s] [ 72%] Built target turtlesim__py
[1.834s] [ 74%] Built target turtle_teleop_key
[1.852s] [ 76%] Built target draw_square
[1.895s] [ 82%] Built target turtlesim_node
[1.953s] [ 84%] Built target mimic
[2.000s] [ 93%] Built target turtlesim__python
[2.111s] [ 95%] Built target turtlesim__rosidl_typesupport_fastrtps_c__pyext
[2.119s] [ 97%] Built target turtlesim__rosidl_typesupport_introspection_c__pyext
[2.176s] [100%] Built target turtlesim__rosidl_typesupport_c__pyext
[2.250s] Invoked command in '/home/kurisaw/Desktop/catkin_ws/build/turtlesim' returned '0': CMAKE_PREFIX_PATH=${CMAKE_PREFIX_PATH}:/opt/ros/foxy /usr/bin/cmake --build /home/kurisaw/Desktop/catkin_ws/build/turtlesim -- -j4 -l4
