[0.541s] Invoking command in '/home/kurisaw/Desktop/catkin_ws/build/turtlesim': CMAKE_PREFIX_PATH=${CMAKE_PREFIX_PATH}:/opt/ros/foxy /usr/bin/cmake --build /home/kurisaw/Desktop/catkin_ws/build/turtlesim -- -j4 -l4
[0.786s] [  1%] Built target turtlesim__cpp
[0.965s] [ 11%] Built target turtlesim__rosidl_generator_c
[0.991s] [ 21%] Built target turtlesim__rosidl_typesupport_fastrtps_cpp
[1.018s] [ 39%] Built target turtlesim__rosidl_typesupport_introspection_cpp
[1.048s] [ 41%] Built target turtlesim__rosidl_typesupport_cpp
[1.172s] [ 51%] Built target turtlesim__rosidl_typesupport_introspection_c
[1.196s] [ 61%] Built target turtlesim__rosidl_typesupport_c
[1.380s] [ 71%] Built target turtlesim__rosidl_typesupport_fastrtps_c
[1.544s] [ 71%] Built target turtlesim
[1.777s] [ 72%] Built target turtlesim__py
[1.816s] [ 74%] Built target turtle_teleop_key
[1.854s] [ 76%] Built target draw_square
[1.888s] [ 82%] Built target turtlesim_node
[1.923s] [ 84%] Built target mimic
[2.005s] [ 93%] Built target turtlesim__python
[2.139s] [ 95%] Built target turtlesim__rosidl_typesupport_introspection_c__pyext
[2.147s] [ 97%] Built target turtlesim__rosidl_typesupport_fastrtps_c__pyext
[2.156s] [100%] Built target turtlesim__rosidl_typesupport_c__pyext
[2.207s] Invoked command in '/home/kurisaw/Desktop/catkin_ws/build/turtlesim' returned '0': CMAKE_PREFIX_PATH=${CMAKE_PREFIX_PATH}:/opt/ros/foxy /usr/bin/cmake --build /home/kurisaw/Desktop/catkin_ws/build/turtlesim -- -j4 -l4
