[0.578s] Invoking command in '/home/kurisaw/Desktop/catkin_ws/build/turtlesim': CMAKE_PREFIX_PATH=${CMAKE_PREFIX_PATH}:/opt/ros/foxy /usr/bin/cmake --build /home/kurisaw/Desktop/catkin_ws/build/turtlesim -- -j4 -l4
[0.801s] [  1%] Built target turtlesim__cpp
[0.825s] [ 11%] Built target turtlesim__rosidl_generator_c
[0.956s] [ 21%] Built target turtlesim__rosidl_typesupport_fastrtps_cpp
[0.963s] [ 31%] Built target turtlesim__rosidl_typesupport_introspection_c
[0.993s] [ 41%] Built target turtlesim__rosidl_typesupport_introspection_cpp
[1.072s] [ 51%] Built target turtlesim__rosidl_typesupport_cpp
[1.104s] [ 61%] Built target turtlesim__rosidl_typesupport_c
[1.159s] [ 71%] Built target turtlesim__rosidl_typesupport_fastrtps_c
[1.309s] [ 71%] Built target turtlesim
[1.590s] [ 72%] Built target turtlesim__py
[1.602s] [ 78%] Built target turtlesim_node
[1.618s] [ 80%] Built target draw_square
[1.658s] [ 82%] Built target turtle_teleop_key
[1.814s] [ 84%] Built target mimic
[1.840s] [ 93%] Built target turtlesim__python
[1.947s] [ 95%] Built target turtlesim__rosidl_typesupport_c__pyext
[1.984s] [ 97%] Built target turtlesim__rosidl_typesupport_introspection_c__pyext
[2.004s] [100%] Built target turtlesim__rosidl_typesupport_fastrtps_c__pyext
[2.042s] Invoked command in '/home/kurisaw/Desktop/catkin_ws/build/turtlesim' returned '0': CMAKE_PREFIX_PATH=${CMAKE_PREFIX_PATH}:/opt/ros/foxy /usr/bin/cmake --build /home/kurisaw/Desktop/catkin_ws/build/turtlesim -- -j4 -l4
[4.413s] Invoking command in '/home/kurisaw/Desktop/catkin_ws/build/turtlesim': CMAKE_PREFIX_PATH=${CMAKE_PREFIX_PATH}:/opt/ros/foxy /usr/bin/cmake --install /home/kurisaw/Desktop/catkin_ws/build/turtlesim
[4.499s] -- Install configuration: ""
[4.500s] -- Up-to-date: /home/kurisaw/Desktop/catkin_ws/install/turtlesim/share/ament_index/resource_index/rosidl_interfaces/turtlesim
[4.500s] -- Up-to-date: /home/kurisaw/Desktop/catkin_ws/install/turtlesim/include/turtlesim
[4.500s] -- Up-to-date: /home/kurisaw/Desktop/catkin_ws/install/turtlesim/include/turtlesim/action
[4.500s] -- Up-to-date: /home/kurisaw/Desktop/catkin_ws/install/turtlesim/include/turtlesim/action/rotate_absolute.h
[4.501s] -- Up-to-date: /home/kurisaw/Desktop/catkin_ws/install/turtlesim/include/turtlesim/action/detail
[4.501s] -- Up-to-date: /home/kurisaw/Desktop/catkin_ws/install/turtlesim/include/turtlesim/action/detail/rotate_absolute__struct.h
[4.501s] -- Up-to-date: /home/kurisaw/Desktop/catkin_ws/install/turtlesim/include/turtlesim/action/detail/rotate_absolute__functions.c
[4.501s] -- Up-to-date: /home/kurisaw/Desktop/catkin_ws/install/turtlesim/include/turtlesim/action/detail/rotate_absolute__type_support.h
[4.502s] -- Up-to-date: /home/kurisaw/Desktop/catkin_ws/install/turtlesim/include/turtlesim/action/detail/rotate_absolute__functions.h
[4.502s] -- Up-to-date: /home/kurisaw/Desktop/catkin_ws/install/turtlesim/include/turtlesim/msg
[4.502s] -- Up-to-date: /home/kurisaw/Desktop/catkin_ws/install/turtlesim/include/turtlesim/msg/rosidl_generator_c__visibility_control.h
[4.502s] -- Up-to-date: /home/kurisaw/Desktop/catkin_ws/install/turtlesim/include/turtlesim/msg/color.h
[4.503s] -- Up-to-date: /home/kurisaw/Desktop/catkin_ws/install/turtlesim/include/turtlesim/msg/pose.h
[4.513s] -- Up-to-date: /home/kurisaw/Desktop/catkin_ws/install/turtlesim/include/turtlesim/msg/detail
[4.517s] -- Up-to-date: /home/kurisaw/Desktop/catkin_ws/install/turtlesim/include/turtlesim/msg/detail/color__struct.h
[4.518s] -- Up-to-date: /home/kurisaw/Desktop/catkin_ws/install/turtlesim/include/turtlesim/msg/detail/color__type_support.h
[4.518s] -- Up-to-date: /home/kurisaw/Desktop/catkin_ws/install/turtlesim/include/turtlesim/msg/detail/pose__type_support.h
[4.518s] -- Up-to-date: /home/kurisaw/Desktop/catkin_ws/install/turtlesim/include/turtlesim/msg/detail/pose__functions.c
[4.518s] -- Up-to-date: /home/kurisaw/Desktop/catkin_ws/install/turtlesim/include/turtlesim/msg/detail/color__functions.c
[4.519s] -- Up-to-date: /home/kurisaw/Desktop/catkin_ws/install/turtlesim/include/turtlesim/msg/detail/pose__struct.h
[4.519s] -- Up-to-date: /home/kurisaw/Desktop/catkin_ws/install/turtlesim/include/turtlesim/msg/detail/pose__functions.h
[4.519s] -- Up-to-date: /home/kurisaw/Desktop/catkin_ws/install/turtlesim/include/turtlesim/msg/detail/color__functions.h
[4.519s] -- Up-to-date: /home/kurisaw/Desktop/catkin_ws/install/turtlesim/include/turtlesim/srv
[4.520s] -- Up-to-date: /home/kurisaw/Desktop/catkin_ws/install/turtlesim/include/turtlesim/srv/set_pen.h
[4.529s] -- Up-to-date: /home/kurisaw/Desktop/catkin_ws/install/turtlesim/include/turtlesim/srv/kill.h
[4.529s] -- Up-to-date: /home/kurisaw/Desktop/catkin_ws/install/turtlesim/include/turtlesim/srv/spawn.h
[4.530s] -- Up-to-date: /home/kurisaw/Desktop/catkin_ws/install/turtlesim/include/turtlesim/srv/teleport_relative.h
[4.530s] -- Up-to-date: /home/kurisaw/Desktop/catkin_ws/install/turtlesim/include/turtlesim/srv/detail
[4.542s] -- Up-to-date: /home/kurisaw/Desktop/catkin_ws/install/turtlesim/include/turtlesim/srv/detail/teleport_absolute__struct.h
[4.542s] -- Up-to-date: /home/kurisaw/Desktop/catkin_ws/install/turtlesim/include/turtlesim/srv/detail/teleport_relative__struct.h
[4.542s] -- Up-to-date: /home/kurisaw/Desktop/catkin_ws/install/turtlesim/include/turtlesim/srv/detail/teleport_relative__functions.h
[4.543s] -- Up-to-date: /home/kurisaw/Desktop/catkin_ws/install/turtlesim/include/turtlesim/srv/detail/kill__functions.c
[4.543s] -- Up-to-date: /home/kurisaw/Desktop/catkin_ws/install/turtlesim/include/turtlesim/srv/detail/spawn__functions.h
[4.543s] -- Up-to-date: /home/kurisaw/Desktop/catkin_ws/install/turtlesim/include/turtlesim/srv/detail/kill__type_support.h
[4.556s] -- Up-to-date: /home/kurisaw/Desktop/catkin_ws/install/turtlesim/include/turtlesim/srv/detail/set_pen__type_support.h
[4.561s] -- Up-to-date: /home/kurisaw/Desktop/catkin_ws/install/turtlesim/include/turtlesim/srv/detail/teleport_absolute__type_support.h
[4.567s] -- Up-to-date: /home/kurisaw/Desktop/catkin_ws/install/turtlesim/include/turtlesim/srv/detail/teleport_absolute__functions.h
[4.568s] -- Up-to-date: /home/kurisaw/Desktop/catkin_ws/install/turtlesim/include/turtlesim/srv/detail/set_pen__struct.h
[4.571s] -- Up-to-date: /home/kurisaw/Desktop/catkin_ws/install/turtlesim/include/turtlesim/srv/detail/teleport_absolute__functions.c
[4.572s] -- Up-to-date: /home/kurisaw/Desktop/catkin_ws/install/turtlesim/include/turtlesim/srv/detail/set_pen__functions.h
[4.573s] -- Up-to-date: /home/kurisaw/Desktop/catkin_ws/install/turtlesim/include/turtlesim/srv/detail/spawn__functions.c
[4.573s] -- Up-to-date: /home/kurisaw/Desktop/catkin_ws/install/turtlesim/include/turtlesim/srv/detail/kill__struct.h
[4.574s] -- Up-to-date: /home/kurisaw/Desktop/catkin_ws/install/turtlesim/include/turtlesim/srv/detail/teleport_relative__functions.c
[4.575s] -- Up-to-date: /home/kurisaw/Desktop/catkin_ws/install/turtlesim/include/turtlesim/srv/detail/spawn__struct.h
[4.592s] -- Up-to-date: /home/kurisaw/Desktop/catkin_ws/install/turtlesim/include/turtlesim/srv/detail/set_pen__functions.c
[4.593s] -- Up-to-date: /home/kurisaw/Desktop/catkin_ws/install/turtlesim/include/turtlesim/srv/detail/kill__functions.h
[4.593s] -- Up-to-date: /home/kurisaw/Desktop/catkin_ws/install/turtlesim/include/turtlesim/srv/detail/teleport_relative__type_support.h
[4.594s] -- Up-to-date: /home/kurisaw/Desktop/catkin_ws/install/turtlesim/include/turtlesim/srv/detail/spawn__type_support.h
[4.594s] -- Up-to-date: /home/kurisaw/Desktop/catkin_ws/install/turtlesim/include/turtlesim/srv/teleport_absolute.h
[4.595s] -- Up-to-date: /home/kurisaw/Desktop/catkin_ws/install/turtlesim/share/turtlesim/environment/library_path.sh
[4.595s] -- Up-to-date: /home/kurisaw/Desktop/catkin_ws/install/turtlesim/share/turtlesim/environment/library_path.dsv
[4.595s] -- Up-to-date: /home/kurisaw/Desktop/catkin_ws/install/turtlesim/lib/libturtlesim__rosidl_generator_c.so
[4.596s] -- Up-to-date: /home/kurisaw/Desktop/catkin_ws/install/turtlesim/include/turtlesim
[4.606s] -- Up-to-date: /home/kurisaw/Desktop/catkin_ws/install/turtlesim/include/turtlesim/action
[4.606s] -- Up-to-date: /home/kurisaw/Desktop/catkin_ws/install/turtlesim/include/turtlesim/action/detail
[4.606s] -- Up-to-date: /home/kurisaw/Desktop/catkin_ws/install/turtlesim/include/turtlesim/action/detail/rotate_absolute__rosidl_typesupport_fastrtps_c.h
[4.607s] -- Up-to-date: /home/kurisaw/Desktop/catkin_ws/install/turtlesim/include/turtlesim/msg
[4.607s] -- Up-to-date: /home/kurisaw/Desktop/catkin_ws/install/turtlesim/include/turtlesim/msg/rosidl_typesupport_fastrtps_c__visibility_control.h
[4.607s] -- Up-to-date: /home/kurisaw/Desktop/catkin_ws/install/turtlesim/include/turtlesim/msg/detail
[4.608s] -- Up-to-date: /home/kurisaw/Desktop/catkin_ws/install/turtlesim/include/turtlesim/msg/detail/color__rosidl_typesupport_fastrtps_c.h
[4.608s] -- Up-to-date: /home/kurisaw/Desktop/catkin_ws/install/turtlesim/include/turtlesim/msg/detail/pose__rosidl_typesupport_fastrtps_c.h
[4.608s] -- Up-to-date: /home/kurisaw/Desktop/catkin_ws/install/turtlesim/include/turtlesim/srv
[4.608s] -- Up-to-date: /home/kurisaw/Desktop/catkin_ws/install/turtlesim/include/turtlesim/srv/detail
[4.609s] -- Up-to-date: /home/kurisaw/Desktop/catkin_ws/install/turtlesim/include/turtlesim/srv/detail/teleport_absolute__rosidl_typesupport_fastrtps_c.h
[4.609s] -- Up-to-date: /home/kurisaw/Desktop/catkin_ws/install/turtlesim/include/turtlesim/srv/detail/set_pen__rosidl_typesupport_fastrtps_c.h
[4.610s] -- Up-to-date: /home/kurisaw/Desktop/catkin_ws/install/turtlesim/include/turtlesim/srv/detail/kill__rosidl_typesupport_fastrtps_c.h
[4.610s] -- Up-to-date: /home/kurisaw/Desktop/catkin_ws/install/turtlesim/include/turtlesim/srv/detail/teleport_relative__rosidl_typesupport_fastrtps_c.h
[4.610s] -- Up-to-date: /home/kurisaw/Desktop/catkin_ws/install/turtlesim/include/turtlesim/srv/detail/spawn__rosidl_typesupport_fastrtps_c.h
[4.611s] -- Up-to-date: /home/kurisaw/Desktop/catkin_ws/install/turtlesim/lib/libturtlesim__rosidl_typesupport_fastrtps_c.so
[4.624s] -- Up-to-date: /home/kurisaw/Desktop/catkin_ws/install/turtlesim/include/turtlesim
[4.625s] -- Up-to-date: /home/kurisaw/Desktop/catkin_ws/install/turtlesim/include/turtlesim/action
[4.625s] -- Up-to-date: /home/kurisaw/Desktop/catkin_ws/install/turtlesim/include/turtlesim/action/detail
[4.625s] -- Up-to-date: /home/kurisaw/Desktop/catkin_ws/install/turtlesim/include/turtlesim/action/detail/rotate_absolute__rosidl_typesupport_fastrtps_cpp.hpp
[4.626s] -- Up-to-date: /home/kurisaw/Desktop/catkin_ws/install/turtlesim/include/turtlesim/action/detail/dds_fastrtps
[4.626s] -- Up-to-date: /home/kurisaw/Desktop/catkin_ws/install/turtlesim/include/turtlesim/msg
[4.626s] -- Up-to-date: /home/kurisaw/Desktop/catkin_ws/install/turtlesim/include/turtlesim/msg/detail
[4.627s] -- Up-to-date: /home/kurisaw/Desktop/catkin_ws/install/turtlesim/include/turtlesim/msg/detail/pose__rosidl_typesupport_fastrtps_cpp.hpp
[4.638s] -- Up-to-date: /home/kurisaw/Desktop/catkin_ws/install/turtlesim/include/turtlesim/msg/detail/color__rosidl_typesupport_fastrtps_cpp.hpp
[4.639s] -- Up-to-date: /home/kurisaw/Desktop/catkin_ws/install/turtlesim/include/turtlesim/msg/detail/dds_fastrtps
[4.639s] -- Up-to-date: /home/kurisaw/Desktop/catkin_ws/install/turtlesim/include/turtlesim/msg/rosidl_typesupport_fastrtps_cpp__visibility_control.h
[4.640s] -- Up-to-date: /home/kurisaw/Desktop/catkin_ws/install/turtlesim/include/turtlesim/srv
[4.640s] -- Up-to-date: /home/kurisaw/Desktop/catkin_ws/install/turtlesim/include/turtlesim/srv/detail
[4.641s] -- Up-to-date: /home/kurisaw/Desktop/catkin_ws/install/turtlesim/include/turtlesim/srv/detail/spawn__rosidl_typesupport_fastrtps_cpp.hpp
[4.641s] -- Up-to-date: /home/kurisaw/Desktop/catkin_ws/install/turtlesim/include/turtlesim/srv/detail/teleport_relative__rosidl_typesupport_fastrtps_cpp.hpp
[4.641s] -- Up-to-date: /home/kurisaw/Desktop/catkin_ws/install/turtlesim/include/turtlesim/srv/detail/dds_fastrtps
[4.643s] -- Up-to-date: /home/kurisaw/Desktop/catkin_ws/install/turtlesim/include/turtlesim/srv/detail/set_pen__rosidl_typesupport_fastrtps_cpp.hpp
[4.643s] -- Up-to-date: /home/kurisaw/Desktop/catkin_ws/install/turtlesim/include/turtlesim/srv/detail/teleport_absolute__rosidl_typesupport_fastrtps_cpp.hpp
[4.684s] -- Up-to-date: /home/kurisaw/Desktop/catkin_ws/install/turtlesim/include/turtlesim/srv/detail/kill__rosidl_typesupport_fastrtps_cpp.hpp
[4.684s] -- Up-to-date: /home/kurisaw/Desktop/catkin_ws/install/turtlesim/lib/libturtlesim__rosidl_typesupport_fastrtps_cpp.so
[4.685s] -- Up-to-date: /home/kurisaw/Desktop/catkin_ws/install/turtlesim/include/turtlesim
[4.685s] -- Up-to-date: /home/kurisaw/Desktop/catkin_ws/install/turtlesim/include/turtlesim/action
[4.685s] -- Up-to-date: /home/kurisaw/Desktop/catkin_ws/install/turtlesim/include/turtlesim/action/detail
[4.686s] -- Up-to-date: /home/kurisaw/Desktop/catkin_ws/install/turtlesim/include/turtlesim/action/detail/rotate_absolute__rosidl_typesupport_introspection_c.h
[4.686s] -- Up-to-date: /home/kurisaw/Desktop/catkin_ws/install/turtlesim/include/turtlesim/action/detail/rotate_absolute__type_support.c
[4.686s] -- Up-to-date: /home/kurisaw/Desktop/catkin_ws/install/turtlesim/include/turtlesim/msg
[4.686s] -- Up-to-date: /home/kurisaw/Desktop/catkin_ws/install/turtlesim/include/turtlesim/msg/rosidl_typesupport_introspection_c__visibility_control.h
[4.686s] -- Up-to-date: /home/kurisaw/Desktop/catkin_ws/install/turtlesim/include/turtlesim/msg/detail
[4.687s] -- Up-to-date: /home/kurisaw/Desktop/catkin_ws/install/turtlesim/include/turtlesim/msg/detail/pose__type_support.c
[4.687s] -- Up-to-date: /home/kurisaw/Desktop/catkin_ws/install/turtlesim/include/turtlesim/msg/detail/color__rosidl_typesupport_introspection_c.h
[4.687s] -- Up-to-date: /home/kurisaw/Desktop/catkin_ws/install/turtlesim/include/turtlesim/msg/detail/pose__rosidl_typesupport_introspection_c.h
[4.687s] -- Up-to-date: /home/kurisaw/Desktop/catkin_ws/install/turtlesim/include/turtlesim/msg/detail/color__type_support.c
[4.692s] -- Up-to-date: /home/kurisaw/Desktop/catkin_ws/install/turtlesim/include/turtlesim/srv
[4.692s] -- Up-to-date: /home/kurisaw/Desktop/catkin_ws/install/turtlesim/include/turtlesim/srv/detail
[4.693s] -- Up-to-date: /home/kurisaw/Desktop/catkin_ws/install/turtlesim/include/turtlesim/srv/detail/spawn__rosidl_typesupport_introspection_c.h
[4.693s] -- Up-to-date: /home/kurisaw/Desktop/catkin_ws/install/turtlesim/include/turtlesim/srv/detail/kill__rosidl_typesupport_introspection_c.h
[4.693s] -- Up-to-date: /home/kurisaw/Desktop/catkin_ws/install/turtlesim/include/turtlesim/srv/detail/teleport_absolute__type_support.c
[4.693s] -- Up-to-date: /home/kurisaw/Desktop/catkin_ws/install/turtlesim/include/turtlesim/srv/detail/spawn__type_support.c
[4.694s] -- Up-to-date: /home/kurisaw/Desktop/catkin_ws/install/turtlesim/include/turtlesim/srv/detail/teleport_relative__type_support.c
[4.694s] -- Up-to-date: /home/kurisaw/Desktop/catkin_ws/install/turtlesim/include/turtlesim/srv/detail/teleport_absolute__rosidl_typesupport_introspection_c.h
[4.694s] -- Up-to-date: /home/kurisaw/Desktop/catkin_ws/install/turtlesim/include/turtlesim/srv/detail/teleport_relative__rosidl_typesupport_introspection_c.h
[4.694s] -- Up-to-date: /home/kurisaw/Desktop/catkin_ws/install/turtlesim/include/turtlesim/srv/detail/set_pen__type_support.c
[4.695s] -- Up-to-date: /home/kurisaw/Desktop/catkin_ws/install/turtlesim/include/turtlesim/srv/detail/kill__type_support.c
[4.695s] -- Up-to-date: /home/kurisaw/Desktop/catkin_ws/install/turtlesim/include/turtlesim/srv/detail/set_pen__rosidl_typesupport_introspection_c.h
[4.695s] -- Up-to-date: /home/kurisaw/Desktop/catkin_ws/install/turtlesim/lib/libturtlesim__rosidl_typesupport_introspection_c.so
[4.695s] -- Up-to-date: /home/kurisaw/Desktop/catkin_ws/install/turtlesim/lib/libturtlesim__rosidl_typesupport_c.so
[4.695s] -- Up-to-date: /home/kurisaw/Desktop/catkin_ws/install/turtlesim/include/turtlesim
[4.704s] -- Up-to-date: /home/kurisaw/Desktop/catkin_ws/install/turtlesim/include/turtlesim/action
[4.705s] -- Up-to-date: /home/kurisaw/Desktop/catkin_ws/install/turtlesim/include/turtlesim/action/rotate_absolute.hpp
[4.705s] -- Up-to-date: /home/kurisaw/Desktop/catkin_ws/install/turtlesim/include/turtlesim/action/detail
[4.705s] -- Up-to-date: /home/kurisaw/Desktop/catkin_ws/install/turtlesim/include/turtlesim/action/detail/rotate_absolute__traits.hpp
[4.705s] -- Up-to-date: /home/kurisaw/Desktop/catkin_ws/install/turtlesim/include/turtlesim/action/detail/rotate_absolute__builder.hpp
[4.706s] -- Up-to-date: /home/kurisaw/Desktop/catkin_ws/install/turtlesim/include/turtlesim/action/detail/rotate_absolute__type_support.hpp
[4.706s] -- Up-to-date: /home/kurisaw/Desktop/catkin_ws/install/turtlesim/include/turtlesim/action/detail/rotate_absolute__struct.hpp
[4.706s] -- Up-to-date: /home/kurisaw/Desktop/catkin_ws/install/turtlesim/include/turtlesim/msg
[4.706s] -- Up-to-date: /home/kurisaw/Desktop/catkin_ws/install/turtlesim/include/turtlesim/msg/color.hpp
[4.706s] -- Up-to-date: /home/kurisaw/Desktop/catkin_ws/install/turtlesim/include/turtlesim/msg/pose.hpp
[4.707s] -- Up-to-date: /home/kurisaw/Desktop/catkin_ws/install/turtlesim/include/turtlesim/msg/detail
[4.707s] -- Up-to-date: /home/kurisaw/Desktop/catkin_ws/install/turtlesim/include/turtlesim/msg/detail/color__type_support.hpp
[4.707s] -- Up-to-date: /home/kurisaw/Desktop/catkin_ws/install/turtlesim/include/turtlesim/msg/detail/color__struct.hpp
[4.707s] -- Up-to-date: /home/kurisaw/Desktop/catkin_ws/install/turtlesim/include/turtlesim/msg/detail/pose__traits.hpp
[4.707s] -- Up-to-date: /home/kurisaw/Desktop/catkin_ws/install/turtlesim/include/turtlesim/msg/detail/color__traits.hpp
[4.728s] -- Up-to-date: /home/kurisaw/Desktop/catkin_ws/install/turtlesim/include/turtlesim/msg/detail/pose__type_support.hpp
[4.729s] -- Up-to-date: /home/kurisaw/Desktop/catkin_ws/install/turtlesim/include/turtlesim/msg/detail/color__builder.hpp
[4.729s] -- Up-to-date: /home/kurisaw/Desktop/catkin_ws/install/turtlesim/include/turtlesim/msg/detail/pose__struct.hpp
[4.729s] -- Up-to-date: /home/kurisaw/Desktop/catkin_ws/install/turtlesim/include/turtlesim/msg/detail/pose__builder.hpp
[4.730s] -- Up-to-date: /home/kurisaw/Desktop/catkin_ws/install/turtlesim/include/turtlesim/msg/rosidl_generator_cpp__visibility_control.hpp
[4.730s] -- Up-to-date: /home/kurisaw/Desktop/catkin_ws/install/turtlesim/include/turtlesim/srv
[4.730s] -- Up-to-date: /home/kurisaw/Desktop/catkin_ws/install/turtlesim/include/turtlesim/srv/teleport_absolute.hpp
[4.731s] -- Up-to-date: /home/kurisaw/Desktop/catkin_ws/install/turtlesim/include/turtlesim/srv/spawn.hpp
[4.731s] -- Up-to-date: /home/kurisaw/Desktop/catkin_ws/install/turtlesim/include/turtlesim/srv/detail
[4.740s] -- Up-to-date: /home/kurisaw/Desktop/catkin_ws/install/turtlesim/include/turtlesim/srv/detail/set_pen__type_support.hpp
[4.741s] -- Up-to-date: /home/kurisaw/Desktop/catkin_ws/install/turtlesim/include/turtlesim/srv/detail/teleport_absolute__struct.hpp
[4.741s] -- Up-to-date: /home/kurisaw/Desktop/catkin_ws/install/turtlesim/include/turtlesim/srv/detail/teleport_absolute__builder.hpp
[4.742s] -- Up-to-date: /home/kurisaw/Desktop/catkin_ws/install/turtlesim/include/turtlesim/srv/detail/set_pen__traits.hpp
[4.742s] -- Up-to-date: /home/kurisaw/Desktop/catkin_ws/install/turtlesim/include/turtlesim/srv/detail/set_pen__builder.hpp
[4.743s] -- Up-to-date: /home/kurisaw/Desktop/catkin_ws/install/turtlesim/include/turtlesim/srv/detail/teleport_absolute__traits.hpp
[4.743s] -- Up-to-date: /home/kurisaw/Desktop/catkin_ws/install/turtlesim/include/turtlesim/srv/detail/set_pen__struct.hpp
[4.743s] -- Up-to-date: /home/kurisaw/Desktop/catkin_ws/install/turtlesim/include/turtlesim/srv/detail/teleport_relative__traits.hpp
[4.743s] -- Up-to-date: /home/kurisaw/Desktop/catkin_ws/install/turtlesim/include/turtlesim/srv/detail/spawn__traits.hpp
[4.748s] -- Up-to-date: /home/kurisaw/Desktop/catkin_ws/install/turtlesim/include/turtlesim/srv/detail/spawn__builder.hpp
[4.748s] -- Up-to-date: /home/kurisaw/Desktop/catkin_ws/install/turtlesim/include/turtlesim/srv/detail/teleport_absolute__type_support.hpp
[4.749s] -- Up-to-date: /home/kurisaw/Desktop/catkin_ws/install/turtlesim/include/turtlesim/srv/detail/spawn__type_support.hpp
[4.749s] -- Up-to-date: /home/kurisaw/Desktop/catkin_ws/install/turtlesim/include/turtlesim/srv/detail/kill__builder.hpp
[4.749s] -- Up-to-date: /home/kurisaw/Desktop/catkin_ws/install/turtlesim/include/turtlesim/srv/detail/kill__type_support.hpp
[4.750s] -- Up-to-date: /home/kurisaw/Desktop/catkin_ws/install/turtlesim/include/turtlesim/srv/detail/teleport_relative__struct.hpp
[4.750s] -- Up-to-date: /home/kurisaw/Desktop/catkin_ws/install/turtlesim/include/turtlesim/srv/detail/teleport_relative__builder.hpp
[4.750s] -- Up-to-date: /home/kurisaw/Desktop/catkin_ws/install/turtlesim/include/turtlesim/srv/detail/spawn__struct.hpp
[4.750s] -- Up-to-date: /home/kurisaw/Desktop/catkin_ws/install/turtlesim/include/turtlesim/srv/detail/kill__struct.hpp
[4.751s] -- Up-to-date: /home/kurisaw/Desktop/catkin_ws/install/turtlesim/include/turtlesim/srv/detail/kill__traits.hpp
[4.751s] -- Up-to-date: /home/kurisaw/Desktop/catkin_ws/install/turtlesim/include/turtlesim/srv/detail/teleport_relative__type_support.hpp
[4.751s] -- Up-to-date: /home/kurisaw/Desktop/catkin_ws/install/turtlesim/include/turtlesim/srv/kill.hpp
[4.761s] -- Up-to-date: /home/kurisaw/Desktop/catkin_ws/install/turtlesim/include/turtlesim/srv/set_pen.hpp
[4.761s] -- Up-to-date: /home/kurisaw/Desktop/catkin_ws/install/turtlesim/include/turtlesim/srv/teleport_relative.hpp
[4.762s] -- Up-to-date: /home/kurisaw/Desktop/catkin_ws/install/turtlesim/include/turtlesim
[4.762s] -- Up-to-date: /home/kurisaw/Desktop/catkin_ws/install/turtlesim/include/turtlesim/action
[4.762s] -- Up-to-date: /home/kurisaw/Desktop/catkin_ws/install/turtlesim/include/turtlesim/action/detail
[4.763s] -- Up-to-date: /home/kurisaw/Desktop/catkin_ws/install/turtlesim/include/turtlesim/action/detail/rotate_absolute__type_support.cpp
[4.763s] -- Up-to-date: /home/kurisaw/Desktop/catkin_ws/install/turtlesim/include/turtlesim/action/detail/rotate_absolute__rosidl_typesupport_introspection_cpp.hpp
[4.763s] -- Up-to-date: /home/kurisaw/Desktop/catkin_ws/install/turtlesim/include/turtlesim/msg
[4.763s] -- Up-to-date: /home/kurisaw/Desktop/catkin_ws/install/turtlesim/include/turtlesim/msg/detail
[4.778s] -- Up-to-date: /home/kurisaw/Desktop/catkin_ws/install/turtlesim/include/turtlesim/msg/detail/color__rosidl_typesupport_introspection_cpp.hpp
[4.778s] -- Up-to-date: /home/kurisaw/Desktop/catkin_ws/install/turtlesim/include/turtlesim/msg/detail/pose__rosidl_typesupport_introspection_cpp.hpp
[4.778s] -- Up-to-date: /home/kurisaw/Desktop/catkin_ws/install/turtlesim/include/turtlesim/msg/detail/pose__type_support.cpp
[4.779s] -- Up-to-date: /home/kurisaw/Desktop/catkin_ws/install/turtlesim/include/turtlesim/msg/detail/color__type_support.cpp
[4.779s] -- Up-to-date: /home/kurisaw/Desktop/catkin_ws/install/turtlesim/include/turtlesim/srv
[4.779s] -- Up-to-date: /home/kurisaw/Desktop/catkin_ws/install/turtlesim/include/turtlesim/srv/detail
[4.795s] -- Up-to-date: /home/kurisaw/Desktop/catkin_ws/install/turtlesim/include/turtlesim/srv/detail/teleport_relative__rosidl_typesupport_introspection_cpp.hpp
[4.795s] -- Up-to-date: /home/kurisaw/Desktop/catkin_ws/install/turtlesim/include/turtlesim/srv/detail/kill__type_support.cpp
[4.796s] -- Up-to-date: /home/kurisaw/Desktop/catkin_ws/install/turtlesim/include/turtlesim/srv/detail/teleport_relative__type_support.cpp
[4.796s] -- Up-to-date: /home/kurisaw/Desktop/catkin_ws/install/turtlesim/include/turtlesim/srv/detail/kill__rosidl_typesupport_introspection_cpp.hpp
[4.796s] -- Up-to-date: /home/kurisaw/Desktop/catkin_ws/install/turtlesim/include/turtlesim/srv/detail/spawn__type_support.cpp
[4.797s] -- Up-to-date: /home/kurisaw/Desktop/catkin_ws/install/turtlesim/include/turtlesim/srv/detail/teleport_absolute__type_support.cpp
[4.797s] -- Up-to-date: /home/kurisaw/Desktop/catkin_ws/install/turtlesim/include/turtlesim/srv/detail/set_pen__rosidl_typesupport_introspection_cpp.hpp
[4.797s] -- Up-to-date: /home/kurisaw/Desktop/catkin_ws/install/turtlesim/include/turtlesim/srv/detail/teleport_absolute__rosidl_typesupport_introspection_cpp.hpp
[4.798s] -- Up-to-date: /home/kurisaw/Desktop/catkin_ws/install/turtlesim/include/turtlesim/srv/detail/set_pen__type_support.cpp
[4.798s] -- Up-to-date: /home/kurisaw/Desktop/catkin_ws/install/turtlesim/include/turtlesim/srv/detail/spawn__rosidl_typesupport_introspection_cpp.hpp
[4.798s] -- Up-to-date: /home/kurisaw/Desktop/catkin_ws/install/turtlesim/lib/libturtlesim__rosidl_typesupport_introspection_cpp.so
[4.798s] -- Up-to-date: /home/kurisaw/Desktop/catkin_ws/install/turtlesim/lib/libturtlesim__rosidl_typesupport_cpp.so
[4.799s] -- Up-to-date: /home/kurisaw/Desktop/catkin_ws/install/turtlesim/share/turtlesim/environment/pythonpath.sh
[4.799s] -- Up-to-date: /home/kurisaw/Desktop/catkin_ws/install/turtlesim/share/turtlesim/environment/pythonpath.dsv
[4.799s] -- Up-to-date: /home/kurisaw/Desktop/catkin_ws/install/turtlesim/lib/python3.8/site-packages/turtlesim/__init__.py
[4.933s] -- Up-to-date: /home/kurisaw/Desktop/catkin_ws/install/turtlesim/lib/python3.8/site-packages/turtlesim/action
[4.934s] -- Up-to-date: /home/kurisaw/Desktop/catkin_ws/install/turtlesim/lib/python3.8/site-packages/turtlesim/action/__init__.py
[4.934s] -- Up-to-date: /home/kurisaw/Desktop/catkin_ws/install/turtlesim/lib/python3.8/site-packages/turtlesim/action/_rotate_absolute.py
[4.935s] -- Up-to-date: /home/kurisaw/Desktop/catkin_ws/install/turtlesim/lib/python3.8/site-packages/turtlesim/action/_rotate_absolute_s.c
[4.935s] -- Up-to-date: /home/kurisaw/Desktop/catkin_ws/install/turtlesim/lib/python3.8/site-packages/turtlesim/msg
[4.936s] -- Up-to-date: /home/kurisaw/Desktop/catkin_ws/install/turtlesim/lib/python3.8/site-packages/turtlesim/msg/__init__.py
[4.937s] -- Up-to-date: /home/kurisaw/Desktop/catkin_ws/install/turtlesim/lib/python3.8/site-packages/turtlesim/msg/_pose.py
[4.937s] -- Up-to-date: /home/kurisaw/Desktop/catkin_ws/install/turtlesim/lib/python3.8/site-packages/turtlesim/msg/_color.py
[4.938s] -- Up-to-date: /home/kurisaw/Desktop/catkin_ws/install/turtlesim/lib/python3.8/site-packages/turtlesim/msg/_pose_s.c
[4.941s] -- Up-to-date: /home/kurisaw/Desktop/catkin_ws/install/turtlesim/lib/python3.8/site-packages/turtlesim/msg/_color_s.c
[4.941s] -- Up-to-date: /home/kurisaw/Desktop/catkin_ws/install/turtlesim/lib/python3.8/site-packages/turtlesim/srv
[4.941s] -- Up-to-date: /home/kurisaw/Desktop/catkin_ws/install/turtlesim/lib/python3.8/site-packages/turtlesim/srv/_teleport_absolute.py
[4.941s] -- Up-to-date: /home/kurisaw/Desktop/catkin_ws/install/turtlesim/lib/python3.8/site-packages/turtlesim/srv/_kill.py
[4.942s] -- Up-to-date: /home/kurisaw/Desktop/catkin_ws/install/turtlesim/lib/python3.8/site-packages/turtlesim/srv/__init__.py
[4.942s] -- Up-to-date: /home/kurisaw/Desktop/catkin_ws/install/turtlesim/lib/python3.8/site-packages/turtlesim/srv/_set_pen.py
[4.942s] -- Up-to-date: /home/kurisaw/Desktop/catkin_ws/install/turtlesim/lib/python3.8/site-packages/turtlesim/srv/_teleport_relative.py
[4.942s] -- Up-to-date: /home/kurisaw/Desktop/catkin_ws/install/turtlesim/lib/python3.8/site-packages/turtlesim/srv/_set_pen_s.c
[4.943s] -- Up-to-date: /home/kurisaw/Desktop/catkin_ws/install/turtlesim/lib/python3.8/site-packages/turtlesim/srv/_spawn_s.c
[4.955s] -- Up-to-date: /home/kurisaw/Desktop/catkin_ws/install/turtlesim/lib/python3.8/site-packages/turtlesim/srv/_teleport_absolute_s.c
[4.958s] -- Up-to-date: /home/kurisaw/Desktop/catkin_ws/install/turtlesim/lib/python3.8/site-packages/turtlesim/srv/_kill_s.c
[4.962s] -- Up-to-date: /home/kurisaw/Desktop/catkin_ws/install/turtlesim/lib/python3.8/site-packages/turtlesim/srv/_spawn.py
[4.963s] -- Up-to-date: /home/kurisaw/Desktop/catkin_ws/install/turtlesim/lib/python3.8/site-packages/turtlesim/srv/_teleport_relative_s.c
[4.963s] -- Up-to-date: /home/kurisaw/Desktop/catkin_ws/install/turtlesim/lib/python3.8/site-packages/turtlesim/turtlesim_s__rosidl_typesupport_fastrtps_c.cpython-38-x86_64-linux-gnu.so
[4.963s] -- Up-to-date: /home/kurisaw/Desktop/catkin_ws/install/turtlesim/lib/python3.8/site-packages/turtlesim/turtlesim_s__rosidl_typesupport_introspection_c.cpython-38-x86_64-linux-gnu.so
[4.968s] -- Up-to-date: /home/kurisaw/Desktop/catkin_ws/install/turtlesim/lib/python3.8/site-packages/turtlesim/turtlesim_s__rosidl_typesupport_c.cpython-38-x86_64-linux-gnu.so
[4.981s] -- Up-to-date: /home/kurisaw/Desktop/catkin_ws/install/turtlesim/lib/libturtlesim__python.so
[4.985s] -- Up-to-date: /home/kurisaw/Desktop/catkin_ws/install/turtlesim/share/turtlesim/action/RotateAbsolute.idl
[4.993s] -- Up-to-date: /home/kurisaw/Desktop/catkin_ws/install/turtlesim/share/turtlesim/msg/Color.idl
[4.993s] -- Up-to-date: /home/kurisaw/Desktop/catkin_ws/install/turtlesim/share/turtlesim/msg/Pose.idl
[4.994s] -- Up-to-date: /home/kurisaw/Desktop/catkin_ws/install/turtlesim/share/turtlesim/srv/Kill.idl
[4.994s] -- Up-to-date: /home/kurisaw/Desktop/catkin_ws/install/turtlesim/share/turtlesim/srv/SetPen.idl
[4.994s] -- Up-to-date: /home/kurisaw/Desktop/catkin_ws/install/turtlesim/share/turtlesim/srv/Spawn.idl
[4.995s] -- Up-to-date: /home/kurisaw/Desktop/catkin_ws/install/turtlesim/share/turtlesim/srv/TeleportAbsolute.idl
[4.995s] -- Up-to-date: /home/kurisaw/Desktop/catkin_ws/install/turtlesim/share/turtlesim/srv/TeleportRelative.idl
[4.995s] -- Up-to-date: /home/kurisaw/Desktop/catkin_ws/install/turtlesim/share/turtlesim/action/RotateAbsolute.action
[4.996s] -- Up-to-date: /home/kurisaw/Desktop/catkin_ws/install/turtlesim/share/turtlesim/msg/Color.msg
[4.996s] -- Up-to-date: /home/kurisaw/Desktop/catkin_ws/install/turtlesim/share/turtlesim/msg/Pose.msg
[4.996s] -- Up-to-date: /home/kurisaw/Desktop/catkin_ws/install/turtlesim/share/turtlesim/srv/Kill.srv
[4.996s] -- Up-to-date: /home/kurisaw/Desktop/catkin_ws/install/turtlesim/share/turtlesim/srv/Kill_Request.msg
[4.997s] -- Up-to-date: /home/kurisaw/Desktop/catkin_ws/install/turtlesim/share/turtlesim/srv/Kill_Response.msg
[5.009s] -- Up-to-date: /home/kurisaw/Desktop/catkin_ws/install/turtlesim/share/turtlesim/srv/SetPen.srv
[5.016s] -- Up-to-date: /home/kurisaw/Desktop/catkin_ws/install/turtlesim/share/turtlesim/srv/SetPen_Request.msg
[5.016s] -- Up-to-date: /home/kurisaw/Desktop/catkin_ws/install/turtlesim/share/turtlesim/srv/SetPen_Response.msg
[5.016s] -- Up-to-date: /home/kurisaw/Desktop/catkin_ws/install/turtlesim/share/turtlesim/srv/Spawn.srv
[5.016s] -- Up-to-date: /home/kurisaw/Desktop/catkin_ws/install/turtlesim/share/turtlesim/srv/Spawn_Request.msg
[5.017s] -- Up-to-date: /home/kurisaw/Desktop/catkin_ws/install/turtlesim/share/turtlesim/srv/Spawn_Response.msg
[5.017s] -- Up-to-date: /home/kurisaw/Desktop/catkin_ws/install/turtlesim/share/turtlesim/srv/TeleportAbsolute.srv
[5.017s] -- Up-to-date: /home/kurisaw/Desktop/catkin_ws/install/turtlesim/share/turtlesim/srv/TeleportAbsolute_Request.msg
[5.017s] -- Up-to-date: /home/kurisaw/Desktop/catkin_ws/install/turtlesim/share/turtlesim/srv/TeleportAbsolute_Response.msg
[5.017s] -- Up-to-date: /home/kurisaw/Desktop/catkin_ws/install/turtlesim/share/turtlesim/srv/TeleportRelative.srv
[5.018s] -- Up-to-date: /home/kurisaw/Desktop/catkin_ws/install/turtlesim/share/turtlesim/srv/TeleportRelative_Request.msg
[5.018s] -- Up-to-date: /home/kurisaw/Desktop/catkin_ws/install/turtlesim/share/turtlesim/srv/TeleportRelative_Response.msg
[5.028s] -- Up-to-date: /home/kurisaw/Desktop/catkin_ws/install/turtlesim/lib/turtlesim/turtlesim_node
[5.040s] -- Up-to-date: /home/kurisaw/Desktop/catkin_ws/install/turtlesim/lib/turtlesim/turtle_teleop_key
[5.064s] -- Up-to-date: /home/kurisaw/Desktop/catkin_ws/install/turtlesim/lib/turtlesim/draw_square
[5.080s] -- Up-to-date: /home/kurisaw/Desktop/catkin_ws/install/turtlesim/lib/turtlesim/mimic
[5.081s] -- Up-to-date: /home/kurisaw/Desktop/catkin_ws/install/turtlesim/share/turtlesim/images
[5.081s] -- Up-to-date: /home/kurisaw/Desktop/catkin_ws/install/turtlesim/share/turtlesim/images/eloquent.png
[5.081s] -- Up-to-date: /home/kurisaw/Desktop/catkin_ws/install/turtlesim/share/turtlesim/images/bouncy.png
[5.082s] -- Up-to-date: /home/kurisaw/Desktop/catkin_ws/install/turtlesim/share/turtlesim/images/crystal.png
[5.082s] -- Up-to-date: /home/kurisaw/Desktop/catkin_ws/install/turtlesim/share/turtlesim/images/foxy.png
[5.082s] -- Up-to-date: /home/kurisaw/Desktop/catkin_ws/install/turtlesim/share/turtlesim/images/dashing.png
[5.083s] -- Up-to-date: /home/kurisaw/Desktop/catkin_ws/install/turtlesim/share/turtlesim/images/ardent.png
[5.084s] -- Up-to-date: /home/kurisaw/Desktop/catkin_ws/install/turtlesim/share/turtlesim/launch
[5.084s] -- Up-to-date: /home/kurisaw/Desktop/catkin_ws/install/turtlesim/share/turtlesim/launch/multisim.launch.py
[5.084s] -- Up-to-date: /home/kurisaw/Desktop/catkin_ws/install/turtlesim/share/ament_index/resource_index/package_run_dependencies/turtlesim
[5.084s] -- Up-to-date: /home/kurisaw/Desktop/catkin_ws/install/turtlesim/share/ament_index/resource_index/parent_prefix_path/turtlesim
[5.084s] -- Up-to-date: /home/kurisaw/Desktop/catkin_ws/install/turtlesim/share/turtlesim/environment/ament_prefix_path.sh
[5.085s] -- Up-to-date: /home/kurisaw/Desktop/catkin_ws/install/turtlesim/share/turtlesim/environment/ament_prefix_path.dsv
[5.108s] -- Up-to-date: /home/kurisaw/Desktop/catkin_ws/install/turtlesim/share/turtlesim/environment/path.sh
[5.108s] -- Up-to-date: /home/kurisaw/Desktop/catkin_ws/install/turtlesim/share/turtlesim/environment/path.dsv
[5.109s] -- Up-to-date: /home/kurisaw/Desktop/catkin_ws/install/turtlesim/share/turtlesim/local_setup.bash
[5.109s] -- Up-to-date: /home/kurisaw/Desktop/catkin_ws/install/turtlesim/share/turtlesim/local_setup.sh
[5.109s] -- Up-to-date: /home/kurisaw/Desktop/catkin_ws/install/turtlesim/share/turtlesim/local_setup.zsh
[5.110s] -- Up-to-date: /home/kurisaw/Desktop/catkin_ws/install/turtlesim/share/turtlesim/local_setup.dsv
[5.110s] -- Installing: /home/kurisaw/Desktop/catkin_ws/install/turtlesim/share/turtlesim/package.dsv
[5.110s] -- Up-to-date: /home/kurisaw/Desktop/catkin_ws/install/turtlesim/share/ament_index/resource_index/packages/turtlesim
[5.120s] -- Up-to-date: /home/kurisaw/Desktop/catkin_ws/install/turtlesim/share/turtlesim/cmake/turtlesim__rosidl_generator_cExport.cmake
[5.120s] -- Up-to-date: /home/kurisaw/Desktop/catkin_ws/install/turtlesim/share/turtlesim/cmake/turtlesim__rosidl_generator_cExport-noconfig.cmake
[5.121s] -- Up-to-date: /home/kurisaw/Desktop/catkin_ws/install/turtlesim/share/turtlesim/cmake/turtlesim__rosidl_typesupport_introspection_cExport.cmake
[5.121s] -- Up-to-date: /home/kurisaw/Desktop/catkin_ws/install/turtlesim/share/turtlesim/cmake/turtlesim__rosidl_typesupport_introspection_cExport-noconfig.cmake
[5.121s] -- Up-to-date: /home/kurisaw/Desktop/catkin_ws/install/turtlesim/share/turtlesim/cmake/turtlesim__rosidl_typesupport_cExport.cmake
[5.122s] -- Up-to-date: /home/kurisaw/Desktop/catkin_ws/install/turtlesim/share/turtlesim/cmake/turtlesim__rosidl_typesupport_cExport-noconfig.cmake
[5.122s] -- Up-to-date: /home/kurisaw/Desktop/catkin_ws/install/turtlesim/share/turtlesim/cmake/turtlesim__rosidl_generator_cppExport.cmake
[5.128s] -- Up-to-date: /home/kurisaw/Desktop/catkin_ws/install/turtlesim/share/turtlesim/cmake/turtlesim__rosidl_typesupport_introspection_cppExport.cmake
[5.129s] -- Up-to-date: /home/kurisaw/Desktop/catkin_ws/install/turtlesim/share/turtlesim/cmake/turtlesim__rosidl_typesupport_introspection_cppExport-noconfig.cmake
[5.129s] -- Up-to-date: /home/kurisaw/Desktop/catkin_ws/install/turtlesim/share/turtlesim/cmake/turtlesim__rosidl_typesupport_cppExport.cmake
[5.129s] -- Up-to-date: /home/kurisaw/Desktop/catkin_ws/install/turtlesim/share/turtlesim/cmake/turtlesim__rosidl_typesupport_cppExport-noconfig.cmake
[5.129s] -- Up-to-date: /home/kurisaw/Desktop/catkin_ws/install/turtlesim/share/turtlesim/cmake/rosidl_cmake-extras.cmake
[5.130s] -- Up-to-date: /home/kurisaw/Desktop/catkin_ws/install/turtlesim/share/turtlesim/cmake/ament_cmake_export_dependencies-extras.cmake
[5.130s] -- Up-to-date: /home/kurisaw/Desktop/catkin_ws/install/turtlesim/share/turtlesim/cmake/ament_cmake_export_libraries-extras.cmake
[5.130s] -- Up-to-date: /home/kurisaw/Desktop/catkin_ws/install/turtlesim/share/turtlesim/cmake/ament_cmake_export_targets-extras.cmake
[5.130s] -- Up-to-date: /home/kurisaw/Desktop/catkin_ws/install/turtlesim/share/turtlesim/cmake/ament_cmake_export_include_directories-extras.cmake
[5.130s] -- Up-to-date: /home/kurisaw/Desktop/catkin_ws/install/turtlesim/share/turtlesim/cmake/rosidl_cmake_export_typesupport_libraries-extras.cmake
[5.131s] -- Up-to-date: /home/kurisaw/Desktop/catkin_ws/install/turtlesim/share/turtlesim/cmake/rosidl_cmake_export_typesupport_targets-extras.cmake
[5.144s] -- Up-to-date: /home/kurisaw/Desktop/catkin_ws/install/turtlesim/share/turtlesim/cmake/turtlesimConfig.cmake
[5.144s] -- Up-to-date: /home/kurisaw/Desktop/catkin_ws/install/turtlesim/share/turtlesim/cmake/turtlesimConfig-version.cmake
[5.144s] -- Up-to-date: /home/kurisaw/Desktop/catkin_ws/install/turtlesim/share/turtlesim/package.xml
[5.153s] Invoked command in '/home/kurisaw/Desktop/catkin_ws/build/turtlesim' returned '0': CMAKE_PREFIX_PATH=${CMAKE_PREFIX_PATH}:/opt/ros/foxy /usr/bin/cmake --install /home/kurisaw/Desktop/catkin_ws/build/turtlesim
