[0.338s] Invoking command in '/home/kurisaw/Desktop/catkin_ws/build/turtlesim': CMAKE_PREFIX_PATH=${CMAKE_PREFIX_PATH}:/opt/ros/foxy /usr/bin/cmake /home/kurisaw/Desktop/catkin_ws/src/ros_tutorials/turtlesim -DCMAKE_INSTALL_PREFIX=/home/kurisaw/Desktop/catkin_ws/install/turtlesim
[0.573s] -- The C compiler identification is GNU 9.4.0
[0.819s] -- The CXX compiler identification is GNU 9.4.0
[0.851s] -- Detecting C compiler ABI info
[1.134s] -- Detecting C compiler ABI info - done
[1.152s] -- Check for working C compiler: /usr/bin/cc - skipped
[1.154s] -- Detecting C compile features
[1.155s] -- Detecting C compile features - done
[1.168s] -- Detecting CXX compiler ABI info
[1.529s] -- Detecting CXX compiler ABI info - done
[1.546s] -- Check for working CXX compiler: /usr/bin/c++ - skipped
[1.547s] -- Detecting CXX compile features
[1.548s] -- Detecting CXX compile features - done
[1.561s] -- Found ament_cmake: 0.9.12 (/opt/ros/foxy/share/ament_cmake/cmake)
[1.653s] -- Found PythonInterp: /usr/bin/python3 (found suitable version "3.8.10", minimum required is "3") 
[1.654s] -- Using PYTHON_EXECUTABLE: /usr/bin/python3
[2.311s] -- Found ament_index_cpp: 1.1.0 (/opt/ros/foxy/share/ament_index_cpp/cmake)
[2.327s] -- Found geometry_msgs: 2.0.5 (/opt/ros/foxy/share/geometry_msgs/cmake)
[2.420s] -- Using all available rosidl_typesupport_c: rosidl_typesupport_fastrtps_c;rosidl_typesupport_introspection_c
[2.446s] -- Found rosidl_adapter: 1.3.1 (/opt/ros/foxy/share/rosidl_adapter/cmake)
[2.843s] -- Found OpenSSL: /usr/lib/x86_64-linux-gnu/libcrypto.so (found version "1.1.1f")  
[2.931s] -- Found FastRTPS: /opt/ros/foxy/include  
[3.218s] -- Using all available rosidl_typesupport_cpp: rosidl_typesupport_fastrtps_cpp;rosidl_typesupport_introspection_cpp
[3.534s] -- Found rclcpp: 2.4.3 (/opt/ros/foxy/share/rclcpp/cmake)
[3.650s] -- Found rmw_implementation_cmake: 1.0.4 (/opt/ros/foxy/share/rmw_implementation_cmake/cmake)
[3.652s] -- Using RMW implementation 'rmw_fastrtps_cpp' as default
[3.657s] -- Looking for pthread.h
[4.019s] -- Looking for pthread.h - found
[4.020s] -- Performing Test CMAKE_HAVE_LIBC_PTHREAD
[4.341s] -- Performing Test CMAKE_HAVE_LIBC_PTHREAD - Failed
[4.341s] -- Looking for pthread_create in pthreads
[4.554s] -- Looking for pthread_create in pthreads - not found
[4.556s] -- Looking for pthread_create in pthread
[4.824s] -- Looking for pthread_create in pthread - found
[4.831s] -- Found Threads: TRUE  
[5.140s] -- Found rclcpp_action: 2.4.3 (/opt/ros/foxy/share/rclcpp_action/cmake)
[5.355s] -- Found rosidl_default_generators: 1.0.1 (/opt/ros/foxy/share/rosidl_default_generators/cmake)
[5.398s] -- Found std_srvs: 2.0.5 (/opt/ros/foxy/share/std_srvs/cmake)
[5.513s] -- Found PythonInterp: /usr/bin/python3 (found version "3.8.10") 
[6.148s] -- Found ament_cmake_ros: 0.9.2 (/opt/ros/foxy/share/ament_cmake_ros/cmake)
[6.673s] -- Using all available rosidl_typesupport_c: rosidl_typesupport_fastrtps_c;rosidl_typesupport_introspection_c
[6.764s] -- Using all available rosidl_typesupport_cpp: rosidl_typesupport_fastrtps_cpp;rosidl_typesupport_introspection_cpp
[6.849s] -- Found PythonInterp: /usr/bin/python3 (found suitable version "3.8.10", minimum required is "3.5") 
[6.861s] -- Found python_cmake_module: 0.8.1 (/opt/ros/foxy/share/python_cmake_module/cmake)
[6.962s] -- Found PythonLibs: /usr/lib/x86_64-linux-gnu/libpython3.8.so (found suitable version "3.8.10", minimum required is "3.5") 
[6.964s] -- Using PYTHON_EXECUTABLE: /usr/bin/python3
[6.964s] -- Using PYTHON_INCLUDE_DIRS: /usr/include/python3.8
[6.964s] -- Using PYTHON_LIBRARIES: /usr/lib/x86_64-linux-gnu/libpython3.8.so
[7.045s] -- Found PythonExtra: .so  
[7.279s] -- Configuring done
[7.739s] -- Generating done
[7.755s] -- Build files have been written to: /home/kurisaw/Desktop/catkin_ws/build/turtlesim
[7.800s] Invoked command in '/home/kurisaw/Desktop/catkin_ws/build/turtlesim' returned '0': CMAKE_PREFIX_PATH=${CMAKE_PREFIX_PATH}:/opt/ros/foxy /usr/bin/cmake /home/kurisaw/Desktop/catkin_ws/src/ros_tutorials/turtlesim -DCMAKE_INSTALL_PREFIX=/home/kurisaw/Desktop/catkin_ws/install/turtlesim
[7.806s] Invoking command in '/home/kurisaw/Desktop/catkin_ws/build/turtlesim': CMAKE_PREFIX_PATH=${CMAKE_PREFIX_PATH}:/opt/ros/foxy /usr/bin/cmake --build /home/kurisaw/Desktop/catkin_ws/build/turtlesim -- -j4 -l4
[7.927s] [  1%] [34m[1mGenerating C code for ROS interfaces[0m
[8.014s] [  2%] [34m[1mGenerating C++ code for ROS interfaces[0m
[10.097s] [  2%] Built target turtlesim__cpp
[10.119s] [  3%] [32mBuilding C object CMakeFiles/turtlesim__rosidl_generator_c.dir/rosidl_generator_c/turtlesim/action/detail/rotate_absolute__functions.c.o[0m
[10.127s] [  4%] [32mBuilding C object CMakeFiles/turtlesim__rosidl_generator_c.dir/rosidl_generator_c/turtlesim/msg/detail/pose__functions.c.o[0m
[10.133s] [  5%] [32mBuilding C object CMakeFiles/turtlesim__rosidl_generator_c.dir/rosidl_generator_c/turtlesim/msg/detail/color__functions.c.o[0m
[10.133s] [  6%] [34m[1mGenerating C++ type support dispatch for ROS interfaces[0m
[10.345s] [  7%] [32mBuilding C object CMakeFiles/turtlesim__rosidl_generator_c.dir/rosidl_generator_c/turtlesim/srv/detail/kill__functions.c.o[0m
[10.507s] [  8%] [32mBuilding C object CMakeFiles/turtlesim__rosidl_generator_c.dir/rosidl_generator_c/turtlesim/srv/detail/set_pen__functions.c.o[0m
[10.748s] [  9%] [32mBuilding C object CMakeFiles/turtlesim__rosidl_generator_c.dir/rosidl_generator_c/turtlesim/srv/detail/spawn__functions.c.o[0m
[10.753s] [ 10%] [32mBuilding C object CMakeFiles/turtlesim__rosidl_generator_c.dir/rosidl_generator_c/turtlesim/srv/detail/teleport_absolute__functions.c.o[0m
[10.877s] [ 11%] [32mBuilding C object CMakeFiles/turtlesim__rosidl_generator_c.dir/rosidl_generator_c/turtlesim/srv/detail/teleport_relative__functions.c.o[0m
[11.126s] [ 12%] [34m[1mGenerating C++ type support for eProsima Fast-RTPS[0m
[11.272s] [ 13%] [34m[1mGenerating C++ introspection for ROS interfaces[0m
[11.414s] [ 14%] [32m[1mLinking C shared library libturtlesim__rosidl_generator_c.so[0m
[11.914s] [ 14%] Built target turtlesim__rosidl_generator_c
[12.030s] [ 15%] [34m[1mGenerating C introspection for ROS interfaces[0m
[12.429s] [ 16%] [32mBuilding CXX object CMakeFiles/turtlesim__rosidl_typesupport_cpp.dir/rosidl_typesupport_cpp/turtlesim/action/rotate_absolute__type_support.cpp.o[0m
[14.130s] [ 17%] [32mBuilding CXX object CMakeFiles/turtlesim__rosidl_typesupport_fastrtps_cpp.dir/rosidl_typesupport_fastrtps_cpp/turtlesim/action/detail/dds_fastrtps/rotate_absolute__type_support.cpp.o[0m
[14.300s] [ 18%] [32mBuilding CXX object CMakeFiles/turtlesim__rosidl_typesupport_introspection_cpp.dir/rosidl_typesupport_introspection_cpp/turtlesim/action/detail/rotate_absolute__type_support.cpp.o[0m
[14.552s] [ 19%] [32mBuilding CXX object CMakeFiles/turtlesim__rosidl_typesupport_cpp.dir/rosidl_typesupport_cpp/turtlesim/msg/color__type_support.cpp.o[0m
[14.808s] [ 20%] [32mBuilding C object CMakeFiles/turtlesim__rosidl_typesupport_introspection_c.dir/rosidl_typesupport_introspection_c/turtlesim/action/detail/rotate_absolute__type_support.c.o[0m
[15.012s] [ 21%] [32mBuilding C object CMakeFiles/turtlesim__rosidl_typesupport_introspection_c.dir/rosidl_typesupport_introspection_c/turtlesim/msg/detail/color__type_support.c.o[0m
[15.159s] [ 22%] [32mBuilding C object CMakeFiles/turtlesim__rosidl_typesupport_introspection_c.dir/rosidl_typesupport_introspection_c/turtlesim/msg/detail/pose__type_support.c.o[0m
[15.326s] [ 23%] [32mBuilding C object CMakeFiles/turtlesim__rosidl_typesupport_introspection_c.dir/rosidl_typesupport_introspection_c/turtlesim/srv/detail/kill__type_support.c.o[0m
[15.490s] [ 24%] [32mBuilding C object CMakeFiles/turtlesim__rosidl_typesupport_introspection_c.dir/rosidl_typesupport_introspection_c/turtlesim/srv/detail/set_pen__type_support.c.o[0m
[15.664s] [ 25%] [32mBuilding C object CMakeFiles/turtlesim__rosidl_typesupport_introspection_c.dir/rosidl_typesupport_introspection_c/turtlesim/srv/detail/spawn__type_support.c.o[0m
[15.940s] [ 26%] [32mBuilding C object CMakeFiles/turtlesim__rosidl_typesupport_introspection_c.dir/rosidl_typesupport_introspection_c/turtlesim/srv/detail/teleport_absolute__type_support.c.o[0m
[16.229s] [ 27%] [32mBuilding C object CMakeFiles/turtlesim__rosidl_typesupport_introspection_c.dir/rosidl_typesupport_introspection_c/turtlesim/srv/detail/teleport_relative__type_support.c.o[0m
[16.372s] [ 28%] [32mBuilding CXX object CMakeFiles/turtlesim__rosidl_typesupport_introspection_cpp.dir/rosidl_typesupport_introspection_cpp/turtlesim/msg/detail/color__type_support.cpp.o[0m
[16.402s] [ 29%] [32mBuilding CXX object CMakeFiles/turtlesim__rosidl_typesupport_cpp.dir/rosidl_typesupport_cpp/turtlesim/msg/pose__type_support.cpp.o[0m
[16.554s] [ 30%] [32m[1mLinking C shared library libturtlesim__rosidl_typesupport_introspection_c.so[0m
[16.761s] [ 30%] Built target turtlesim__rosidl_typesupport_introspection_c
[16.807s] [ 31%] [32mBuilding CXX object CMakeFiles/turtlesim__rosidl_typesupport_cpp.dir/rosidl_typesupport_cpp/turtlesim/srv/kill__type_support.cpp.o[0m
[17.084s] [ 32%] [32mBuilding CXX object CMakeFiles/turtlesim__rosidl_typesupport_fastrtps_cpp.dir/rosidl_typesupport_fastrtps_cpp/turtlesim/msg/detail/dds_fastrtps/color__type_support.cpp.o[0m
[17.921s] [ 33%] [32mBuilding CXX object CMakeFiles/turtlesim__rosidl_typesupport_cpp.dir/rosidl_typesupport_cpp/turtlesim/srv/set_pen__type_support.cpp.o[0m
[18.286s] [ 34%] [32mBuilding CXX object CMakeFiles/turtlesim__rosidl_typesupport_introspection_cpp.dir/rosidl_typesupport_introspection_cpp/turtlesim/msg/detail/pose__type_support.cpp.o[0m
[18.398s] [ 35%] [32mBuilding CXX object CMakeFiles/turtlesim__rosidl_typesupport_cpp.dir/rosidl_typesupport_cpp/turtlesim/srv/spawn__type_support.cpp.o[0m
[18.824s] [ 36%] [32mBuilding CXX object CMakeFiles/turtlesim__rosidl_typesupport_fastrtps_cpp.dir/rosidl_typesupport_fastrtps_cpp/turtlesim/msg/detail/dds_fastrtps/pose__type_support.cpp.o[0m
[19.089s] [ 37%] [32mBuilding CXX object CMakeFiles/turtlesim__rosidl_typesupport_cpp.dir/rosidl_typesupport_cpp/turtlesim/srv/teleport_absolute__type_support.cpp.o[0m
[19.834s] [ 38%] [32mBuilding CXX object CMakeFiles/turtlesim__rosidl_typesupport_introspection_cpp.dir/rosidl_typesupport_introspection_cpp/turtlesim/srv/detail/kill__type_support.cpp.o[0m
[20.307s] [ 39%] [32mBuilding CXX object CMakeFiles/turtlesim__rosidl_typesupport_cpp.dir/rosidl_typesupport_cpp/turtlesim/srv/teleport_relative__type_support.cpp.o[0m
[20.499s] [ 40%] [32mBuilding CXX object CMakeFiles/turtlesim__rosidl_typesupport_fastrtps_cpp.dir/rosidl_typesupport_fastrtps_cpp/turtlesim/srv/detail/dds_fastrtps/kill__type_support.cpp.o[0m
[20.673s] [ 41%] [32mBuilding CXX object CMakeFiles/turtlesim__rosidl_typesupport_fastrtps_cpp.dir/rosidl_typesupport_fastrtps_cpp/turtlesim/srv/detail/dds_fastrtps/set_pen__type_support.cpp.o[0m
[21.292s] [ 42%] [32mBuilding CXX object CMakeFiles/turtlesim__rosidl_typesupport_introspection_cpp.dir/rosidl_typesupport_introspection_cpp/turtlesim/srv/detail/set_pen__type_support.cpp.o[0m
[21.839s] [ 43%] [32m[1mLinking CXX shared library libturtlesim__rosidl_typesupport_cpp.so[0m
[22.199s] [ 43%] Built target turtlesim__rosidl_typesupport_cpp
[22.228s] [ 44%] [34m[1mGenerating C type support dispatch for ROS interfaces[0m
[22.767s] [ 45%] [32mBuilding CXX object CMakeFiles/turtlesim__rosidl_typesupport_introspection_cpp.dir/rosidl_typesupport_introspection_cpp/turtlesim/srv/detail/spawn__type_support.cpp.o[0m
[22.779s] [ 46%] [32mBuilding CXX object CMakeFiles/turtlesim__rosidl_typesupport_fastrtps_cpp.dir/rosidl_typesupport_fastrtps_cpp/turtlesim/srv/detail/dds_fastrtps/teleport_absolute__type_support.cpp.o[0m
[22.784s] [ 47%] [32mBuilding CXX object CMakeFiles/turtlesim__rosidl_typesupport_fastrtps_cpp.dir/rosidl_typesupport_fastrtps_cpp/turtlesim/srv/detail/dds_fastrtps/spawn__type_support.cpp.o[0m
[23.692s] [ 48%] [32mBuilding CXX object CMakeFiles/turtlesim__rosidl_typesupport_c.dir/rosidl_typesupport_c/turtlesim/action/rotate_absolute__type_support.cpp.o[0m
[24.002s] [ 49%] [32mBuilding CXX object CMakeFiles/turtlesim__rosidl_typesupport_c.dir/rosidl_typesupport_c/turtlesim/msg/color__type_support.cpp.o[0m
[24.271s] [ 50%] [32mBuilding CXX object CMakeFiles/turtlesim__rosidl_typesupport_c.dir/rosidl_typesupport_c/turtlesim/msg/pose__type_support.cpp.o[0m
[24.482s] [ 51%] [32mBuilding CXX object CMakeFiles/turtlesim__rosidl_typesupport_c.dir/rosidl_typesupport_c/turtlesim/srv/kill__type_support.cpp.o[0m
[24.595s] [ 52%] [32mBuilding CXX object CMakeFiles/turtlesim__rosidl_typesupport_introspection_cpp.dir/rosidl_typesupport_introspection_cpp/turtlesim/srv/detail/teleport_absolute__type_support.cpp.o[0m
[24.700s] [ 53%] [32mBuilding CXX object CMakeFiles/turtlesim__rosidl_typesupport_fastrtps_cpp.dir/rosidl_typesupport_fastrtps_cpp/turtlesim/srv/detail/dds_fastrtps/teleport_relative__type_support.cpp.o[0m
[24.826s] [ 54%] [32mBuilding CXX object CMakeFiles/turtlesim__rosidl_typesupport_c.dir/rosidl_typesupport_c/turtlesim/srv/set_pen__type_support.cpp.o[0m
[25.120s] [ 55%] [32mBuilding CXX object CMakeFiles/turtlesim__rosidl_typesupport_c.dir/rosidl_typesupport_c/turtlesim/srv/spawn__type_support.cpp.o[0m
[25.208s] [ 56%] [32mBuilding CXX object CMakeFiles/turtlesim__rosidl_typesupport_introspection_cpp.dir/rosidl_typesupport_introspection_cpp/turtlesim/srv/detail/teleport_relative__type_support.cpp.o[0m
[25.498s] [ 57%] [32mBuilding CXX object CMakeFiles/turtlesim__rosidl_typesupport_c.dir/rosidl_typesupport_c/turtlesim/srv/teleport_absolute__type_support.cpp.o[0m
[25.729s] [ 58%] [32mBuilding CXX object CMakeFiles/turtlesim__rosidl_typesupport_c.dir/rosidl_typesupport_c/turtlesim/srv/teleport_relative__type_support.cpp.o[0m
[25.890s] [ 59%] [32m[1mLinking CXX shared library libturtlesim__rosidl_typesupport_c.so[0m
[26.106s] [ 59%] Built target turtlesim__rosidl_typesupport_c
[26.534s] [ 60%] [32m[1mLinking CXX shared library libturtlesim__rosidl_typesupport_fastrtps_cpp.so[0m
[26.568s] [ 61%] [32m[1mLinking CXX shared library libturtlesim__rosidl_typesupport_introspection_cpp.so[0m
[26.890s] [ 61%] Built target turtlesim__rosidl_typesupport_introspection_cpp
[26.912s] [ 61%] Built target turtlesim__rosidl_typesupport_fastrtps_cpp
[26.938s] [ 62%] [34m[1mGenerating C type support for eProsima Fast-RTPS[0m
[28.185s] [ 63%] [32mBuilding CXX object CMakeFiles/turtlesim__rosidl_typesupport_fastrtps_c.dir/rosidl_typesupport_fastrtps_c/turtlesim/action/detail/rotate_absolute__type_support_c.cpp.o[0m
[28.185s] [ 64%] [32mBuilding CXX object CMakeFiles/turtlesim__rosidl_typesupport_fastrtps_c.dir/rosidl_typesupport_fastrtps_c/turtlesim/srv/detail/kill__type_support_c.cpp.o[0m
[28.203s] [ 65%] [32mBuilding CXX object CMakeFiles/turtlesim__rosidl_typesupport_fastrtps_c.dir/rosidl_typesupport_fastrtps_c/turtlesim/msg/detail/color__type_support_c.cpp.o[0m
[28.204s] [ 66%] [32mBuilding CXX object CMakeFiles/turtlesim__rosidl_typesupport_fastrtps_c.dir/rosidl_typesupport_fastrtps_c/turtlesim/msg/detail/pose__type_support_c.cpp.o[0m
[29.722s] [ 67%] [32mBuilding CXX object CMakeFiles/turtlesim__rosidl_typesupport_fastrtps_c.dir/rosidl_typesupport_fastrtps_c/turtlesim/srv/detail/set_pen__type_support_c.cpp.o[0m
[30.119s] [ 68%] [32mBuilding CXX object CMakeFiles/turtlesim__rosidl_typesupport_fastrtps_c.dir/rosidl_typesupport_fastrtps_c/turtlesim/srv/detail/spawn__type_support_c.cpp.o[0m
[30.179s] [ 69%] [32mBuilding CXX object CMakeFiles/turtlesim__rosidl_typesupport_fastrtps_c.dir/rosidl_typesupport_fastrtps_c/turtlesim/srv/detail/teleport_absolute__type_support_c.cpp.o[0m
[30.224s] [ 70%] [32mBuilding CXX object CMakeFiles/turtlesim__rosidl_typesupport_fastrtps_c.dir/rosidl_typesupport_fastrtps_c/turtlesim/srv/detail/teleport_relative__type_support_c.cpp.o[0m
[31.690s] [ 71%] [32m[1mLinking CXX shared library libturtlesim__rosidl_typesupport_fastrtps_c.so[0m
[32.051s] [ 71%] Built target turtlesim__rosidl_typesupport_fastrtps_c
[32.092s] [ 71%] Built target turtlesim
[32.126s] [ 72%] [34m[1mGenerating include/turtlesim/moc_turtle_frame.cpp[0m
[32.152s] [ 73%] [34m[1mGenerating Python code for ROS interfaces[0m
[32.167s] [ 74%] [32mBuilding CXX object CMakeFiles/draw_square.dir/tutorials/draw_square.cpp.o[0m
[32.186s] [ 75%] [32mBuilding CXX object CMakeFiles/turtle_teleop_key.dir/tutorials/teleop_turtle_key.cpp.o[0m
[32.610s] [ 76%] [32mBuilding CXX object CMakeFiles/turtlesim_node.dir/src/turtlesim.cpp.o[0m
[37.982s] [ 76%] Built target turtlesim__py
[38.128s] [ 77%] [32mBuilding CXX object CMakeFiles/mimic.dir/tutorials/mimic.cpp.o[0m
[40.298s] [ 78%] [32mBuilding CXX object CMakeFiles/turtlesim_node.dir/src/turtle.cpp.o[0m
[47.630s] [ 79%] [32m[1mLinking CXX executable turtle_teleop_key[0m
[49.442s] [ 79%] Built target turtle_teleop_key
[49.585s] [ 80%] [32mBuilding C object CMakeFiles/turtlesim__python.dir/rosidl_generator_py/turtlesim/action/_rotate_absolute_s.c.o[0m
[50.090s] [ 81%] [32mBuilding C object CMakeFiles/turtlesim__python.dir/rosidl_generator_py/turtlesim/msg/_color_s.c.o[0m
[50.449s] [ 82%] [32mBuilding C object CMakeFiles/turtlesim__python.dir/rosidl_generator_py/turtlesim/msg/_pose_s.c.o[0m
[51.128s] [ 83%] [32mBuilding C object CMakeFiles/turtlesim__python.dir/rosidl_generator_py/turtlesim/srv/_kill_s.c.o[0m
[51.664s] [ 84%] [32mBuilding C object CMakeFiles/turtlesim__python.dir/rosidl_generator_py/turtlesim/srv/_set_pen_s.c.o[0m
[52.232s] [ 85%] [32m[1mLinking CXX executable draw_square[0m
[52.285s] [ 86%] [32mBuilding C object CMakeFiles/turtlesim__python.dir/rosidl_generator_py/turtlesim/srv/_spawn_s.c.o[0m
[52.918s] [ 87%] [32mBuilding C object CMakeFiles/turtlesim__python.dir/rosidl_generator_py/turtlesim/srv/_teleport_absolute_s.c.o[0m
[53.650s] [ 88%] [32mBuilding C object CMakeFiles/turtlesim__python.dir/rosidl_generator_py/turtlesim/srv/_teleport_relative_s.c.o[0m
[54.185s] [ 89%] [32m[1mLinking C shared library rosidl_generator_py/turtlesim/libturtlesim__python.so[0m
[54.572s] [ 89%] Built target turtlesim__python
[54.631s] [ 90%] [32mBuilding C object CMakeFiles/turtlesim__rosidl_typesupport_fastrtps_c__pyext.dir/rosidl_generator_py/turtlesim/_turtlesim_s.ep.rosidl_typesupport_fastrtps_c.c.o[0m
[54.851s] [ 90%] Built target draw_square
[55.010s] [ 91%] [32mBuilding C object CMakeFiles/turtlesim__rosidl_typesupport_introspection_c__pyext.dir/rosidl_generator_py/turtlesim/_turtlesim_s.ep.rosidl_typesupport_introspection_c.c.o[0m
[55.590s] [ 92%] [32m[1mLinking CXX shared library rosidl_generator_py/turtlesim/turtlesim_s__rosidl_typesupport_fastrtps_c.cpython-38-x86_64-linux-gnu.so[0m
[56.002s] [ 93%] [32m[1mLinking C shared library rosidl_generator_py/turtlesim/turtlesim_s__rosidl_typesupport_introspection_c.cpython-38-x86_64-linux-gnu.so[0m
[56.185s] [ 93%] Built target turtlesim__rosidl_typesupport_fastrtps_c__pyext
[56.243s] [ 93%] Built target turtlesim__rosidl_typesupport_introspection_c__pyext
[56.255s] [ 94%] [32mBuilding C object CMakeFiles/turtlesim__rosidl_typesupport_c__pyext.dir/rosidl_generator_py/turtlesim/_turtlesim_s.ep.rosidl_typesupport_c.c.o[0m
[56.278s] [ 95%] [32mBuilding CXX object CMakeFiles/turtlesim_node.dir/src/turtle_frame.cpp.o[0m
[57.116s] [ 96%] [32m[1mLinking C shared library rosidl_generator_py/turtlesim/turtlesim_s__rosidl_typesupport_c.cpython-38-x86_64-linux-gnu.so[0m
[57.458s] [ 96%] Built target turtlesim__rosidl_typesupport_c__pyext
[58.140s] [ 97%] [32m[1mLinking CXX executable mimic[0m
[59.910s] [ 97%] Built target mimic
[65.358s] [ 98%] [32mBuilding CXX object CMakeFiles/turtlesim_node.dir/include/turtlesim/moc_turtle_frame.cpp.o[0m
[73.595s] [100%] [32m[1mLinking CXX executable turtlesim_node[0m
[77.700s] [100%] Built target turtlesim_node
[77.723s] Invoked command in '/home/kurisaw/Desktop/catkin_ws/build/turtlesim' returned '0': CMAKE_PREFIX_PATH=${CMAKE_PREFIX_PATH}:/opt/ros/foxy /usr/bin/cmake --build /home/kurisaw/Desktop/catkin_ws/build/turtlesim -- -j4 -l4
[78.938s] Invoking command in '/home/kurisaw/Desktop/catkin_ws/build/turtlesim': CMAKE_PREFIX_PATH=${CMAKE_PREFIX_PATH}:/opt/ros/foxy /usr/bin/cmake --install /home/kurisaw/Desktop/catkin_ws/build/turtlesim
[78.949s] -- Install configuration: ""
[78.951s] -- Installing: /home/kurisaw/Desktop/catkin_ws/install/turtlesim/share/ament_index/resource_index/rosidl_interfaces/turtlesim
[78.952s] -- Installing: /home/kurisaw/Desktop/catkin_ws/install/turtlesim/include/turtlesim
[78.953s] -- Installing: /home/kurisaw/Desktop/catkin_ws/install/turtlesim/include/turtlesim/action
[78.953s] -- Installing: /home/kurisaw/Desktop/catkin_ws/install/turtlesim/include/turtlesim/action/rotate_absolute.h
[78.954s] -- Installing: /home/kurisaw/Desktop/catkin_ws/install/turtlesim/include/turtlesim/action/detail
[78.954s] -- Installing: /home/kurisaw/Desktop/catkin_ws/install/turtlesim/include/turtlesim/action/detail/rotate_absolute__struct.h
[78.954s] -- Installing: /home/kurisaw/Desktop/catkin_ws/install/turtlesim/include/turtlesim/action/detail/rotate_absolute__functions.c
[78.955s] -- Installing: /home/kurisaw/Desktop/catkin_ws/install/turtlesim/include/turtlesim/action/detail/rotate_absolute__type_support.h
[78.959s] -- Installing: /home/kurisaw/Desktop/catkin_ws/install/turtlesim/include/turtlesim/action/detail/rotate_absolute__functions.h
[78.960s] -- Installing: /home/kurisaw/Desktop/catkin_ws/install/turtlesim/include/turtlesim/msg
[78.961s] -- Installing: /home/kurisaw/Desktop/catkin_ws/install/turtlesim/include/turtlesim/msg/rosidl_generator_c__visibility_control.h
[78.962s] -- Installing: /home/kurisaw/Desktop/catkin_ws/install/turtlesim/include/turtlesim/msg/color.h
[78.962s] -- Installing: /home/kurisaw/Desktop/catkin_ws/install/turtlesim/include/turtlesim/msg/pose.h
[78.964s] -- Installing: /home/kurisaw/Desktop/catkin_ws/install/turtlesim/include/turtlesim/msg/detail
[78.964s] -- Installing: /home/kurisaw/Desktop/catkin_ws/install/turtlesim/include/turtlesim/msg/detail/color__struct.h
[78.965s] -- Installing: /home/kurisaw/Desktop/catkin_ws/install/turtlesim/include/turtlesim/msg/detail/color__type_support.h
[78.966s] -- Installing: /home/kurisaw/Desktop/catkin_ws/install/turtlesim/include/turtlesim/msg/detail/pose__type_support.h
[78.969s] -- Installing: /home/kurisaw/Desktop/catkin_ws/install/turtlesim/include/turtlesim/msg/detail/pose__functions.c
[78.971s] -- Installing: /home/kurisaw/Desktop/catkin_ws/install/turtlesim/include/turtlesim/msg/detail/color__functions.c
[78.971s] -- Installing: /home/kurisaw/Desktop/catkin_ws/install/turtlesim/include/turtlesim/msg/detail/pose__struct.h
[78.972s] -- Installing: /home/kurisaw/Desktop/catkin_ws/install/turtlesim/include/turtlesim/msg/detail/pose__functions.h
[78.973s] -- Installing: /home/kurisaw/Desktop/catkin_ws/install/turtlesim/include/turtlesim/msg/detail/color__functions.h
[78.974s] -- Installing: /home/kurisaw/Desktop/catkin_ws/install/turtlesim/include/turtlesim/srv
[78.975s] -- Installing: /home/kurisaw/Desktop/catkin_ws/install/turtlesim/include/turtlesim/srv/set_pen.h
[78.976s] -- Installing: /home/kurisaw/Desktop/catkin_ws/install/turtlesim/include/turtlesim/srv/kill.h
[78.976s] -- Installing: /home/kurisaw/Desktop/catkin_ws/install/turtlesim/include/turtlesim/srv/spawn.h
[78.978s] -- Installing: /home/kurisaw/Desktop/catkin_ws/install/turtlesim/include/turtlesim/srv/teleport_relative.h
[78.979s] -- Installing: /home/kurisaw/Desktop/catkin_ws/install/turtlesim/include/turtlesim/srv/detail
[78.980s] -- Installing: /home/kurisaw/Desktop/catkin_ws/install/turtlesim/include/turtlesim/srv/detail/teleport_absolute__struct.h
[78.981s] -- Installing: /home/kurisaw/Desktop/catkin_ws/install/turtlesim/include/turtlesim/srv/detail/teleport_relative__struct.h
[78.983s] -- Installing: /home/kurisaw/Desktop/catkin_ws/install/turtlesim/include/turtlesim/srv/detail/teleport_relative__functions.h
[78.984s] -- Installing: /home/kurisaw/Desktop/catkin_ws/install/turtlesim/include/turtlesim/srv/detail/kill__functions.c
[78.986s] -- Installing: /home/kurisaw/Desktop/catkin_ws/install/turtlesim/include/turtlesim/srv/detail/spawn__functions.h
[78.987s] -- Installing: /home/kurisaw/Desktop/catkin_ws/install/turtlesim/include/turtlesim/srv/detail/kill__type_support.h
[78.988s] -- Installing: /home/kurisaw/Desktop/catkin_ws/install/turtlesim/include/turtlesim/srv/detail/set_pen__type_support.h
[78.990s] -- Installing: /home/kurisaw/Desktop/catkin_ws/install/turtlesim/include/turtlesim/srv/detail/teleport_absolute__type_support.h
[78.991s] -- Installing: /home/kurisaw/Desktop/catkin_ws/install/turtlesim/include/turtlesim/srv/detail/teleport_absolute__functions.h
[78.992s] -- Installing: /home/kurisaw/Desktop/catkin_ws/install/turtlesim/include/turtlesim/srv/detail/set_pen__struct.h
[78.994s] -- Installing: /home/kurisaw/Desktop/catkin_ws/install/turtlesim/include/turtlesim/srv/detail/teleport_absolute__functions.c
[78.995s] -- Installing: /home/kurisaw/Desktop/catkin_ws/install/turtlesim/include/turtlesim/srv/detail/set_pen__functions.h
[78.996s] -- Installing: /home/kurisaw/Desktop/catkin_ws/install/turtlesim/include/turtlesim/srv/detail/spawn__functions.c
[78.997s] -- Installing: /home/kurisaw/Desktop/catkin_ws/install/turtlesim/include/turtlesim/srv/detail/kill__struct.h
[78.999s] -- Installing: /home/kurisaw/Desktop/catkin_ws/install/turtlesim/include/turtlesim/srv/detail/teleport_relative__functions.c
[79.001s] -- Installing: /home/kurisaw/Desktop/catkin_ws/install/turtlesim/include/turtlesim/srv/detail/spawn__struct.h
[79.002s] -- Installing: /home/kurisaw/Desktop/catkin_ws/install/turtlesim/include/turtlesim/srv/detail/set_pen__functions.c
[79.003s] -- Installing: /home/kurisaw/Desktop/catkin_ws/install/turtlesim/include/turtlesim/srv/detail/kill__functions.h
[79.004s] -- Installing: /home/kurisaw/Desktop/catkin_ws/install/turtlesim/include/turtlesim/srv/detail/teleport_relative__type_support.h
[79.005s] -- Installing: /home/kurisaw/Desktop/catkin_ws/install/turtlesim/include/turtlesim/srv/detail/spawn__type_support.h
[79.006s] -- Installing: /home/kurisaw/Desktop/catkin_ws/install/turtlesim/include/turtlesim/srv/teleport_absolute.h
[79.007s] -- Installing: /home/kurisaw/Desktop/catkin_ws/install/turtlesim/share/turtlesim/environment/library_path.sh
[79.008s] -- Installing: /home/kurisaw/Desktop/catkin_ws/install/turtlesim/share/turtlesim/environment/library_path.dsv
[79.014s] -- Installing: /home/kurisaw/Desktop/catkin_ws/install/turtlesim/lib/libturtlesim__rosidl_generator_c.so
[79.017s] -- Set runtime path of "/home/kurisaw/Desktop/catkin_ws/install/turtlesim/lib/libturtlesim__rosidl_generator_c.so" to ""
[79.018s] -- Up-to-date: /home/kurisaw/Desktop/catkin_ws/install/turtlesim/include/turtlesim
[79.018s] -- Up-to-date: /home/kurisaw/Desktop/catkin_ws/install/turtlesim/include/turtlesim/action
[79.019s] -- Up-to-date: /home/kurisaw/Desktop/catkin_ws/install/turtlesim/include/turtlesim/action/detail
[79.020s] -- Installing: /home/kurisaw/Desktop/catkin_ws/install/turtlesim/include/turtlesim/action/detail/rotate_absolute__rosidl_typesupport_fastrtps_c.h
[79.020s] -- Up-to-date: /home/kurisaw/Desktop/catkin_ws/install/turtlesim/include/turtlesim/msg
[79.021s] -- Installing: /home/kurisaw/Desktop/catkin_ws/install/turtlesim/include/turtlesim/msg/rosidl_typesupport_fastrtps_c__visibility_control.h
[79.022s] -- Up-to-date: /home/kurisaw/Desktop/catkin_ws/install/turtlesim/include/turtlesim/msg/detail
[79.022s] -- Installing: /home/kurisaw/Desktop/catkin_ws/install/turtlesim/include/turtlesim/msg/detail/color__rosidl_typesupport_fastrtps_c.h
[79.023s] -- Installing: /home/kurisaw/Desktop/catkin_ws/install/turtlesim/include/turtlesim/msg/detail/pose__rosidl_typesupport_fastrtps_c.h
[79.025s] -- Up-to-date: /home/kurisaw/Desktop/catkin_ws/install/turtlesim/include/turtlesim/srv
[79.026s] -- Up-to-date: /home/kurisaw/Desktop/catkin_ws/install/turtlesim/include/turtlesim/srv/detail
[79.027s] -- Installing: /home/kurisaw/Desktop/catkin_ws/install/turtlesim/include/turtlesim/srv/detail/teleport_absolute__rosidl_typesupport_fastrtps_c.h
[79.027s] -- Installing: /home/kurisaw/Desktop/catkin_ws/install/turtlesim/include/turtlesim/srv/detail/set_pen__rosidl_typesupport_fastrtps_c.h
[79.028s] -- Installing: /home/kurisaw/Desktop/catkin_ws/install/turtlesim/include/turtlesim/srv/detail/kill__rosidl_typesupport_fastrtps_c.h
[79.030s] -- Installing: /home/kurisaw/Desktop/catkin_ws/install/turtlesim/include/turtlesim/srv/detail/teleport_relative__rosidl_typesupport_fastrtps_c.h
[79.030s] -- Installing: /home/kurisaw/Desktop/catkin_ws/install/turtlesim/include/turtlesim/srv/detail/spawn__rosidl_typesupport_fastrtps_c.h
[79.032s] -- Installing: /home/kurisaw/Desktop/catkin_ws/install/turtlesim/lib/libturtlesim__rosidl_typesupport_fastrtps_c.so
[79.038s] -- Set runtime path of "/home/kurisaw/Desktop/catkin_ws/install/turtlesim/lib/libturtlesim__rosidl_typesupport_fastrtps_c.so" to ""
[79.039s] -- Up-to-date: /home/kurisaw/Desktop/catkin_ws/install/turtlesim/include/turtlesim
[79.039s] -- Up-to-date: /home/kurisaw/Desktop/catkin_ws/install/turtlesim/include/turtlesim/action
[79.040s] -- Up-to-date: /home/kurisaw/Desktop/catkin_ws/install/turtlesim/include/turtlesim/action/detail
[79.040s] -- Installing: /home/kurisaw/Desktop/catkin_ws/install/turtlesim/include/turtlesim/action/detail/rotate_absolute__rosidl_typesupport_fastrtps_cpp.hpp
[79.041s] -- Installing: /home/kurisaw/Desktop/catkin_ws/install/turtlesim/include/turtlesim/action/detail/dds_fastrtps
[79.042s] -- Up-to-date: /home/kurisaw/Desktop/catkin_ws/install/turtlesim/include/turtlesim/msg
[79.042s] -- Up-to-date: /home/kurisaw/Desktop/catkin_ws/install/turtlesim/include/turtlesim/msg/detail
[79.043s] -- Installing: /home/kurisaw/Desktop/catkin_ws/install/turtlesim/include/turtlesim/msg/detail/pose__rosidl_typesupport_fastrtps_cpp.hpp
[79.043s] -- Installing: /home/kurisaw/Desktop/catkin_ws/install/turtlesim/include/turtlesim/msg/detail/color__rosidl_typesupport_fastrtps_cpp.hpp
[79.045s] -- Installing: /home/kurisaw/Desktop/catkin_ws/install/turtlesim/include/turtlesim/msg/detail/dds_fastrtps
[79.045s] -- Installing: /home/kurisaw/Desktop/catkin_ws/install/turtlesim/include/turtlesim/msg/rosidl_typesupport_fastrtps_cpp__visibility_control.h
[79.047s] -- Up-to-date: /home/kurisaw/Desktop/catkin_ws/install/turtlesim/include/turtlesim/srv
[79.047s] -- Up-to-date: /home/kurisaw/Desktop/catkin_ws/install/turtlesim/include/turtlesim/srv/detail
[79.048s] -- Installing: /home/kurisaw/Desktop/catkin_ws/install/turtlesim/include/turtlesim/srv/detail/spawn__rosidl_typesupport_fastrtps_cpp.hpp
[79.049s] -- Installing: /home/kurisaw/Desktop/catkin_ws/install/turtlesim/include/turtlesim/srv/detail/teleport_relative__rosidl_typesupport_fastrtps_cpp.hpp
[79.050s] -- Installing: /home/kurisaw/Desktop/catkin_ws/install/turtlesim/include/turtlesim/srv/detail/dds_fastrtps
[79.051s] -- Installing: /home/kurisaw/Desktop/catkin_ws/install/turtlesim/include/turtlesim/srv/detail/set_pen__rosidl_typesupport_fastrtps_cpp.hpp
[79.054s] -- Installing: /home/kurisaw/Desktop/catkin_ws/install/turtlesim/include/turtlesim/srv/detail/teleport_absolute__rosidl_typesupport_fastrtps_cpp.hpp
[79.055s] -- Installing: /home/kurisaw/Desktop/catkin_ws/install/turtlesim/include/turtlesim/srv/detail/kill__rosidl_typesupport_fastrtps_cpp.hpp
[79.057s] -- Installing: /home/kurisaw/Desktop/catkin_ws/install/turtlesim/lib/libturtlesim__rosidl_typesupport_fastrtps_cpp.so
[79.063s] -- Set runtime path of "/home/kurisaw/Desktop/catkin_ws/install/turtlesim/lib/libturtlesim__rosidl_typesupport_fastrtps_cpp.so" to ""
[79.064s] -- Up-to-date: /home/kurisaw/Desktop/catkin_ws/install/turtlesim/include/turtlesim
[79.065s] -- Up-to-date: /home/kurisaw/Desktop/catkin_ws/install/turtlesim/include/turtlesim/action
[79.067s] -- Up-to-date: /home/kurisaw/Desktop/catkin_ws/install/turtlesim/include/turtlesim/action/detail
[79.067s] -- Installing: /home/kurisaw/Desktop/catkin_ws/install/turtlesim/include/turtlesim/action/detail/rotate_absolute__rosidl_typesupport_introspection_c.h
[79.068s] -- Installing: /home/kurisaw/Desktop/catkin_ws/install/turtlesim/include/turtlesim/action/detail/rotate_absolute__type_support.c
[79.072s] -- Up-to-date: /home/kurisaw/Desktop/catkin_ws/install/turtlesim/include/turtlesim/msg
[79.072s] -- Installing: /home/kurisaw/Desktop/catkin_ws/install/turtlesim/include/turtlesim/msg/rosidl_typesupport_introspection_c__visibility_control.h
[79.073s] -- Up-to-date: /home/kurisaw/Desktop/catkin_ws/install/turtlesim/include/turtlesim/msg/detail
[79.073s] -- Installing: /home/kurisaw/Desktop/catkin_ws/install/turtlesim/include/turtlesim/msg/detail/pose__type_support.c
[79.074s] -- Installing: /home/kurisaw/Desktop/catkin_ws/install/turtlesim/include/turtlesim/msg/detail/color__rosidl_typesupport_introspection_c.h
[79.075s] -- Installing: /home/kurisaw/Desktop/catkin_ws/install/turtlesim/include/turtlesim/msg/detail/pose__rosidl_typesupport_introspection_c.h
[79.075s] -- Installing: /home/kurisaw/Desktop/catkin_ws/install/turtlesim/include/turtlesim/msg/detail/color__type_support.c
[79.077s] -- Up-to-date: /home/kurisaw/Desktop/catkin_ws/install/turtlesim/include/turtlesim/srv
[79.077s] -- Up-to-date: /home/kurisaw/Desktop/catkin_ws/install/turtlesim/include/turtlesim/srv/detail
[79.078s] -- Installing: /home/kurisaw/Desktop/catkin_ws/install/turtlesim/include/turtlesim/srv/detail/spawn__rosidl_typesupport_introspection_c.h
[79.079s] -- Installing: /home/kurisaw/Desktop/catkin_ws/install/turtlesim/include/turtlesim/srv/detail/kill__rosidl_typesupport_introspection_c.h
[79.080s] -- Installing: /home/kurisaw/Desktop/catkin_ws/install/turtlesim/include/turtlesim/srv/detail/teleport_absolute__type_support.c
[79.081s] -- Installing: /home/kurisaw/Desktop/catkin_ws/install/turtlesim/include/turtlesim/srv/detail/spawn__type_support.c
[79.095s] -- Installing: /home/kurisaw/Desktop/catkin_ws/install/turtlesim/include/turtlesim/srv/detail/teleport_relative__type_support.c
[79.096s] -- Installing: /home/kurisaw/Desktop/catkin_ws/install/turtlesim/include/turtlesim/srv/detail/teleport_absolute__rosidl_typesupport_introspection_c.h
[79.097s] -- Installing: /home/kurisaw/Desktop/catkin_ws/install/turtlesim/include/turtlesim/srv/detail/teleport_relative__rosidl_typesupport_introspection_c.h
[79.098s] -- Installing: /home/kurisaw/Desktop/catkin_ws/install/turtlesim/include/turtlesim/srv/detail/set_pen__type_support.c
[79.099s] -- Installing: /home/kurisaw/Desktop/catkin_ws/install/turtlesim/include/turtlesim/srv/detail/kill__type_support.c
[79.100s] -- Installing: /home/kurisaw/Desktop/catkin_ws/install/turtlesim/include/turtlesim/srv/detail/set_pen__rosidl_typesupport_introspection_c.h
[79.101s] -- Installing: /home/kurisaw/Desktop/catkin_ws/install/turtlesim/lib/libturtlesim__rosidl_typesupport_introspection_c.so
[79.106s] -- Set runtime path of "/home/kurisaw/Desktop/catkin_ws/install/turtlesim/lib/libturtlesim__rosidl_typesupport_introspection_c.so" to ""
[79.106s] -- Installing: /home/kurisaw/Desktop/catkin_ws/install/turtlesim/lib/libturtlesim__rosidl_typesupport_c.so
[79.112s] -- Set runtime path of "/home/kurisaw/Desktop/catkin_ws/install/turtlesim/lib/libturtlesim__rosidl_typesupport_c.so" to ""
[79.113s] -- Up-to-date: /home/kurisaw/Desktop/catkin_ws/install/turtlesim/include/turtlesim
[79.114s] -- Up-to-date: /home/kurisaw/Desktop/catkin_ws/install/turtlesim/include/turtlesim/action
[79.114s] -- Installing: /home/kurisaw/Desktop/catkin_ws/install/turtlesim/include/turtlesim/action/rotate_absolute.hpp
[79.115s] -- Up-to-date: /home/kurisaw/Desktop/catkin_ws/install/turtlesim/include/turtlesim/action/detail
[79.116s] -- Installing: /home/kurisaw/Desktop/catkin_ws/install/turtlesim/include/turtlesim/action/detail/rotate_absolute__traits.hpp
[79.117s] -- Installing: /home/kurisaw/Desktop/catkin_ws/install/turtlesim/include/turtlesim/action/detail/rotate_absolute__builder.hpp
[79.118s] -- Installing: /home/kurisaw/Desktop/catkin_ws/install/turtlesim/include/turtlesim/action/detail/rotate_absolute__type_support.hpp
[79.121s] -- Installing: /home/kurisaw/Desktop/catkin_ws/install/turtlesim/include/turtlesim/action/detail/rotate_absolute__struct.hpp
[79.123s] -- Up-to-date: /home/kurisaw/Desktop/catkin_ws/install/turtlesim/include/turtlesim/msg
[79.124s] -- Installing: /home/kurisaw/Desktop/catkin_ws/install/turtlesim/include/turtlesim/msg/color.hpp
[79.125s] -- Installing: /home/kurisaw/Desktop/catkin_ws/install/turtlesim/include/turtlesim/msg/pose.hpp
[79.127s] -- Up-to-date: /home/kurisaw/Desktop/catkin_ws/install/turtlesim/include/turtlesim/msg/detail
[79.128s] -- Installing: /home/kurisaw/Desktop/catkin_ws/install/turtlesim/include/turtlesim/msg/detail/color__type_support.hpp
[79.129s] -- Installing: /home/kurisaw/Desktop/catkin_ws/install/turtlesim/include/turtlesim/msg/detail/color__struct.hpp
[79.131s] -- Installing: /home/kurisaw/Desktop/catkin_ws/install/turtlesim/include/turtlesim/msg/detail/pose__traits.hpp
[79.132s] -- Installing: /home/kurisaw/Desktop/catkin_ws/install/turtlesim/include/turtlesim/msg/detail/color__traits.hpp
[79.133s] -- Installing: /home/kurisaw/Desktop/catkin_ws/install/turtlesim/include/turtlesim/msg/detail/pose__type_support.hpp
[79.134s] -- Installing: /home/kurisaw/Desktop/catkin_ws/install/turtlesim/include/turtlesim/msg/detail/color__builder.hpp
[79.135s] -- Installing: /home/kurisaw/Desktop/catkin_ws/install/turtlesim/include/turtlesim/msg/detail/pose__struct.hpp
[79.136s] -- Installing: /home/kurisaw/Desktop/catkin_ws/install/turtlesim/include/turtlesim/msg/detail/pose__builder.hpp
[79.142s] -- Installing: /home/kurisaw/Desktop/catkin_ws/install/turtlesim/include/turtlesim/msg/rosidl_generator_cpp__visibility_control.hpp
[79.143s] -- Up-to-date: /home/kurisaw/Desktop/catkin_ws/install/turtlesim/include/turtlesim/srv
[79.143s] -- Installing: /home/kurisaw/Desktop/catkin_ws/install/turtlesim/include/turtlesim/srv/teleport_absolute.hpp
[79.143s] -- Installing: /home/kurisaw/Desktop/catkin_ws/install/turtlesim/include/turtlesim/srv/spawn.hpp
[79.144s] -- Up-to-date: /home/kurisaw/Desktop/catkin_ws/install/turtlesim/include/turtlesim/srv/detail
[79.144s] -- Installing: /home/kurisaw/Desktop/catkin_ws/install/turtlesim/include/turtlesim/srv/detail/set_pen__type_support.hpp
[79.145s] -- Installing: /home/kurisaw/Desktop/catkin_ws/install/turtlesim/include/turtlesim/srv/detail/teleport_absolute__struct.hpp
[79.146s] -- Installing: /home/kurisaw/Desktop/catkin_ws/install/turtlesim/include/turtlesim/srv/detail/teleport_absolute__builder.hpp
[79.146s] -- Installing: /home/kurisaw/Desktop/catkin_ws/install/turtlesim/include/turtlesim/srv/detail/set_pen__traits.hpp
[79.147s] -- Installing: /home/kurisaw/Desktop/catkin_ws/install/turtlesim/include/turtlesim/srv/detail/set_pen__builder.hpp
[79.148s] -- Installing: /home/kurisaw/Desktop/catkin_ws/install/turtlesim/include/turtlesim/srv/detail/teleport_absolute__traits.hpp
[79.148s] -- Installing: /home/kurisaw/Desktop/catkin_ws/install/turtlesim/include/turtlesim/srv/detail/set_pen__struct.hpp
[79.149s] -- Installing: /home/kurisaw/Desktop/catkin_ws/install/turtlesim/include/turtlesim/srv/detail/teleport_relative__traits.hpp
[79.150s] -- Installing: /home/kurisaw/Desktop/catkin_ws/install/turtlesim/include/turtlesim/srv/detail/spawn__traits.hpp
[79.151s] -- Installing: /home/kurisaw/Desktop/catkin_ws/install/turtlesim/include/turtlesim/srv/detail/spawn__builder.hpp
[79.152s] -- Installing: /home/kurisaw/Desktop/catkin_ws/install/turtlesim/include/turtlesim/srv/detail/teleport_absolute__type_support.hpp
[79.153s] -- Installing: /home/kurisaw/Desktop/catkin_ws/install/turtlesim/include/turtlesim/srv/detail/spawn__type_support.hpp
[79.154s] -- Installing: /home/kurisaw/Desktop/catkin_ws/install/turtlesim/include/turtlesim/srv/detail/kill__builder.hpp
[79.155s] -- Installing: /home/kurisaw/Desktop/catkin_ws/install/turtlesim/include/turtlesim/srv/detail/kill__type_support.hpp
[79.155s] -- Installing: /home/kurisaw/Desktop/catkin_ws/install/turtlesim/include/turtlesim/srv/detail/teleport_relative__struct.hpp
[79.156s] -- Installing: /home/kurisaw/Desktop/catkin_ws/install/turtlesim/include/turtlesim/srv/detail/teleport_relative__builder.hpp
[79.157s] -- Installing: /home/kurisaw/Desktop/catkin_ws/install/turtlesim/include/turtlesim/srv/detail/spawn__struct.hpp
[79.158s] -- Installing: /home/kurisaw/Desktop/catkin_ws/install/turtlesim/include/turtlesim/srv/detail/kill__struct.hpp
[79.159s] -- Installing: /home/kurisaw/Desktop/catkin_ws/install/turtlesim/include/turtlesim/srv/detail/kill__traits.hpp
[79.160s] -- Installing: /home/kurisaw/Desktop/catkin_ws/install/turtlesim/include/turtlesim/srv/detail/teleport_relative__type_support.hpp
[79.161s] -- Installing: /home/kurisaw/Desktop/catkin_ws/install/turtlesim/include/turtlesim/srv/kill.hpp
[79.162s] -- Installing: /home/kurisaw/Desktop/catkin_ws/install/turtlesim/include/turtlesim/srv/set_pen.hpp
[79.163s] -- Installing: /home/kurisaw/Desktop/catkin_ws/install/turtlesim/include/turtlesim/srv/teleport_relative.hpp
[79.165s] -- Up-to-date: /home/kurisaw/Desktop/catkin_ws/install/turtlesim/include/turtlesim
[79.166s] -- Up-to-date: /home/kurisaw/Desktop/catkin_ws/install/turtlesim/include/turtlesim/action
[79.166s] -- Up-to-date: /home/kurisaw/Desktop/catkin_ws/install/turtlesim/include/turtlesim/action/detail
[79.167s] -- Installing: /home/kurisaw/Desktop/catkin_ws/install/turtlesim/include/turtlesim/action/detail/rotate_absolute__type_support.cpp
[79.171s] -- Installing: /home/kurisaw/Desktop/catkin_ws/install/turtlesim/include/turtlesim/action/detail/rotate_absolute__rosidl_typesupport_introspection_cpp.hpp
[79.172s] -- Up-to-date: /home/kurisaw/Desktop/catkin_ws/install/turtlesim/include/turtlesim/msg
[79.173s] -- Up-to-date: /home/kurisaw/Desktop/catkin_ws/install/turtlesim/include/turtlesim/msg/detail
[79.173s] -- Installing: /home/kurisaw/Desktop/catkin_ws/install/turtlesim/include/turtlesim/msg/detail/color__rosidl_typesupport_introspection_cpp.hpp
[79.174s] -- Installing: /home/kurisaw/Desktop/catkin_ws/install/turtlesim/include/turtlesim/msg/detail/pose__rosidl_typesupport_introspection_cpp.hpp
[79.176s] -- Installing: /home/kurisaw/Desktop/catkin_ws/install/turtlesim/include/turtlesim/msg/detail/pose__type_support.cpp
[79.177s] -- Installing: /home/kurisaw/Desktop/catkin_ws/install/turtlesim/include/turtlesim/msg/detail/color__type_support.cpp
[79.178s] -- Up-to-date: /home/kurisaw/Desktop/catkin_ws/install/turtlesim/include/turtlesim/srv
[79.179s] -- Up-to-date: /home/kurisaw/Desktop/catkin_ws/install/turtlesim/include/turtlesim/srv/detail
[79.180s] -- Installing: /home/kurisaw/Desktop/catkin_ws/install/turtlesim/include/turtlesim/srv/detail/teleport_relative__rosidl_typesupport_introspection_cpp.hpp
[79.181s] -- Installing: /home/kurisaw/Desktop/catkin_ws/install/turtlesim/include/turtlesim/srv/detail/kill__type_support.cpp
[79.182s] -- Installing: /home/kurisaw/Desktop/catkin_ws/install/turtlesim/include/turtlesim/srv/detail/teleport_relative__type_support.cpp
[79.183s] -- Installing: /home/kurisaw/Desktop/catkin_ws/install/turtlesim/include/turtlesim/srv/detail/kill__rosidl_typesupport_introspection_cpp.hpp
[79.184s] -- Installing: /home/kurisaw/Desktop/catkin_ws/install/turtlesim/include/turtlesim/srv/detail/spawn__type_support.cpp
[79.185s] -- Installing: /home/kurisaw/Desktop/catkin_ws/install/turtlesim/include/turtlesim/srv/detail/teleport_absolute__type_support.cpp
[79.187s] -- Installing: /home/kurisaw/Desktop/catkin_ws/install/turtlesim/include/turtlesim/srv/detail/set_pen__rosidl_typesupport_introspection_cpp.hpp
[79.188s] -- Installing: /home/kurisaw/Desktop/catkin_ws/install/turtlesim/include/turtlesim/srv/detail/teleport_absolute__rosidl_typesupport_introspection_cpp.hpp
[79.189s] -- Installing: /home/kurisaw/Desktop/catkin_ws/install/turtlesim/include/turtlesim/srv/detail/set_pen__type_support.cpp
[79.190s] -- Installing: /home/kurisaw/Desktop/catkin_ws/install/turtlesim/include/turtlesim/srv/detail/spawn__rosidl_typesupport_introspection_cpp.hpp
[79.192s] -- Installing: /home/kurisaw/Desktop/catkin_ws/install/turtlesim/lib/libturtlesim__rosidl_typesupport_introspection_cpp.so
[79.197s] -- Set runtime path of "/home/kurisaw/Desktop/catkin_ws/install/turtlesim/lib/libturtlesim__rosidl_typesupport_introspection_cpp.so" to ""
[79.198s] -- Installing: /home/kurisaw/Desktop/catkin_ws/install/turtlesim/lib/libturtlesim__rosidl_typesupport_cpp.so
[79.203s] -- Set runtime path of "/home/kurisaw/Desktop/catkin_ws/install/turtlesim/lib/libturtlesim__rosidl_typesupport_cpp.so" to ""
[79.204s] -- Installing: /home/kurisaw/Desktop/catkin_ws/install/turtlesim/share/turtlesim/environment/pythonpath.sh
[79.204s] -- Installing: /home/kurisaw/Desktop/catkin_ws/install/turtlesim/share/turtlesim/environment/pythonpath.dsv
[79.206s] -- Installing: /home/kurisaw/Desktop/catkin_ws/install/turtlesim/lib/python3.8/site-packages/turtlesim/__init__.py
[79.294s] Compiling '/home/kurisaw/Desktop/catkin_ws/install/turtlesim/lib/python3.8/site-packages/turtlesim/__init__.py'...
[79.300s] -- Installing: /home/kurisaw/Desktop/catkin_ws/install/turtlesim/lib/python3.8/site-packages/turtlesim/action
[79.301s] -- Installing: /home/kurisaw/Desktop/catkin_ws/install/turtlesim/lib/python3.8/site-packages/turtlesim/action/__init__.py
[79.303s] -- Installing: /home/kurisaw/Desktop/catkin_ws/install/turtlesim/lib/python3.8/site-packages/turtlesim/action/_rotate_absolute.py
[79.306s] -- Installing: /home/kurisaw/Desktop/catkin_ws/install/turtlesim/lib/python3.8/site-packages/turtlesim/action/_rotate_absolute_s.c
[79.308s] -- Installing: /home/kurisaw/Desktop/catkin_ws/install/turtlesim/lib/python3.8/site-packages/turtlesim/msg
[79.308s] -- Installing: /home/kurisaw/Desktop/catkin_ws/install/turtlesim/lib/python3.8/site-packages/turtlesim/msg/__init__.py
[79.311s] -- Installing: /home/kurisaw/Desktop/catkin_ws/install/turtlesim/lib/python3.8/site-packages/turtlesim/msg/_pose.py
[79.313s] -- Installing: /home/kurisaw/Desktop/catkin_ws/install/turtlesim/lib/python3.8/site-packages/turtlesim/msg/_color.py
[79.313s] -- Installing: /home/kurisaw/Desktop/catkin_ws/install/turtlesim/lib/python3.8/site-packages/turtlesim/msg/_pose_s.c
[79.315s] -- Installing: /home/kurisaw/Desktop/catkin_ws/install/turtlesim/lib/python3.8/site-packages/turtlesim/msg/_color_s.c
[79.316s] -- Installing: /home/kurisaw/Desktop/catkin_ws/install/turtlesim/lib/python3.8/site-packages/turtlesim/srv
[79.317s] -- Installing: /home/kurisaw/Desktop/catkin_ws/install/turtlesim/lib/python3.8/site-packages/turtlesim/srv/_teleport_absolute.py
[79.317s] -- Installing: /home/kurisaw/Desktop/catkin_ws/install/turtlesim/lib/python3.8/site-packages/turtlesim/srv/_kill.py
[79.319s] -- Installing: /home/kurisaw/Desktop/catkin_ws/install/turtlesim/lib/python3.8/site-packages/turtlesim/srv/__init__.py
[79.319s] -- Installing: /home/kurisaw/Desktop/catkin_ws/install/turtlesim/lib/python3.8/site-packages/turtlesim/srv/_set_pen.py
[79.322s] -- Installing: /home/kurisaw/Desktop/catkin_ws/install/turtlesim/lib/python3.8/site-packages/turtlesim/srv/_teleport_relative.py
[79.323s] -- Installing: /home/kurisaw/Desktop/catkin_ws/install/turtlesim/lib/python3.8/site-packages/turtlesim/srv/_set_pen_s.c
[79.323s] -- Installing: /home/kurisaw/Desktop/catkin_ws/install/turtlesim/lib/python3.8/site-packages/turtlesim/srv/_spawn_s.c
[79.324s] -- Installing: /home/kurisaw/Desktop/catkin_ws/install/turtlesim/lib/python3.8/site-packages/turtlesim/srv/_teleport_absolute_s.c
[79.326s] -- Installing: /home/kurisaw/Desktop/catkin_ws/install/turtlesim/lib/python3.8/site-packages/turtlesim/srv/_kill_s.c
[79.327s] -- Installing: /home/kurisaw/Desktop/catkin_ws/install/turtlesim/lib/python3.8/site-packages/turtlesim/srv/_spawn.py
[79.328s] -- Installing: /home/kurisaw/Desktop/catkin_ws/install/turtlesim/lib/python3.8/site-packages/turtlesim/srv/_teleport_relative_s.c
[79.329s] -- Installing: /home/kurisaw/Desktop/catkin_ws/install/turtlesim/lib/python3.8/site-packages/turtlesim/turtlesim_s__rosidl_typesupport_fastrtps_c.cpython-38-x86_64-linux-gnu.so
[79.334s] -- Set runtime path of "/home/kurisaw/Desktop/catkin_ws/install/turtlesim/lib/python3.8/site-packages/turtlesim/turtlesim_s__rosidl_typesupport_fastrtps_c.cpython-38-x86_64-linux-gnu.so" to ""
[79.334s] -- Installing: /home/kurisaw/Desktop/catkin_ws/install/turtlesim/lib/python3.8/site-packages/turtlesim/turtlesim_s__rosidl_typesupport_introspection_c.cpython-38-x86_64-linux-gnu.so
[79.339s] -- Set runtime path of "/home/kurisaw/Desktop/catkin_ws/install/turtlesim/lib/python3.8/site-packages/turtlesim/turtlesim_s__rosidl_typesupport_introspection_c.cpython-38-x86_64-linux-gnu.so" to ""
[79.340s] -- Installing: /home/kurisaw/Desktop/catkin_ws/install/turtlesim/lib/python3.8/site-packages/turtlesim/turtlesim_s__rosidl_typesupport_c.cpython-38-x86_64-linux-gnu.so
[79.344s] -- Set runtime path of "/home/kurisaw/Desktop/catkin_ws/install/turtlesim/lib/python3.8/site-packages/turtlesim/turtlesim_s__rosidl_typesupport_c.cpython-38-x86_64-linux-gnu.so" to ""
[79.344s] -- Installing: /home/kurisaw/Desktop/catkin_ws/install/turtlesim/lib/libturtlesim__python.so
[79.350s] -- Set runtime path of "/home/kurisaw/Desktop/catkin_ws/install/turtlesim/lib/libturtlesim__python.so" to ""
[79.350s] -- Installing: /home/kurisaw/Desktop/catkin_ws/install/turtlesim/share/turtlesim/action/RotateAbsolute.idl
[79.352s] -- Installing: /home/kurisaw/Desktop/catkin_ws/install/turtlesim/share/turtlesim/msg/Color.idl
[79.353s] -- Installing: /home/kurisaw/Desktop/catkin_ws/install/turtlesim/share/turtlesim/msg/Pose.idl
[79.354s] -- Installing: /home/kurisaw/Desktop/catkin_ws/install/turtlesim/share/turtlesim/srv/Kill.idl
[79.355s] -- Installing: /home/kurisaw/Desktop/catkin_ws/install/turtlesim/share/turtlesim/srv/SetPen.idl
[79.356s] -- Installing: /home/kurisaw/Desktop/catkin_ws/install/turtlesim/share/turtlesim/srv/Spawn.idl
[79.358s] -- Installing: /home/kurisaw/Desktop/catkin_ws/install/turtlesim/share/turtlesim/srv/TeleportAbsolute.idl
[79.359s] -- Installing: /home/kurisaw/Desktop/catkin_ws/install/turtlesim/share/turtlesim/srv/TeleportRelative.idl
[79.360s] -- Installing: /home/kurisaw/Desktop/catkin_ws/install/turtlesim/share/turtlesim/action/RotateAbsolute.action
[79.361s] -- Installing: /home/kurisaw/Desktop/catkin_ws/install/turtlesim/share/turtlesim/msg/Color.msg
[79.361s] -- Installing: /home/kurisaw/Desktop/catkin_ws/install/turtlesim/share/turtlesim/msg/Pose.msg
[79.362s] -- Installing: /home/kurisaw/Desktop/catkin_ws/install/turtlesim/share/turtlesim/srv/Kill.srv
[79.363s] -- Installing: /home/kurisaw/Desktop/catkin_ws/install/turtlesim/share/turtlesim/srv/Kill_Request.msg
[79.364s] -- Installing: /home/kurisaw/Desktop/catkin_ws/install/turtlesim/share/turtlesim/srv/Kill_Response.msg
[79.365s] -- Installing: /home/kurisaw/Desktop/catkin_ws/install/turtlesim/share/turtlesim/srv/SetPen.srv
[79.366s] -- Installing: /home/kurisaw/Desktop/catkin_ws/install/turtlesim/share/turtlesim/srv/SetPen_Request.msg
[79.367s] -- Installing: /home/kurisaw/Desktop/catkin_ws/install/turtlesim/share/turtlesim/srv/SetPen_Response.msg
[79.368s] -- Installing: /home/kurisaw/Desktop/catkin_ws/install/turtlesim/share/turtlesim/srv/Spawn.srv
[79.375s] -- Installing: /home/kurisaw/Desktop/catkin_ws/install/turtlesim/share/turtlesim/srv/Spawn_Request.msg
[79.376s] -- Installing: /home/kurisaw/Desktop/catkin_ws/install/turtlesim/share/turtlesim/srv/Spawn_Response.msg
[79.378s] -- Installing: /home/kurisaw/Desktop/catkin_ws/install/turtlesim/share/turtlesim/srv/TeleportAbsolute.srv
[79.378s] -- Installing: /home/kurisaw/Desktop/catkin_ws/install/turtlesim/share/turtlesim/srv/TeleportAbsolute_Request.msg
[79.379s] -- Installing: /home/kurisaw/Desktop/catkin_ws/install/turtlesim/share/turtlesim/srv/TeleportAbsolute_Response.msg
[79.380s] -- Installing: /home/kurisaw/Desktop/catkin_ws/install/turtlesim/share/turtlesim/srv/TeleportRelative.srv
[79.381s] -- Installing: /home/kurisaw/Desktop/catkin_ws/install/turtlesim/share/turtlesim/srv/TeleportRelative_Request.msg
[79.381s] -- Installing: /home/kurisaw/Desktop/catkin_ws/install/turtlesim/share/turtlesim/srv/TeleportRelative_Response.msg
[79.382s] -- Installing: /home/kurisaw/Desktop/catkin_ws/install/turtlesim/lib/turtlesim/turtlesim_node
[79.415s] -- Set runtime path of "/home/kurisaw/Desktop/catkin_ws/install/turtlesim/lib/turtlesim/turtlesim_node" to ""
[79.416s] -- Installing: /home/kurisaw/Desktop/catkin_ws/install/turtlesim/lib/turtlesim/turtle_teleop_key
[79.428s] -- Set runtime path of "/home/kurisaw/Desktop/catkin_ws/install/turtlesim/lib/turtlesim/turtle_teleop_key" to ""
[79.428s] -- Installing: /home/kurisaw/Desktop/catkin_ws/install/turtlesim/lib/turtlesim/draw_square
[79.446s] -- Set runtime path of "/home/kurisaw/Desktop/catkin_ws/install/turtlesim/lib/turtlesim/draw_square" to ""
[79.446s] -- Installing: /home/kurisaw/Desktop/catkin_ws/install/turtlesim/lib/turtlesim/mimic
[79.462s] -- Set runtime path of "/home/kurisaw/Desktop/catkin_ws/install/turtlesim/lib/turtlesim/mimic" to ""
[79.462s] -- Installing: /home/kurisaw/Desktop/catkin_ws/install/turtlesim/share/turtlesim/images
[79.462s] -- Installing: /home/kurisaw/Desktop/catkin_ws/install/turtlesim/share/turtlesim/images/eloquent.png
[79.463s] -- Installing: /home/kurisaw/Desktop/catkin_ws/install/turtlesim/share/turtlesim/images/bouncy.png
[79.468s] -- Installing: /home/kurisaw/Desktop/catkin_ws/install/turtlesim/share/turtlesim/images/crystal.png
[79.470s] -- Installing: /home/kurisaw/Desktop/catkin_ws/install/turtlesim/share/turtlesim/images/foxy.png
[79.470s] -- Installing: /home/kurisaw/Desktop/catkin_ws/install/turtlesim/share/turtlesim/images/dashing.png
[79.471s] -- Installing: /home/kurisaw/Desktop/catkin_ws/install/turtlesim/share/turtlesim/images/ardent.png
[79.471s] -- Installing: /home/kurisaw/Desktop/catkin_ws/install/turtlesim/share/turtlesim/launch
[79.473s] -- Installing: /home/kurisaw/Desktop/catkin_ws/install/turtlesim/share/turtlesim/launch/multisim.launch.py
[79.473s] -- Installing: /home/kurisaw/Desktop/catkin_ws/install/turtlesim/share/ament_index/resource_index/package_run_dependencies/turtlesim
[79.475s] -- Installing: /home/kurisaw/Desktop/catkin_ws/install/turtlesim/share/ament_index/resource_index/parent_prefix_path/turtlesim
[79.475s] -- Installing: /home/kurisaw/Desktop/catkin_ws/install/turtlesim/share/turtlesim/environment/ament_prefix_path.sh
[79.476s] -- Installing: /home/kurisaw/Desktop/catkin_ws/install/turtlesim/share/turtlesim/environment/ament_prefix_path.dsv
[79.478s] -- Installing: /home/kurisaw/Desktop/catkin_ws/install/turtlesim/share/turtlesim/environment/path.sh
[79.478s] -- Installing: /home/kurisaw/Desktop/catkin_ws/install/turtlesim/share/turtlesim/environment/path.dsv
[79.479s] -- Installing: /home/kurisaw/Desktop/catkin_ws/install/turtlesim/share/turtlesim/local_setup.bash
[79.480s] -- Installing: /home/kurisaw/Desktop/catkin_ws/install/turtlesim/share/turtlesim/local_setup.sh
[79.482s] -- Installing: /home/kurisaw/Desktop/catkin_ws/install/turtlesim/share/turtlesim/local_setup.zsh
[79.484s] -- Installing: /home/kurisaw/Desktop/catkin_ws/install/turtlesim/share/turtlesim/local_setup.dsv
[79.486s] -- Installing: /home/kurisaw/Desktop/catkin_ws/install/turtlesim/share/turtlesim/package.dsv
[79.488s] -- Installing: /home/kurisaw/Desktop/catkin_ws/install/turtlesim/share/ament_index/resource_index/packages/turtlesim
[79.488s] -- Installing: /home/kurisaw/Desktop/catkin_ws/install/turtlesim/share/turtlesim/cmake/turtlesim__rosidl_generator_cExport.cmake
[79.490s] -- Installing: /home/kurisaw/Desktop/catkin_ws/install/turtlesim/share/turtlesim/cmake/turtlesim__rosidl_generator_cExport-noconfig.cmake
[79.491s] -- Installing: /home/kurisaw/Desktop/catkin_ws/install/turtlesim/share/turtlesim/cmake/turtlesim__rosidl_typesupport_introspection_cExport.cmake
[79.492s] -- Installing: /home/kurisaw/Desktop/catkin_ws/install/turtlesim/share/turtlesim/cmake/turtlesim__rosidl_typesupport_introspection_cExport-noconfig.cmake
[79.493s] -- Installing: /home/kurisaw/Desktop/catkin_ws/install/turtlesim/share/turtlesim/cmake/turtlesim__rosidl_typesupport_cExport.cmake
[79.496s] -- Installing: /home/kurisaw/Desktop/catkin_ws/install/turtlesim/share/turtlesim/cmake/turtlesim__rosidl_typesupport_cExport-noconfig.cmake
[79.496s] -- Installing: /home/kurisaw/Desktop/catkin_ws/install/turtlesim/share/turtlesim/cmake/turtlesim__rosidl_generator_cppExport.cmake
[79.497s] -- Installing: /home/kurisaw/Desktop/catkin_ws/install/turtlesim/share/turtlesim/cmake/turtlesim__rosidl_typesupport_introspection_cppExport.cmake
[79.499s] -- Installing: /home/kurisaw/Desktop/catkin_ws/install/turtlesim/share/turtlesim/cmake/turtlesim__rosidl_typesupport_introspection_cppExport-noconfig.cmake
[79.500s] -- Installing: /home/kurisaw/Desktop/catkin_ws/install/turtlesim/share/turtlesim/cmake/turtlesim__rosidl_typesupport_cppExport.cmake
[79.501s] -- Installing: /home/kurisaw/Desktop/catkin_ws/install/turtlesim/share/turtlesim/cmake/turtlesim__rosidl_typesupport_cppExport-noconfig.cmake
[79.502s] -- Installing: /home/kurisaw/Desktop/catkin_ws/install/turtlesim/share/turtlesim/cmake/rosidl_cmake-extras.cmake
[79.503s] -- Installing: /home/kurisaw/Desktop/catkin_ws/install/turtlesim/share/turtlesim/cmake/ament_cmake_export_dependencies-extras.cmake
[79.504s] -- Installing: /home/kurisaw/Desktop/catkin_ws/install/turtlesim/share/turtlesim/cmake/ament_cmake_export_libraries-extras.cmake
[79.506s] -- Installing: /home/kurisaw/Desktop/catkin_ws/install/turtlesim/share/turtlesim/cmake/ament_cmake_export_targets-extras.cmake
[79.507s] -- Installing: /home/kurisaw/Desktop/catkin_ws/install/turtlesim/share/turtlesim/cmake/ament_cmake_export_include_directories-extras.cmake
[79.508s] -- Installing: /home/kurisaw/Desktop/catkin_ws/install/turtlesim/share/turtlesim/cmake/rosidl_cmake_export_typesupport_libraries-extras.cmake
[79.509s] -- Installing: /home/kurisaw/Desktop/catkin_ws/install/turtlesim/share/turtlesim/cmake/rosidl_cmake_export_typesupport_targets-extras.cmake
[79.511s] -- Installing: /home/kurisaw/Desktop/catkin_ws/install/turtlesim/share/turtlesim/cmake/turtlesimConfig.cmake
[79.511s] -- Installing: /home/kurisaw/Desktop/catkin_ws/install/turtlesim/share/turtlesim/cmake/turtlesimConfig-version.cmake
[79.513s] -- Installing: /home/kurisaw/Desktop/catkin_ws/install/turtlesim/share/turtlesim/package.xml
[79.522s] Invoked command in '/home/kurisaw/Desktop/catkin_ws/build/turtlesim' returned '0': CMAKE_PREFIX_PATH=${CMAKE_PREFIX_PATH}:/opt/ros/foxy /usr/bin/cmake --install /home/kurisaw/Desktop/catkin_ws/build/turtlesim
