running egg_info
creating ../../build/my_turtle_pkg/my_turtle_pkg.egg-info
writing ../../build/my_turtle_pkg/my_turtle_pkg.egg-info/PKG-INFO
writing dependency_links to ../../build/my_turtle_pkg/my_turtle_pkg.egg-info/dependency_links.txt
writing entry points to ../../build/my_turtle_pkg/my_turtle_pkg.egg-info/entry_points.txt
writing requirements to ../../build/my_turtle_pkg/my_turtle_pkg.egg-info/requires.txt
writing top-level names to ../../build/my_turtle_pkg/my_turtle_pkg.egg-info/top_level.txt
writing manifest file '../../build/my_turtle_pkg/my_turtle_pkg.egg-info/SOURCES.txt'
reading manifest file '../../build/my_turtle_pkg/my_turtle_pkg.egg-info/SOURCES.txt'
writing manifest file '../../build/my_turtle_pkg/my_turtle_pkg.egg-info/SOURCES.txt'
running build
running build_py
creating /home/kurisaw/Desktop/catkin_ws/build/my_turtle_pkg/build
creating /home/kurisaw/Desktop/catkin_ws/build/my_turtle_pkg/build/lib
creating /home/kurisaw/Desktop/catkin_ws/build/my_turtle_pkg/build/lib/my_turtle_pkg
copying my_turtle_pkg/my_turtle.py -> /home/kurisaw/Desktop/catkin_ws/build/my_turtle_pkg/build/lib/my_turtle_pkg
copying my_turtle_pkg/__init__.py -> /home/kurisaw/Desktop/catkin_ws/build/my_turtle_pkg/build/lib/my_turtle_pkg
running install
running install_lib
creating /home/kurisaw/Desktop/catkin_ws/install/my_turtle_pkg/lib/python3.8/site-packages/my_turtle_pkg
copying /home/kurisaw/Desktop/catkin_ws/build/my_turtle_pkg/build/lib/my_turtle_pkg/my_turtle.py -> /home/kurisaw/Desktop/catkin_ws/install/my_turtle_pkg/lib/python3.8/site-packages/my_turtle_pkg
copying /home/kurisaw/Desktop/catkin_ws/build/my_turtle_pkg/build/lib/my_turtle_pkg/__init__.py -> /home/kurisaw/Desktop/catkin_ws/install/my_turtle_pkg/lib/python3.8/site-packages/my_turtle_pkg
byte-compiling /home/kurisaw/Desktop/catkin_ws/install/my_turtle_pkg/lib/python3.8/site-packages/my_turtle_pkg/my_turtle.py to my_turtle.cpython-38.pyc
byte-compiling /home/kurisaw/Desktop/catkin_ws/install/my_turtle_pkg/lib/python3.8/site-packages/my_turtle_pkg/__init__.py to __init__.cpython-38.pyc
running install_egg_info
Copying ../../build/my_turtle_pkg/my_turtle_pkg.egg-info to /home/kurisaw/Desktop/catkin_ws/install/my_turtle_pkg/lib/python3.8/site-packages/my_turtle_pkg-0.0.0-py3.8.egg-info
running install_scripts
Installing my_turtle script to /home/kurisaw/Desktop/catkin_ws/install/my_turtle_pkg/lib/my_turtle_pkg
writing list of installed files to '/home/kurisaw/Desktop/catkin_ws/build/my_turtle_pkg/install.log'
