[2.165s] Invoking command in '/home/kurisaw/Desktop/catkin_ws/src/my_turtle_pkg': PYTHONPATH=/home/kurisaw/Desktop/catkin_ws/build/my_turtle_pkg/prefix_override:/home/kurisaw/Desktop/catkin_ws/install/my_turtle_pkg/lib/python3.8/site-packages:${PYTHONPATH} /usr/bin/python3 -W ignore:setup.py install is deprecated setup.py egg_info --egg-base ../../build/my_turtle_pkg build --build-base /home/kurisaw/Desktop/catkin_ws/build/my_turtle_pkg/build install --record /home/kurisaw/Desktop/catkin_ws/build/my_turtle_pkg/install.log --install-scripts $base/lib/my_turtle_pkg --single-version-externally-managed
[2.780s] /home/kurisaw/.local/lib/python3.8/site-packages/setuptools/dist.py:717: UserWarning: Usage of dash-separated 'script-dir' will not be supported in future versions. Please use the underscore name 'script_dir' instead
[2.780s]   warnings.warn(
[2.817s] running egg_info
[2.818s] creating ../../build/my_turtle_pkg/my_turtle_pkg.egg-info
[2.823s] writing ../../build/my_turtle_pkg/my_turtle_pkg.egg-info/PKG-INFO
[2.824s] writing dependency_links to ../../build/my_turtle_pkg/my_turtle_pkg.egg-info/dependency_links.txt
[2.825s] writing entry points to ../../build/my_turtle_pkg/my_turtle_pkg.egg-info/entry_points.txt
[2.825s] writing requirements to ../../build/my_turtle_pkg/my_turtle_pkg.egg-info/requires.txt
[2.826s] writing top-level names to ../../build/my_turtle_pkg/my_turtle_pkg.egg-info/top_level.txt
[2.837s] writing manifest file '../../build/my_turtle_pkg/my_turtle_pkg.egg-info/SOURCES.txt'
[2.840s] reading manifest file '../../build/my_turtle_pkg/my_turtle_pkg.egg-info/SOURCES.txt'
[2.842s] writing manifest file '../../build/my_turtle_pkg/my_turtle_pkg.egg-info/SOURCES.txt'
[2.843s] running build
[2.843s] running build_py
[2.844s] creating /home/kurisaw/Desktop/catkin_ws/build/my_turtle_pkg/build
[2.844s] creating /home/kurisaw/Desktop/catkin_ws/build/my_turtle_pkg/build/lib
[2.844s] creating /home/kurisaw/Desktop/catkin_ws/build/my_turtle_pkg/build/lib/my_turtle_pkg
[2.845s] copying my_turtle_pkg/my_turtle.py -> /home/kurisaw/Desktop/catkin_ws/build/my_turtle_pkg/build/lib/my_turtle_pkg
[2.846s] copying my_turtle_pkg/__init__.py -> /home/kurisaw/Desktop/catkin_ws/build/my_turtle_pkg/build/lib/my_turtle_pkg
[2.846s] running install
[2.847s] running install_lib
[2.849s] creating /home/kurisaw/Desktop/catkin_ws/install/my_turtle_pkg/lib/python3.8/site-packages/my_turtle_pkg
[2.850s] copying /home/kurisaw/Desktop/catkin_ws/build/my_turtle_pkg/build/lib/my_turtle_pkg/my_turtle.py -> /home/kurisaw/Desktop/catkin_ws/install/my_turtle_pkg/lib/python3.8/site-packages/my_turtle_pkg
[2.851s] copying /home/kurisaw/Desktop/catkin_ws/build/my_turtle_pkg/build/lib/my_turtle_pkg/__init__.py -> /home/kurisaw/Desktop/catkin_ws/install/my_turtle_pkg/lib/python3.8/site-packages/my_turtle_pkg
[2.851s] byte-compiling /home/kurisaw/Desktop/catkin_ws/install/my_turtle_pkg/lib/python3.8/site-packages/my_turtle_pkg/my_turtle.py to my_turtle.cpython-38.pyc
[2.853s] byte-compiling /home/kurisaw/Desktop/catkin_ws/install/my_turtle_pkg/lib/python3.8/site-packages/my_turtle_pkg/__init__.py to __init__.cpython-38.pyc
[2.853s] running install_egg_info
[2.857s] Copying ../../build/my_turtle_pkg/my_turtle_pkg.egg-info to /home/kurisaw/Desktop/catkin_ws/install/my_turtle_pkg/lib/python3.8/site-packages/my_turtle_pkg-0.0.0-py3.8.egg-info
[2.861s] running install_scripts
[2.895s] Installing my_turtle script to /home/kurisaw/Desktop/catkin_ws/install/my_turtle_pkg/lib/my_turtle_pkg
[2.896s] writing list of installed files to '/home/kurisaw/Desktop/catkin_ws/build/my_turtle_pkg/install.log'
[2.939s] Invoked command in '/home/kurisaw/Desktop/catkin_ws/src/my_turtle_pkg' returned '0': PYTHONPATH=/home/kurisaw/Desktop/catkin_ws/build/my_turtle_pkg/prefix_override:/home/kurisaw/Desktop/catkin_ws/install/my_turtle_pkg/lib/python3.8/site-packages:${PYTHONPATH} /usr/bin/python3 -W ignore:setup.py install is deprecated setup.py egg_info --egg-base ../../build/my_turtle_pkg build --build-base /home/kurisaw/Desktop/catkin_ws/build/my_turtle_pkg/build install --record /home/kurisaw/Desktop/catkin_ws/build/my_turtle_pkg/install.log --install-scripts $base/lib/my_turtle_pkg --single-version-externally-managed
