[3.692s] DEBUG:colcon:Command line arguments: ['/usr/bin/colcon', 'build', '--packages-select', 'my_serial_node']
[3.692s] DEBUG:colcon:Parsed command line arguments: Namespace(allow_overriding=[], ament_cmake_args=None, base_paths=['.'], build_base='build', catkin_cmake_args=None, catkin_skip_building_tests=False, cmake_args=None, cmake_clean_cache=False, cmake_clean_first=False, cmake_force_configure=False, cmake_target=None, cmake_target_skip_unavailable=False, continue_on_error=False, event_handlers=None, executor='parallel', ignore_user_meta=False, install_base='install', log_base=None, log_level=None, main=<bound method BuildVerb.main of <colcon_core.verb.build.BuildVerb object at 0x7fc78e741040>>, merge_install=False, metas=['./colcon.meta'], packages_above=None, packages_above_and_dependencies=None, packages_above_depth=None, packages_end=None, packages_ignore=None, packages_ignore_regex=None, packages_select=['my_serial_node'], packages_select_build_failed=False, packages_select_by_dep=None, packages_select_regex=None, packages_select_test_failures=False, packages_skip=None, packages_skip_build_finished=False, packages_skip_by_dep=None, packages_skip_regex=None, packages_skip_test_passed=False, packages_skip_up_to=None, packages_start=None, packages_up_to=None, packages_up_to_regex=None, parallel_workers=4, paths=None, symlink_install=False, test_result_base=None, verb_extension=<colcon_core.verb.build.BuildVerb object at 0x7fc78e741040>, verb_name='build', verb_parser=<colcon_defaults.argument_parser.defaults.DefaultArgumentsDecorator object at 0x7fc78e741d90>)
[3.882s] Level 1:colcon.colcon_core.package_discovery:discover_packages(colcon_meta) check parameters
[3.882s] Level 1:colcon.colcon_core.package_discovery:discover_packages(recursive) check parameters
[3.882s] Level 1:colcon.colcon_core.package_discovery:discover_packages(ignore) check parameters
[3.882s] Level 1:colcon.colcon_core.package_discovery:discover_packages(path) check parameters
[3.882s] Level 1:colcon.colcon_core.package_discovery:discover_packages(colcon_meta) discover
[3.882s] Level 1:colcon.colcon_core.package_discovery:discover_packages(recursive) discover
[3.882s] INFO:colcon.colcon_core.package_discovery:Crawling recursively for packages in '/home/kurisaw/Desktop/catkin_ws'
[3.882s] Level 1:colcon.colcon_core.package_identification:_identify(.) by extensions ['ignore', 'ignore_ament_install']
[3.883s] Level 1:colcon.colcon_core.package_identification:_identify(.) by extension 'ignore'
[3.883s] Level 1:colcon.colcon_core.package_identification:_identify(.) by extension 'ignore_ament_install'
[3.883s] Level 1:colcon.colcon_core.package_identification:_identify(.) by extensions ['colcon_pkg']
[3.883s] Level 1:colcon.colcon_core.package_identification:_identify(.) by extension 'colcon_pkg'
[3.883s] Level 1:colcon.colcon_core.package_identification:_identify(.) by extensions ['colcon_meta']
[3.883s] Level 1:colcon.colcon_core.package_identification:_identify(.) by extension 'colcon_meta'
[3.883s] Level 1:colcon.colcon_core.package_identification:_identify(.) by extensions ['ros']
[3.883s] Level 1:colcon.colcon_core.package_identification:_identify(.) by extension 'ros'
[3.911s] Level 1:colcon.colcon_core.package_identification:_identify(.) by extensions ['cmake', 'python']
[3.911s] Level 1:colcon.colcon_core.package_identification:_identify(.) by extension 'cmake'
[3.911s] Level 1:colcon.colcon_core.package_identification:_identify(.) by extension 'python'
[3.911s] Level 1:colcon.colcon_core.package_identification:_identify(.) by extensions ['python_setup_py']
[3.911s] Level 1:colcon.colcon_core.package_identification:_identify(.) by extension 'python_setup_py'
[3.912s] Level 1:colcon.colcon_core.package_identification:_identify(build) by extensions ['ignore', 'ignore_ament_install']
[3.912s] Level 1:colcon.colcon_core.package_identification:_identify(build) by extension 'ignore'
[3.912s] Level 1:colcon.colcon_core.package_identification:_identify(build) ignored
[3.912s] Level 1:colcon.colcon_core.package_identification:_identify(install) by extensions ['ignore', 'ignore_ament_install']
[3.912s] Level 1:colcon.colcon_core.package_identification:_identify(install) by extension 'ignore'
[3.912s] Level 1:colcon.colcon_core.package_identification:_identify(install) ignored
[3.913s] Level 1:colcon.colcon_core.package_identification:_identify(log) by extensions ['ignore', 'ignore_ament_install']
[3.913s] Level 1:colcon.colcon_core.package_identification:_identify(log) by extension 'ignore'
[3.913s] Level 1:colcon.colcon_core.package_identification:_identify(log) ignored
[3.913s] Level 1:colcon.colcon_core.package_identification:_identify(src) by extensions ['ignore', 'ignore_ament_install']
[3.913s] Level 1:colcon.colcon_core.package_identification:_identify(src) by extension 'ignore'
[3.913s] Level 1:colcon.colcon_core.package_identification:_identify(src) by extension 'ignore_ament_install'
[3.914s] Level 1:colcon.colcon_core.package_identification:_identify(src) by extensions ['colcon_pkg']
[3.914s] Level 1:colcon.colcon_core.package_identification:_identify(src) by extension 'colcon_pkg'
[3.914s] Level 1:colcon.colcon_core.package_identification:_identify(src) by extensions ['colcon_meta']
[3.914s] Level 1:colcon.colcon_core.package_identification:_identify(src) by extension 'colcon_meta'
[3.914s] Level 1:colcon.colcon_core.package_identification:_identify(src) by extensions ['ros']
[3.914s] Level 1:colcon.colcon_core.package_identification:_identify(src) by extension 'ros'
[3.914s] Level 1:colcon.colcon_core.package_identification:_identify(src) by extensions ['cmake', 'python']
[3.914s] Level 1:colcon.colcon_core.package_identification:_identify(src) by extension 'cmake'
[3.914s] Level 1:colcon.colcon_core.package_identification:_identify(src) by extension 'python'
[3.915s] Level 1:colcon.colcon_core.package_identification:_identify(src) by extensions ['python_setup_py']
[3.915s] Level 1:colcon.colcon_core.package_identification:_identify(src) by extension 'python_setup_py'
[3.915s] Level 1:colcon.colcon_core.package_identification:_identify(src/my_serial_node) by extensions ['ignore', 'ignore_ament_install']
[3.915s] Level 1:colcon.colcon_core.package_identification:_identify(src/my_serial_node) by extension 'ignore'
[3.915s] Level 1:colcon.colcon_core.package_identification:_identify(src/my_serial_node) by extension 'ignore_ament_install'
[3.916s] Level 1:colcon.colcon_core.package_identification:_identify(src/my_serial_node) by extensions ['colcon_pkg']
[3.916s] Level 1:colcon.colcon_core.package_identification:_identify(src/my_serial_node) by extension 'colcon_pkg'
[3.916s] Level 1:colcon.colcon_core.package_identification:_identify(src/my_serial_node) by extensions ['colcon_meta']
[3.916s] Level 1:colcon.colcon_core.package_identification:_identify(src/my_serial_node) by extension 'colcon_meta'
[3.916s] Level 1:colcon.colcon_core.package_identification:_identify(src/my_serial_node) by extensions ['ros']
[3.916s] Level 1:colcon.colcon_core.package_identification:_identify(src/my_serial_node) by extension 'ros'
[3.919s] DEBUG:colcon.colcon_core.package_identification:Package 'src/my_serial_node' with type 'ros.ament_cmake' and name 'my_serial_node'
[3.920s] Level 1:colcon.colcon_core.package_identification:_identify(src/ros_tutorials) by extensions ['ignore', 'ignore_ament_install']
[3.920s] Level 1:colcon.colcon_core.package_identification:_identify(src/ros_tutorials) by extension 'ignore'
[3.920s] Level 1:colcon.colcon_core.package_identification:_identify(src/ros_tutorials) by extension 'ignore_ament_install'
[3.920s] Level 1:colcon.colcon_core.package_identification:_identify(src/ros_tutorials) by extensions ['colcon_pkg']
[3.920s] Level 1:colcon.colcon_core.package_identification:_identify(src/ros_tutorials) by extension 'colcon_pkg'
[3.920s] Level 1:colcon.colcon_core.package_identification:_identify(src/ros_tutorials) by extensions ['colcon_meta']
[3.920s] Level 1:colcon.colcon_core.package_identification:_identify(src/ros_tutorials) by extension 'colcon_meta'
[3.921s] Level 1:colcon.colcon_core.package_identification:_identify(src/ros_tutorials) by extensions ['ros']
[3.921s] Level 1:colcon.colcon_core.package_identification:_identify(src/ros_tutorials) by extension 'ros'
[3.921s] Level 1:colcon.colcon_core.package_identification:_identify(src/ros_tutorials) by extensions ['cmake', 'python']
[3.921s] Level 1:colcon.colcon_core.package_identification:_identify(src/ros_tutorials) by extension 'cmake'
[3.921s] Level 1:colcon.colcon_core.package_identification:_identify(src/ros_tutorials) by extension 'python'
[3.921s] Level 1:colcon.colcon_core.package_identification:_identify(src/ros_tutorials) by extensions ['python_setup_py']
[3.921s] Level 1:colcon.colcon_core.package_identification:_identify(src/ros_tutorials) by extension 'python_setup_py'
[3.921s] Level 1:colcon.colcon_core.package_identification:_identify(src/ros_tutorials/ros_tutorials) by extensions ['ignore', 'ignore_ament_install']
[3.922s] Level 1:colcon.colcon_core.package_identification:_identify(src/ros_tutorials/ros_tutorials) by extension 'ignore'
[3.922s] Level 1:colcon.colcon_core.package_identification:_identify(src/ros_tutorials/ros_tutorials) ignored
[3.922s] Level 1:colcon.colcon_core.package_identification:_identify(src/ros_tutorials/roscpp_tutorials) by extensions ['ignore', 'ignore_ament_install']
[3.922s] Level 1:colcon.colcon_core.package_identification:_identify(src/ros_tutorials/roscpp_tutorials) by extension 'ignore'
[3.922s] Level 1:colcon.colcon_core.package_identification:_identify(src/ros_tutorials/roscpp_tutorials) ignored
[3.922s] Level 1:colcon.colcon_core.package_identification:_identify(src/ros_tutorials/rospy_tutorials) by extensions ['ignore', 'ignore_ament_install']
[3.923s] Level 1:colcon.colcon_core.package_identification:_identify(src/ros_tutorials/rospy_tutorials) by extension 'ignore'
[3.923s] Level 1:colcon.colcon_core.package_identification:_identify(src/ros_tutorials/rospy_tutorials) ignored
[3.923s] Level 1:colcon.colcon_core.package_identification:_identify(src/ros_tutorials/turtlesim) by extensions ['ignore', 'ignore_ament_install']
[3.923s] Level 1:colcon.colcon_core.package_identification:_identify(src/ros_tutorials/turtlesim) by extension 'ignore'
[3.923s] Level 1:colcon.colcon_core.package_identification:_identify(src/ros_tutorials/turtlesim) by extension 'ignore_ament_install'
[3.923s] Level 1:colcon.colcon_core.package_identification:_identify(src/ros_tutorials/turtlesim) by extensions ['colcon_pkg']
[3.924s] Level 1:colcon.colcon_core.package_identification:_identify(src/ros_tutorials/turtlesim) by extension 'colcon_pkg'
[3.924s] Level 1:colcon.colcon_core.package_identification:_identify(src/ros_tutorials/turtlesim) by extensions ['colcon_meta']
[3.924s] Level 1:colcon.colcon_core.package_identification:_identify(src/ros_tutorials/turtlesim) by extension 'colcon_meta'
[3.924s] Level 1:colcon.colcon_core.package_identification:_identify(src/ros_tutorials/turtlesim) by extensions ['ros']
[3.924s] Level 1:colcon.colcon_core.package_identification:_identify(src/ros_tutorials/turtlesim) by extension 'ros'
[3.925s] DEBUG:colcon.colcon_core.package_identification:Package 'src/ros_tutorials/turtlesim' with type 'ros.ament_cmake' and name 'turtlesim'
[3.925s] Level 1:colcon.colcon_core.package_discovery:discover_packages(recursive) using defaults
[3.925s] Level 1:colcon.colcon_core.package_discovery:discover_packages(ignore) discover
[3.926s] Level 1:colcon.colcon_core.package_discovery:discover_packages(ignore) using defaults
[3.926s] Level 1:colcon.colcon_core.package_discovery:discover_packages(path) discover
[3.926s] Level 1:colcon.colcon_core.package_discovery:discover_packages(path) using defaults
[4.169s] INFO:colcon.colcon_core.package_selection:Skipping not selected package 'turtlesim' in 'src/ros_tutorials/turtlesim'
[4.295s] Level 1:colcon.colcon_core.package_discovery:discover_packages(prefix_path) check parameters
[4.296s] Level 1:colcon.colcon_core.package_discovery:discover_packages(prefix_path) discover
[4.450s] DEBUG:colcon.colcon_installed_package_information.package_discovery:Found 2 installed packages in /home/kurisaw/Desktop/catkin_ws/install
[4.546s] DEBUG:colcon.colcon_installed_package_information.package_discovery:Found 4 installed packages in /home/kurisaw/catkin_ws/install
[4.622s] DEBUG:colcon.colcon_installed_package_information.package_discovery:Found 257 installed packages in /opt/ros/foxy
[4.624s] Level 1:colcon.colcon_core.package_discovery:discover_packages(prefix_path) using defaults
[4.926s] Level 5:colcon.colcon_core.verb:set package 'my_serial_node' build argument 'cmake_args' from command line to 'None'
[4.926s] Level 5:colcon.colcon_core.verb:set package 'my_serial_node' build argument 'cmake_target' from command line to 'None'
[4.926s] Level 5:colcon.colcon_core.verb:set package 'my_serial_node' build argument 'cmake_target_skip_unavailable' from command line to 'False'
[4.926s] Level 5:colcon.colcon_core.verb:set package 'my_serial_node' build argument 'cmake_clean_cache' from command line to 'False'
[4.926s] Level 5:colcon.colcon_core.verb:set package 'my_serial_node' build argument 'cmake_clean_first' from command line to 'False'
[4.927s] Level 5:colcon.colcon_core.verb:set package 'my_serial_node' build argument 'cmake_force_configure' from command line to 'False'
[4.927s] Level 5:colcon.colcon_core.verb:set package 'my_serial_node' build argument 'ament_cmake_args' from command line to 'None'
[4.927s] Level 5:colcon.colcon_core.verb:set package 'my_serial_node' build argument 'catkin_cmake_args' from command line to 'None'
[4.927s] Level 5:colcon.colcon_core.verb:set package 'my_serial_node' build argument 'catkin_skip_building_tests' from command line to 'False'
[4.927s] DEBUG:colcon.colcon_core.verb:Building package 'my_serial_node' with the following arguments: {'ament_cmake_args': None, 'build_base': '/home/kurisaw/Desktop/catkin_ws/build/my_serial_node', 'catkin_cmake_args': None, 'catkin_skip_building_tests': False, 'cmake_args': None, 'cmake_clean_cache': False, 'cmake_clean_first': False, 'cmake_force_configure': False, 'cmake_target': None, 'cmake_target_skip_unavailable': False, 'install_base': '/home/kurisaw/Desktop/catkin_ws/install/my_serial_node', 'merge_install': False, 'path': '/home/kurisaw/Desktop/catkin_ws/src/my_serial_node', 'symlink_install': False, 'test_result_base': None}
[5.004s] INFO:colcon.colcon_core.executor:Executing jobs using 'parallel' executor
[5.078s] DEBUG:colcon.colcon_parallel_executor.executor.parallel:run_until_complete
[5.080s] INFO:colcon.colcon_ros.task.ament_cmake.build:Building ROS package in '/home/kurisaw/Desktop/catkin_ws/src/my_serial_node' with build type 'ament_cmake'
[5.080s] INFO:colcon.colcon_cmake.task.cmake.build:Building CMake package in '/home/kurisaw/Desktop/catkin_ws/src/my_serial_node'
[5.166s] INFO:colcon.colcon_core.plugin_system:Skipping extension 'colcon_core.shell.bat': Not used on non-Windows systems
[5.166s] INFO:colcon.colcon_core.shell:Skip shell extension 'powershell' for command environment: Not usable outside of PowerShell
[5.166s] DEBUG:colcon.colcon_core.shell:Skip shell extension 'dsv' for command environment
[5.529s] DEBUG:colcon.colcon_core.event_handler.log_command:Invoking command in '/home/kurisaw/Desktop/catkin_ws/build/my_serial_node': CMAKE_PREFIX_PATH=${CMAKE_PREFIX_PATH}:/opt/ros/foxy /usr/bin/cmake --build /home/kurisaw/Desktop/catkin_ws/build/my_serial_node -- -j4 -l4
[15.721s] DEBUG:colcon.colcon_core.event_handler.log_command:Invoked command in '/home/kurisaw/Desktop/catkin_ws/build/my_serial_node' returned '0': CMAKE_PREFIX_PATH=${CMAKE_PREFIX_PATH}:/opt/ros/foxy /usr/bin/cmake --build /home/kurisaw/Desktop/catkin_ws/build/my_serial_node -- -j4 -l4
[15.864s] DEBUG:colcon.colcon_core.event_handler.log_command:Invoking command in '/home/kurisaw/Desktop/catkin_ws/build/my_serial_node': CMAKE_PREFIX_PATH=${CMAKE_PREFIX_PATH}:/opt/ros/foxy /usr/bin/cmake --install /home/kurisaw/Desktop/catkin_ws/build/my_serial_node
[15.925s] Level 1:colcon.colcon_core.environment:create_environment_scripts_only(my_serial_node)
[15.929s] DEBUG:colcon.colcon_core.event_handler.log_command:Invoked command in '/home/kurisaw/Desktop/catkin_ws/build/my_serial_node' returned '0': CMAKE_PREFIX_PATH=${CMAKE_PREFIX_PATH}:/opt/ros/foxy /usr/bin/cmake --install /home/kurisaw/Desktop/catkin_ws/build/my_serial_node
[16.030s] Level 1:colcon.colcon_core.environment:checking '/home/kurisaw/Desktop/catkin_ws/install/my_serial_node' for CMake module files
[16.032s] Level 1:colcon.colcon_core.environment:checking '/home/kurisaw/Desktop/catkin_ws/install/my_serial_node' for CMake config files
[16.035s] Level 1:colcon.colcon_core.shell:create_environment_hook('my_serial_node', 'cmake_prefix_path')
[16.167s] INFO:colcon.colcon_core.shell:Creating environment hook '/home/kurisaw/Desktop/catkin_ws/install/my_serial_node/share/my_serial_node/hook/cmake_prefix_path.ps1'
[16.170s] INFO:colcon.colcon_core.shell:Creating environment descriptor '/home/kurisaw/Desktop/catkin_ws/install/my_serial_node/share/my_serial_node/hook/cmake_prefix_path.dsv'
[16.171s] INFO:colcon.colcon_core.shell:Creating environment hook '/home/kurisaw/Desktop/catkin_ws/install/my_serial_node/share/my_serial_node/hook/cmake_prefix_path.sh'
[16.173s] Level 1:colcon.colcon_core.environment:checking '/home/kurisaw/Desktop/catkin_ws/install/my_serial_node/lib'
[16.173s] Level 1:colcon.colcon_core.environment:checking '/home/kurisaw/Desktop/catkin_ws/install/my_serial_node/bin'
[16.173s] Level 1:colcon.colcon_core.environment:checking '/home/kurisaw/Desktop/catkin_ws/install/my_serial_node/lib/pkgconfig/my_serial_node.pc'
[16.174s] Level 1:colcon.colcon_core.environment:checking '/home/kurisaw/Desktop/catkin_ws/install/my_serial_node/lib/python3.8/site-packages'
[16.174s] Level 1:colcon.colcon_core.environment:checking '/home/kurisaw/Desktop/catkin_ws/install/my_serial_node/bin'
[16.246s] INFO:colcon.colcon_core.shell:Creating package script '/home/kurisaw/Desktop/catkin_ws/install/my_serial_node/share/my_serial_node/package.ps1'
[16.249s] INFO:colcon.colcon_core.shell:Creating package descriptor '/home/kurisaw/Desktop/catkin_ws/install/my_serial_node/share/my_serial_node/package.dsv'
[16.251s] INFO:colcon.colcon_core.shell:Creating package script '/home/kurisaw/Desktop/catkin_ws/install/my_serial_node/share/my_serial_node/package.sh'
[16.252s] INFO:colcon.colcon_core.shell:Creating package script '/home/kurisaw/Desktop/catkin_ws/install/my_serial_node/share/my_serial_node/package.bash'
[16.253s] INFO:colcon.colcon_core.shell:Creating package script '/home/kurisaw/Desktop/catkin_ws/install/my_serial_node/share/my_serial_node/package.zsh'
[16.254s] Level 1:colcon.colcon_core.environment:create_file_with_runtime_dependencies(/home/kurisaw/Desktop/catkin_ws/install/my_serial_node/share/colcon-core/packages/my_serial_node)
[16.519s] Level 1:colcon.colcon_core.environment:create_environment_scripts_only(my_serial_node)
[16.615s] Level 1:colcon.colcon_core.environment:checking '/home/kurisaw/Desktop/catkin_ws/install/my_serial_node' for CMake module files
[16.617s] Level 1:colcon.colcon_core.environment:checking '/home/kurisaw/Desktop/catkin_ws/install/my_serial_node' for CMake config files
[16.619s] Level 1:colcon.colcon_core.shell:create_environment_hook('my_serial_node', 'cmake_prefix_path')
[16.707s] INFO:colcon.colcon_core.shell:Creating environment hook '/home/kurisaw/Desktop/catkin_ws/install/my_serial_node/share/my_serial_node/hook/cmake_prefix_path.ps1'
[16.709s] INFO:colcon.colcon_core.shell:Creating environment descriptor '/home/kurisaw/Desktop/catkin_ws/install/my_serial_node/share/my_serial_node/hook/cmake_prefix_path.dsv'
[16.712s] INFO:colcon.colcon_core.shell:Creating environment hook '/home/kurisaw/Desktop/catkin_ws/install/my_serial_node/share/my_serial_node/hook/cmake_prefix_path.sh'
[16.714s] Level 1:colcon.colcon_core.environment:checking '/home/kurisaw/Desktop/catkin_ws/install/my_serial_node/lib'
[16.714s] Level 1:colcon.colcon_core.environment:checking '/home/kurisaw/Desktop/catkin_ws/install/my_serial_node/bin'
[16.715s] Level 1:colcon.colcon_core.environment:checking '/home/kurisaw/Desktop/catkin_ws/install/my_serial_node/lib/pkgconfig/my_serial_node.pc'
[16.716s] Level 1:colcon.colcon_core.environment:checking '/home/kurisaw/Desktop/catkin_ws/install/my_serial_node/lib/python3.8/site-packages'
[16.716s] Level 1:colcon.colcon_core.environment:checking '/home/kurisaw/Desktop/catkin_ws/install/my_serial_node/bin'
[16.807s] INFO:colcon.colcon_core.shell:Creating package script '/home/kurisaw/Desktop/catkin_ws/install/my_serial_node/share/my_serial_node/package.ps1'
[16.809s] INFO:colcon.colcon_core.shell:Creating package descriptor '/home/kurisaw/Desktop/catkin_ws/install/my_serial_node/share/my_serial_node/package.dsv'
[16.811s] INFO:colcon.colcon_core.shell:Creating package script '/home/kurisaw/Desktop/catkin_ws/install/my_serial_node/share/my_serial_node/package.sh'
[16.812s] INFO:colcon.colcon_core.shell:Creating package script '/home/kurisaw/Desktop/catkin_ws/install/my_serial_node/share/my_serial_node/package.bash'
[16.816s] INFO:colcon.colcon_core.shell:Creating package script '/home/kurisaw/Desktop/catkin_ws/install/my_serial_node/share/my_serial_node/package.zsh'
[16.818s] Level 1:colcon.colcon_core.environment:create_file_with_runtime_dependencies(/home/kurisaw/Desktop/catkin_ws/install/my_serial_node/share/colcon-core/packages/my_serial_node)
[16.820s] DEBUG:colcon.colcon_parallel_executor.executor.parallel:closing loop
[16.823s] DEBUG:colcon.colcon_parallel_executor.executor.parallel:loop closed
[16.824s] DEBUG:colcon.colcon_parallel_executor.executor.parallel:run_until_complete finished with '0'
[16.824s] DEBUG:colcon.colcon_core.event_reactor:joining thread
[16.924s] INFO:colcon.colcon_core.plugin_system:Skipping extension 'colcon_notification.desktop_notification.terminal_notifier': Not used on non-Darwin systems
[16.925s] INFO:colcon.colcon_core.plugin_system:Skipping extension 'colcon_notification.desktop_notification.win32': Not used on non-Windows systems
[16.925s] INFO:colcon.colcon_notification.desktop_notification:Sending desktop notification using 'notify2'
[16.972s] DEBUG:colcon.colcon_core.event_reactor:joined thread
[17.062s] INFO:colcon.colcon_core.shell:Creating prefix script '/home/kurisaw/Desktop/catkin_ws/install/local_setup.ps1'
[17.064s] INFO:colcon.colcon_core.shell:Creating prefix util module '/home/kurisaw/Desktop/catkin_ws/install/_local_setup_util_ps1.py'
[17.066s] INFO:colcon.colcon_core.shell:Creating prefix chain script '/home/kurisaw/Desktop/catkin_ws/install/setup.ps1'
[17.146s] INFO:colcon.colcon_core.shell:Creating prefix script '/home/kurisaw/Desktop/catkin_ws/install/local_setup.sh'
[17.148s] INFO:colcon.colcon_core.shell:Creating prefix util module '/home/kurisaw/Desktop/catkin_ws/install/_local_setup_util_sh.py'
[17.150s] INFO:colcon.colcon_core.shell:Creating prefix chain script '/home/kurisaw/Desktop/catkin_ws/install/setup.sh'
[17.230s] INFO:colcon.colcon_core.shell:Creating prefix script '/home/kurisaw/Desktop/catkin_ws/install/local_setup.bash'
[17.232s] INFO:colcon.colcon_core.shell:Creating prefix chain script '/home/kurisaw/Desktop/catkin_ws/install/setup.bash'
[17.301s] INFO:colcon.colcon_core.shell:Creating prefix script '/home/kurisaw/Desktop/catkin_ws/install/local_setup.zsh'
[17.303s] INFO:colcon.colcon_core.shell:Creating prefix chain script '/home/kurisaw/Desktop/catkin_ws/install/setup.zsh'
