[0.988s] Invoking command in '/home/kurisaw/Desktop/catkin_ws/build/my_serial_node': CMAKE_PREFIX_PATH=${CMAKE_PREFIX_PATH}:/opt/ros/foxy /usr/bin/cmake --build /home/kurisaw/Desktop/catkin_ws/build/my_serial_node -- -j4 -l4
[1.256s] -- Found ament_cmake: 0.9.12 (/opt/ros/foxy/share/ament_cmake/cmake)
[1.474s] -- Using PYTHON_EXECUTABLE: /usr/bin/python3
[2.764s] -- Found rclcpp: 2.4.3 (/opt/ros/foxy/share/rclcpp/cmake)
[3.135s] -- Using all available rosidl_typesupport_c: rosidl_typesupport_fastrtps_c;rosidl_typesupport_introspection_c
[3.183s] -- Found rosidl_adapter: 1.3.1 (/opt/ros/foxy/share/rosidl_adapter/cmake)
[3.935s] -- Using all available rosidl_typesupport_cpp: rosidl_typesupport_fastrtps_cpp;rosidl_typesupport_introspection_cpp
[4.173s] -- Found rmw_implementation_cmake: 1.0.4 (/opt/ros/foxy/share/rmw_implementation_cmake/cmake)
[4.203s] -- Using RMW implementation 'rmw_fastrtps_cpp' as default
[5.035s] -- Found turtlesim: 1.2.6 (/opt/ros/foxy/share/turtlesim/cmake)
[5.643s] [31mCMake Error at CMakeLists.txt:23 (find_package):
[5.644s]   By not providing "FindcJSON.cmake" in CMAKE_MODULE_PATH this project has
[5.651s]   asked CMake to find a package configuration file provided by "cJSON", but
[5.652s]   CMake did not find one.
[5.652s] 
[5.654s]   Could not find a package configuration file provided by "cJSON" with any of
[5.655s]   the following names:
[5.656s] 
[5.656s]     cJSONConfig.cmake
[5.663s] -- Configuring incomplete, errors occurred!
[5.664s] See also "/home/kurisaw/Desktop/catkin_ws/build/my_serial_node/CMakeFiles/CMakeOutput.log".
[5.665s] See also "/home/kurisaw/Desktop/catkin_ws/build/my_serial_node/CMakeFiles/CMakeError.log".
[5.670s]     cjson-config.cmake
[5.670s] 
[5.671s]   Add the installation prefix of "cJSON" to CMAKE_PREFIX_PATH or set
[5.671s]   "cJSON_DIR" to a directory containing one of the above files.  If "cJSON"
[5.671s]   provides a separate development package or SDK, be sure it has been
[5.671s]   installed.
[5.671s] 
[5.672s] [0m
[5.716s] make: *** [Makefile:267: cmake_check_build_system] Error 1
[5.752s] Invoked command in '/home/kurisaw/Desktop/catkin_ws/build/my_serial_node' returned '2': CMAKE_PREFIX_PATH=${CMAKE_PREFIX_PATH}:/opt/ros/foxy /usr/bin/cmake --build /home/kurisaw/Desktop/catkin_ws/build/my_serial_node -- -j4 -l4
