[0.577s] Invoking command in '/home/kurisaw/Desktop/catkin_ws/build/turtlesim': CMAKE_PREFIX_PATH=${CMAKE_PREFIX_PATH}:/opt/ros/foxy /usr/bin/cmake --build /home/kurisaw/Desktop/catkin_ws/build/turtlesim -- -j4 -l4
[0.846s] [ 10%] Built target turtlesim__rosidl_generator_c
[0.881s] [ 11%] Built target turtlesim__cpp
[0.979s] [ 21%] Built target turtlesim__rosidl_typesupport_introspection_c
[1.073s] [ 31%] Built target turtlesim__rosidl_typesupport_cpp
[1.081s] [ 41%] Built target turtlesim__rosidl_typesupport_c
[1.094s] [ 51%] Built target turtlesim__rosidl_typesupport_fastrtps_cpp
[1.150s] [ 61%] Built target turtlesim__rosidl_typesupport_introspection_cpp
[1.216s] [ 71%] Built target turtlesim__rosidl_typesupport_fastrtps_c
[1.296s] [ 71%] Built target turtlesim
[1.404s] [ 72%] Built target turtlesim__py
[1.448s] [ 74%] Built target turtle_teleop_key
[1.515s] [ 80%] Built target turtlesim_node
[1.593s] [ 82%] Built target mimic
[1.604s] [ 91%] Built target turtlesim__python
[1.608s] [ 93%] Built target draw_square
[1.731s] [ 95%] Built target turtlesim__rosidl_typesupport_fastrtps_c__pyext
[1.737s] [ 97%] Built target turtlesim__rosidl_typesupport_introspection_c__pyext
[1.766s] [100%] Built target turtlesim__rosidl_typesupport_c__pyext
[1.837s] Invoked command in '/home/kurisaw/Desktop/catkin_ws/build/turtlesim' returned '0': CMAKE_PREFIX_PATH=${CMAKE_PREFIX_PATH}:/opt/ros/foxy /usr/bin/cmake --build /home/kurisaw/Desktop/catkin_ws/build/turtlesim -- -j4 -l4
