[0.933s] Invoking command in '/home/kurisaw/Desktop/catkin_ws/build/my_serial_node': CMAKE_PREFIX_PATH=${CMAKE_PREFIX_PATH}:/opt/ros/foxy /usr/bin/cmake --build /home/kurisaw/Desktop/catkin_ws/build/my_serial_node -- -j4 -l4
[1.127s] [35m[1mConsolidate compiler generated dependencies of target serial_node[0m
[1.364s] [ 50%] [32mBuilding CXX object CMakeFiles/serial_node.dir/src/my_serial_node.cpp.o[0m
[12.700s] [100%] [32m[1mLinking CXX executable serial_node[0m
[13.991s] [100%] Built target serial_node
[14.019s] Invoked command in '/home/kurisaw/Desktop/catkin_ws/build/my_serial_node' returned '0': CMAKE_PREFIX_PATH=${CMAKE_PREFIX_PATH}:/opt/ros/foxy /usr/bin/cmake --build /home/kurisaw/Desktop/catkin_ws/build/my_serial_node -- -j4 -l4
[14.184s] Invoking command in '/home/kurisaw/Desktop/catkin_ws/build/my_serial_node': CMAKE_PREFIX_PATH=${CMAKE_PREFIX_PATH}:/opt/ros/foxy /usr/bin/cmake --install /home/kurisaw/Desktop/catkin_ws/build/my_serial_node
[14.194s] -- Install configuration: ""
[14.197s] -- Installing: /home/kurisaw/Desktop/catkin_ws/install/my_serial_node/lib/my_serial_node/serial_node
[14.218s] -- Set runtime path of "/home/kurisaw/Desktop/catkin_ws/install/my_serial_node/lib/my_serial_node/serial_node" to ""
[14.220s] -- Up-to-date: /home/kurisaw/Desktop/catkin_ws/install/my_serial_node/share/my_serial_node//launch
[14.222s] -- Up-to-date: /home/kurisaw/Desktop/catkin_ws/install/my_serial_node/share/ament_index/resource_index/package_run_dependencies/my_serial_node
[14.223s] -- Up-to-date: /home/kurisaw/Desktop/catkin_ws/install/my_serial_node/share/ament_index/resource_index/parent_prefix_path/my_serial_node
[14.223s] -- Up-to-date: /home/kurisaw/Desktop/catkin_ws/install/my_serial_node/share/my_serial_node/environment/ament_prefix_path.sh
[14.225s] -- Up-to-date: /home/kurisaw/Desktop/catkin_ws/install/my_serial_node/share/my_serial_node/environment/ament_prefix_path.dsv
[14.225s] -- Up-to-date: /home/kurisaw/Desktop/catkin_ws/install/my_serial_node/share/my_serial_node/environment/path.sh
[14.226s] -- Up-to-date: /home/kurisaw/Desktop/catkin_ws/install/my_serial_node/share/my_serial_node/environment/path.dsv
[14.229s] -- Up-to-date: /home/kurisaw/Desktop/catkin_ws/install/my_serial_node/share/my_serial_node/local_setup.bash
[14.230s] -- Up-to-date: /home/kurisaw/Desktop/catkin_ws/install/my_serial_node/share/my_serial_node/local_setup.sh
[14.230s] -- Up-to-date: /home/kurisaw/Desktop/catkin_ws/install/my_serial_node/share/my_serial_node/local_setup.zsh
[14.232s] -- Up-to-date: /home/kurisaw/Desktop/catkin_ws/install/my_serial_node/share/my_serial_node/local_setup.dsv
[14.232s] -- Installing: /home/kurisaw/Desktop/catkin_ws/install/my_serial_node/share/my_serial_node/package.dsv
[14.236s] -- Up-to-date: /home/kurisaw/Desktop/catkin_ws/install/my_serial_node/share/ament_index/resource_index/packages/my_serial_node
[14.236s] -- Up-to-date: /home/kurisaw/Desktop/catkin_ws/install/my_serial_node/share/my_serial_node/cmake/my_serial_nodeConfig.cmake
[14.240s] -- Up-to-date: /home/kurisaw/Desktop/catkin_ws/install/my_serial_node/share/my_serial_node/cmake/my_serial_nodeConfig-version.cmake
[14.241s] -- Up-to-date: /home/kurisaw/Desktop/catkin_ws/install/my_serial_node/share/my_serial_node/package.xml
[14.241s] Invoked command in '/home/kurisaw/Desktop/catkin_ws/build/my_serial_node' returned '0': CMAKE_PREFIX_PATH=${CMAKE_PREFIX_PATH}:/opt/ros/foxy /usr/bin/cmake --install /home/kurisaw/Desktop/catkin_ws/build/my_serial_node
