[0.571s] Invoking command in '/home/kurisaw/Desktop/catkin_ws/build/my_serial_node': CMAKE_PREFIX_PATH=/opt/ros/foxy /usr/bin/cmake --build /home/kurisaw/Desktop/catkin_ws/build/my_serial_node -- -j4 -l4
[0.673s] -- Found ament_cmake: 0.9.12 (/opt/ros/foxy/share/ament_cmake/cmake)
[0.773s] -- Using PYTHON_EXECUTABLE: /usr/bin/python3
[1.632s] -- Found rclcpp: 2.4.3 (/opt/ros/foxy/share/rclcpp/cmake)
[1.783s] -- Using all available rosidl_typesupport_c: rosidl_typesupport_fastrtps_c;rosidl_typesupport_introspection_c
[1.798s] -- Found rosidl_adapter: 1.3.1 (/opt/ros/foxy/share/rosidl_adapter/cmake)
[2.260s] -- Using all available rosidl_typesupport_cpp: rosidl_typesupport_fastrtps_cpp;rosidl_typesupport_introspection_cpp
[2.416s] -- Found rmw_implementation_cmake: 1.0.4 (/opt/ros/foxy/share/rmw_implementation_cmake/cmake)
[2.422s] -- Using RMW implementation 'rmw_fastrtps_cpp' as default
[3.020s] -- Found turtlesim: 1.2.6 (/opt/ros/foxy/share/turtlesim/cmake)
[3.431s] [31mCMake Error at CMakeLists.txt:23 (find_package):
[3.432s]   By not providing "FindcJSON.cmake" in CMAKE_MODULE_PATH this project has
[3.432s]   asked CMake to find a package configuration file provided by "cJSON", but
[3.432s]   CMake did not find one.
[3.432s] 
[3.433s]   Could not find a package configuration file provided by "cJSON" with any of
[3.433s]   the following names:
[3.433s] 
[3.434s]     cJSONConfig.cmake
[3.434s]     cjson-config.cmake
[3.434s] 
[3.434s]   Add the installation prefix of "cJSON" to CMAKE_PREFIX_PATH or set
[3.437s]   "cJSON_DIR" to a directory containing one of the above files.  If "cJSON"
[3.437s]   provides a separate development package or SDK, be sure it has been
[3.437s]   installed.
[3.438s] 
[3.438s] [0m
[3.445s] -- Configuring incomplete, errors occurred!
[3.445s] See also "/home/kurisaw/Desktop/catkin_ws/build/my_serial_node/CMakeFiles/CMakeOutput.log".
[3.445s] See also "/home/kurisaw/Desktop/catkin_ws/build/my_serial_node/CMakeFiles/CMakeError.log".
[3.551s] make: *** [Makefile:267: cmake_check_build_system] Error 1
[3.571s] Invoked command in '/home/kurisaw/Desktop/catkin_ws/build/my_serial_node' returned '2': CMAKE_PREFIX_PATH=/opt/ros/foxy /usr/bin/cmake --build /home/kurisaw/Desktop/catkin_ws/build/my_serial_node -- -j4 -l4
