[35m[1mConsolidate compiler generated dependencies of target serial_node[0m
[ 50%] [32mBuilding CXX object CMakeFiles/serial_node.dir/src/my_serial_node.cpp.o[0m
[100%] [32m[1mLinking CXX executable serial_node[0m
[100%] Built target serial_node
-- Install configuration: ""
-- Installing: /home/kurisaw/Desktop/catkin_ws/install/my_serial_node/lib/my_serial_node/serial_node
-- Set runtime path of "/home/kurisaw/Desktop/catkin_ws/install/my_serial_node/lib/my_serial_node/serial_node" to ""
-- Up-to-date: /home/kurisaw/Desktop/catkin_ws/install/my_serial_node/share/my_serial_node//launch
-- Up-to-date: /home/kurisaw/Desktop/catkin_ws/install/my_serial_node/share/ament_index/resource_index/package_run_dependencies/my_serial_node
-- Up-to-date: /home/kurisaw/Desktop/catkin_ws/install/my_serial_node/share/ament_index/resource_index/parent_prefix_path/my_serial_node
-- Up-to-date: /home/kurisaw/Desktop/catkin_ws/install/my_serial_node/share/my_serial_node/environment/ament_prefix_path.sh
-- Up-to-date: /home/kurisaw/Desktop/catkin_ws/install/my_serial_node/share/my_serial_node/environment/ament_prefix_path.dsv
-- Up-to-date: /home/kurisaw/Desktop/catkin_ws/install/my_serial_node/share/my_serial_node/environment/path.sh
-- Up-to-date: /home/kurisaw/Desktop/catkin_ws/install/my_serial_node/share/my_serial_node/environment/path.dsv
-- Up-to-date: /home/kurisaw/Desktop/catkin_ws/install/my_serial_node/share/my_serial_node/local_setup.bash
-- Up-to-date: /home/kurisaw/Desktop/catkin_ws/install/my_serial_node/share/my_serial_node/local_setup.sh
-- Up-to-date: /home/kurisaw/Desktop/catkin_ws/install/my_serial_node/share/my_serial_node/local_setup.zsh
-- Up-to-date: /home/kurisaw/Desktop/catkin_ws/install/my_serial_node/share/my_serial_node/local_setup.dsv
-- Installing: /home/kurisaw/Desktop/catkin_ws/install/my_serial_node/share/my_serial_node/package.dsv
-- Up-to-date: /home/kurisaw/Desktop/catkin_ws/install/my_serial_node/share/ament_index/resource_index/packages/my_serial_node
-- Up-to-date: /home/kurisaw/Desktop/catkin_ws/install/my_serial_node/share/my_serial_node/cmake/my_serial_nodeConfig.cmake
-- Up-to-date: /home/kurisaw/Desktop/catkin_ws/install/my_serial_node/share/my_serial_node/cmake/my_serial_nodeConfig-version.cmake
-- Up-to-date: /home/kurisaw/Desktop/catkin_ws/install/my_serial_node/share/my_serial_node/package.xml
