[4.805s] DEBUG:colcon:Command line arguments: ['/usr/bin/colcon', 'build', '--packages-select', 'my_serial_node']
[4.805s] DEBUG:colcon:Parsed command line arguments: Namespace(allow_overriding=[], ament_cmake_args=None, base_paths=['.'], build_base='build', catkin_cmake_args=None, catkin_skip_building_tests=False, cmake_args=None, cmake_clean_cache=False, cmake_clean_first=False, cmake_force_configure=False, cmake_target=None, cmake_target_skip_unavailable=False, continue_on_error=False, event_handlers=None, executor='parallel', ignore_user_meta=False, install_base='install', log_base=None, log_level=None, main=<bound method BuildVerb.main of <colcon_core.verb.build.BuildVerb object at 0x7fdaf1b8fa00>>, merge_install=False, metas=['./colcon.meta'], packages_above=None, packages_above_and_dependencies=None, packages_above_depth=None, packages_end=None, packages_ignore=None, packages_ignore_regex=None, packages_select=['my_serial_node'], packages_select_build_failed=False, packages_select_by_dep=None, packages_select_regex=None, packages_select_test_failures=False, packages_skip=None, packages_skip_build_finished=False, packages_skip_by_dep=None, packages_skip_regex=None, packages_skip_test_passed=False, packages_skip_up_to=None, packages_start=None, packages_up_to=None, packages_up_to_regex=None, parallel_workers=4, paths=None, symlink_install=False, test_result_base=None, verb_extension=<colcon_core.verb.build.BuildVerb object at 0x7fdaf1b8fa00>, verb_name='build', verb_parser=<colcon_defaults.argument_parser.defaults.DefaultArgumentsDecorator object at 0x7fdaf1b33850>)
[5.055s] Level 1:colcon.colcon_core.package_discovery:discover_packages(colcon_meta) check parameters
[5.055s] Level 1:colcon.colcon_core.package_discovery:discover_packages(recursive) check parameters
[5.055s] Level 1:colcon.colcon_core.package_discovery:discover_packages(ignore) check parameters
[5.055s] Level 1:colcon.colcon_core.package_discovery:discover_packages(path) check parameters
[5.055s] Level 1:colcon.colcon_core.package_discovery:discover_packages(colcon_meta) discover
[5.056s] Level 1:colcon.colcon_core.package_discovery:discover_packages(recursive) discover
[5.056s] INFO:colcon.colcon_core.package_discovery:Crawling recursively for packages in '/home/kurisaw/Desktop/catkin_ws'
[5.056s] Level 1:colcon.colcon_core.package_identification:_identify(.) by extensions ['ignore', 'ignore_ament_install']
[5.056s] Level 1:colcon.colcon_core.package_identification:_identify(.) by extension 'ignore'
[5.056s] Level 1:colcon.colcon_core.package_identification:_identify(.) by extension 'ignore_ament_install'
[5.056s] Level 1:colcon.colcon_core.package_identification:_identify(.) by extensions ['colcon_pkg']
[5.056s] Level 1:colcon.colcon_core.package_identification:_identify(.) by extension 'colcon_pkg'
[5.057s] Level 1:colcon.colcon_core.package_identification:_identify(.) by extensions ['colcon_meta']
[5.057s] Level 1:colcon.colcon_core.package_identification:_identify(.) by extension 'colcon_meta'
[5.057s] Level 1:colcon.colcon_core.package_identification:_identify(.) by extensions ['ros']
[5.057s] Level 1:colcon.colcon_core.package_identification:_identify(.) by extension 'ros'
[5.111s] Level 1:colcon.colcon_core.package_identification:_identify(.) by extensions ['cmake', 'python']
[5.111s] Level 1:colcon.colcon_core.package_identification:_identify(.) by extension 'cmake'
[5.111s] Level 1:colcon.colcon_core.package_identification:_identify(.) by extension 'python'
[5.112s] Level 1:colcon.colcon_core.package_identification:_identify(.) by extensions ['python_setup_py']
[5.112s] Level 1:colcon.colcon_core.package_identification:_identify(.) by extension 'python_setup_py'
[5.113s] Level 1:colcon.colcon_core.package_identification:_identify(build) by extensions ['ignore', 'ignore_ament_install']
[5.113s] Level 1:colcon.colcon_core.package_identification:_identify(build) by extension 'ignore'
[5.113s] Level 1:colcon.colcon_core.package_identification:_identify(build) ignored
[5.114s] Level 1:colcon.colcon_core.package_identification:_identify(install) by extensions ['ignore', 'ignore_ament_install']
[5.114s] Level 1:colcon.colcon_core.package_identification:_identify(install) by extension 'ignore'
[5.114s] Level 1:colcon.colcon_core.package_identification:_identify(install) ignored
[5.114s] Level 1:colcon.colcon_core.package_identification:_identify(log) by extensions ['ignore', 'ignore_ament_install']
[5.115s] Level 1:colcon.colcon_core.package_identification:_identify(log) by extension 'ignore'
[5.115s] Level 1:colcon.colcon_core.package_identification:_identify(log) ignored
[5.115s] Level 1:colcon.colcon_core.package_identification:_identify(src) by extensions ['ignore', 'ignore_ament_install']
[5.115s] Level 1:colcon.colcon_core.package_identification:_identify(src) by extension 'ignore'
[5.116s] Level 1:colcon.colcon_core.package_identification:_identify(src) by extension 'ignore_ament_install'
[5.116s] Level 1:colcon.colcon_core.package_identification:_identify(src) by extensions ['colcon_pkg']
[5.116s] Level 1:colcon.colcon_core.package_identification:_identify(src) by extension 'colcon_pkg'
[5.116s] Level 1:colcon.colcon_core.package_identification:_identify(src) by extensions ['colcon_meta']
[5.116s] Level 1:colcon.colcon_core.package_identification:_identify(src) by extension 'colcon_meta'
[5.116s] Level 1:colcon.colcon_core.package_identification:_identify(src) by extensions ['ros']
[5.116s] Level 1:colcon.colcon_core.package_identification:_identify(src) by extension 'ros'
[5.117s] Level 1:colcon.colcon_core.package_identification:_identify(src) by extensions ['cmake', 'python']
[5.117s] Level 1:colcon.colcon_core.package_identification:_identify(src) by extension 'cmake'
[5.117s] Level 1:colcon.colcon_core.package_identification:_identify(src) by extension 'python'
[5.117s] Level 1:colcon.colcon_core.package_identification:_identify(src) by extensions ['python_setup_py']
[5.117s] Level 1:colcon.colcon_core.package_identification:_identify(src) by extension 'python_setup_py'
[5.118s] Level 1:colcon.colcon_core.package_identification:_identify(src/my_serial_node) by extensions ['ignore', 'ignore_ament_install']
[5.118s] Level 1:colcon.colcon_core.package_identification:_identify(src/my_serial_node) by extension 'ignore'
[5.118s] Level 1:colcon.colcon_core.package_identification:_identify(src/my_serial_node) by extension 'ignore_ament_install'
[5.118s] Level 1:colcon.colcon_core.package_identification:_identify(src/my_serial_node) by extensions ['colcon_pkg']
[5.119s] Level 1:colcon.colcon_core.package_identification:_identify(src/my_serial_node) by extension 'colcon_pkg'
[5.119s] Level 1:colcon.colcon_core.package_identification:_identify(src/my_serial_node) by extensions ['colcon_meta']
[5.119s] Level 1:colcon.colcon_core.package_identification:_identify(src/my_serial_node) by extension 'colcon_meta'
[5.119s] Level 1:colcon.colcon_core.package_identification:_identify(src/my_serial_node) by extensions ['ros']
[5.119s] Level 1:colcon.colcon_core.package_identification:_identify(src/my_serial_node) by extension 'ros'
[5.129s] DEBUG:colcon.colcon_core.package_identification:Package 'src/my_serial_node' with type 'ros.ament_cmake' and name 'my_serial_node'
[5.130s] Level 1:colcon.colcon_core.package_identification:_identify(src/ros_tutorials) by extensions ['ignore', 'ignore_ament_install']
[5.130s] Level 1:colcon.colcon_core.package_identification:_identify(src/ros_tutorials) by extension 'ignore'
[5.130s] Level 1:colcon.colcon_core.package_identification:_identify(src/ros_tutorials) by extension 'ignore_ament_install'
[5.131s] Level 1:colcon.colcon_core.package_identification:_identify(src/ros_tutorials) by extensions ['colcon_pkg']
[5.131s] Level 1:colcon.colcon_core.package_identification:_identify(src/ros_tutorials) by extension 'colcon_pkg'
[5.131s] Level 1:colcon.colcon_core.package_identification:_identify(src/ros_tutorials) by extensions ['colcon_meta']
[5.131s] Level 1:colcon.colcon_core.package_identification:_identify(src/ros_tutorials) by extension 'colcon_meta'
[5.131s] Level 1:colcon.colcon_core.package_identification:_identify(src/ros_tutorials) by extensions ['ros']
[5.131s] Level 1:colcon.colcon_core.package_identification:_identify(src/ros_tutorials) by extension 'ros'
[5.131s] Level 1:colcon.colcon_core.package_identification:_identify(src/ros_tutorials) by extensions ['cmake', 'python']
[5.132s] Level 1:colcon.colcon_core.package_identification:_identify(src/ros_tutorials) by extension 'cmake'
[5.132s] Level 1:colcon.colcon_core.package_identification:_identify(src/ros_tutorials) by extension 'python'
[5.132s] Level 1:colcon.colcon_core.package_identification:_identify(src/ros_tutorials) by extensions ['python_setup_py']
[5.132s] Level 1:colcon.colcon_core.package_identification:_identify(src/ros_tutorials) by extension 'python_setup_py'
[5.132s] Level 1:colcon.colcon_core.package_identification:_identify(src/ros_tutorials/ros_tutorials) by extensions ['ignore', 'ignore_ament_install']
[5.132s] Level 1:colcon.colcon_core.package_identification:_identify(src/ros_tutorials/ros_tutorials) by extension 'ignore'
[5.132s] Level 1:colcon.colcon_core.package_identification:_identify(src/ros_tutorials/ros_tutorials) ignored
[5.133s] Level 1:colcon.colcon_core.package_identification:_identify(src/ros_tutorials/roscpp_tutorials) by extensions ['ignore', 'ignore_ament_install']
[5.133s] Level 1:colcon.colcon_core.package_identification:_identify(src/ros_tutorials/roscpp_tutorials) by extension 'ignore'
[5.133s] Level 1:colcon.colcon_core.package_identification:_identify(src/ros_tutorials/roscpp_tutorials) ignored
[5.133s] Level 1:colcon.colcon_core.package_identification:_identify(src/ros_tutorials/rospy_tutorials) by extensions ['ignore', 'ignore_ament_install']
[5.133s] Level 1:colcon.colcon_core.package_identification:_identify(src/ros_tutorials/rospy_tutorials) by extension 'ignore'
[5.134s] Level 1:colcon.colcon_core.package_identification:_identify(src/ros_tutorials/rospy_tutorials) ignored
[5.134s] Level 1:colcon.colcon_core.package_identification:_identify(src/ros_tutorials/turtlesim) by extensions ['ignore', 'ignore_ament_install']
[5.134s] Level 1:colcon.colcon_core.package_identification:_identify(src/ros_tutorials/turtlesim) by extension 'ignore'
[5.134s] Level 1:colcon.colcon_core.package_identification:_identify(src/ros_tutorials/turtlesim) by extension 'ignore_ament_install'
[5.135s] Level 1:colcon.colcon_core.package_identification:_identify(src/ros_tutorials/turtlesim) by extensions ['colcon_pkg']
[5.135s] Level 1:colcon.colcon_core.package_identification:_identify(src/ros_tutorials/turtlesim) by extension 'colcon_pkg'
[5.135s] Level 1:colcon.colcon_core.package_identification:_identify(src/ros_tutorials/turtlesim) by extensions ['colcon_meta']
[5.135s] Level 1:colcon.colcon_core.package_identification:_identify(src/ros_tutorials/turtlesim) by extension 'colcon_meta'
[5.135s] Level 1:colcon.colcon_core.package_identification:_identify(src/ros_tutorials/turtlesim) by extensions ['ros']
[5.135s] Level 1:colcon.colcon_core.package_identification:_identify(src/ros_tutorials/turtlesim) by extension 'ros'
[5.137s] DEBUG:colcon.colcon_core.package_identification:Package 'src/ros_tutorials/turtlesim' with type 'ros.ament_cmake' and name 'turtlesim'
[5.137s] Level 1:colcon.colcon_core.package_discovery:discover_packages(recursive) using defaults
[5.137s] Level 1:colcon.colcon_core.package_discovery:discover_packages(ignore) discover
[5.137s] Level 1:colcon.colcon_core.package_discovery:discover_packages(ignore) using defaults
[5.137s] Level 1:colcon.colcon_core.package_discovery:discover_packages(path) discover
[5.137s] Level 1:colcon.colcon_core.package_discovery:discover_packages(path) using defaults
[5.397s] INFO:colcon.colcon_core.package_selection:Skipping not selected package 'turtlesim' in 'src/ros_tutorials/turtlesim'
[5.537s] Level 1:colcon.colcon_core.package_discovery:discover_packages(prefix_path) check parameters
[5.537s] Level 1:colcon.colcon_core.package_discovery:discover_packages(prefix_path) discover
[5.673s] DEBUG:colcon.colcon_installed_package_information.package_discovery:Found 2 installed packages in /home/kurisaw/Desktop/catkin_ws/install
[5.745s] DEBUG:colcon.colcon_installed_package_information.package_discovery:Found 4 installed packages in /home/kurisaw/catkin_ws/install
[5.814s] DEBUG:colcon.colcon_installed_package_information.package_discovery:Found 257 installed packages in /opt/ros/foxy
[5.817s] Level 1:colcon.colcon_core.package_discovery:discover_packages(prefix_path) using defaults
[6.200s] Level 5:colcon.colcon_core.verb:set package 'my_serial_node' build argument 'cmake_args' from command line to 'None'
[6.202s] Level 5:colcon.colcon_core.verb:set package 'my_serial_node' build argument 'cmake_target' from command line to 'None'
[6.202s] Level 5:colcon.colcon_core.verb:set package 'my_serial_node' build argument 'cmake_target_skip_unavailable' from command line to 'False'
[6.203s] Level 5:colcon.colcon_core.verb:set package 'my_serial_node' build argument 'cmake_clean_cache' from command line to 'False'
[6.203s] Level 5:colcon.colcon_core.verb:set package 'my_serial_node' build argument 'cmake_clean_first' from command line to 'False'
[6.203s] Level 5:colcon.colcon_core.verb:set package 'my_serial_node' build argument 'cmake_force_configure' from command line to 'False'
[6.203s] Level 5:colcon.colcon_core.verb:set package 'my_serial_node' build argument 'ament_cmake_args' from command line to 'None'
[6.203s] Level 5:colcon.colcon_core.verb:set package 'my_serial_node' build argument 'catkin_cmake_args' from command line to 'None'
[6.203s] Level 5:colcon.colcon_core.verb:set package 'my_serial_node' build argument 'catkin_skip_building_tests' from command line to 'False'
[6.203s] DEBUG:colcon.colcon_core.verb:Building package 'my_serial_node' with the following arguments: {'ament_cmake_args': None, 'build_base': '/home/kurisaw/Desktop/catkin_ws/build/my_serial_node', 'catkin_cmake_args': None, 'catkin_skip_building_tests': False, 'cmake_args': None, 'cmake_clean_cache': False, 'cmake_clean_first': False, 'cmake_force_configure': False, 'cmake_target': None, 'cmake_target_skip_unavailable': False, 'install_base': '/home/kurisaw/Desktop/catkin_ws/install/my_serial_node', 'merge_install': False, 'path': '/home/kurisaw/Desktop/catkin_ws/src/my_serial_node', 'symlink_install': False, 'test_result_base': None}
[6.265s] INFO:colcon.colcon_core.executor:Executing jobs using 'parallel' executor
[6.333s] DEBUG:colcon.colcon_parallel_executor.executor.parallel:run_until_complete
[6.334s] INFO:colcon.colcon_ros.task.ament_cmake.build:Building ROS package in '/home/kurisaw/Desktop/catkin_ws/src/my_serial_node' with build type 'ament_cmake'
[6.335s] INFO:colcon.colcon_cmake.task.cmake.build:Building CMake package in '/home/kurisaw/Desktop/catkin_ws/src/my_serial_node'
[6.414s] INFO:colcon.colcon_core.plugin_system:Skipping extension 'colcon_core.shell.bat': Not used on non-Windows systems
[6.414s] INFO:colcon.colcon_core.shell:Skip shell extension 'powershell' for command environment: Not usable outside of PowerShell
[6.414s] DEBUG:colcon.colcon_core.shell:Skip shell extension 'dsv' for command environment
[6.787s] DEBUG:colcon.colcon_core.event_handler.log_command:Invoking command in '/home/kurisaw/Desktop/catkin_ws/build/my_serial_node': CMAKE_PREFIX_PATH=${CMAKE_PREFIX_PATH}:/opt/ros/foxy /usr/bin/cmake --build /home/kurisaw/Desktop/catkin_ws/build/my_serial_node -- -j4 -l4
[26.871s] DEBUG:colcon.colcon_core.event_handler.log_command:Invoked command in '/home/kurisaw/Desktop/catkin_ws/build/my_serial_node' returned '0': CMAKE_PREFIX_PATH=${CMAKE_PREFIX_PATH}:/opt/ros/foxy /usr/bin/cmake --build /home/kurisaw/Desktop/catkin_ws/build/my_serial_node -- -j4 -l4
[27.045s] DEBUG:colcon.colcon_core.event_handler.log_command:Invoking command in '/home/kurisaw/Desktop/catkin_ws/build/my_serial_node': CMAKE_PREFIX_PATH=${CMAKE_PREFIX_PATH}:/opt/ros/foxy /usr/bin/cmake --install /home/kurisaw/Desktop/catkin_ws/build/my_serial_node
[27.188s] Level 1:colcon.colcon_core.environment:create_environment_scripts_only(my_serial_node)
[27.191s] DEBUG:colcon.colcon_core.event_handler.log_command:Invoked command in '/home/kurisaw/Desktop/catkin_ws/build/my_serial_node' returned '0': CMAKE_PREFIX_PATH=${CMAKE_PREFIX_PATH}:/opt/ros/foxy /usr/bin/cmake --install /home/kurisaw/Desktop/catkin_ws/build/my_serial_node
[27.305s] Level 1:colcon.colcon_core.environment:checking '/home/kurisaw/Desktop/catkin_ws/install/my_serial_node' for CMake module files
[27.307s] Level 1:colcon.colcon_core.environment:checking '/home/kurisaw/Desktop/catkin_ws/install/my_serial_node' for CMake config files
[27.313s] Level 1:colcon.colcon_core.shell:create_environment_hook('my_serial_node', 'cmake_prefix_path')
[27.451s] INFO:colcon.colcon_core.shell:Creating environment hook '/home/kurisaw/Desktop/catkin_ws/install/my_serial_node/share/my_serial_node/hook/cmake_prefix_path.ps1'
[27.459s] INFO:colcon.colcon_core.shell:Creating environment descriptor '/home/kurisaw/Desktop/catkin_ws/install/my_serial_node/share/my_serial_node/hook/cmake_prefix_path.dsv'
[27.461s] INFO:colcon.colcon_core.shell:Creating environment hook '/home/kurisaw/Desktop/catkin_ws/install/my_serial_node/share/my_serial_node/hook/cmake_prefix_path.sh'
[27.464s] Level 1:colcon.colcon_core.environment:checking '/home/kurisaw/Desktop/catkin_ws/install/my_serial_node/lib'
[27.464s] Level 1:colcon.colcon_core.environment:checking '/home/kurisaw/Desktop/catkin_ws/install/my_serial_node/bin'
[27.465s] Level 1:colcon.colcon_core.environment:checking '/home/kurisaw/Desktop/catkin_ws/install/my_serial_node/lib/pkgconfig/my_serial_node.pc'
[27.465s] Level 1:colcon.colcon_core.environment:checking '/home/kurisaw/Desktop/catkin_ws/install/my_serial_node/lib/python3.8/site-packages'
[27.466s] Level 1:colcon.colcon_core.environment:checking '/home/kurisaw/Desktop/catkin_ws/install/my_serial_node/bin'
[27.542s] INFO:colcon.colcon_core.shell:Creating package script '/home/kurisaw/Desktop/catkin_ws/install/my_serial_node/share/my_serial_node/package.ps1'
[27.550s] INFO:colcon.colcon_core.shell:Creating package descriptor '/home/kurisaw/Desktop/catkin_ws/install/my_serial_node/share/my_serial_node/package.dsv'
[27.552s] INFO:colcon.colcon_core.shell:Creating package script '/home/kurisaw/Desktop/catkin_ws/install/my_serial_node/share/my_serial_node/package.sh'
[27.556s] INFO:colcon.colcon_core.shell:Creating package script '/home/kurisaw/Desktop/catkin_ws/install/my_serial_node/share/my_serial_node/package.bash'
[27.559s] INFO:colcon.colcon_core.shell:Creating package script '/home/kurisaw/Desktop/catkin_ws/install/my_serial_node/share/my_serial_node/package.zsh'
[27.563s] Level 1:colcon.colcon_core.environment:create_file_with_runtime_dependencies(/home/kurisaw/Desktop/catkin_ws/install/my_serial_node/share/colcon-core/packages/my_serial_node)
[27.781s] Level 1:colcon.colcon_core.environment:create_environment_scripts_only(my_serial_node)
[27.857s] Level 1:colcon.colcon_core.environment:checking '/home/kurisaw/Desktop/catkin_ws/install/my_serial_node' for CMake module files
[27.859s] Level 1:colcon.colcon_core.environment:checking '/home/kurisaw/Desktop/catkin_ws/install/my_serial_node' for CMake config files
[27.861s] Level 1:colcon.colcon_core.shell:create_environment_hook('my_serial_node', 'cmake_prefix_path')
[27.940s] INFO:colcon.colcon_core.shell:Creating environment hook '/home/kurisaw/Desktop/catkin_ws/install/my_serial_node/share/my_serial_node/hook/cmake_prefix_path.ps1'
[27.942s] INFO:colcon.colcon_core.shell:Creating environment descriptor '/home/kurisaw/Desktop/catkin_ws/install/my_serial_node/share/my_serial_node/hook/cmake_prefix_path.dsv'
[27.943s] INFO:colcon.colcon_core.shell:Creating environment hook '/home/kurisaw/Desktop/catkin_ws/install/my_serial_node/share/my_serial_node/hook/cmake_prefix_path.sh'
[27.945s] Level 1:colcon.colcon_core.environment:checking '/home/kurisaw/Desktop/catkin_ws/install/my_serial_node/lib'
[27.945s] Level 1:colcon.colcon_core.environment:checking '/home/kurisaw/Desktop/catkin_ws/install/my_serial_node/bin'
[27.945s] Level 1:colcon.colcon_core.environment:checking '/home/kurisaw/Desktop/catkin_ws/install/my_serial_node/lib/pkgconfig/my_serial_node.pc'
[27.946s] Level 1:colcon.colcon_core.environment:checking '/home/kurisaw/Desktop/catkin_ws/install/my_serial_node/lib/python3.8/site-packages'
[27.946s] Level 1:colcon.colcon_core.environment:checking '/home/kurisaw/Desktop/catkin_ws/install/my_serial_node/bin'
[28.027s] INFO:colcon.colcon_core.shell:Creating package script '/home/kurisaw/Desktop/catkin_ws/install/my_serial_node/share/my_serial_node/package.ps1'
[28.028s] INFO:colcon.colcon_core.shell:Creating package descriptor '/home/kurisaw/Desktop/catkin_ws/install/my_serial_node/share/my_serial_node/package.dsv'
[28.030s] INFO:colcon.colcon_core.shell:Creating package script '/home/kurisaw/Desktop/catkin_ws/install/my_serial_node/share/my_serial_node/package.sh'
[28.032s] INFO:colcon.colcon_core.shell:Creating package script '/home/kurisaw/Desktop/catkin_ws/install/my_serial_node/share/my_serial_node/package.bash'
[28.033s] INFO:colcon.colcon_core.shell:Creating package script '/home/kurisaw/Desktop/catkin_ws/install/my_serial_node/share/my_serial_node/package.zsh'
[28.035s] Level 1:colcon.colcon_core.environment:create_file_with_runtime_dependencies(/home/kurisaw/Desktop/catkin_ws/install/my_serial_node/share/colcon-core/packages/my_serial_node)
[28.037s] DEBUG:colcon.colcon_parallel_executor.executor.parallel:closing loop
[28.038s] DEBUG:colcon.colcon_parallel_executor.executor.parallel:loop closed
[28.040s] DEBUG:colcon.colcon_parallel_executor.executor.parallel:run_until_complete finished with '0'
[28.040s] DEBUG:colcon.colcon_core.event_reactor:joining thread
[28.151s] INFO:colcon.colcon_core.plugin_system:Skipping extension 'colcon_notification.desktop_notification.terminal_notifier': Not used on non-Darwin systems
[28.151s] INFO:colcon.colcon_core.plugin_system:Skipping extension 'colcon_notification.desktop_notification.win32': Not used on non-Windows systems
[28.152s] INFO:colcon.colcon_notification.desktop_notification:Sending desktop notification using 'notify2'
[28.402s] DEBUG:colcon.colcon_core.event_reactor:joined thread
[28.505s] INFO:colcon.colcon_core.shell:Creating prefix script '/home/kurisaw/Desktop/catkin_ws/install/local_setup.ps1'
[28.508s] INFO:colcon.colcon_core.shell:Creating prefix util module '/home/kurisaw/Desktop/catkin_ws/install/_local_setup_util_ps1.py'
[28.513s] INFO:colcon.colcon_core.shell:Creating prefix chain script '/home/kurisaw/Desktop/catkin_ws/install/setup.ps1'
[28.605s] INFO:colcon.colcon_core.shell:Creating prefix script '/home/kurisaw/Desktop/catkin_ws/install/local_setup.sh'
[28.607s] INFO:colcon.colcon_core.shell:Creating prefix util module '/home/kurisaw/Desktop/catkin_ws/install/_local_setup_util_sh.py'
[28.608s] INFO:colcon.colcon_core.shell:Creating prefix chain script '/home/kurisaw/Desktop/catkin_ws/install/setup.sh'
[28.689s] INFO:colcon.colcon_core.shell:Creating prefix script '/home/kurisaw/Desktop/catkin_ws/install/local_setup.bash'
[28.691s] INFO:colcon.colcon_core.shell:Creating prefix chain script '/home/kurisaw/Desktop/catkin_ws/install/setup.bash'
[28.775s] INFO:colcon.colcon_core.shell:Creating prefix script '/home/kurisaw/Desktop/catkin_ws/install/local_setup.zsh'
[28.777s] INFO:colcon.colcon_core.shell:Creating prefix chain script '/home/kurisaw/Desktop/catkin_ws/install/setup.zsh'
