[0.574s] Invoking command in '/home/kurisaw/Desktop/catkin_ws/build/my_serial_node': CMAKE_PREFIX_PATH=${CMAKE_PREFIX_PATH}:/opt/ros/foxy /usr/bin/cmake /home/kurisaw/Desktop/catkin_ws/src/my_serial_node -DCMAKE_INSTALL_PREFIX=/home/kurisaw/Desktop/catkin_ws/install/my_serial_node
[0.849s] -- The C compiler identification is GNU 9.4.0
[1.094s] -- The CXX compiler identification is GNU 9.4.0
[1.125s] -- Detecting C compiler ABI info
[1.411s] -- Detecting C compiler ABI info - done
[1.427s] -- Check for working C compiler: /usr/bin/cc - skipped
[1.430s] -- Detecting C compile features
[1.432s] -- Detecting C compile features - done
[1.445s] -- Detecting CXX compiler ABI info
[1.809s] -- Detecting CXX compiler ABI info - done
[1.831s] -- Check for working CXX compiler: /usr/bin/c++ - skipped
[1.832s] -- Detecting CXX compile features
[1.833s] -- Detecting CXX compile features - done
[1.840s] -- Found ament_cmake: 0.9.12 (/opt/ros/foxy/share/ament_cmake/cmake)
[1.927s] -- Found PythonInterp: /usr/bin/python3 (found suitable version "3.8.10", minimum required is "3") 
[1.927s] -- Using PYTHON_EXECUTABLE: /usr/bin/python3
[2.584s] -- Found rclcpp: 2.4.3 (/opt/ros/foxy/share/rclcpp/cmake)
[2.700s] -- Using all available rosidl_typesupport_c: rosidl_typesupport_fastrtps_c;rosidl_typesupport_introspection_c
[2.722s] -- Found rosidl_adapter: 1.3.1 (/opt/ros/foxy/share/rosidl_adapter/cmake)
[3.116s] -- Found OpenSSL: /usr/lib/x86_64-linux-gnu/libcrypto.so (found version "1.1.1f")  
[3.203s] -- Found FastRTPS: /opt/ros/foxy/include  
[3.487s] -- Using all available rosidl_typesupport_cpp: rosidl_typesupport_fastrtps_cpp;rosidl_typesupport_introspection_cpp
[3.643s] -- Found rmw_implementation_cmake: 1.0.4 (/opt/ros/foxy/share/rmw_implementation_cmake/cmake)
[3.646s] -- Using RMW implementation 'rmw_fastrtps_cpp' as default
[3.651s] -- Looking for pthread.h
[3.961s] -- Looking for pthread.h - found
[3.961s] -- Performing Test CMAKE_HAVE_LIBC_PTHREAD
[4.261s] -- Performing Test CMAKE_HAVE_LIBC_PTHREAD - Failed
[4.261s] -- Looking for pthread_create in pthreads
[4.531s] -- Looking for pthread_create in pthreads - not found
[4.532s] -- Looking for pthread_create in pthread
[4.792s] -- Looking for pthread_create in pthread - found
[4.798s] -- Found Threads: TRUE  
[5.134s] -- Found turtlesim: 1.2.6 (/opt/ros/foxy/share/turtlesim/cmake)
[5.402s] -- Found ament_lint_auto: 0.9.8 (/opt/ros/foxy/share/ament_lint_auto/cmake)
[5.645s] -- Added test 'copyright' to check source files copyright and LICENSE
[5.653s] -- Added test 'cppcheck' to perform static code analysis on C / C++ code
[5.653s] -- Configured cppcheck include dirs: 
[5.654s] -- Configured cppcheck exclude dirs and/or files: 
[5.661s] -- Added test 'cpplint' to check C / C++ code against the Google style
[5.661s] -- Configured cpplint exclude dirs and/or files: 
[5.666s] -- Added test 'lint_cmake' to check CMake code style
[5.676s] -- Added test 'uncrustify' to check C / C++ code style
[5.677s] -- Configured uncrustify additional arguments: 
[5.679s] -- Added test 'xmllint' to check XML markup files
[5.685s] -- Configuring done
[5.728s] -- Generating done
[5.737s] -- Build files have been written to: /home/kurisaw/Desktop/catkin_ws/build/my_serial_node
[5.776s] Invoked command in '/home/kurisaw/Desktop/catkin_ws/build/my_serial_node' returned '0': CMAKE_PREFIX_PATH=${CMAKE_PREFIX_PATH}:/opt/ros/foxy /usr/bin/cmake /home/kurisaw/Desktop/catkin_ws/src/my_serial_node -DCMAKE_INSTALL_PREFIX=/home/kurisaw/Desktop/catkin_ws/install/my_serial_node
[5.781s] Invoking command in '/home/kurisaw/Desktop/catkin_ws/build/my_serial_node': CMAKE_PREFIX_PATH=${CMAKE_PREFIX_PATH}:/opt/ros/foxy /usr/bin/cmake --build /home/kurisaw/Desktop/catkin_ws/build/my_serial_node -- -j4 -l4
[5.897s] [ 50%] [32mBuilding CXX object CMakeFiles/serial_node.dir/src/my_serial_node.cpp.o[0m
[21.767s] [100%] [32m[1mLinking CXX executable serial_node[0m
[24.379s] [100%] Built target serial_node
[24.440s] Invoked command in '/home/kurisaw/Desktop/catkin_ws/build/my_serial_node' returned '0': CMAKE_PREFIX_PATH=${CMAKE_PREFIX_PATH}:/opt/ros/foxy /usr/bin/cmake --build /home/kurisaw/Desktop/catkin_ws/build/my_serial_node -- -j4 -l4
[24.804s] Invoking command in '/home/kurisaw/Desktop/catkin_ws/build/my_serial_node': CMAKE_PREFIX_PATH=${CMAKE_PREFIX_PATH}:/opt/ros/foxy /usr/bin/cmake --install /home/kurisaw/Desktop/catkin_ws/build/my_serial_node
[24.871s] -- Install configuration: ""
[24.872s] -- Installing: /home/kurisaw/Desktop/catkin_ws/install/my_serial_node/lib/my_serial_node/serial_node
[24.897s] -- Set runtime path of "/home/kurisaw/Desktop/catkin_ws/install/my_serial_node/lib/my_serial_node/serial_node" to ""
[24.897s] -- Installing: /home/kurisaw/Desktop/catkin_ws/install/my_serial_node/share/my_serial_node//launch
[24.911s] -- Installing: /home/kurisaw/Desktop/catkin_ws/install/my_serial_node/share/ament_index/resource_index/package_run_dependencies/my_serial_node
[24.911s] -- Installing: /home/kurisaw/Desktop/catkin_ws/install/my_serial_node/share/ament_index/resource_index/parent_prefix_path/my_serial_node
[24.911s] -- Installing: /home/kurisaw/Desktop/catkin_ws/install/my_serial_node/share/my_serial_node/environment/ament_prefix_path.sh
[24.912s] -- Installing: /home/kurisaw/Desktop/catkin_ws/install/my_serial_node/share/my_serial_node/environment/ament_prefix_path.dsv
[24.912s] -- Installing: /home/kurisaw/Desktop/catkin_ws/install/my_serial_node/share/my_serial_node/environment/path.sh
[24.912s] -- Installing: /home/kurisaw/Desktop/catkin_ws/install/my_serial_node/share/my_serial_node/environment/path.dsv
[24.913s] -- Installing: /home/kurisaw/Desktop/catkin_ws/install/my_serial_node/share/my_serial_node/local_setup.bash
[24.914s] -- Installing: /home/kurisaw/Desktop/catkin_ws/install/my_serial_node/share/my_serial_node/local_setup.sh
[24.914s] -- Installing: /home/kurisaw/Desktop/catkin_ws/install/my_serial_node/share/my_serial_node/local_setup.zsh
[24.915s] -- Installing: /home/kurisaw/Desktop/catkin_ws/install/my_serial_node/share/my_serial_node/local_setup.dsv
[24.915s] -- Installing: /home/kurisaw/Desktop/catkin_ws/install/my_serial_node/share/my_serial_node/package.dsv
[24.915s] -- Installing: /home/kurisaw/Desktop/catkin_ws/install/my_serial_node/share/ament_index/resource_index/packages/my_serial_node
[24.916s] -- Installing: /home/kurisaw/Desktop/catkin_ws/install/my_serial_node/share/my_serial_node/cmake/my_serial_nodeConfig.cmake
[24.916s] -- Installing: /home/kurisaw/Desktop/catkin_ws/install/my_serial_node/share/my_serial_node/cmake/my_serial_nodeConfig-version.cmake
[24.917s] -- Installing: /home/kurisaw/Desktop/catkin_ws/install/my_serial_node/share/my_serial_node/package.xml
[24.938s] Invoked command in '/home/kurisaw/Desktop/catkin_ws/build/my_serial_node' returned '0': CMAKE_PREFIX_PATH=${CMAKE_PREFIX_PATH}:/opt/ros/foxy /usr/bin/cmake --install /home/kurisaw/Desktop/catkin_ws/build/my_serial_node
