[01m[K/home/kurisaw/Desktop/catkin_ws/src/my_serial_node/src/my_serial_node.cpp:[m[K In member function ‘[01m[Kvoid PoseSubscriber::callback(turtlesim::msg::Pose_<std::allocator<void> >::SharedPtr) const[m[K’:
[01m[K/home/kurisaw/Desktop/catkin_ws/src/my_serial_node/src/my_serial_node.cpp:65:48:[m[K [01;31m[Kerror: [m[Kcannot convert ‘[01m[Kstd::string[m[K’ {aka ‘[01m[Kstd::__cxx11::basic_string<char>[m[K’} to ‘[01m[Kconst void*[m[K’
   65 |                 write(serial_fd, [01;31m[Kstd::to_string(msg->x)[m[K, sizeof(std::to_string(msg->x)));
      |                                  [01;31m[K~~~~~~~~~~~~~~^~~~~~~~[m[K
      |                                                [01;31m[K|[m[K
      |                                                [01;31m[Kstd::string {aka std::__cxx11::basic_string<char>}[m[K
In file included from [01m[K/home/kurisaw/Desktop/catkin_ws/src/my_serial_node/src/my_serial_node.cpp:4[m[K:
[01m[K/usr/include/unistd.h:366:45:[m[K [01;36m[Knote: [m[K  initializing argument 2 of ‘[01m[Kssize_t write(int, const void*, size_t)[m[K’
  366 | extern ssize_t write (int __fd, [01;36m[Kconst void *__buf[m[K, size_t __n) __wur;
      |                                 [01;36m[K~~~~~~~~~~~~^~~~~[m[K
[01m[K/home/kurisaw/Desktop/catkin_ws/src/my_serial_node/src/my_serial_node.cpp:67:48:[m[K [01;31m[Kerror: [m[Kcannot convert ‘[01m[Kstd::string[m[K’ {aka ‘[01m[Kstd::__cxx11::basic_string<char>[m[K’} to ‘[01m[Kconst void*[m[K’
   67 |                 write(serial_fd, [01;31m[Kstd::to_string(msg->y)[m[K, sizeof(std::to_string(msg->y)));
      |                                  [01;31m[K~~~~~~~~~~~~~~^~~~~~~~[m[K
      |                                                [01;31m[K|[m[K
      |                                                [01;31m[Kstd::string {aka std::__cxx11::basic_string<char>}[m[K
In file included from [01m[K/home/kurisaw/Desktop/catkin_ws/src/my_serial_node/src/my_serial_node.cpp:4[m[K:
[01m[K/usr/include/unistd.h:366:45:[m[K [01;36m[Knote: [m[K  initializing argument 2 of ‘[01m[Kssize_t write(int, const void*, size_t)[m[K’
  366 | extern ssize_t write (int __fd, [01;36m[Kconst void *__buf[m[K, size_t __n) __wur;
      |                                 [01;36m[K~~~~~~~~~~~~^~~~~[m[K
make[2]: *** [CMakeFiles/serial_node.dir/build.make:76: CMakeFiles/serial_node.dir/src/my_serial_node.cpp.o] Error 1
make[1]: *** [CMakeFiles/Makefile2:137: CMakeFiles/serial_node.dir/all] Error 2
make: *** [Makefile:146: all] Error 2
