[0.420s] Invoking command in '/home/kurisaw/Desktop/catkin_ws/build/my_serial_node': CMAKE_PREFIX_PATH=${CMAKE_PREFIX_PATH}:/opt/ros/foxy /usr/bin/cmake --build /home/kurisaw/Desktop/catkin_ws/build/my_serial_node -- -j4 -l4
[0.555s] [35m[1mConsolidate compiler generated dependencies of target serial_node[0m
[0.640s] [ 50%] [32mBuilding CXX object CMakeFiles/serial_node.dir/src/my_serial_node.cpp.o[0m
[4.045s] [01m[K/home/kurisaw/Desktop/catkin_ws/src/my_serial_node/src/my_serial_node.cpp:[m[K In member function ‘[01m[Kvoid PoseSubscriber::callback(turtlesim::msg::Pose_<std::allocator<void> >::SharedPtr) const[m[K’:
[4.046s] [01m[K/home/kurisaw/Desktop/catkin_ws/src/my_serial_node/src/my_serial_node.cpp:65:48:[m[K [01;31m[Kerror: [m[Kcannot convert ‘[01m[Kstd::string[m[K’ {aka ‘[01m[Kstd::__cxx11::basic_string<char>[m[K’} to ‘[01m[Kconst void*[m[K’
[4.046s]    65 |                 write(serial_fd, [01;31m[Kstd::to_string(msg->x)[m[K, sizeof(std::to_string(msg->x)));
[4.047s]       |                                  [01;31m[K~~~~~~~~~~~~~~^~~~~~~~[m[K
[4.047s]       |                                                [01;31m[K|[m[K
[4.047s]       |                                                [01;31m[Kstd::string {aka std::__cxx11::basic_string<char>}[m[K
[4.047s] In file included from [01m[K/home/kurisaw/Desktop/catkin_ws/src/my_serial_node/src/my_serial_node.cpp:4[m[K:
[4.047s] [01m[K/usr/include/unistd.h:366:45:[m[K [01;36m[Knote: [m[K  initializing argument 2 of ‘[01m[Kssize_t write(int, const void*, size_t)[m[K’
[4.048s]   366 | extern ssize_t write (int __fd, [01;36m[Kconst void *__buf[m[K, size_t __n) __wur;
[4.048s]       |                                 [01;36m[K~~~~~~~~~~~~^~~~~[m[K
[4.049s] [01m[K/home/kurisaw/Desktop/catkin_ws/src/my_serial_node/src/my_serial_node.cpp:67:48:[m[K [01;31m[Kerror: [m[Kcannot convert ‘[01m[Kstd::string[m[K’ {aka ‘[01m[Kstd::__cxx11::basic_string<char>[m[K’} to ‘[01m[Kconst void*[m[K’
[4.050s]    67 |                 write(serial_fd, [01;31m[Kstd::to_string(msg->y)[m[K, sizeof(std::to_string(msg->y)));
[4.051s]       |                                  [01;31m[K~~~~~~~~~~~~~~^~~~~~~~[m[K
[4.056s]       |                                                [01;31m[K|[m[K
[4.056s]       |                                                [01;31m[Kstd::string {aka std::__cxx11::basic_string<char>}[m[K
[4.057s] In file included from [01m[K/home/kurisaw/Desktop/catkin_ws/src/my_serial_node/src/my_serial_node.cpp:4[m[K:
[4.057s] [01m[K/usr/include/unistd.h:366:45:[m[K [01;36m[Knote: [m[K  initializing argument 2 of ‘[01m[Kssize_t write(int, const void*, size_t)[m[K’
[4.057s]   366 | extern ssize_t write (int __fd, [01;36m[Kconst void *__buf[m[K, size_t __n) __wur;
[4.057s]       |                                 [01;36m[K~~~~~~~~~~~~^~~~~[m[K
[6.538s] make[2]: *** [CMakeFiles/serial_node.dir/build.make:76: CMakeFiles/serial_node.dir/src/my_serial_node.cpp.o] Error 1
[6.540s] make[1]: *** [CMakeFiles/Makefile2:137: CMakeFiles/serial_node.dir/all] Error 2
[6.542s] make: *** [Makefile:146: all] Error 2
[6.555s] Invoked command in '/home/kurisaw/Desktop/catkin_ws/build/my_serial_node' returned '2': CMAKE_PREFIX_PATH=${CMAKE_PREFIX_PATH}:/opt/ros/foxy /usr/bin/cmake --build /home/kurisaw/Desktop/catkin_ws/build/my_serial_node -- -j4 -l4
