[0.584s] Invoking command in '/home/kurisaw/Desktop/catkin_ws/build/turtlesim': CMAKE_PREFIX_PATH=${CMAKE_PREFIX_PATH}:/opt/ros/foxy /usr/bin/cmake --build /home/kurisaw/Desktop/catkin_ws/build/turtlesim -- -j4 -l4
[0.794s] [ 10%] Built target turtlesim__rosidl_generator_c
[0.830s] [ 11%] Built target turtlesim__cpp
[0.947s] [ 21%] Built target turtlesim__rosidl_typesupport_introspection_c
[1.067s] [ 33%] Built target turtlesim__rosidl_typesupport_c
[1.072s] [ 41%] Built target turtlesim__rosidl_typesupport_cpp
[1.072s] [ 51%] Built target turtlesim__rosidl_typesupport_fastrtps_cpp
[1.094s] [ 61%] Built target turtlesim__rosidl_typesupport_introspection_cpp
[1.179s] [ 71%] Built target turtlesim__rosidl_typesupport_fastrtps_c
[1.240s] [ 71%] Built target turtlesim
[1.438s] [ 72%] Built target turtlesim__py
[1.487s] [ 78%] Built target turtlesim_node
[1.529s] [ 80%] Built target turtle_teleop_key
[1.600s] [ 82%] Built target draw_square
[1.614s] [ 84%] Built target mimic
[1.750s] [ 93%] Built target turtlesim__python
[1.977s] [ 95%] Built target turtlesim__rosidl_typesupport_c__pyext
[1.978s] [ 97%] Built target turtlesim__rosidl_typesupport_fastrtps_c__pyext
[2.008s] [100%] Built target turtlesim__rosidl_typesupport_introspection_c__pyext
[2.102s] Invoked command in '/home/kurisaw/Desktop/catkin_ws/build/turtlesim' returned '0': CMAKE_PREFIX_PATH=${CMAKE_PREFIX_PATH}:/opt/ros/foxy /usr/bin/cmake --build /home/kurisaw/Desktop/catkin_ws/build/turtlesim -- -j4 -l4
