[0.539s] Invoking command in '/home/kurisaw/Desktop/catkin_ws/build/turtlesim': CMAKE_PREFIX_PATH=${CMAKE_PREFIX_PATH}:/opt/ros/foxy /usr/bin/cmake --build /home/kurisaw/Desktop/catkin_ws/build/turtlesim -- -j4 -l4
[0.974s] [ 10%] Built target turtlesim__rosidl_generator_c
[1.132s] [ 11%] Built target turtlesim__cpp
[1.217s] [ 21%] Built target turtlesim__rosidl_typesupport_introspection_c
[1.253s] [ 31%] Built target turtlesim__rosidl_typesupport_c
[1.399s] [ 41%] Built target turtlesim__rosidl_typesupport_cpp
[1.414s] [ 51%] Built target turtlesim__rosidl_typesupport_fastrtps_cpp
[1.528s] [ 61%] Built target turtlesim__rosidl_typesupport_fastrtps_c
[1.534s] [ 71%] Built target turtlesim__rosidl_typesupport_introspection_cpp
[1.589s] [ 71%] Built target turtlesim
[1.776s] [ 73%] Built target draw_square
[1.785s] [ 74%] Built target turtlesim__py
[1.939s] [ 76%] Built target turtle_teleop_key
[1.963s] [ 82%] Built target turtlesim_node
[1.980s] [ 89%] Built target mimic
[1.986s] [ 93%] Built target turtlesim__python
[2.102s] [ 95%] Built target turtlesim__rosidl_typesupport_introspection_c__pyext
[2.134s] [ 97%] Built target turtlesim__rosidl_typesupport_c__pyext
[2.146s] [100%] Built target turtlesim__rosidl_typesupport_fastrtps_c__pyext
[2.230s] Invoked command in '/home/kurisaw/Desktop/catkin_ws/build/turtlesim' returned '0': CMAKE_PREFIX_PATH=${CMAKE_PREFIX_PATH}:/opt/ros/foxy /usr/bin/cmake --build /home/kurisaw/Desktop/catkin_ws/build/turtlesim -- -j4 -l4
