[0.972s] Invoking command in '/home/kurisaw/Desktop/catkin_ws/build/my_serial_node': CMAKE_PREFIX_PATH=${CMAKE_PREFIX_PATH}:/opt/ros/foxy /usr/bin/cmake --build /home/kurisaw/Desktop/catkin_ws/build/my_serial_node -- -j4 -l4
[1.131s] [35m[1mConsolidate compiler generated dependencies of target serial_node[0m
[1.250s] [ 50%] [32mBuilding CXX object CMakeFiles/serial_node.dir/src/my_serial_node.cpp.o[0m
[14.428s] [100%] [32m[1mLinking CXX executable serial_node[0m
[15.833s] [100%] Built target serial_node
[15.859s] Invoked command in '/home/kurisaw/Desktop/catkin_ws/build/my_serial_node' returned '0': CMAKE_PREFIX_PATH=${CMAKE_PREFIX_PATH}:/opt/ros/foxy /usr/bin/cmake --build /home/kurisaw/Desktop/catkin_ws/build/my_serial_node -- -j4 -l4
[16.007s] Invoking command in '/home/kurisaw/Desktop/catkin_ws/build/my_serial_node': CMAKE_PREFIX_PATH=${CMAKE_PREFIX_PATH}:/opt/ros/foxy /usr/bin/cmake --install /home/kurisaw/Desktop/catkin_ws/build/my_serial_node
[16.053s] -- Install configuration: ""
[16.054s] -- Installing: /home/kurisaw/Desktop/catkin_ws/install/my_serial_node/lib/my_serial_node/serial_node
[16.075s] -- Set runtime path of "/home/kurisaw/Desktop/catkin_ws/install/my_serial_node/lib/my_serial_node/serial_node" to ""
[16.075s] -- Up-to-date: /home/kurisaw/Desktop/catkin_ws/install/my_serial_node/share/my_serial_node//launch
[16.076s] -- Up-to-date: /home/kurisaw/Desktop/catkin_ws/install/my_serial_node/share/ament_index/resource_index/package_run_dependencies/my_serial_node
[16.077s] -- Up-to-date: /home/kurisaw/Desktop/catkin_ws/install/my_serial_node/share/ament_index/resource_index/parent_prefix_path/my_serial_node
[16.078s] -- Up-to-date: /home/kurisaw/Desktop/catkin_ws/install/my_serial_node/share/my_serial_node/environment/ament_prefix_path.sh
[16.081s] -- Up-to-date: /home/kurisaw/Desktop/catkin_ws/install/my_serial_node/share/my_serial_node/environment/ament_prefix_path.dsv
[16.085s] -- Up-to-date: /home/kurisaw/Desktop/catkin_ws/install/my_serial_node/share/my_serial_node/environment/path.sh
[16.086s] -- Up-to-date: /home/kurisaw/Desktop/catkin_ws/install/my_serial_node/share/my_serial_node/environment/path.dsv
[16.105s] -- Up-to-date: /home/kurisaw/Desktop/catkin_ws/install/my_serial_node/share/my_serial_node/local_setup.bash
[16.105s] -- Up-to-date: /home/kurisaw/Desktop/catkin_ws/install/my_serial_node/share/my_serial_node/local_setup.sh
[16.105s] -- Up-to-date: /home/kurisaw/Desktop/catkin_ws/install/my_serial_node/share/my_serial_node/local_setup.zsh
[16.106s] -- Up-to-date: /home/kurisaw/Desktop/catkin_ws/install/my_serial_node/share/my_serial_node/local_setup.dsv
[16.106s] -- Installing: /home/kurisaw/Desktop/catkin_ws/install/my_serial_node/share/my_serial_node/package.dsv
[16.106s] -- Up-to-date: /home/kurisaw/Desktop/catkin_ws/install/my_serial_node/share/ament_index/resource_index/packages/my_serial_node
[16.107s] -- Up-to-date: /home/kurisaw/Desktop/catkin_ws/install/my_serial_node/share/my_serial_node/cmake/my_serial_nodeConfig.cmake
[16.108s] -- Up-to-date: /home/kurisaw/Desktop/catkin_ws/install/my_serial_node/share/my_serial_node/cmake/my_serial_nodeConfig-version.cmake
[16.108s] -- Up-to-date: /home/kurisaw/Desktop/catkin_ws/install/my_serial_node/share/my_serial_node/package.xml
[16.109s] Invoked command in '/home/kurisaw/Desktop/catkin_ws/build/my_serial_node' returned '0': CMAKE_PREFIX_PATH=${CMAKE_PREFIX_PATH}:/opt/ros/foxy /usr/bin/cmake --install /home/kurisaw/Desktop/catkin_ws/build/my_serial_node
