[0.965s] Invoking command in '/home/kurisaw/Desktop/catkin_ws/build/my_serial_node': CMAKE_PREFIX_PATH=${CMAKE_PREFIX_PATH}:/opt/ros/foxy /usr/bin/cmake --build /home/kurisaw/Desktop/catkin_ws/build/my_serial_node -- -j4 -l4
[1.021s] -- Found ament_cmake: 0.9.12 (/opt/ros/foxy/share/ament_cmake/cmake)
[1.124s] -- Using PYTHON_EXECUTABLE: /usr/bin/python3
[2.005s] -- Found rclcpp: 2.4.3 (/opt/ros/foxy/share/rclcpp/cmake)
[2.155s] -- Using all available rosidl_typesupport_c: rosidl_typesupport_fastrtps_c;rosidl_typesupport_introspection_c
[2.177s] -- Found rosidl_adapter: 1.3.1 (/opt/ros/foxy/share/rosidl_adapter/cmake)
[2.697s] -- Using all available rosidl_typesupport_cpp: rosidl_typesupport_fastrtps_cpp;rosidl_typesupport_introspection_cpp
[2.924s] -- Found rmw_implementation_cmake: 1.0.4 (/opt/ros/foxy/share/rmw_implementation_cmake/cmake)
[2.934s] -- Using RMW implementation 'rmw_fastrtps_cpp' as default
[3.514s] -- Found turtlesim: 1.2.6 (/opt/ros/foxy/share/turtlesim/cmake)
[3.872s] [31mCMake Error at CMakeLists.txt:23 (find_package):
[3.873s]   By not providing "FindcJSON.cmake" in CMAKE_MODULE_PATH this project has
[3.873s]   asked CMake to find a package configuration file provided by "cJSON", but
[3.874s]   CMake did not find one.
[3.874s] 
[3.875s]   Could not find a package configuration file provided by "cJSON" with any of
[3.875s]   the following names:
[3.875s] 
[3.890s]     cJSONConfig.cmake
[3.891s]     cjson-config.cmake
[3.891s] 
[3.891s]   Add the installation prefix of "cJSON" to CMAKE_PREFIX_PATH or set
[3.891s]   "cJSON_DIR" to a directory containing one of the above files.  If "cJSON"
[3.891s]   provides a separate development package or SDK, be sure it has been
[3.892s]   installed.
[3.892s] 
[3.892s] [0m
[3.892s] -- Configuring incomplete, errors occurred!
[3.893s] See also "/home/kurisaw/Desktop/catkin_ws/build/my_serial_node/CMakeFiles/CMakeOutput.log".
[3.893s] See also "/home/kurisaw/Desktop/catkin_ws/build/my_serial_node/CMakeFiles/CMakeError.log".
[3.893s] make: *** [Makefile:267: cmake_check_build_system] Error 1
[3.919s] Invoked command in '/home/kurisaw/Desktop/catkin_ws/build/my_serial_node' returned '2': CMAKE_PREFIX_PATH=${CMAKE_PREFIX_PATH}:/opt/ros/foxy /usr/bin/cmake --build /home/kurisaw/Desktop/catkin_ws/build/my_serial_node -- -j4 -l4
