[0.934s] Invoking command in '/home/kurisaw/Desktop/catkin_ws/build/my_serial_node': CMAKE_PREFIX_PATH=${CMAKE_PREFIX_PATH}:/opt/ros/foxy /usr/bin/cmake --build /home/kurisaw/Desktop/catkin_ws/build/my_serial_node -- -j4 -l4
[1.057s] [35m[1mConsolidate compiler generated dependencies of target serial_node[0m
[1.165s] [ 50%] [32mBuilding CXX object CMakeFiles/serial_node.dir/src/my_serial_node.cpp.o[0m
[13.146s] [100%] [32m[1mLinking CXX executable serial_node[0m
[14.438s] [100%] Built target serial_node
[14.463s] Invoked command in '/home/kurisaw/Desktop/catkin_ws/build/my_serial_node' returned '0': CMAKE_PREFIX_PATH=${CMAKE_PREFIX_PATH}:/opt/ros/foxy /usr/bin/cmake --build /home/kurisaw/Desktop/catkin_ws/build/my_serial_node -- -j4 -l4
[14.607s] Invoking command in '/home/kurisaw/Desktop/catkin_ws/build/my_serial_node': CMAKE_PREFIX_PATH=${CMAKE_PREFIX_PATH}:/opt/ros/foxy /usr/bin/cmake --install /home/kurisaw/Desktop/catkin_ws/build/my_serial_node
[14.616s] -- Install configuration: ""
[14.618s] -- Installing: /home/kurisaw/Desktop/catkin_ws/install/my_serial_node/lib/my_serial_node/serial_node
[14.644s] -- Set runtime path of "/home/kurisaw/Desktop/catkin_ws/install/my_serial_node/lib/my_serial_node/serial_node" to ""
[14.645s] -- Up-to-date: /home/kurisaw/Desktop/catkin_ws/install/my_serial_node/share/my_serial_node//launch
[14.646s] -- Up-to-date: /home/kurisaw/Desktop/catkin_ws/install/my_serial_node/share/ament_index/resource_index/package_run_dependencies/my_serial_node
[14.646s] -- Up-to-date: /home/kurisaw/Desktop/catkin_ws/install/my_serial_node/share/ament_index/resource_index/parent_prefix_path/my_serial_node
[14.647s] -- Up-to-date: /home/kurisaw/Desktop/catkin_ws/install/my_serial_node/share/my_serial_node/environment/ament_prefix_path.sh
[14.647s] -- Up-to-date: /home/kurisaw/Desktop/catkin_ws/install/my_serial_node/share/my_serial_node/environment/ament_prefix_path.dsv
[14.647s] -- Up-to-date: /home/kurisaw/Desktop/catkin_ws/install/my_serial_node/share/my_serial_node/environment/path.sh
[14.647s] -- Up-to-date: /home/kurisaw/Desktop/catkin_ws/install/my_serial_node/share/my_serial_node/environment/path.dsv
[14.648s] -- Up-to-date: /home/kurisaw/Desktop/catkin_ws/install/my_serial_node/share/my_serial_node/local_setup.bash
[14.648s] -- Up-to-date: /home/kurisaw/Desktop/catkin_ws/install/my_serial_node/share/my_serial_node/local_setup.sh
[14.648s] -- Up-to-date: /home/kurisaw/Desktop/catkin_ws/install/my_serial_node/share/my_serial_node/local_setup.zsh
[14.648s] -- Up-to-date: /home/kurisaw/Desktop/catkin_ws/install/my_serial_node/share/my_serial_node/local_setup.dsv
[14.649s] -- Installing: /home/kurisaw/Desktop/catkin_ws/install/my_serial_node/share/my_serial_node/package.dsv
[14.649s] -- Up-to-date: /home/kurisaw/Desktop/catkin_ws/install/my_serial_node/share/ament_index/resource_index/packages/my_serial_node
[14.650s] -- Up-to-date: /home/kurisaw/Desktop/catkin_ws/install/my_serial_node/share/my_serial_node/cmake/my_serial_nodeConfig.cmake
[14.650s] -- Up-to-date: /home/kurisaw/Desktop/catkin_ws/install/my_serial_node/share/my_serial_node/cmake/my_serial_nodeConfig-version.cmake
[14.650s] -- Up-to-date: /home/kurisaw/Desktop/catkin_ws/install/my_serial_node/share/my_serial_node/package.xml
[14.657s] Invoked command in '/home/kurisaw/Desktop/catkin_ws/build/my_serial_node' returned '0': CMAKE_PREFIX_PATH=${CMAKE_PREFIX_PATH}:/opt/ros/foxy /usr/bin/cmake --install /home/kurisaw/Desktop/catkin_ws/build/my_serial_node
