[0.639s] Invoking command in '/home/kurisaw/Desktop/catkin_ws/build/my_serial_node': CMAKE_PREFIX_PATH=/opt/ros/foxy /usr/bin/cmake --build /home/kurisaw/Desktop/catkin_ws/build/my_serial_node -- -j4 -l4
[0.750s] -- Found ament_cmake: 0.9.12 (/opt/ros/foxy/share/ament_cmake/cmake)
[0.920s] -- Using PYTHON_EXECUTABLE: /usr/bin/python3
[1.755s] -- Found rclcpp: 2.4.3 (/opt/ros/foxy/share/rclcpp/cmake)
[1.917s] -- Using all available rosidl_typesupport_c: rosidl_typesupport_fastrtps_c;rosidl_typesupport_introspection_c
[1.918s] -- Found rosidl_adapter: 1.3.1 (/opt/ros/foxy/share/rosidl_adapter/cmake)
[2.422s] -- Using all available rosidl_typesupport_cpp: rosidl_typesupport_fastrtps_cpp;rosidl_typesupport_introspection_cpp
[2.673s] -- Found rmw_implementation_cmake: 1.0.4 (/opt/ros/foxy/share/rmw_implementation_cmake/cmake)
[2.680s] -- Using RMW implementation 'rmw_fastrtps_cpp' as default
[3.130s] -- Found turtlesim: 1.2.6 (/opt/ros/foxy/share/turtlesim/cmake)
[3.584s] [31mCMake Error at CMakeLists.txt:23 (find_package):
[3.586s]   By not providing "FindcJSON.cmake" in CMAKE_MODULE_PATH this project has
[3.587s]   asked CMake to find a package configuration file provided by "cJSON", but
[3.588s]   CMake did not find one.
[3.589s] 
[3.590s]   Could not find a package configuration file provided by "cJSON" with any of
[3.592s]   the following names:
[3.594s] 
[3.594s]     cJSONConfig.cmake
[3.596s]     cjson-config.cmake
[3.596s] 
[3.598s]   Add the installation prefix of "cJSON" to CMAKE_PREFIX_PATH or set
[3.599s]   "cJSON_DIR" to a directory containing one of the above files.  If "cJSON"
[3.600s]   provides a separate development package or SDK, be sure it has been
[3.602s]   installed.
[3.602s] 
[3.603s] [0m
[3.605s] -- Configuring incomplete, errors occurred!
[3.605s] See also "/home/kurisaw/Desktop/catkin_ws/build/my_serial_node/CMakeFiles/CMakeOutput.log".
[3.606s] See also "/home/kurisaw/Desktop/catkin_ws/build/my_serial_node/CMakeFiles/CMakeError.log".
[3.649s] make: *** [Makefile:267: cmake_check_build_system] Error 1
[3.658s] Invoked command in '/home/kurisaw/Desktop/catkin_ws/build/my_serial_node' returned '2': CMAKE_PREFIX_PATH=/opt/ros/foxy /usr/bin/cmake --build /home/kurisaw/Desktop/catkin_ws/build/my_serial_node -- -j4 -l4
