[0.574s] Invoking command in '/home/kurisaw/Desktop/catkin_ws/build/turtlesim': CMAKE_PREFIX_PATH=${CMAKE_PREFIX_PATH}:/opt/ros/foxy /usr/bin/cmake --build /home/kurisaw/Desktop/catkin_ws/build/turtlesim -- -j4 -l4
[0.776s] [  1%] Built target turtlesim__cpp
[0.816s] [ 11%] Built target turtlesim__rosidl_generator_c
[0.904s] [ 21%] Built target turtlesim__rosidl_typesupport_fastrtps_cpp
[0.944s] [ 31%] Built target turtlesim__rosidl_typesupport_introspection_c
[1.020s] [ 41%] Built target turtlesim__rosidl_typesupport_introspection_cpp
[1.040s] [ 51%] Built target turtlesim__rosidl_typesupport_cpp
[1.049s] [ 61%] Built target turtlesim__rosidl_typesupport_c
[1.091s] [ 71%] Built target turtlesim__rosidl_typesupport_fastrtps_c
[1.156s] [ 71%] Built target turtlesim
[1.299s] [ 72%] Built target turtlesim__py
[1.315s] [ 74%] Built target draw_square
[1.404s] [ 80%] Built target turtlesim_node
[1.413s] [ 82%] Built target turtle_teleop_key
[1.459s] [ 91%] Built target turtlesim__python
[1.476s] [ 93%] Built target mimic
[1.586s] [ 95%] Built target turtlesim__rosidl_typesupport_fastrtps_c__pyext
[1.607s] [ 97%] Built target turtlesim__rosidl_typesupport_c__pyext
[1.627s] [100%] Built target turtlesim__rosidl_typesupport_introspection_c__pyext
[1.696s] Invoked command in '/home/kurisaw/Desktop/catkin_ws/build/turtlesim' returned '0': CMAKE_PREFIX_PATH=${CMAKE_PREFIX_PATH}:/opt/ros/foxy /usr/bin/cmake --build /home/kurisaw/Desktop/catkin_ws/build/turtlesim -- -j4 -l4
[3.609s] Invoking command in '/home/kurisaw/Desktop/catkin_ws/build/turtlesim': CMAKE_PREFIX_PATH=${CMAKE_PREFIX_PATH}:/opt/ros/foxy /usr/bin/cmake --install /home/kurisaw/Desktop/catkin_ws/build/turtlesim
[3.656s] -- Install configuration: ""
[3.660s] -- Up-to-date: /home/kurisaw/Desktop/catkin_ws/install/turtlesim/share/ament_index/resource_index/rosidl_interfaces/turtlesim
[3.662s] -- Up-to-date: /home/kurisaw/Desktop/catkin_ws/install/turtlesim/include/turtlesim
[3.664s] -- Up-to-date: /home/kurisaw/Desktop/catkin_ws/install/turtlesim/include/turtlesim/action
[3.666s] -- Up-to-date: /home/kurisaw/Desktop/catkin_ws/install/turtlesim/include/turtlesim/action/rotate_absolute.h
[3.668s] -- Up-to-date: /home/kurisaw/Desktop/catkin_ws/install/turtlesim/include/turtlesim/action/detail
[3.669s] -- Up-to-date: /home/kurisaw/Desktop/catkin_ws/install/turtlesim/include/turtlesim/action/detail/rotate_absolute__struct.h
[3.670s] -- Up-to-date: /home/kurisaw/Desktop/catkin_ws/install/turtlesim/include/turtlesim/action/detail/rotate_absolute__functions.c
[3.671s] -- Up-to-date: /home/kurisaw/Desktop/catkin_ws/install/turtlesim/include/turtlesim/action/detail/rotate_absolute__type_support.h
[3.672s] -- Up-to-date: /home/kurisaw/Desktop/catkin_ws/install/turtlesim/include/turtlesim/action/detail/rotate_absolute__functions.h
[3.673s] -- Up-to-date: /home/kurisaw/Desktop/catkin_ws/install/turtlesim/include/turtlesim/msg
[3.675s] -- Up-to-date: /home/kurisaw/Desktop/catkin_ws/install/turtlesim/include/turtlesim/msg/rosidl_generator_c__visibility_control.h
[3.696s] -- Up-to-date: /home/kurisaw/Desktop/catkin_ws/install/turtlesim/include/turtlesim/msg/color.h
[3.697s] -- Up-to-date: /home/kurisaw/Desktop/catkin_ws/install/turtlesim/include/turtlesim/msg/pose.h
[3.706s] -- Up-to-date: /home/kurisaw/Desktop/catkin_ws/install/turtlesim/include/turtlesim/msg/detail
[3.707s] -- Up-to-date: /home/kurisaw/Desktop/catkin_ws/install/turtlesim/include/turtlesim/msg/detail/color__struct.h
[3.713s] -- Up-to-date: /home/kurisaw/Desktop/catkin_ws/install/turtlesim/include/turtlesim/msg/detail/color__type_support.h
[3.718s] -- Up-to-date: /home/kurisaw/Desktop/catkin_ws/install/turtlesim/include/turtlesim/msg/detail/pose__type_support.h
[3.720s] -- Up-to-date: /home/kurisaw/Desktop/catkin_ws/install/turtlesim/include/turtlesim/msg/detail/pose__functions.c
[3.729s] -- Up-to-date: /home/kurisaw/Desktop/catkin_ws/install/turtlesim/include/turtlesim/msg/detail/color__functions.c
[3.729s] -- Up-to-date: /home/kurisaw/Desktop/catkin_ws/install/turtlesim/include/turtlesim/msg/detail/pose__struct.h
[3.729s] -- Up-to-date: /home/kurisaw/Desktop/catkin_ws/install/turtlesim/include/turtlesim/msg/detail/pose__functions.h
[3.730s] -- Up-to-date: /home/kurisaw/Desktop/catkin_ws/install/turtlesim/include/turtlesim/msg/detail/color__functions.h
[3.731s] -- Up-to-date: /home/kurisaw/Desktop/catkin_ws/install/turtlesim/include/turtlesim/srv
[3.731s] -- Up-to-date: /home/kurisaw/Desktop/catkin_ws/install/turtlesim/include/turtlesim/srv/set_pen.h
[3.732s] -- Up-to-date: /home/kurisaw/Desktop/catkin_ws/install/turtlesim/include/turtlesim/srv/kill.h
[3.732s] -- Up-to-date: /home/kurisaw/Desktop/catkin_ws/install/turtlesim/include/turtlesim/srv/spawn.h
[3.732s] -- Up-to-date: /home/kurisaw/Desktop/catkin_ws/install/turtlesim/include/turtlesim/srv/teleport_relative.h
[3.733s] -- Up-to-date: /home/kurisaw/Desktop/catkin_ws/install/turtlesim/include/turtlesim/srv/detail
[3.733s] -- Up-to-date: /home/kurisaw/Desktop/catkin_ws/install/turtlesim/include/turtlesim/srv/detail/teleport_absolute__struct.h
[3.733s] -- Up-to-date: /home/kurisaw/Desktop/catkin_ws/install/turtlesim/include/turtlesim/srv/detail/teleport_relative__struct.h
[3.734s] -- Up-to-date: /home/kurisaw/Desktop/catkin_ws/install/turtlesim/include/turtlesim/srv/detail/teleport_relative__functions.h
[3.734s] -- Up-to-date: /home/kurisaw/Desktop/catkin_ws/install/turtlesim/include/turtlesim/srv/detail/kill__functions.c
[3.736s] -- Up-to-date: /home/kurisaw/Desktop/catkin_ws/install/turtlesim/include/turtlesim/srv/detail/spawn__functions.h
[3.737s] -- Up-to-date: /home/kurisaw/Desktop/catkin_ws/install/turtlesim/include/turtlesim/srv/detail/kill__type_support.h
[3.737s] -- Up-to-date: /home/kurisaw/Desktop/catkin_ws/install/turtlesim/include/turtlesim/srv/detail/set_pen__type_support.h
[3.741s] -- Up-to-date: /home/kurisaw/Desktop/catkin_ws/install/turtlesim/include/turtlesim/srv/detail/teleport_absolute__type_support.h
[3.741s] -- Up-to-date: /home/kurisaw/Desktop/catkin_ws/install/turtlesim/include/turtlesim/srv/detail/teleport_absolute__functions.h
[3.741s] -- Up-to-date: /home/kurisaw/Desktop/catkin_ws/install/turtlesim/include/turtlesim/srv/detail/set_pen__struct.h
[3.742s] -- Up-to-date: /home/kurisaw/Desktop/catkin_ws/install/turtlesim/include/turtlesim/srv/detail/teleport_absolute__functions.c
[3.742s] -- Up-to-date: /home/kurisaw/Desktop/catkin_ws/install/turtlesim/include/turtlesim/srv/detail/set_pen__functions.h
[3.743s] -- Up-to-date: /home/kurisaw/Desktop/catkin_ws/install/turtlesim/include/turtlesim/srv/detail/spawn__functions.c
[3.747s] -- Up-to-date: /home/kurisaw/Desktop/catkin_ws/install/turtlesim/include/turtlesim/srv/detail/kill__struct.h
[3.748s] -- Up-to-date: /home/kurisaw/Desktop/catkin_ws/install/turtlesim/include/turtlesim/srv/detail/teleport_relative__functions.c
[3.748s] -- Up-to-date: /home/kurisaw/Desktop/catkin_ws/install/turtlesim/include/turtlesim/srv/detail/spawn__struct.h
[3.748s] -- Up-to-date: /home/kurisaw/Desktop/catkin_ws/install/turtlesim/include/turtlesim/srv/detail/set_pen__functions.c
[3.749s] -- Up-to-date: /home/kurisaw/Desktop/catkin_ws/install/turtlesim/include/turtlesim/srv/detail/kill__functions.h
[3.751s] -- Up-to-date: /home/kurisaw/Desktop/catkin_ws/install/turtlesim/include/turtlesim/srv/detail/teleport_relative__type_support.h
[3.753s] -- Up-to-date: /home/kurisaw/Desktop/catkin_ws/install/turtlesim/include/turtlesim/srv/detail/spawn__type_support.h
[3.753s] -- Up-to-date: /home/kurisaw/Desktop/catkin_ws/install/turtlesim/include/turtlesim/srv/teleport_absolute.h
[3.756s] -- Up-to-date: /home/kurisaw/Desktop/catkin_ws/install/turtlesim/share/turtlesim/environment/library_path.sh
[3.756s] -- Up-to-date: /home/kurisaw/Desktop/catkin_ws/install/turtlesim/share/turtlesim/environment/library_path.dsv
[3.760s] -- Up-to-date: /home/kurisaw/Desktop/catkin_ws/install/turtlesim/lib/libturtlesim__rosidl_generator_c.so
[3.761s] -- Up-to-date: /home/kurisaw/Desktop/catkin_ws/install/turtlesim/include/turtlesim
[3.761s] -- Up-to-date: /home/kurisaw/Desktop/catkin_ws/install/turtlesim/include/turtlesim/action
[3.761s] -- Up-to-date: /home/kurisaw/Desktop/catkin_ws/install/turtlesim/include/turtlesim/action/detail
[3.762s] -- Up-to-date: /home/kurisaw/Desktop/catkin_ws/install/turtlesim/include/turtlesim/action/detail/rotate_absolute__rosidl_typesupport_fastrtps_c.h
[3.762s] -- Up-to-date: /home/kurisaw/Desktop/catkin_ws/install/turtlesim/include/turtlesim/msg
[3.763s] -- Up-to-date: /home/kurisaw/Desktop/catkin_ws/install/turtlesim/include/turtlesim/msg/rosidl_typesupport_fastrtps_c__visibility_control.h
[3.763s] -- Up-to-date: /home/kurisaw/Desktop/catkin_ws/install/turtlesim/include/turtlesim/msg/detail
[3.764s] -- Up-to-date: /home/kurisaw/Desktop/catkin_ws/install/turtlesim/include/turtlesim/msg/detail/color__rosidl_typesupport_fastrtps_c.h
[3.764s] -- Up-to-date: /home/kurisaw/Desktop/catkin_ws/install/turtlesim/include/turtlesim/msg/detail/pose__rosidl_typesupport_fastrtps_c.h
[3.765s] -- Up-to-date: /home/kurisaw/Desktop/catkin_ws/install/turtlesim/include/turtlesim/srv
[3.768s] -- Up-to-date: /home/kurisaw/Desktop/catkin_ws/install/turtlesim/include/turtlesim/srv/detail
[3.768s] -- Up-to-date: /home/kurisaw/Desktop/catkin_ws/install/turtlesim/include/turtlesim/srv/detail/teleport_absolute__rosidl_typesupport_fastrtps_c.h
[3.769s] -- Up-to-date: /home/kurisaw/Desktop/catkin_ws/install/turtlesim/include/turtlesim/srv/detail/set_pen__rosidl_typesupport_fastrtps_c.h
[3.770s] -- Up-to-date: /home/kurisaw/Desktop/catkin_ws/install/turtlesim/include/turtlesim/srv/detail/kill__rosidl_typesupport_fastrtps_c.h
[3.770s] -- Up-to-date: /home/kurisaw/Desktop/catkin_ws/install/turtlesim/include/turtlesim/srv/detail/teleport_relative__rosidl_typesupport_fastrtps_c.h
[3.771s] -- Up-to-date: /home/kurisaw/Desktop/catkin_ws/install/turtlesim/include/turtlesim/srv/detail/spawn__rosidl_typesupport_fastrtps_c.h
[3.772s] -- Up-to-date: /home/kurisaw/Desktop/catkin_ws/install/turtlesim/lib/libturtlesim__rosidl_typesupport_fastrtps_c.so
[3.773s] -- Up-to-date: /home/kurisaw/Desktop/catkin_ws/install/turtlesim/include/turtlesim
[3.773s] -- Up-to-date: /home/kurisaw/Desktop/catkin_ws/install/turtlesim/include/turtlesim/action
[3.773s] -- Up-to-date: /home/kurisaw/Desktop/catkin_ws/install/turtlesim/include/turtlesim/action/detail
[3.773s] -- Up-to-date: /home/kurisaw/Desktop/catkin_ws/install/turtlesim/include/turtlesim/action/detail/rotate_absolute__rosidl_typesupport_fastrtps_cpp.hpp
[3.774s] -- Up-to-date: /home/kurisaw/Desktop/catkin_ws/install/turtlesim/include/turtlesim/action/detail/dds_fastrtps
[3.774s] -- Up-to-date: /home/kurisaw/Desktop/catkin_ws/install/turtlesim/include/turtlesim/msg
[3.774s] -- Up-to-date: /home/kurisaw/Desktop/catkin_ws/install/turtlesim/include/turtlesim/msg/detail
[3.774s] -- Up-to-date: /home/kurisaw/Desktop/catkin_ws/install/turtlesim/include/turtlesim/msg/detail/pose__rosidl_typesupport_fastrtps_cpp.hpp
[3.775s] -- Up-to-date: /home/kurisaw/Desktop/catkin_ws/install/turtlesim/include/turtlesim/msg/detail/color__rosidl_typesupport_fastrtps_cpp.hpp
[3.775s] -- Up-to-date: /home/kurisaw/Desktop/catkin_ws/install/turtlesim/include/turtlesim/msg/detail/dds_fastrtps
[3.776s] -- Up-to-date: /home/kurisaw/Desktop/catkin_ws/install/turtlesim/include/turtlesim/msg/rosidl_typesupport_fastrtps_cpp__visibility_control.h
[3.776s] -- Up-to-date: /home/kurisaw/Desktop/catkin_ws/install/turtlesim/include/turtlesim/srv
[3.776s] -- Up-to-date: /home/kurisaw/Desktop/catkin_ws/install/turtlesim/include/turtlesim/srv/detail
[3.777s] -- Up-to-date: /home/kurisaw/Desktop/catkin_ws/install/turtlesim/include/turtlesim/srv/detail/spawn__rosidl_typesupport_fastrtps_cpp.hpp
[3.777s] -- Up-to-date: /home/kurisaw/Desktop/catkin_ws/install/turtlesim/include/turtlesim/srv/detail/teleport_relative__rosidl_typesupport_fastrtps_cpp.hpp
[3.777s] -- Up-to-date: /home/kurisaw/Desktop/catkin_ws/install/turtlesim/include/turtlesim/srv/detail/dds_fastrtps
[3.778s] -- Up-to-date: /home/kurisaw/Desktop/catkin_ws/install/turtlesim/include/turtlesim/srv/detail/set_pen__rosidl_typesupport_fastrtps_cpp.hpp
[3.778s] -- Up-to-date: /home/kurisaw/Desktop/catkin_ws/install/turtlesim/include/turtlesim/srv/detail/teleport_absolute__rosidl_typesupport_fastrtps_cpp.hpp
[3.778s] -- Up-to-date: /home/kurisaw/Desktop/catkin_ws/install/turtlesim/include/turtlesim/srv/detail/kill__rosidl_typesupport_fastrtps_cpp.hpp
[3.779s] -- Up-to-date: /home/kurisaw/Desktop/catkin_ws/install/turtlesim/lib/libturtlesim__rosidl_typesupport_fastrtps_cpp.so
[3.779s] -- Up-to-date: /home/kurisaw/Desktop/catkin_ws/install/turtlesim/include/turtlesim
[3.780s] -- Up-to-date: /home/kurisaw/Desktop/catkin_ws/install/turtlesim/include/turtlesim/action
[3.780s] -- Up-to-date: /home/kurisaw/Desktop/catkin_ws/install/turtlesim/include/turtlesim/action/detail
[3.780s] -- Up-to-date: /home/kurisaw/Desktop/catkin_ws/install/turtlesim/include/turtlesim/action/detail/rotate_absolute__rosidl_typesupport_introspection_c.h
[3.780s] -- Up-to-date: /home/kurisaw/Desktop/catkin_ws/install/turtlesim/include/turtlesim/action/detail/rotate_absolute__type_support.c
[3.781s] -- Up-to-date: /home/kurisaw/Desktop/catkin_ws/install/turtlesim/include/turtlesim/msg
[3.781s] -- Up-to-date: /home/kurisaw/Desktop/catkin_ws/install/turtlesim/include/turtlesim/msg/rosidl_typesupport_introspection_c__visibility_control.h
[3.781s] -- Up-to-date: /home/kurisaw/Desktop/catkin_ws/install/turtlesim/include/turtlesim/msg/detail
[3.781s] -- Up-to-date: /home/kurisaw/Desktop/catkin_ws/install/turtlesim/include/turtlesim/msg/detail/pose__type_support.c
[3.782s] -- Up-to-date: /home/kurisaw/Desktop/catkin_ws/install/turtlesim/include/turtlesim/msg/detail/color__rosidl_typesupport_introspection_c.h
[3.782s] -- Up-to-date: /home/kurisaw/Desktop/catkin_ws/install/turtlesim/include/turtlesim/msg/detail/pose__rosidl_typesupport_introspection_c.h
[3.783s] -- Up-to-date: /home/kurisaw/Desktop/catkin_ws/install/turtlesim/include/turtlesim/msg/detail/color__type_support.c
[3.783s] -- Up-to-date: /home/kurisaw/Desktop/catkin_ws/install/turtlesim/include/turtlesim/srv
[3.783s] -- Up-to-date: /home/kurisaw/Desktop/catkin_ws/install/turtlesim/include/turtlesim/srv/detail
[3.783s] -- Up-to-date: /home/kurisaw/Desktop/catkin_ws/install/turtlesim/include/turtlesim/srv/detail/spawn__rosidl_typesupport_introspection_c.h
[3.783s] -- Up-to-date: /home/kurisaw/Desktop/catkin_ws/install/turtlesim/include/turtlesim/srv/detail/kill__rosidl_typesupport_introspection_c.h
[3.784s] -- Up-to-date: /home/kurisaw/Desktop/catkin_ws/install/turtlesim/include/turtlesim/srv/detail/teleport_absolute__type_support.c
[3.784s] -- Up-to-date: /home/kurisaw/Desktop/catkin_ws/install/turtlesim/include/turtlesim/srv/detail/spawn__type_support.c
[3.784s] -- Up-to-date: /home/kurisaw/Desktop/catkin_ws/install/turtlesim/include/turtlesim/srv/detail/teleport_relative__type_support.c
[3.785s] -- Up-to-date: /home/kurisaw/Desktop/catkin_ws/install/turtlesim/include/turtlesim/srv/detail/teleport_absolute__rosidl_typesupport_introspection_c.h
[3.785s] -- Up-to-date: /home/kurisaw/Desktop/catkin_ws/install/turtlesim/include/turtlesim/srv/detail/teleport_relative__rosidl_typesupport_introspection_c.h
[3.785s] -- Up-to-date: /home/kurisaw/Desktop/catkin_ws/install/turtlesim/include/turtlesim/srv/detail/set_pen__type_support.c
[3.786s] -- Up-to-date: /home/kurisaw/Desktop/catkin_ws/install/turtlesim/include/turtlesim/srv/detail/kill__type_support.c
[3.786s] -- Up-to-date: /home/kurisaw/Desktop/catkin_ws/install/turtlesim/include/turtlesim/srv/detail/set_pen__rosidl_typesupport_introspection_c.h
[3.787s] -- Up-to-date: /home/kurisaw/Desktop/catkin_ws/install/turtlesim/lib/libturtlesim__rosidl_typesupport_introspection_c.so
[3.788s] -- Up-to-date: /home/kurisaw/Desktop/catkin_ws/install/turtlesim/lib/libturtlesim__rosidl_typesupport_c.so
[3.790s] -- Up-to-date: /home/kurisaw/Desktop/catkin_ws/install/turtlesim/include/turtlesim
[3.790s] -- Up-to-date: /home/kurisaw/Desktop/catkin_ws/install/turtlesim/include/turtlesim/action
[3.791s] -- Up-to-date: /home/kurisaw/Desktop/catkin_ws/install/turtlesim/include/turtlesim/action/rotate_absolute.hpp
[3.791s] -- Up-to-date: /home/kurisaw/Desktop/catkin_ws/install/turtlesim/include/turtlesim/action/detail
[3.791s] -- Up-to-date: /home/kurisaw/Desktop/catkin_ws/install/turtlesim/include/turtlesim/action/detail/rotate_absolute__traits.hpp
[3.792s] -- Up-to-date: /home/kurisaw/Desktop/catkin_ws/install/turtlesim/include/turtlesim/action/detail/rotate_absolute__builder.hpp
[3.793s] -- Up-to-date: /home/kurisaw/Desktop/catkin_ws/install/turtlesim/include/turtlesim/action/detail/rotate_absolute__type_support.hpp
[3.793s] -- Up-to-date: /home/kurisaw/Desktop/catkin_ws/install/turtlesim/include/turtlesim/action/detail/rotate_absolute__struct.hpp
[3.797s] -- Up-to-date: /home/kurisaw/Desktop/catkin_ws/install/turtlesim/include/turtlesim/msg
[3.797s] -- Up-to-date: /home/kurisaw/Desktop/catkin_ws/install/turtlesim/include/turtlesim/msg/color.hpp
[3.798s] -- Up-to-date: /home/kurisaw/Desktop/catkin_ws/install/turtlesim/include/turtlesim/msg/pose.hpp
[3.799s] -- Up-to-date: /home/kurisaw/Desktop/catkin_ws/install/turtlesim/include/turtlesim/msg/detail
[3.799s] -- Up-to-date: /home/kurisaw/Desktop/catkin_ws/install/turtlesim/include/turtlesim/msg/detail/color__type_support.hpp
[3.799s] -- Up-to-date: /home/kurisaw/Desktop/catkin_ws/install/turtlesim/include/turtlesim/msg/detail/color__struct.hpp
[3.800s] -- Up-to-date: /home/kurisaw/Desktop/catkin_ws/install/turtlesim/include/turtlesim/msg/detail/pose__traits.hpp
[3.800s] -- Up-to-date: /home/kurisaw/Desktop/catkin_ws/install/turtlesim/include/turtlesim/msg/detail/color__traits.hpp
[3.801s] -- Up-to-date: /home/kurisaw/Desktop/catkin_ws/install/turtlesim/include/turtlesim/msg/detail/pose__type_support.hpp
[3.801s] -- Up-to-date: /home/kurisaw/Desktop/catkin_ws/install/turtlesim/include/turtlesim/msg/detail/color__builder.hpp
[3.802s] -- Up-to-date: /home/kurisaw/Desktop/catkin_ws/install/turtlesim/include/turtlesim/msg/detail/pose__struct.hpp
[3.803s] -- Up-to-date: /home/kurisaw/Desktop/catkin_ws/install/turtlesim/include/turtlesim/msg/detail/pose__builder.hpp
[3.804s] -- Up-to-date: /home/kurisaw/Desktop/catkin_ws/install/turtlesim/include/turtlesim/msg/rosidl_generator_cpp__visibility_control.hpp
[3.804s] -- Up-to-date: /home/kurisaw/Desktop/catkin_ws/install/turtlesim/include/turtlesim/srv
[3.808s] -- Up-to-date: /home/kurisaw/Desktop/catkin_ws/install/turtlesim/include/turtlesim/srv/teleport_absolute.hpp
[3.812s] -- Up-to-date: /home/kurisaw/Desktop/catkin_ws/install/turtlesim/include/turtlesim/srv/spawn.hpp
[3.813s] -- Up-to-date: /home/kurisaw/Desktop/catkin_ws/install/turtlesim/include/turtlesim/srv/detail
[3.814s] -- Up-to-date: /home/kurisaw/Desktop/catkin_ws/install/turtlesim/include/turtlesim/srv/detail/set_pen__type_support.hpp
[3.815s] -- Up-to-date: /home/kurisaw/Desktop/catkin_ws/install/turtlesim/include/turtlesim/srv/detail/teleport_absolute__struct.hpp
[3.818s] -- Up-to-date: /home/kurisaw/Desktop/catkin_ws/install/turtlesim/include/turtlesim/srv/detail/teleport_absolute__builder.hpp
[3.819s] -- Up-to-date: /home/kurisaw/Desktop/catkin_ws/install/turtlesim/include/turtlesim/srv/detail/set_pen__traits.hpp
[3.819s] -- Up-to-date: /home/kurisaw/Desktop/catkin_ws/install/turtlesim/include/turtlesim/srv/detail/set_pen__builder.hpp
[3.820s] -- Up-to-date: /home/kurisaw/Desktop/catkin_ws/install/turtlesim/include/turtlesim/srv/detail/teleport_absolute__traits.hpp
[3.820s] -- Up-to-date: /home/kurisaw/Desktop/catkin_ws/install/turtlesim/include/turtlesim/srv/detail/set_pen__struct.hpp
[3.820s] -- Up-to-date: /home/kurisaw/Desktop/catkin_ws/install/turtlesim/include/turtlesim/srv/detail/teleport_relative__traits.hpp
[3.821s] -- Up-to-date: /home/kurisaw/Desktop/catkin_ws/install/turtlesim/include/turtlesim/srv/detail/spawn__traits.hpp
[3.821s] -- Up-to-date: /home/kurisaw/Desktop/catkin_ws/install/turtlesim/include/turtlesim/srv/detail/spawn__builder.hpp
[3.821s] -- Up-to-date: /home/kurisaw/Desktop/catkin_ws/install/turtlesim/include/turtlesim/srv/detail/teleport_absolute__type_support.hpp
[3.821s] -- Up-to-date: /home/kurisaw/Desktop/catkin_ws/install/turtlesim/include/turtlesim/srv/detail/spawn__type_support.hpp
[3.821s] -- Up-to-date: /home/kurisaw/Desktop/catkin_ws/install/turtlesim/include/turtlesim/srv/detail/kill__builder.hpp
[3.823s] -- Up-to-date: /home/kurisaw/Desktop/catkin_ws/install/turtlesim/include/turtlesim/srv/detail/kill__type_support.hpp
[3.823s] -- Up-to-date: /home/kurisaw/Desktop/catkin_ws/install/turtlesim/include/turtlesim/srv/detail/teleport_relative__struct.hpp
[3.824s] -- Up-to-date: /home/kurisaw/Desktop/catkin_ws/install/turtlesim/include/turtlesim/srv/detail/teleport_relative__builder.hpp
[3.824s] -- Up-to-date: /home/kurisaw/Desktop/catkin_ws/install/turtlesim/include/turtlesim/srv/detail/spawn__struct.hpp
[3.824s] -- Up-to-date: /home/kurisaw/Desktop/catkin_ws/install/turtlesim/include/turtlesim/srv/detail/kill__struct.hpp
[3.825s] -- Up-to-date: /home/kurisaw/Desktop/catkin_ws/install/turtlesim/include/turtlesim/srv/detail/kill__traits.hpp
[3.825s] -- Up-to-date: /home/kurisaw/Desktop/catkin_ws/install/turtlesim/include/turtlesim/srv/detail/teleport_relative__type_support.hpp
[3.825s] -- Up-to-date: /home/kurisaw/Desktop/catkin_ws/install/turtlesim/include/turtlesim/srv/kill.hpp
[3.825s] -- Up-to-date: /home/kurisaw/Desktop/catkin_ws/install/turtlesim/include/turtlesim/srv/set_pen.hpp
[3.826s] -- Up-to-date: /home/kurisaw/Desktop/catkin_ws/install/turtlesim/include/turtlesim/srv/teleport_relative.hpp
[3.826s] -- Up-to-date: /home/kurisaw/Desktop/catkin_ws/install/turtlesim/include/turtlesim
[3.827s] -- Up-to-date: /home/kurisaw/Desktop/catkin_ws/install/turtlesim/include/turtlesim/action
[3.828s] -- Up-to-date: /home/kurisaw/Desktop/catkin_ws/install/turtlesim/include/turtlesim/action/detail
[3.828s] -- Up-to-date: /home/kurisaw/Desktop/catkin_ws/install/turtlesim/include/turtlesim/action/detail/rotate_absolute__type_support.cpp
[3.828s] -- Up-to-date: /home/kurisaw/Desktop/catkin_ws/install/turtlesim/include/turtlesim/action/detail/rotate_absolute__rosidl_typesupport_introspection_cpp.hpp
[3.829s] -- Up-to-date: /home/kurisaw/Desktop/catkin_ws/install/turtlesim/include/turtlesim/msg
[3.829s] -- Up-to-date: /home/kurisaw/Desktop/catkin_ws/install/turtlesim/include/turtlesim/msg/detail
[3.831s] -- Up-to-date: /home/kurisaw/Desktop/catkin_ws/install/turtlesim/include/turtlesim/msg/detail/color__rosidl_typesupport_introspection_cpp.hpp
[3.832s] -- Up-to-date: /home/kurisaw/Desktop/catkin_ws/install/turtlesim/include/turtlesim/msg/detail/pose__rosidl_typesupport_introspection_cpp.hpp
[3.832s] -- Up-to-date: /home/kurisaw/Desktop/catkin_ws/install/turtlesim/include/turtlesim/msg/detail/pose__type_support.cpp
[3.832s] -- Up-to-date: /home/kurisaw/Desktop/catkin_ws/install/turtlesim/include/turtlesim/msg/detail/color__type_support.cpp
[3.832s] -- Up-to-date: /home/kurisaw/Desktop/catkin_ws/install/turtlesim/include/turtlesim/srv
[3.832s] -- Up-to-date: /home/kurisaw/Desktop/catkin_ws/install/turtlesim/include/turtlesim/srv/detail
[3.833s] -- Up-to-date: /home/kurisaw/Desktop/catkin_ws/install/turtlesim/include/turtlesim/srv/detail/teleport_relative__rosidl_typesupport_introspection_cpp.hpp
[3.833s] -- Up-to-date: /home/kurisaw/Desktop/catkin_ws/install/turtlesim/include/turtlesim/srv/detail/kill__type_support.cpp
[3.833s] -- Up-to-date: /home/kurisaw/Desktop/catkin_ws/install/turtlesim/include/turtlesim/srv/detail/teleport_relative__type_support.cpp
[3.833s] -- Up-to-date: /home/kurisaw/Desktop/catkin_ws/install/turtlesim/include/turtlesim/srv/detail/kill__rosidl_typesupport_introspection_cpp.hpp
[3.833s] -- Up-to-date: /home/kurisaw/Desktop/catkin_ws/install/turtlesim/include/turtlesim/srv/detail/spawn__type_support.cpp
[3.834s] -- Up-to-date: /home/kurisaw/Desktop/catkin_ws/install/turtlesim/include/turtlesim/srv/detail/teleport_absolute__type_support.cpp
[3.834s] -- Up-to-date: /home/kurisaw/Desktop/catkin_ws/install/turtlesim/include/turtlesim/srv/detail/set_pen__rosidl_typesupport_introspection_cpp.hpp
[3.835s] -- Up-to-date: /home/kurisaw/Desktop/catkin_ws/install/turtlesim/include/turtlesim/srv/detail/teleport_absolute__rosidl_typesupport_introspection_cpp.hpp
[3.836s] -- Up-to-date: /home/kurisaw/Desktop/catkin_ws/install/turtlesim/include/turtlesim/srv/detail/set_pen__type_support.cpp
[3.837s] -- Up-to-date: /home/kurisaw/Desktop/catkin_ws/install/turtlesim/include/turtlesim/srv/detail/spawn__rosidl_typesupport_introspection_cpp.hpp
[3.837s] -- Up-to-date: /home/kurisaw/Desktop/catkin_ws/install/turtlesim/lib/libturtlesim__rosidl_typesupport_introspection_cpp.so
[3.837s] -- Up-to-date: /home/kurisaw/Desktop/catkin_ws/install/turtlesim/lib/libturtlesim__rosidl_typesupport_cpp.so
[3.838s] -- Up-to-date: /home/kurisaw/Desktop/catkin_ws/install/turtlesim/share/turtlesim/environment/pythonpath.sh
[3.838s] -- Up-to-date: /home/kurisaw/Desktop/catkin_ws/install/turtlesim/share/turtlesim/environment/pythonpath.dsv
[3.859s] -- Up-to-date: /home/kurisaw/Desktop/catkin_ws/install/turtlesim/lib/python3.8/site-packages/turtlesim/__init__.py
[4.078s] -- Up-to-date: /home/kurisaw/Desktop/catkin_ws/install/turtlesim/lib/python3.8/site-packages/turtlesim/action
[4.079s] -- Up-to-date: /home/kurisaw/Desktop/catkin_ws/install/turtlesim/lib/python3.8/site-packages/turtlesim/action/__init__.py
[4.079s] -- Up-to-date: /home/kurisaw/Desktop/catkin_ws/install/turtlesim/lib/python3.8/site-packages/turtlesim/action/_rotate_absolute.py
[4.080s] -- Up-to-date: /home/kurisaw/Desktop/catkin_ws/install/turtlesim/lib/python3.8/site-packages/turtlesim/action/_rotate_absolute_s.c
[4.080s] -- Up-to-date: /home/kurisaw/Desktop/catkin_ws/install/turtlesim/lib/python3.8/site-packages/turtlesim/msg
[4.080s] -- Up-to-date: /home/kurisaw/Desktop/catkin_ws/install/turtlesim/lib/python3.8/site-packages/turtlesim/msg/__init__.py
[4.081s] -- Up-to-date: /home/kurisaw/Desktop/catkin_ws/install/turtlesim/lib/python3.8/site-packages/turtlesim/msg/_pose.py
[4.082s] -- Up-to-date: /home/kurisaw/Desktop/catkin_ws/install/turtlesim/lib/python3.8/site-packages/turtlesim/msg/_color.py
[4.082s] -- Up-to-date: /home/kurisaw/Desktop/catkin_ws/install/turtlesim/lib/python3.8/site-packages/turtlesim/msg/_pose_s.c
[4.082s] -- Up-to-date: /home/kurisaw/Desktop/catkin_ws/install/turtlesim/lib/python3.8/site-packages/turtlesim/msg/_color_s.c
[4.083s] -- Up-to-date: /home/kurisaw/Desktop/catkin_ws/install/turtlesim/lib/python3.8/site-packages/turtlesim/srv
[4.085s] -- Up-to-date: /home/kurisaw/Desktop/catkin_ws/install/turtlesim/lib/python3.8/site-packages/turtlesim/srv/_teleport_absolute.py
[4.086s] -- Up-to-date: /home/kurisaw/Desktop/catkin_ws/install/turtlesim/lib/python3.8/site-packages/turtlesim/srv/_kill.py
[4.088s] -- Up-to-date: /home/kurisaw/Desktop/catkin_ws/install/turtlesim/lib/python3.8/site-packages/turtlesim/srv/__init__.py
[4.089s] -- Up-to-date: /home/kurisaw/Desktop/catkin_ws/install/turtlesim/lib/python3.8/site-packages/turtlesim/srv/_set_pen.py
[4.090s] -- Up-to-date: /home/kurisaw/Desktop/catkin_ws/install/turtlesim/lib/python3.8/site-packages/turtlesim/srv/_teleport_relative.py
[4.091s] -- Up-to-date: /home/kurisaw/Desktop/catkin_ws/install/turtlesim/lib/python3.8/site-packages/turtlesim/srv/_set_pen_s.c
[4.092s] -- Up-to-date: /home/kurisaw/Desktop/catkin_ws/install/turtlesim/lib/python3.8/site-packages/turtlesim/srv/_spawn_s.c
[4.092s] -- Up-to-date: /home/kurisaw/Desktop/catkin_ws/install/turtlesim/lib/python3.8/site-packages/turtlesim/srv/_teleport_absolute_s.c
[4.094s] -- Up-to-date: /home/kurisaw/Desktop/catkin_ws/install/turtlesim/lib/python3.8/site-packages/turtlesim/srv/_kill_s.c
[4.094s] -- Up-to-date: /home/kurisaw/Desktop/catkin_ws/install/turtlesim/lib/python3.8/site-packages/turtlesim/srv/_spawn.py
[4.098s] -- Up-to-date: /home/kurisaw/Desktop/catkin_ws/install/turtlesim/lib/python3.8/site-packages/turtlesim/srv/_teleport_relative_s.c
[4.101s] -- Up-to-date: /home/kurisaw/Desktop/catkin_ws/install/turtlesim/lib/python3.8/site-packages/turtlesim/turtlesim_s__rosidl_typesupport_fastrtps_c.cpython-38-x86_64-linux-gnu.so
[4.109s] -- Up-to-date: /home/kurisaw/Desktop/catkin_ws/install/turtlesim/lib/python3.8/site-packages/turtlesim/turtlesim_s__rosidl_typesupport_introspection_c.cpython-38-x86_64-linux-gnu.so
[4.125s] -- Up-to-date: /home/kurisaw/Desktop/catkin_ws/install/turtlesim/lib/python3.8/site-packages/turtlesim/turtlesim_s__rosidl_typesupport_c.cpython-38-x86_64-linux-gnu.so
[4.127s] -- Up-to-date: /home/kurisaw/Desktop/catkin_ws/install/turtlesim/lib/libturtlesim__python.so
[4.130s] -- Up-to-date: /home/kurisaw/Desktop/catkin_ws/install/turtlesim/share/turtlesim/action/RotateAbsolute.idl
[4.135s] -- Up-to-date: /home/kurisaw/Desktop/catkin_ws/install/turtlesim/share/turtlesim/msg/Color.idl
[4.135s] -- Up-to-date: /home/kurisaw/Desktop/catkin_ws/install/turtlesim/share/turtlesim/msg/Pose.idl
[4.139s] -- Up-to-date: /home/kurisaw/Desktop/catkin_ws/install/turtlesim/share/turtlesim/srv/Kill.idl
[4.140s] -- Up-to-date: /home/kurisaw/Desktop/catkin_ws/install/turtlesim/share/turtlesim/srv/SetPen.idl
[4.141s] -- Up-to-date: /home/kurisaw/Desktop/catkin_ws/install/turtlesim/share/turtlesim/srv/Spawn.idl
[4.142s] -- Up-to-date: /home/kurisaw/Desktop/catkin_ws/install/turtlesim/share/turtlesim/srv/TeleportAbsolute.idl
[4.142s] -- Up-to-date: /home/kurisaw/Desktop/catkin_ws/install/turtlesim/share/turtlesim/srv/TeleportRelative.idl
[4.143s] -- Up-to-date: /home/kurisaw/Desktop/catkin_ws/install/turtlesim/share/turtlesim/action/RotateAbsolute.action
[4.153s] -- Up-to-date: /home/kurisaw/Desktop/catkin_ws/install/turtlesim/share/turtlesim/msg/Color.msg
[4.153s] -- Up-to-date: /home/kurisaw/Desktop/catkin_ws/install/turtlesim/share/turtlesim/msg/Pose.msg
[4.154s] -- Up-to-date: /home/kurisaw/Desktop/catkin_ws/install/turtlesim/share/turtlesim/srv/Kill.srv
[4.155s] -- Up-to-date: /home/kurisaw/Desktop/catkin_ws/install/turtlesim/share/turtlesim/srv/Kill_Request.msg
[4.155s] -- Up-to-date: /home/kurisaw/Desktop/catkin_ws/install/turtlesim/share/turtlesim/srv/Kill_Response.msg
[4.156s] -- Up-to-date: /home/kurisaw/Desktop/catkin_ws/install/turtlesim/share/turtlesim/srv/SetPen.srv
[4.159s] -- Up-to-date: /home/kurisaw/Desktop/catkin_ws/install/turtlesim/share/turtlesim/srv/SetPen_Request.msg
[4.159s] -- Up-to-date: /home/kurisaw/Desktop/catkin_ws/install/turtlesim/share/turtlesim/srv/SetPen_Response.msg
[4.159s] -- Up-to-date: /home/kurisaw/Desktop/catkin_ws/install/turtlesim/share/turtlesim/srv/Spawn.srv
[4.162s] -- Up-to-date: /home/kurisaw/Desktop/catkin_ws/install/turtlesim/share/turtlesim/srv/Spawn_Request.msg
[4.163s] -- Up-to-date: /home/kurisaw/Desktop/catkin_ws/install/turtlesim/share/turtlesim/srv/Spawn_Response.msg
[4.176s] -- Up-to-date: /home/kurisaw/Desktop/catkin_ws/install/turtlesim/share/turtlesim/srv/TeleportAbsolute.srv
[4.176s] -- Up-to-date: /home/kurisaw/Desktop/catkin_ws/install/turtlesim/share/turtlesim/srv/TeleportAbsolute_Request.msg
[4.177s] -- Up-to-date: /home/kurisaw/Desktop/catkin_ws/install/turtlesim/share/turtlesim/srv/TeleportAbsolute_Response.msg
[4.177s] -- Up-to-date: /home/kurisaw/Desktop/catkin_ws/install/turtlesim/share/turtlesim/srv/TeleportRelative.srv
[4.177s] -- Up-to-date: /home/kurisaw/Desktop/catkin_ws/install/turtlesim/share/turtlesim/srv/TeleportRelative_Request.msg
[4.177s] -- Up-to-date: /home/kurisaw/Desktop/catkin_ws/install/turtlesim/share/turtlesim/srv/TeleportRelative_Response.msg
[4.178s] -- Up-to-date: /home/kurisaw/Desktop/catkin_ws/install/turtlesim/lib/turtlesim/turtlesim_node
[4.178s] -- Up-to-date: /home/kurisaw/Desktop/catkin_ws/install/turtlesim/lib/turtlesim/turtle_teleop_key
[4.178s] -- Up-to-date: /home/kurisaw/Desktop/catkin_ws/install/turtlesim/lib/turtlesim/draw_square
[4.191s] -- Up-to-date: /home/kurisaw/Desktop/catkin_ws/install/turtlesim/lib/turtlesim/mimic
[4.192s] -- Up-to-date: /home/kurisaw/Desktop/catkin_ws/install/turtlesim/share/turtlesim/images
[4.192s] -- Up-to-date: /home/kurisaw/Desktop/catkin_ws/install/turtlesim/share/turtlesim/images/eloquent.png
[4.192s] -- Up-to-date: /home/kurisaw/Desktop/catkin_ws/install/turtlesim/share/turtlesim/images/bouncy.png
[4.192s] -- Up-to-date: /home/kurisaw/Desktop/catkin_ws/install/turtlesim/share/turtlesim/images/crystal.png
[4.193s] -- Up-to-date: /home/kurisaw/Desktop/catkin_ws/install/turtlesim/share/turtlesim/images/foxy.png
[4.195s] -- Up-to-date: /home/kurisaw/Desktop/catkin_ws/install/turtlesim/share/turtlesim/images/dashing.png
[4.199s] -- Up-to-date: /home/kurisaw/Desktop/catkin_ws/install/turtlesim/share/turtlesim/images/ardent.png
[4.200s] -- Up-to-date: /home/kurisaw/Desktop/catkin_ws/install/turtlesim/share/turtlesim/launch
[4.201s] -- Up-to-date: /home/kurisaw/Desktop/catkin_ws/install/turtlesim/share/turtlesim/launch/multisim.launch.py
[4.201s] -- Up-to-date: /home/kurisaw/Desktop/catkin_ws/install/turtlesim/share/ament_index/resource_index/package_run_dependencies/turtlesim
[4.201s] -- Up-to-date: /home/kurisaw/Desktop/catkin_ws/install/turtlesim/share/ament_index/resource_index/parent_prefix_path/turtlesim
[4.208s] -- Up-to-date: /home/kurisaw/Desktop/catkin_ws/install/turtlesim/share/turtlesim/environment/ament_prefix_path.sh
[4.208s] -- Up-to-date: /home/kurisaw/Desktop/catkin_ws/install/turtlesim/share/turtlesim/environment/ament_prefix_path.dsv
[4.208s] -- Up-to-date: /home/kurisaw/Desktop/catkin_ws/install/turtlesim/share/turtlesim/environment/path.sh
[4.209s] -- Up-to-date: /home/kurisaw/Desktop/catkin_ws/install/turtlesim/share/turtlesim/environment/path.dsv
[4.209s] -- Up-to-date: /home/kurisaw/Desktop/catkin_ws/install/turtlesim/share/turtlesim/local_setup.bash
[4.209s] -- Up-to-date: /home/kurisaw/Desktop/catkin_ws/install/turtlesim/share/turtlesim/local_setup.sh
[4.210s] -- Up-to-date: /home/kurisaw/Desktop/catkin_ws/install/turtlesim/share/turtlesim/local_setup.zsh
[4.211s] -- Up-to-date: /home/kurisaw/Desktop/catkin_ws/install/turtlesim/share/turtlesim/local_setup.dsv
[4.211s] -- Installing: /home/kurisaw/Desktop/catkin_ws/install/turtlesim/share/turtlesim/package.dsv
[4.212s] -- Up-to-date: /home/kurisaw/Desktop/catkin_ws/install/turtlesim/share/ament_index/resource_index/packages/turtlesim
[4.212s] -- Up-to-date: /home/kurisaw/Desktop/catkin_ws/install/turtlesim/share/turtlesim/cmake/turtlesim__rosidl_generator_cExport.cmake
[4.212s] -- Up-to-date: /home/kurisaw/Desktop/catkin_ws/install/turtlesim/share/turtlesim/cmake/turtlesim__rosidl_generator_cExport-noconfig.cmake
[4.212s] -- Up-to-date: /home/kurisaw/Desktop/catkin_ws/install/turtlesim/share/turtlesim/cmake/turtlesim__rosidl_typesupport_introspection_cExport.cmake
[4.213s] -- Up-to-date: /home/kurisaw/Desktop/catkin_ws/install/turtlesim/share/turtlesim/cmake/turtlesim__rosidl_typesupport_introspection_cExport-noconfig.cmake
[4.213s] -- Up-to-date: /home/kurisaw/Desktop/catkin_ws/install/turtlesim/share/turtlesim/cmake/turtlesim__rosidl_typesupport_cExport.cmake
[4.213s] -- Up-to-date: /home/kurisaw/Desktop/catkin_ws/install/turtlesim/share/turtlesim/cmake/turtlesim__rosidl_typesupport_cExport-noconfig.cmake
[4.213s] -- Up-to-date: /home/kurisaw/Desktop/catkin_ws/install/turtlesim/share/turtlesim/cmake/turtlesim__rosidl_generator_cppExport.cmake
[4.219s] -- Up-to-date: /home/kurisaw/Desktop/catkin_ws/install/turtlesim/share/turtlesim/cmake/turtlesim__rosidl_typesupport_introspection_cppExport.cmake
[4.220s] -- Up-to-date: /home/kurisaw/Desktop/catkin_ws/install/turtlesim/share/turtlesim/cmake/turtlesim__rosidl_typesupport_introspection_cppExport-noconfig.cmake
[4.227s] -- Up-to-date: /home/kurisaw/Desktop/catkin_ws/install/turtlesim/share/turtlesim/cmake/turtlesim__rosidl_typesupport_cppExport.cmake
[4.228s] -- Up-to-date: /home/kurisaw/Desktop/catkin_ws/install/turtlesim/share/turtlesim/cmake/turtlesim__rosidl_typesupport_cppExport-noconfig.cmake
[4.229s] -- Up-to-date: /home/kurisaw/Desktop/catkin_ws/install/turtlesim/share/turtlesim/cmake/rosidl_cmake-extras.cmake
[4.229s] -- Up-to-date: /home/kurisaw/Desktop/catkin_ws/install/turtlesim/share/turtlesim/cmake/ament_cmake_export_dependencies-extras.cmake
[4.229s] -- Up-to-date: /home/kurisaw/Desktop/catkin_ws/install/turtlesim/share/turtlesim/cmake/ament_cmake_export_libraries-extras.cmake
[4.229s] -- Up-to-date: /home/kurisaw/Desktop/catkin_ws/install/turtlesim/share/turtlesim/cmake/ament_cmake_export_targets-extras.cmake
[4.229s] -- Up-to-date: /home/kurisaw/Desktop/catkin_ws/install/turtlesim/share/turtlesim/cmake/ament_cmake_export_include_directories-extras.cmake
[4.232s] -- Up-to-date: /home/kurisaw/Desktop/catkin_ws/install/turtlesim/share/turtlesim/cmake/rosidl_cmake_export_typesupport_libraries-extras.cmake
[4.232s] -- Up-to-date: /home/kurisaw/Desktop/catkin_ws/install/turtlesim/share/turtlesim/cmake/rosidl_cmake_export_typesupport_targets-extras.cmake
[4.233s] -- Up-to-date: /home/kurisaw/Desktop/catkin_ws/install/turtlesim/share/turtlesim/cmake/turtlesimConfig.cmake
[4.233s] -- Up-to-date: /home/kurisaw/Desktop/catkin_ws/install/turtlesim/share/turtlesim/cmake/turtlesimConfig-version.cmake
[4.233s] -- Up-to-date: /home/kurisaw/Desktop/catkin_ws/install/turtlesim/share/turtlesim/package.xml
[4.272s] Invoked command in '/home/kurisaw/Desktop/catkin_ws/build/turtlesim' returned '0': CMAKE_PREFIX_PATH=${CMAKE_PREFIX_PATH}:/opt/ros/foxy /usr/bin/cmake --install /home/kurisaw/Desktop/catkin_ws/build/turtlesim
