[0.930s] Invoking command in '/home/kurisaw/Desktop/catkin_ws/build/my_serial_node': CMAKE_PREFIX_PATH=${CMAKE_PREFIX_PATH}:/opt/ros/foxy /usr/bin/cmake --build /home/kurisaw/Desktop/catkin_ws/build/my_serial_node -- -j4 -l4
[1.030s] -- Found ament_cmake: 0.9.12 (/opt/ros/foxy/share/ament_cmake/cmake)
[1.418s] -- Using PYTHON_EXECUTABLE: /usr/bin/python3
[2.788s] -- Found rclcpp: 2.4.3 (/opt/ros/foxy/share/rclcpp/cmake)
[2.938s] -- Using all available rosidl_typesupport_c: rosidl_typesupport_fastrtps_c;rosidl_typesupport_introspection_c
[2.957s] -- Found rosidl_adapter: 1.3.1 (/opt/ros/foxy/share/rosidl_adapter/cmake)
[3.492s] -- Using all available rosidl_typesupport_cpp: rosidl_typesupport_fastrtps_cpp;rosidl_typesupport_introspection_cpp
[3.666s] -- Found rmw_implementation_cmake: 1.0.4 (/opt/ros/foxy/share/rmw_implementation_cmake/cmake)
[3.668s] -- Using RMW implementation 'rmw_fastrtps_cpp' as default
[4.096s] -- Found turtlesim: 1.2.6 (/opt/ros/foxy/share/turtlesim/cmake)
[4.392s] [31mCMake Error at CMakeLists.txt:23 (find_package):
[4.392s]   By not providing "FindcJSON.cmake" in CMAKE_MODULE_PATH this project has
[4.392s]   asked CMake to find a package configuration file provided by "cJSON", but
[4.393s]   CMake did not find one.
[4.393s] 
[4.394s]   Could not find a package configuration file provided by "cJSON" with any of
[4.394s]   the following names:
[4.394s] 
[4.395s]     cJSONConfig.cmake
[4.395s]     cjson-config.cmake
[4.395s] 
[4.395s]   Add the installation prefix of "cJSON" to CMAKE_PREFIX_PATH or set
[4.396s]   "cJSON_DIR" to a directory containing one of the above files.  If "cJSON"
[4.396s]   provides a separate development package or SDK, be sure it has been
[4.396s]   installed.
[4.397s] 
[4.398s] [0m
[4.399s] -- Configuring incomplete, errors occurred!
[4.400s] See also "/home/kurisaw/Desktop/catkin_ws/build/my_serial_node/CMakeFiles/CMakeOutput.log".
[4.400s] See also "/home/kurisaw/Desktop/catkin_ws/build/my_serial_node/CMakeFiles/CMakeError.log".
[4.425s] make: *** [Makefile:267: cmake_check_build_system] Error 1
[4.446s] Invoked command in '/home/kurisaw/Desktop/catkin_ws/build/my_serial_node' returned '2': CMAKE_PREFIX_PATH=${CMAKE_PREFIX_PATH}:/opt/ros/foxy /usr/bin/cmake --build /home/kurisaw/Desktop/catkin_ws/build/my_serial_node -- -j4 -l4
