[0.610s] Invoking command in '/home/kurisaw/Desktop/catkin_ws/build/turtlesim': CMAKE_PREFIX_PATH=${CMAKE_PREFIX_PATH}:/opt/ros/foxy /usr/bin/cmake --build /home/kurisaw/Desktop/catkin_ws/build/turtlesim -- -j4 -l4
[0.833s] [  1%] Built target turtlesim__cpp
[0.842s] [ 11%] Built target turtlesim__rosidl_generator_c
[0.965s] [ 21%] Built target turtlesim__rosidl_typesupport_cpp
[0.975s] [ 31%] Built target turtlesim__rosidl_typesupport_introspection_cpp
[0.989s] [ 41%] Built target turtlesim__rosidl_typesupport_fastrtps_cpp
[1.094s] [ 51%] Built target turtlesim__rosidl_typesupport_fastrtps_c
[1.107s] [ 61%] Built target turtlesim__rosidl_typesupport_c
[1.118s] [ 71%] Built target turtlesim__rosidl_typesupport_introspection_c
[1.184s] [ 71%] Built target turtlesim
[1.353s] [ 72%] Built target turtlesim__py
[1.459s] [ 74%] Built target turtle_teleop_key
[1.498s] [ 76%] Built target draw_square
[1.522s] [ 82%] Built target turtlesim_node
[1.648s] [ 84%] Built target mimic
[1.697s] [ 93%] Built target turtlesim__python
[1.873s] [ 95%] Built target turtlesim__rosidl_typesupport_fastrtps_c__pyext
[1.898s] [ 97%] Built target turtlesim__rosidl_typesupport_introspection_c__pyext
[1.901s] [100%] Built target turtlesim__rosidl_typesupport_c__pyext
[1.971s] Invoked command in '/home/kurisaw/Desktop/catkin_ws/build/turtlesim' returned '0': CMAKE_PREFIX_PATH=${CMAKE_PREFIX_PATH}:/opt/ros/foxy /usr/bin/cmake --build /home/kurisaw/Desktop/catkin_ws/build/turtlesim -- -j4 -l4
[4.759s] Invoking command in '/home/kurisaw/Desktop/catkin_ws/build/turtlesim': CMAKE_PREFIX_PATH=${CMAKE_PREFIX_PATH}:/opt/ros/foxy /usr/bin/cmake --install /home/kurisaw/Desktop/catkin_ws/build/turtlesim
[4.820s] -- Install configuration: ""
[4.820s] -- Up-to-date: /home/kurisaw/Desktop/catkin_ws/install/turtlesim/share/ament_index/resource_index/rosidl_interfaces/turtlesim
[4.820s] -- Up-to-date: /home/kurisaw/Desktop/catkin_ws/install/turtlesim/include/turtlesim
[4.821s] -- Up-to-date: /home/kurisaw/Desktop/catkin_ws/install/turtlesim/include/turtlesim/action
[4.821s] -- Up-to-date: /home/kurisaw/Desktop/catkin_ws/install/turtlesim/include/turtlesim/action/rotate_absolute.h
[4.822s] -- Up-to-date: /home/kurisaw/Desktop/catkin_ws/install/turtlesim/include/turtlesim/action/detail
[4.822s] -- Up-to-date: /home/kurisaw/Desktop/catkin_ws/install/turtlesim/include/turtlesim/action/detail/rotate_absolute__struct.h
[4.822s] -- Up-to-date: /home/kurisaw/Desktop/catkin_ws/install/turtlesim/include/turtlesim/action/detail/rotate_absolute__functions.c
[4.823s] -- Up-to-date: /home/kurisaw/Desktop/catkin_ws/install/turtlesim/include/turtlesim/action/detail/rotate_absolute__type_support.h
[4.823s] -- Up-to-date: /home/kurisaw/Desktop/catkin_ws/install/turtlesim/include/turtlesim/action/detail/rotate_absolute__functions.h
[4.823s] -- Up-to-date: /home/kurisaw/Desktop/catkin_ws/install/turtlesim/include/turtlesim/msg
[4.823s] -- Up-to-date: /home/kurisaw/Desktop/catkin_ws/install/turtlesim/include/turtlesim/msg/rosidl_generator_c__visibility_control.h
[4.823s] -- Up-to-date: /home/kurisaw/Desktop/catkin_ws/install/turtlesim/include/turtlesim/msg/color.h
[4.841s] -- Up-to-date: /home/kurisaw/Desktop/catkin_ws/install/turtlesim/include/turtlesim/msg/pose.h
[4.841s] -- Up-to-date: /home/kurisaw/Desktop/catkin_ws/install/turtlesim/include/turtlesim/msg/detail
[4.842s] -- Up-to-date: /home/kurisaw/Desktop/catkin_ws/install/turtlesim/include/turtlesim/msg/detail/color__struct.h
[4.842s] -- Up-to-date: /home/kurisaw/Desktop/catkin_ws/install/turtlesim/include/turtlesim/msg/detail/color__type_support.h
[4.844s] -- Up-to-date: /home/kurisaw/Desktop/catkin_ws/install/turtlesim/include/turtlesim/msg/detail/pose__type_support.h
[4.844s] -- Up-to-date: /home/kurisaw/Desktop/catkin_ws/install/turtlesim/include/turtlesim/msg/detail/pose__functions.c
[4.845s] -- Up-to-date: /home/kurisaw/Desktop/catkin_ws/install/turtlesim/include/turtlesim/msg/detail/color__functions.c
[4.852s] -- Up-to-date: /home/kurisaw/Desktop/catkin_ws/install/turtlesim/include/turtlesim/msg/detail/pose__struct.h
[4.852s] -- Up-to-date: /home/kurisaw/Desktop/catkin_ws/install/turtlesim/include/turtlesim/msg/detail/pose__functions.h
[4.853s] -- Up-to-date: /home/kurisaw/Desktop/catkin_ws/install/turtlesim/include/turtlesim/msg/detail/color__functions.h
[4.853s] -- Up-to-date: /home/kurisaw/Desktop/catkin_ws/install/turtlesim/include/turtlesim/srv
[4.853s] -- Up-to-date: /home/kurisaw/Desktop/catkin_ws/install/turtlesim/include/turtlesim/srv/set_pen.h
[4.853s] -- Up-to-date: /home/kurisaw/Desktop/catkin_ws/install/turtlesim/include/turtlesim/srv/kill.h
[4.854s] -- Up-to-date: /home/kurisaw/Desktop/catkin_ws/install/turtlesim/include/turtlesim/srv/spawn.h
[4.854s] -- Up-to-date: /home/kurisaw/Desktop/catkin_ws/install/turtlesim/include/turtlesim/srv/teleport_relative.h
[4.854s] -- Up-to-date: /home/kurisaw/Desktop/catkin_ws/install/turtlesim/include/turtlesim/srv/detail
[4.854s] -- Up-to-date: /home/kurisaw/Desktop/catkin_ws/install/turtlesim/include/turtlesim/srv/detail/teleport_absolute__struct.h
[4.854s] -- Up-to-date: /home/kurisaw/Desktop/catkin_ws/install/turtlesim/include/turtlesim/srv/detail/teleport_relative__struct.h
[4.855s] -- Up-to-date: /home/kurisaw/Desktop/catkin_ws/install/turtlesim/include/turtlesim/srv/detail/teleport_relative__functions.h
[4.855s] -- Up-to-date: /home/kurisaw/Desktop/catkin_ws/install/turtlesim/include/turtlesim/srv/detail/kill__functions.c
[4.874s] -- Up-to-date: /home/kurisaw/Desktop/catkin_ws/install/turtlesim/include/turtlesim/srv/detail/spawn__functions.h
[4.874s] -- Up-to-date: /home/kurisaw/Desktop/catkin_ws/install/turtlesim/include/turtlesim/srv/detail/kill__type_support.h
[4.875s] -- Up-to-date: /home/kurisaw/Desktop/catkin_ws/install/turtlesim/include/turtlesim/srv/detail/set_pen__type_support.h
[4.878s] -- Up-to-date: /home/kurisaw/Desktop/catkin_ws/install/turtlesim/include/turtlesim/srv/detail/teleport_absolute__type_support.h
[4.879s] -- Up-to-date: /home/kurisaw/Desktop/catkin_ws/install/turtlesim/include/turtlesim/srv/detail/teleport_absolute__functions.h
[4.880s] -- Up-to-date: /home/kurisaw/Desktop/catkin_ws/install/turtlesim/include/turtlesim/srv/detail/set_pen__struct.h
[4.880s] -- Up-to-date: /home/kurisaw/Desktop/catkin_ws/install/turtlesim/include/turtlesim/srv/detail/teleport_absolute__functions.c
[4.881s] -- Up-to-date: /home/kurisaw/Desktop/catkin_ws/install/turtlesim/include/turtlesim/srv/detail/set_pen__functions.h
[4.882s] -- Up-to-date: /home/kurisaw/Desktop/catkin_ws/install/turtlesim/include/turtlesim/srv/detail/spawn__functions.c
[4.882s] -- Up-to-date: /home/kurisaw/Desktop/catkin_ws/install/turtlesim/include/turtlesim/srv/detail/kill__struct.h
[4.882s] -- Up-to-date: /home/kurisaw/Desktop/catkin_ws/install/turtlesim/include/turtlesim/srv/detail/teleport_relative__functions.c
[4.882s] -- Up-to-date: /home/kurisaw/Desktop/catkin_ws/install/turtlesim/include/turtlesim/srv/detail/spawn__struct.h
[4.883s] -- Up-to-date: /home/kurisaw/Desktop/catkin_ws/install/turtlesim/include/turtlesim/srv/detail/set_pen__functions.c
[4.891s] -- Up-to-date: /home/kurisaw/Desktop/catkin_ws/install/turtlesim/include/turtlesim/srv/detail/kill__functions.h
[4.891s] -- Up-to-date: /home/kurisaw/Desktop/catkin_ws/install/turtlesim/include/turtlesim/srv/detail/teleport_relative__type_support.h
[4.891s] -- Up-to-date: /home/kurisaw/Desktop/catkin_ws/install/turtlesim/include/turtlesim/srv/detail/spawn__type_support.h
[4.891s] -- Up-to-date: /home/kurisaw/Desktop/catkin_ws/install/turtlesim/include/turtlesim/srv/teleport_absolute.h
[4.895s] -- Up-to-date: /home/kurisaw/Desktop/catkin_ws/install/turtlesim/share/turtlesim/environment/library_path.sh
[4.895s] -- Up-to-date: /home/kurisaw/Desktop/catkin_ws/install/turtlesim/share/turtlesim/environment/library_path.dsv
[4.895s] -- Up-to-date: /home/kurisaw/Desktop/catkin_ws/install/turtlesim/lib/libturtlesim__rosidl_generator_c.so
[4.898s] -- Up-to-date: /home/kurisaw/Desktop/catkin_ws/install/turtlesim/include/turtlesim
[4.901s] -- Up-to-date: /home/kurisaw/Desktop/catkin_ws/install/turtlesim/include/turtlesim/action
[4.901s] -- Up-to-date: /home/kurisaw/Desktop/catkin_ws/install/turtlesim/include/turtlesim/action/detail
[4.902s] -- Up-to-date: /home/kurisaw/Desktop/catkin_ws/install/turtlesim/include/turtlesim/action/detail/rotate_absolute__rosidl_typesupport_fastrtps_c.h
[4.902s] -- Up-to-date: /home/kurisaw/Desktop/catkin_ws/install/turtlesim/include/turtlesim/msg
[4.902s] -- Up-to-date: /home/kurisaw/Desktop/catkin_ws/install/turtlesim/include/turtlesim/msg/rosidl_typesupport_fastrtps_c__visibility_control.h
[4.903s] -- Up-to-date: /home/kurisaw/Desktop/catkin_ws/install/turtlesim/include/turtlesim/msg/detail
[4.903s] -- Up-to-date: /home/kurisaw/Desktop/catkin_ws/install/turtlesim/include/turtlesim/msg/detail/color__rosidl_typesupport_fastrtps_c.h
[4.903s] -- Up-to-date: /home/kurisaw/Desktop/catkin_ws/install/turtlesim/include/turtlesim/msg/detail/pose__rosidl_typesupport_fastrtps_c.h
[4.903s] -- Up-to-date: /home/kurisaw/Desktop/catkin_ws/install/turtlesim/include/turtlesim/srv
[4.914s] -- Up-to-date: /home/kurisaw/Desktop/catkin_ws/install/turtlesim/include/turtlesim/srv/detail
[4.914s] -- Up-to-date: /home/kurisaw/Desktop/catkin_ws/install/turtlesim/include/turtlesim/srv/detail/teleport_absolute__rosidl_typesupport_fastrtps_c.h
[4.914s] -- Up-to-date: /home/kurisaw/Desktop/catkin_ws/install/turtlesim/include/turtlesim/srv/detail/set_pen__rosidl_typesupport_fastrtps_c.h
[4.915s] -- Up-to-date: /home/kurisaw/Desktop/catkin_ws/install/turtlesim/include/turtlesim/srv/detail/kill__rosidl_typesupport_fastrtps_c.h
[4.915s] -- Up-to-date: /home/kurisaw/Desktop/catkin_ws/install/turtlesim/include/turtlesim/srv/detail/teleport_relative__rosidl_typesupport_fastrtps_c.h
[4.915s] -- Up-to-date: /home/kurisaw/Desktop/catkin_ws/install/turtlesim/include/turtlesim/srv/detail/spawn__rosidl_typesupport_fastrtps_c.h
[4.924s] -- Up-to-date: /home/kurisaw/Desktop/catkin_ws/install/turtlesim/lib/libturtlesim__rosidl_typesupport_fastrtps_c.so
[4.925s] -- Up-to-date: /home/kurisaw/Desktop/catkin_ws/install/turtlesim/include/turtlesim
[4.925s] -- Up-to-date: /home/kurisaw/Desktop/catkin_ws/install/turtlesim/include/turtlesim/action
[4.925s] -- Up-to-date: /home/kurisaw/Desktop/catkin_ws/install/turtlesim/include/turtlesim/action/detail
[4.925s] -- Up-to-date: /home/kurisaw/Desktop/catkin_ws/install/turtlesim/include/turtlesim/action/detail/rotate_absolute__rosidl_typesupport_fastrtps_cpp.hpp
[4.925s] -- Up-to-date: /home/kurisaw/Desktop/catkin_ws/install/turtlesim/include/turtlesim/action/detail/dds_fastrtps
[4.926s] -- Up-to-date: /home/kurisaw/Desktop/catkin_ws/install/turtlesim/include/turtlesim/msg
[4.926s] -- Up-to-date: /home/kurisaw/Desktop/catkin_ws/install/turtlesim/include/turtlesim/msg/detail
[4.926s] -- Up-to-date: /home/kurisaw/Desktop/catkin_ws/install/turtlesim/include/turtlesim/msg/detail/pose__rosidl_typesupport_fastrtps_cpp.hpp
[4.926s] -- Up-to-date: /home/kurisaw/Desktop/catkin_ws/install/turtlesim/include/turtlesim/msg/detail/color__rosidl_typesupport_fastrtps_cpp.hpp
[4.927s] -- Up-to-date: /home/kurisaw/Desktop/catkin_ws/install/turtlesim/include/turtlesim/msg/detail/dds_fastrtps
[4.927s] -- Up-to-date: /home/kurisaw/Desktop/catkin_ws/install/turtlesim/include/turtlesim/msg/rosidl_typesupport_fastrtps_cpp__visibility_control.h
[4.927s] -- Up-to-date: /home/kurisaw/Desktop/catkin_ws/install/turtlesim/include/turtlesim/srv
[4.935s] -- Up-to-date: /home/kurisaw/Desktop/catkin_ws/install/turtlesim/include/turtlesim/srv/detail
[4.935s] -- Up-to-date: /home/kurisaw/Desktop/catkin_ws/install/turtlesim/include/turtlesim/srv/detail/spawn__rosidl_typesupport_fastrtps_cpp.hpp
[4.936s] -- Up-to-date: /home/kurisaw/Desktop/catkin_ws/install/turtlesim/include/turtlesim/srv/detail/teleport_relative__rosidl_typesupport_fastrtps_cpp.hpp
[4.953s] -- Up-to-date: /home/kurisaw/Desktop/catkin_ws/install/turtlesim/include/turtlesim/srv/detail/dds_fastrtps
[4.953s] -- Up-to-date: /home/kurisaw/Desktop/catkin_ws/install/turtlesim/include/turtlesim/srv/detail/set_pen__rosidl_typesupport_fastrtps_cpp.hpp
[4.953s] -- Up-to-date: /home/kurisaw/Desktop/catkin_ws/install/turtlesim/include/turtlesim/srv/detail/teleport_absolute__rosidl_typesupport_fastrtps_cpp.hpp
[4.954s] -- Up-to-date: /home/kurisaw/Desktop/catkin_ws/install/turtlesim/include/turtlesim/srv/detail/kill__rosidl_typesupport_fastrtps_cpp.hpp
[4.954s] -- Up-to-date: /home/kurisaw/Desktop/catkin_ws/install/turtlesim/lib/libturtlesim__rosidl_typesupport_fastrtps_cpp.so
[4.956s] -- Up-to-date: /home/kurisaw/Desktop/catkin_ws/install/turtlesim/include/turtlesim
[4.956s] -- Up-to-date: /home/kurisaw/Desktop/catkin_ws/install/turtlesim/include/turtlesim/action
[4.956s] -- Up-to-date: /home/kurisaw/Desktop/catkin_ws/install/turtlesim/include/turtlesim/action/detail
[4.958s] -- Up-to-date: /home/kurisaw/Desktop/catkin_ws/install/turtlesim/include/turtlesim/action/detail/rotate_absolute__rosidl_typesupport_introspection_c.h
[4.962s] -- Up-to-date: /home/kurisaw/Desktop/catkin_ws/install/turtlesim/include/turtlesim/action/detail/rotate_absolute__type_support.c
[4.964s] -- Up-to-date: /home/kurisaw/Desktop/catkin_ws/install/turtlesim/include/turtlesim/msg
[4.964s] -- Up-to-date: /home/kurisaw/Desktop/catkin_ws/install/turtlesim/include/turtlesim/msg/rosidl_typesupport_introspection_c__visibility_control.h
[4.964s] -- Up-to-date: /home/kurisaw/Desktop/catkin_ws/install/turtlesim/include/turtlesim/msg/detail
[4.966s] -- Up-to-date: /home/kurisaw/Desktop/catkin_ws/install/turtlesim/include/turtlesim/msg/detail/pose__type_support.c
[4.966s] -- Up-to-date: /home/kurisaw/Desktop/catkin_ws/install/turtlesim/include/turtlesim/msg/detail/color__rosidl_typesupport_introspection_c.h
[4.966s] -- Up-to-date: /home/kurisaw/Desktop/catkin_ws/install/turtlesim/include/turtlesim/msg/detail/pose__rosidl_typesupport_introspection_c.h
[4.967s] -- Up-to-date: /home/kurisaw/Desktop/catkin_ws/install/turtlesim/include/turtlesim/msg/detail/color__type_support.c
[4.967s] -- Up-to-date: /home/kurisaw/Desktop/catkin_ws/install/turtlesim/include/turtlesim/srv
[4.973s] -- Up-to-date: /home/kurisaw/Desktop/catkin_ws/install/turtlesim/include/turtlesim/srv/detail
[4.974s] -- Up-to-date: /home/kurisaw/Desktop/catkin_ws/install/turtlesim/include/turtlesim/srv/detail/spawn__rosidl_typesupport_introspection_c.h
[4.975s] -- Up-to-date: /home/kurisaw/Desktop/catkin_ws/install/turtlesim/include/turtlesim/srv/detail/kill__rosidl_typesupport_introspection_c.h
[4.975s] -- Up-to-date: /home/kurisaw/Desktop/catkin_ws/install/turtlesim/include/turtlesim/srv/detail/teleport_absolute__type_support.c
[4.975s] -- Up-to-date: /home/kurisaw/Desktop/catkin_ws/install/turtlesim/include/turtlesim/srv/detail/spawn__type_support.c
[4.978s] -- Up-to-date: /home/kurisaw/Desktop/catkin_ws/install/turtlesim/include/turtlesim/srv/detail/teleport_relative__type_support.c
[4.979s] -- Up-to-date: /home/kurisaw/Desktop/catkin_ws/install/turtlesim/include/turtlesim/srv/detail/teleport_absolute__rosidl_typesupport_introspection_c.h
[4.979s] -- Up-to-date: /home/kurisaw/Desktop/catkin_ws/install/turtlesim/include/turtlesim/srv/detail/teleport_relative__rosidl_typesupport_introspection_c.h
[4.979s] -- Up-to-date: /home/kurisaw/Desktop/catkin_ws/install/turtlesim/include/turtlesim/srv/detail/set_pen__type_support.c
[4.980s] -- Up-to-date: /home/kurisaw/Desktop/catkin_ws/install/turtlesim/include/turtlesim/srv/detail/kill__type_support.c
[4.980s] -- Up-to-date: /home/kurisaw/Desktop/catkin_ws/install/turtlesim/include/turtlesim/srv/detail/set_pen__rosidl_typesupport_introspection_c.h
[4.993s] -- Up-to-date: /home/kurisaw/Desktop/catkin_ws/install/turtlesim/lib/libturtlesim__rosidl_typesupport_introspection_c.so
[4.994s] -- Up-to-date: /home/kurisaw/Desktop/catkin_ws/install/turtlesim/lib/libturtlesim__rosidl_typesupport_c.so
[4.994s] -- Up-to-date: /home/kurisaw/Desktop/catkin_ws/install/turtlesim/include/turtlesim
[4.994s] -- Up-to-date: /home/kurisaw/Desktop/catkin_ws/install/turtlesim/include/turtlesim/action
[4.995s] -- Up-to-date: /home/kurisaw/Desktop/catkin_ws/install/turtlesim/include/turtlesim/action/rotate_absolute.hpp
[4.995s] -- Up-to-date: /home/kurisaw/Desktop/catkin_ws/install/turtlesim/include/turtlesim/action/detail
[4.995s] -- Up-to-date: /home/kurisaw/Desktop/catkin_ws/install/turtlesim/include/turtlesim/action/detail/rotate_absolute__traits.hpp
[4.996s] -- Up-to-date: /home/kurisaw/Desktop/catkin_ws/install/turtlesim/include/turtlesim/action/detail/rotate_absolute__builder.hpp
[4.996s] -- Up-to-date: /home/kurisaw/Desktop/catkin_ws/install/turtlesim/include/turtlesim/action/detail/rotate_absolute__type_support.hpp
[4.996s] -- Up-to-date: /home/kurisaw/Desktop/catkin_ws/install/turtlesim/include/turtlesim/action/detail/rotate_absolute__struct.hpp
[4.997s] -- Up-to-date: /home/kurisaw/Desktop/catkin_ws/install/turtlesim/include/turtlesim/msg
[4.997s] -- Up-to-date: /home/kurisaw/Desktop/catkin_ws/install/turtlesim/include/turtlesim/msg/color.hpp
[4.997s] -- Up-to-date: /home/kurisaw/Desktop/catkin_ws/install/turtlesim/include/turtlesim/msg/pose.hpp
[4.998s] -- Up-to-date: /home/kurisaw/Desktop/catkin_ws/install/turtlesim/include/turtlesim/msg/detail
[4.998s] -- Up-to-date: /home/kurisaw/Desktop/catkin_ws/install/turtlesim/include/turtlesim/msg/detail/color__type_support.hpp
[4.998s] -- Up-to-date: /home/kurisaw/Desktop/catkin_ws/install/turtlesim/include/turtlesim/msg/detail/color__struct.hpp
[4.999s] -- Up-to-date: /home/kurisaw/Desktop/catkin_ws/install/turtlesim/include/turtlesim/msg/detail/pose__traits.hpp
[4.999s] -- Up-to-date: /home/kurisaw/Desktop/catkin_ws/install/turtlesim/include/turtlesim/msg/detail/color__traits.hpp
[4.999s] -- Up-to-date: /home/kurisaw/Desktop/catkin_ws/install/turtlesim/include/turtlesim/msg/detail/pose__type_support.hpp
[5.000s] -- Up-to-date: /home/kurisaw/Desktop/catkin_ws/install/turtlesim/include/turtlesim/msg/detail/color__builder.hpp
[5.000s] -- Up-to-date: /home/kurisaw/Desktop/catkin_ws/install/turtlesim/include/turtlesim/msg/detail/pose__struct.hpp
[5.001s] -- Up-to-date: /home/kurisaw/Desktop/catkin_ws/install/turtlesim/include/turtlesim/msg/detail/pose__builder.hpp
[5.001s] -- Up-to-date: /home/kurisaw/Desktop/catkin_ws/install/turtlesim/include/turtlesim/msg/rosidl_generator_cpp__visibility_control.hpp
[5.001s] -- Up-to-date: /home/kurisaw/Desktop/catkin_ws/install/turtlesim/include/turtlesim/srv
[5.002s] -- Up-to-date: /home/kurisaw/Desktop/catkin_ws/install/turtlesim/include/turtlesim/srv/teleport_absolute.hpp
[5.002s] -- Up-to-date: /home/kurisaw/Desktop/catkin_ws/install/turtlesim/include/turtlesim/srv/spawn.hpp
[5.002s] -- Up-to-date: /home/kurisaw/Desktop/catkin_ws/install/turtlesim/include/turtlesim/srv/detail
[5.003s] -- Up-to-date: /home/kurisaw/Desktop/catkin_ws/install/turtlesim/include/turtlesim/srv/detail/set_pen__type_support.hpp
[5.003s] -- Up-to-date: /home/kurisaw/Desktop/catkin_ws/install/turtlesim/include/turtlesim/srv/detail/teleport_absolute__struct.hpp
[5.003s] -- Up-to-date: /home/kurisaw/Desktop/catkin_ws/install/turtlesim/include/turtlesim/srv/detail/teleport_absolute__builder.hpp
[5.003s] -- Up-to-date: /home/kurisaw/Desktop/catkin_ws/install/turtlesim/include/turtlesim/srv/detail/set_pen__traits.hpp
[5.004s] -- Up-to-date: /home/kurisaw/Desktop/catkin_ws/install/turtlesim/include/turtlesim/srv/detail/set_pen__builder.hpp
[5.004s] -- Up-to-date: /home/kurisaw/Desktop/catkin_ws/install/turtlesim/include/turtlesim/srv/detail/teleport_absolute__traits.hpp
[5.005s] -- Up-to-date: /home/kurisaw/Desktop/catkin_ws/install/turtlesim/include/turtlesim/srv/detail/set_pen__struct.hpp
[5.005s] -- Up-to-date: /home/kurisaw/Desktop/catkin_ws/install/turtlesim/include/turtlesim/srv/detail/teleport_relative__traits.hpp
[5.006s] -- Up-to-date: /home/kurisaw/Desktop/catkin_ws/install/turtlesim/include/turtlesim/srv/detail/spawn__traits.hpp
[5.006s] -- Up-to-date: /home/kurisaw/Desktop/catkin_ws/install/turtlesim/include/turtlesim/srv/detail/spawn__builder.hpp
[5.006s] -- Up-to-date: /home/kurisaw/Desktop/catkin_ws/install/turtlesim/include/turtlesim/srv/detail/teleport_absolute__type_support.hpp
[5.006s] -- Up-to-date: /home/kurisaw/Desktop/catkin_ws/install/turtlesim/include/turtlesim/srv/detail/spawn__type_support.hpp
[5.007s] -- Up-to-date: /home/kurisaw/Desktop/catkin_ws/install/turtlesim/include/turtlesim/srv/detail/kill__builder.hpp
[5.007s] -- Up-to-date: /home/kurisaw/Desktop/catkin_ws/install/turtlesim/include/turtlesim/srv/detail/kill__type_support.hpp
[5.007s] -- Up-to-date: /home/kurisaw/Desktop/catkin_ws/install/turtlesim/include/turtlesim/srv/detail/teleport_relative__struct.hpp
[5.007s] -- Up-to-date: /home/kurisaw/Desktop/catkin_ws/install/turtlesim/include/turtlesim/srv/detail/teleport_relative__builder.hpp
[5.008s] -- Up-to-date: /home/kurisaw/Desktop/catkin_ws/install/turtlesim/include/turtlesim/srv/detail/spawn__struct.hpp
[5.008s] -- Up-to-date: /home/kurisaw/Desktop/catkin_ws/install/turtlesim/include/turtlesim/srv/detail/kill__struct.hpp
[5.028s] -- Up-to-date: /home/kurisaw/Desktop/catkin_ws/install/turtlesim/include/turtlesim/srv/detail/kill__traits.hpp
[5.028s] -- Up-to-date: /home/kurisaw/Desktop/catkin_ws/install/turtlesim/include/turtlesim/srv/detail/teleport_relative__type_support.hpp
[5.029s] -- Up-to-date: /home/kurisaw/Desktop/catkin_ws/install/turtlesim/include/turtlesim/srv/kill.hpp
[5.029s] -- Up-to-date: /home/kurisaw/Desktop/catkin_ws/install/turtlesim/include/turtlesim/srv/set_pen.hpp
[5.029s] -- Up-to-date: /home/kurisaw/Desktop/catkin_ws/install/turtlesim/include/turtlesim/srv/teleport_relative.hpp
[5.029s] -- Up-to-date: /home/kurisaw/Desktop/catkin_ws/install/turtlesim/include/turtlesim
[5.029s] -- Up-to-date: /home/kurisaw/Desktop/catkin_ws/install/turtlesim/include/turtlesim/action
[5.030s] -- Up-to-date: /home/kurisaw/Desktop/catkin_ws/install/turtlesim/include/turtlesim/action/detail
[5.030s] -- Up-to-date: /home/kurisaw/Desktop/catkin_ws/install/turtlesim/include/turtlesim/action/detail/rotate_absolute__type_support.cpp
[5.030s] -- Up-to-date: /home/kurisaw/Desktop/catkin_ws/install/turtlesim/include/turtlesim/action/detail/rotate_absolute__rosidl_typesupport_introspection_cpp.hpp
[5.030s] -- Up-to-date: /home/kurisaw/Desktop/catkin_ws/install/turtlesim/include/turtlesim/msg
[5.030s] -- Up-to-date: /home/kurisaw/Desktop/catkin_ws/install/turtlesim/include/turtlesim/msg/detail
[5.031s] -- Up-to-date: /home/kurisaw/Desktop/catkin_ws/install/turtlesim/include/turtlesim/msg/detail/color__rosidl_typesupport_introspection_cpp.hpp
[5.031s] -- Up-to-date: /home/kurisaw/Desktop/catkin_ws/install/turtlesim/include/turtlesim/msg/detail/pose__rosidl_typesupport_introspection_cpp.hpp
[5.031s] -- Up-to-date: /home/kurisaw/Desktop/catkin_ws/install/turtlesim/include/turtlesim/msg/detail/pose__type_support.cpp
[5.031s] -- Up-to-date: /home/kurisaw/Desktop/catkin_ws/install/turtlesim/include/turtlesim/msg/detail/color__type_support.cpp
[5.032s] -- Up-to-date: /home/kurisaw/Desktop/catkin_ws/install/turtlesim/include/turtlesim/srv
[5.032s] -- Up-to-date: /home/kurisaw/Desktop/catkin_ws/install/turtlesim/include/turtlesim/srv/detail
[5.032s] -- Up-to-date: /home/kurisaw/Desktop/catkin_ws/install/turtlesim/include/turtlesim/srv/detail/teleport_relative__rosidl_typesupport_introspection_cpp.hpp
[5.032s] -- Up-to-date: /home/kurisaw/Desktop/catkin_ws/install/turtlesim/include/turtlesim/srv/detail/kill__type_support.cpp
[5.033s] -- Up-to-date: /home/kurisaw/Desktop/catkin_ws/install/turtlesim/include/turtlesim/srv/detail/teleport_relative__type_support.cpp
[5.034s] -- Up-to-date: /home/kurisaw/Desktop/catkin_ws/install/turtlesim/include/turtlesim/srv/detail/kill__rosidl_typesupport_introspection_cpp.hpp
[5.034s] -- Up-to-date: /home/kurisaw/Desktop/catkin_ws/install/turtlesim/include/turtlesim/srv/detail/spawn__type_support.cpp
[5.035s] -- Up-to-date: /home/kurisaw/Desktop/catkin_ws/install/turtlesim/include/turtlesim/srv/detail/teleport_absolute__type_support.cpp
[5.035s] -- Up-to-date: /home/kurisaw/Desktop/catkin_ws/install/turtlesim/include/turtlesim/srv/detail/set_pen__rosidl_typesupport_introspection_cpp.hpp
[5.035s] -- Up-to-date: /home/kurisaw/Desktop/catkin_ws/install/turtlesim/include/turtlesim/srv/detail/teleport_absolute__rosidl_typesupport_introspection_cpp.hpp
[5.036s] -- Up-to-date: /home/kurisaw/Desktop/catkin_ws/install/turtlesim/include/turtlesim/srv/detail/set_pen__type_support.cpp
[5.036s] -- Up-to-date: /home/kurisaw/Desktop/catkin_ws/install/turtlesim/include/turtlesim/srv/detail/spawn__rosidl_typesupport_introspection_cpp.hpp
[5.037s] -- Up-to-date: /home/kurisaw/Desktop/catkin_ws/install/turtlesim/lib/libturtlesim__rosidl_typesupport_introspection_cpp.so
[5.038s] -- Up-to-date: /home/kurisaw/Desktop/catkin_ws/install/turtlesim/lib/libturtlesim__rosidl_typesupport_cpp.so
[5.038s] -- Up-to-date: /home/kurisaw/Desktop/catkin_ws/install/turtlesim/share/turtlesim/environment/pythonpath.sh
[5.039s] -- Up-to-date: /home/kurisaw/Desktop/catkin_ws/install/turtlesim/share/turtlesim/environment/pythonpath.dsv
[5.039s] -- Up-to-date: /home/kurisaw/Desktop/catkin_ws/install/turtlesim/lib/python3.8/site-packages/turtlesim/__init__.py
[5.240s] -- Up-to-date: /home/kurisaw/Desktop/catkin_ws/install/turtlesim/lib/python3.8/site-packages/turtlesim/action
[5.241s] -- Up-to-date: /home/kurisaw/Desktop/catkin_ws/install/turtlesim/lib/python3.8/site-packages/turtlesim/action/__init__.py
[5.241s] -- Up-to-date: /home/kurisaw/Desktop/catkin_ws/install/turtlesim/lib/python3.8/site-packages/turtlesim/action/_rotate_absolute.py
[5.243s] -- Up-to-date: /home/kurisaw/Desktop/catkin_ws/install/turtlesim/lib/python3.8/site-packages/turtlesim/action/_rotate_absolute_s.c
[5.244s] -- Up-to-date: /home/kurisaw/Desktop/catkin_ws/install/turtlesim/lib/python3.8/site-packages/turtlesim/msg
[5.247s] -- Up-to-date: /home/kurisaw/Desktop/catkin_ws/install/turtlesim/lib/python3.8/site-packages/turtlesim/msg/__init__.py
[5.247s] -- Up-to-date: /home/kurisaw/Desktop/catkin_ws/install/turtlesim/lib/python3.8/site-packages/turtlesim/msg/_pose.py
[5.248s] -- Up-to-date: /home/kurisaw/Desktop/catkin_ws/install/turtlesim/lib/python3.8/site-packages/turtlesim/msg/_color.py
[5.248s] -- Up-to-date: /home/kurisaw/Desktop/catkin_ws/install/turtlesim/lib/python3.8/site-packages/turtlesim/msg/_pose_s.c
[5.249s] -- Up-to-date: /home/kurisaw/Desktop/catkin_ws/install/turtlesim/lib/python3.8/site-packages/turtlesim/msg/_color_s.c
[5.250s] -- Up-to-date: /home/kurisaw/Desktop/catkin_ws/install/turtlesim/lib/python3.8/site-packages/turtlesim/srv
[5.250s] -- Up-to-date: /home/kurisaw/Desktop/catkin_ws/install/turtlesim/lib/python3.8/site-packages/turtlesim/srv/_teleport_absolute.py
[5.250s] -- Up-to-date: /home/kurisaw/Desktop/catkin_ws/install/turtlesim/lib/python3.8/site-packages/turtlesim/srv/_kill.py
[5.250s] -- Up-to-date: /home/kurisaw/Desktop/catkin_ws/install/turtlesim/lib/python3.8/site-packages/turtlesim/srv/__init__.py
[5.252s] -- Up-to-date: /home/kurisaw/Desktop/catkin_ws/install/turtlesim/lib/python3.8/site-packages/turtlesim/srv/_set_pen.py
[5.252s] -- Up-to-date: /home/kurisaw/Desktop/catkin_ws/install/turtlesim/lib/python3.8/site-packages/turtlesim/srv/_teleport_relative.py
[5.253s] -- Up-to-date: /home/kurisaw/Desktop/catkin_ws/install/turtlesim/lib/python3.8/site-packages/turtlesim/srv/_set_pen_s.c
[5.253s] -- Up-to-date: /home/kurisaw/Desktop/catkin_ws/install/turtlesim/lib/python3.8/site-packages/turtlesim/srv/_spawn_s.c
[5.253s] -- Up-to-date: /home/kurisaw/Desktop/catkin_ws/install/turtlesim/lib/python3.8/site-packages/turtlesim/srv/_teleport_absolute_s.c
[5.254s] -- Up-to-date: /home/kurisaw/Desktop/catkin_ws/install/turtlesim/lib/python3.8/site-packages/turtlesim/srv/_kill_s.c
[5.255s] -- Up-to-date: /home/kurisaw/Desktop/catkin_ws/install/turtlesim/lib/python3.8/site-packages/turtlesim/srv/_spawn.py
[5.255s] -- Up-to-date: /home/kurisaw/Desktop/catkin_ws/install/turtlesim/lib/python3.8/site-packages/turtlesim/srv/_teleport_relative_s.c
[5.255s] -- Up-to-date: /home/kurisaw/Desktop/catkin_ws/install/turtlesim/lib/python3.8/site-packages/turtlesim/turtlesim_s__rosidl_typesupport_fastrtps_c.cpython-38-x86_64-linux-gnu.so
[5.325s] -- Up-to-date: /home/kurisaw/Desktop/catkin_ws/install/turtlesim/lib/python3.8/site-packages/turtlesim/turtlesim_s__rosidl_typesupport_introspection_c.cpython-38-x86_64-linux-gnu.so
[5.326s] -- Up-to-date: /home/kurisaw/Desktop/catkin_ws/install/turtlesim/lib/python3.8/site-packages/turtlesim/turtlesim_s__rosidl_typesupport_c.cpython-38-x86_64-linux-gnu.so
[5.328s] -- Up-to-date: /home/kurisaw/Desktop/catkin_ws/install/turtlesim/lib/libturtlesim__python.so
[5.330s] -- Up-to-date: /home/kurisaw/Desktop/catkin_ws/install/turtlesim/share/turtlesim/action/RotateAbsolute.idl
[5.332s] -- Up-to-date: /home/kurisaw/Desktop/catkin_ws/install/turtlesim/share/turtlesim/msg/Color.idl
[5.333s] -- Up-to-date: /home/kurisaw/Desktop/catkin_ws/install/turtlesim/share/turtlesim/msg/Pose.idl
[5.333s] -- Up-to-date: /home/kurisaw/Desktop/catkin_ws/install/turtlesim/share/turtlesim/srv/Kill.idl
[5.333s] -- Up-to-date: /home/kurisaw/Desktop/catkin_ws/install/turtlesim/share/turtlesim/srv/SetPen.idl
[5.333s] -- Up-to-date: /home/kurisaw/Desktop/catkin_ws/install/turtlesim/share/turtlesim/srv/Spawn.idl
[5.334s] -- Up-to-date: /home/kurisaw/Desktop/catkin_ws/install/turtlesim/share/turtlesim/srv/TeleportAbsolute.idl
[5.334s] -- Up-to-date: /home/kurisaw/Desktop/catkin_ws/install/turtlesim/share/turtlesim/srv/TeleportRelative.idl
[5.334s] -- Up-to-date: /home/kurisaw/Desktop/catkin_ws/install/turtlesim/share/turtlesim/action/RotateAbsolute.action
[5.334s] -- Up-to-date: /home/kurisaw/Desktop/catkin_ws/install/turtlesim/share/turtlesim/msg/Color.msg
[5.334s] -- Up-to-date: /home/kurisaw/Desktop/catkin_ws/install/turtlesim/share/turtlesim/msg/Pose.msg
[5.335s] -- Up-to-date: /home/kurisaw/Desktop/catkin_ws/install/turtlesim/share/turtlesim/srv/Kill.srv
[5.335s] -- Up-to-date: /home/kurisaw/Desktop/catkin_ws/install/turtlesim/share/turtlesim/srv/Kill_Request.msg
[5.336s] -- Up-to-date: /home/kurisaw/Desktop/catkin_ws/install/turtlesim/share/turtlesim/srv/Kill_Response.msg
[5.336s] -- Up-to-date: /home/kurisaw/Desktop/catkin_ws/install/turtlesim/share/turtlesim/srv/SetPen.srv
[5.353s] -- Up-to-date: /home/kurisaw/Desktop/catkin_ws/install/turtlesim/share/turtlesim/srv/SetPen_Request.msg
[5.354s] -- Up-to-date: /home/kurisaw/Desktop/catkin_ws/install/turtlesim/share/turtlesim/srv/SetPen_Response.msg
[5.354s] -- Up-to-date: /home/kurisaw/Desktop/catkin_ws/install/turtlesim/share/turtlesim/srv/Spawn.srv
[5.354s] -- Up-to-date: /home/kurisaw/Desktop/catkin_ws/install/turtlesim/share/turtlesim/srv/Spawn_Request.msg
[5.354s] -- Up-to-date: /home/kurisaw/Desktop/catkin_ws/install/turtlesim/share/turtlesim/srv/Spawn_Response.msg
[5.360s] -- Up-to-date: /home/kurisaw/Desktop/catkin_ws/install/turtlesim/share/turtlesim/srv/TeleportAbsolute.srv
[5.362s] -- Up-to-date: /home/kurisaw/Desktop/catkin_ws/install/turtlesim/share/turtlesim/srv/TeleportAbsolute_Request.msg
[5.363s] -- Up-to-date: /home/kurisaw/Desktop/catkin_ws/install/turtlesim/share/turtlesim/srv/TeleportAbsolute_Response.msg
[5.364s] -- Up-to-date: /home/kurisaw/Desktop/catkin_ws/install/turtlesim/share/turtlesim/srv/TeleportRelative.srv
[5.365s] -- Up-to-date: /home/kurisaw/Desktop/catkin_ws/install/turtlesim/share/turtlesim/srv/TeleportRelative_Request.msg
[5.366s] -- Up-to-date: /home/kurisaw/Desktop/catkin_ws/install/turtlesim/share/turtlesim/srv/TeleportRelative_Response.msg
[5.371s] -- Up-to-date: /home/kurisaw/Desktop/catkin_ws/install/turtlesim/lib/turtlesim/turtlesim_node
[5.380s] -- Up-to-date: /home/kurisaw/Desktop/catkin_ws/install/turtlesim/lib/turtlesim/turtle_teleop_key
[5.412s] -- Up-to-date: /home/kurisaw/Desktop/catkin_ws/install/turtlesim/lib/turtlesim/draw_square
[5.436s] -- Up-to-date: /home/kurisaw/Desktop/catkin_ws/install/turtlesim/lib/turtlesim/mimic
[5.450s] -- Up-to-date: /home/kurisaw/Desktop/catkin_ws/install/turtlesim/share/turtlesim/images
[5.459s] -- Up-to-date: /home/kurisaw/Desktop/catkin_ws/install/turtlesim/share/turtlesim/images/eloquent.png
[5.459s] -- Up-to-date: /home/kurisaw/Desktop/catkin_ws/install/turtlesim/share/turtlesim/images/bouncy.png
[5.460s] -- Up-to-date: /home/kurisaw/Desktop/catkin_ws/install/turtlesim/share/turtlesim/images/crystal.png
[5.461s] -- Up-to-date: /home/kurisaw/Desktop/catkin_ws/install/turtlesim/share/turtlesim/images/foxy.png
[5.461s] -- Up-to-date: /home/kurisaw/Desktop/catkin_ws/install/turtlesim/share/turtlesim/images/dashing.png
[5.468s] -- Up-to-date: /home/kurisaw/Desktop/catkin_ws/install/turtlesim/share/turtlesim/images/ardent.png
[5.468s] -- Up-to-date: /home/kurisaw/Desktop/catkin_ws/install/turtlesim/share/turtlesim/launch
[5.472s] -- Up-to-date: /home/kurisaw/Desktop/catkin_ws/install/turtlesim/share/turtlesim/launch/multisim.launch.py
[5.481s] -- Up-to-date: /home/kurisaw/Desktop/catkin_ws/install/turtlesim/share/ament_index/resource_index/package_run_dependencies/turtlesim
[5.481s] -- Up-to-date: /home/kurisaw/Desktop/catkin_ws/install/turtlesim/share/ament_index/resource_index/parent_prefix_path/turtlesim
[5.481s] -- Up-to-date: /home/kurisaw/Desktop/catkin_ws/install/turtlesim/share/turtlesim/environment/ament_prefix_path.sh
[5.482s] -- Up-to-date: /home/kurisaw/Desktop/catkin_ws/install/turtlesim/share/turtlesim/environment/ament_prefix_path.dsv
[5.504s] -- Up-to-date: /home/kurisaw/Desktop/catkin_ws/install/turtlesim/share/turtlesim/environment/path.sh
[5.504s] -- Up-to-date: /home/kurisaw/Desktop/catkin_ws/install/turtlesim/share/turtlesim/environment/path.dsv
[5.505s] -- Up-to-date: /home/kurisaw/Desktop/catkin_ws/install/turtlesim/share/turtlesim/local_setup.bash
[5.505s] -- Up-to-date: /home/kurisaw/Desktop/catkin_ws/install/turtlesim/share/turtlesim/local_setup.sh
[5.505s] -- Up-to-date: /home/kurisaw/Desktop/catkin_ws/install/turtlesim/share/turtlesim/local_setup.zsh
[5.506s] -- Up-to-date: /home/kurisaw/Desktop/catkin_ws/install/turtlesim/share/turtlesim/local_setup.dsv
[5.506s] -- Installing: /home/kurisaw/Desktop/catkin_ws/install/turtlesim/share/turtlesim/package.dsv
[5.520s] -- Up-to-date: /home/kurisaw/Desktop/catkin_ws/install/turtlesim/share/ament_index/resource_index/packages/turtlesim
[5.520s] -- Up-to-date: /home/kurisaw/Desktop/catkin_ws/install/turtlesim/share/turtlesim/cmake/turtlesim__rosidl_generator_cExport.cmake
[5.521s] -- Up-to-date: /home/kurisaw/Desktop/catkin_ws/install/turtlesim/share/turtlesim/cmake/turtlesim__rosidl_generator_cExport-noconfig.cmake
[5.521s] -- Up-to-date: /home/kurisaw/Desktop/catkin_ws/install/turtlesim/share/turtlesim/cmake/turtlesim__rosidl_typesupport_introspection_cExport.cmake
[5.521s] -- Up-to-date: /home/kurisaw/Desktop/catkin_ws/install/turtlesim/share/turtlesim/cmake/turtlesim__rosidl_typesupport_introspection_cExport-noconfig.cmake
[5.522s] -- Up-to-date: /home/kurisaw/Desktop/catkin_ws/install/turtlesim/share/turtlesim/cmake/turtlesim__rosidl_typesupport_cExport.cmake
[5.522s] -- Up-to-date: /home/kurisaw/Desktop/catkin_ws/install/turtlesim/share/turtlesim/cmake/turtlesim__rosidl_typesupport_cExport-noconfig.cmake
[5.522s] -- Up-to-date: /home/kurisaw/Desktop/catkin_ws/install/turtlesim/share/turtlesim/cmake/turtlesim__rosidl_generator_cppExport.cmake
[5.523s] -- Up-to-date: /home/kurisaw/Desktop/catkin_ws/install/turtlesim/share/turtlesim/cmake/turtlesim__rosidl_typesupport_introspection_cppExport.cmake
[5.523s] -- Up-to-date: /home/kurisaw/Desktop/catkin_ws/install/turtlesim/share/turtlesim/cmake/turtlesim__rosidl_typesupport_introspection_cppExport-noconfig.cmake
[5.524s] -- Up-to-date: /home/kurisaw/Desktop/catkin_ws/install/turtlesim/share/turtlesim/cmake/turtlesim__rosidl_typesupport_cppExport.cmake
[5.524s] -- Up-to-date: /home/kurisaw/Desktop/catkin_ws/install/turtlesim/share/turtlesim/cmake/turtlesim__rosidl_typesupport_cppExport-noconfig.cmake
[5.524s] -- Up-to-date: /home/kurisaw/Desktop/catkin_ws/install/turtlesim/share/turtlesim/cmake/rosidl_cmake-extras.cmake
[5.524s] -- Up-to-date: /home/kurisaw/Desktop/catkin_ws/install/turtlesim/share/turtlesim/cmake/ament_cmake_export_dependencies-extras.cmake
[5.525s] -- Up-to-date: /home/kurisaw/Desktop/catkin_ws/install/turtlesim/share/turtlesim/cmake/ament_cmake_export_libraries-extras.cmake
[5.525s] -- Up-to-date: /home/kurisaw/Desktop/catkin_ws/install/turtlesim/share/turtlesim/cmake/ament_cmake_export_targets-extras.cmake
[5.525s] -- Up-to-date: /home/kurisaw/Desktop/catkin_ws/install/turtlesim/share/turtlesim/cmake/ament_cmake_export_include_directories-extras.cmake
[5.526s] -- Up-to-date: /home/kurisaw/Desktop/catkin_ws/install/turtlesim/share/turtlesim/cmake/rosidl_cmake_export_typesupport_libraries-extras.cmake
[5.526s] -- Up-to-date: /home/kurisaw/Desktop/catkin_ws/install/turtlesim/share/turtlesim/cmake/rosidl_cmake_export_typesupport_targets-extras.cmake
[5.526s] -- Up-to-date: /home/kurisaw/Desktop/catkin_ws/install/turtlesim/share/turtlesim/cmake/turtlesimConfig.cmake
[5.527s] -- Up-to-date: /home/kurisaw/Desktop/catkin_ws/install/turtlesim/share/turtlesim/cmake/turtlesimConfig-version.cmake
[5.527s] -- Up-to-date: /home/kurisaw/Desktop/catkin_ws/install/turtlesim/share/turtlesim/package.xml
[5.527s] Invoked command in '/home/kurisaw/Desktop/catkin_ws/build/turtlesim' returned '0': CMAKE_PREFIX_PATH=${CMAKE_PREFIX_PATH}:/opt/ros/foxy /usr/bin/cmake --install /home/kurisaw/Desktop/catkin_ws/build/turtlesim
