[3.751s] DEBUG:colcon:Command line arguments: ['/usr/bin/colcon', 'build', '--packages-select', 'my_serial_node']
[3.751s] DEBUG:colcon:Parsed command line arguments: Namespace(allow_overriding=[], ament_cmake_args=None, base_paths=['.'], build_base='build', catkin_cmake_args=None, catkin_skip_building_tests=False, cmake_args=None, cmake_clean_cache=False, cmake_clean_first=False, cmake_force_configure=False, cmake_target=None, cmake_target_skip_unavailable=False, continue_on_error=False, event_handlers=None, executor='parallel', ignore_user_meta=False, install_base='install', log_base=None, log_level=None, main=<bound method BuildVerb.main of <colcon_core.verb.build.BuildVerb object at 0x7f09671b3eb0>>, merge_install=False, metas=['./colcon.meta'], packages_above=None, packages_above_and_dependencies=None, packages_above_depth=None, packages_end=None, packages_ignore=None, packages_ignore_regex=None, packages_select=['my_serial_node'], packages_select_build_failed=False, packages_select_by_dep=None, packages_select_regex=None, packages_select_test_failures=False, packages_skip=None, packages_skip_build_finished=False, packages_skip_by_dep=None, packages_skip_regex=None, packages_skip_test_passed=False, packages_skip_up_to=None, packages_start=None, packages_up_to=None, packages_up_to_regex=None, parallel_workers=4, paths=None, symlink_install=False, test_result_base=None, verb_extension=<colcon_core.verb.build.BuildVerb object at 0x7f09671b3eb0>, verb_name='build', verb_parser=<colcon_defaults.argument_parser.defaults.DefaultArgumentsDecorator object at 0x7f096714c3d0>)
[3.920s] Level 1:colcon.colcon_core.package_discovery:discover_packages(colcon_meta) check parameters
[3.920s] Level 1:colcon.colcon_core.package_discovery:discover_packages(recursive) check parameters
[3.920s] Level 1:colcon.colcon_core.package_discovery:discover_packages(ignore) check parameters
[3.920s] Level 1:colcon.colcon_core.package_discovery:discover_packages(path) check parameters
[3.920s] Level 1:colcon.colcon_core.package_discovery:discover_packages(colcon_meta) discover
[3.921s] Level 1:colcon.colcon_core.package_discovery:discover_packages(recursive) discover
[3.921s] INFO:colcon.colcon_core.package_discovery:Crawling recursively for packages in '/home/kurisaw/Desktop/catkin_ws'
[3.921s] Level 1:colcon.colcon_core.package_identification:_identify(.) by extensions ['ignore', 'ignore_ament_install']
[3.921s] Level 1:colcon.colcon_core.package_identification:_identify(.) by extension 'ignore'
[3.921s] Level 1:colcon.colcon_core.package_identification:_identify(.) by extension 'ignore_ament_install'
[3.921s] Level 1:colcon.colcon_core.package_identification:_identify(.) by extensions ['colcon_pkg']
[3.921s] Level 1:colcon.colcon_core.package_identification:_identify(.) by extension 'colcon_pkg'
[3.922s] Level 1:colcon.colcon_core.package_identification:_identify(.) by extensions ['colcon_meta']
[3.922s] Level 1:colcon.colcon_core.package_identification:_identify(.) by extension 'colcon_meta'
[3.922s] Level 1:colcon.colcon_core.package_identification:_identify(.) by extensions ['ros']
[3.922s] Level 1:colcon.colcon_core.package_identification:_identify(.) by extension 'ros'
[3.945s] Level 1:colcon.colcon_core.package_identification:_identify(.) by extensions ['cmake', 'python']
[3.945s] Level 1:colcon.colcon_core.package_identification:_identify(.) by extension 'cmake'
[3.945s] Level 1:colcon.colcon_core.package_identification:_identify(.) by extension 'python'
[3.945s] Level 1:colcon.colcon_core.package_identification:_identify(.) by extensions ['python_setup_py']
[3.945s] Level 1:colcon.colcon_core.package_identification:_identify(.) by extension 'python_setup_py'
[3.946s] Level 1:colcon.colcon_core.package_identification:_identify(build) by extensions ['ignore', 'ignore_ament_install']
[3.946s] Level 1:colcon.colcon_core.package_identification:_identify(build) by extension 'ignore'
[3.946s] Level 1:colcon.colcon_core.package_identification:_identify(build) ignored
[3.946s] Level 1:colcon.colcon_core.package_identification:_identify(install) by extensions ['ignore', 'ignore_ament_install']
[3.947s] Level 1:colcon.colcon_core.package_identification:_identify(install) by extension 'ignore'
[3.947s] Level 1:colcon.colcon_core.package_identification:_identify(install) ignored
[3.947s] Level 1:colcon.colcon_core.package_identification:_identify(log) by extensions ['ignore', 'ignore_ament_install']
[3.947s] Level 1:colcon.colcon_core.package_identification:_identify(log) by extension 'ignore'
[3.948s] Level 1:colcon.colcon_core.package_identification:_identify(log) ignored
[3.948s] Level 1:colcon.colcon_core.package_identification:_identify(src) by extensions ['ignore', 'ignore_ament_install']
[3.948s] Level 1:colcon.colcon_core.package_identification:_identify(src) by extension 'ignore'
[3.948s] Level 1:colcon.colcon_core.package_identification:_identify(src) by extension 'ignore_ament_install'
[3.948s] Level 1:colcon.colcon_core.package_identification:_identify(src) by extensions ['colcon_pkg']
[3.948s] Level 1:colcon.colcon_core.package_identification:_identify(src) by extension 'colcon_pkg'
[3.949s] Level 1:colcon.colcon_core.package_identification:_identify(src) by extensions ['colcon_meta']
[3.949s] Level 1:colcon.colcon_core.package_identification:_identify(src) by extension 'colcon_meta'
[3.949s] Level 1:colcon.colcon_core.package_identification:_identify(src) by extensions ['ros']
[3.949s] Level 1:colcon.colcon_core.package_identification:_identify(src) by extension 'ros'
[3.949s] Level 1:colcon.colcon_core.package_identification:_identify(src) by extensions ['cmake', 'python']
[3.949s] Level 1:colcon.colcon_core.package_identification:_identify(src) by extension 'cmake'
[3.949s] Level 1:colcon.colcon_core.package_identification:_identify(src) by extension 'python'
[3.949s] Level 1:colcon.colcon_core.package_identification:_identify(src) by extensions ['python_setup_py']
[3.949s] Level 1:colcon.colcon_core.package_identification:_identify(src) by extension 'python_setup_py'
[3.950s] Level 1:colcon.colcon_core.package_identification:_identify(src/my_serial_node) by extensions ['ignore', 'ignore_ament_install']
[3.950s] Level 1:colcon.colcon_core.package_identification:_identify(src/my_serial_node) by extension 'ignore'
[3.950s] Level 1:colcon.colcon_core.package_identification:_identify(src/my_serial_node) by extension 'ignore_ament_install'
[3.950s] Level 1:colcon.colcon_core.package_identification:_identify(src/my_serial_node) by extensions ['colcon_pkg']
[3.950s] Level 1:colcon.colcon_core.package_identification:_identify(src/my_serial_node) by extension 'colcon_pkg'
[3.950s] Level 1:colcon.colcon_core.package_identification:_identify(src/my_serial_node) by extensions ['colcon_meta']
[3.950s] Level 1:colcon.colcon_core.package_identification:_identify(src/my_serial_node) by extension 'colcon_meta'
[3.951s] Level 1:colcon.colcon_core.package_identification:_identify(src/my_serial_node) by extensions ['ros']
[3.951s] Level 1:colcon.colcon_core.package_identification:_identify(src/my_serial_node) by extension 'ros'
[3.955s] DEBUG:colcon.colcon_core.package_identification:Package 'src/my_serial_node' with type 'ros.ament_cmake' and name 'my_serial_node'
[3.956s] Level 1:colcon.colcon_core.package_identification:_identify(src/ros_tutorials) by extensions ['ignore', 'ignore_ament_install']
[3.956s] Level 1:colcon.colcon_core.package_identification:_identify(src/ros_tutorials) by extension 'ignore'
[3.956s] Level 1:colcon.colcon_core.package_identification:_identify(src/ros_tutorials) by extension 'ignore_ament_install'
[3.956s] Level 1:colcon.colcon_core.package_identification:_identify(src/ros_tutorials) by extensions ['colcon_pkg']
[3.956s] Level 1:colcon.colcon_core.package_identification:_identify(src/ros_tutorials) by extension 'colcon_pkg'
[3.956s] Level 1:colcon.colcon_core.package_identification:_identify(src/ros_tutorials) by extensions ['colcon_meta']
[3.956s] Level 1:colcon.colcon_core.package_identification:_identify(src/ros_tutorials) by extension 'colcon_meta'
[3.957s] Level 1:colcon.colcon_core.package_identification:_identify(src/ros_tutorials) by extensions ['ros']
[3.957s] Level 1:colcon.colcon_core.package_identification:_identify(src/ros_tutorials) by extension 'ros'
[3.957s] Level 1:colcon.colcon_core.package_identification:_identify(src/ros_tutorials) by extensions ['cmake', 'python']
[3.957s] Level 1:colcon.colcon_core.package_identification:_identify(src/ros_tutorials) by extension 'cmake'
[3.957s] Level 1:colcon.colcon_core.package_identification:_identify(src/ros_tutorials) by extension 'python'
[3.957s] Level 1:colcon.colcon_core.package_identification:_identify(src/ros_tutorials) by extensions ['python_setup_py']
[3.957s] Level 1:colcon.colcon_core.package_identification:_identify(src/ros_tutorials) by extension 'python_setup_py'
[3.957s] Level 1:colcon.colcon_core.package_identification:_identify(src/ros_tutorials/ros_tutorials) by extensions ['ignore', 'ignore_ament_install']
[3.958s] Level 1:colcon.colcon_core.package_identification:_identify(src/ros_tutorials/ros_tutorials) by extension 'ignore'
[3.958s] Level 1:colcon.colcon_core.package_identification:_identify(src/ros_tutorials/ros_tutorials) ignored
[3.958s] Level 1:colcon.colcon_core.package_identification:_identify(src/ros_tutorials/roscpp_tutorials) by extensions ['ignore', 'ignore_ament_install']
[3.958s] Level 1:colcon.colcon_core.package_identification:_identify(src/ros_tutorials/roscpp_tutorials) by extension 'ignore'
[3.958s] Level 1:colcon.colcon_core.package_identification:_identify(src/ros_tutorials/roscpp_tutorials) ignored
[3.959s] Level 1:colcon.colcon_core.package_identification:_identify(src/ros_tutorials/rospy_tutorials) by extensions ['ignore', 'ignore_ament_install']
[3.959s] Level 1:colcon.colcon_core.package_identification:_identify(src/ros_tutorials/rospy_tutorials) by extension 'ignore'
[3.959s] Level 1:colcon.colcon_core.package_identification:_identify(src/ros_tutorials/rospy_tutorials) ignored
[3.959s] Level 1:colcon.colcon_core.package_identification:_identify(src/ros_tutorials/turtlesim) by extensions ['ignore', 'ignore_ament_install']
[3.959s] Level 1:colcon.colcon_core.package_identification:_identify(src/ros_tutorials/turtlesim) by extension 'ignore'
[3.959s] Level 1:colcon.colcon_core.package_identification:_identify(src/ros_tutorials/turtlesim) by extension 'ignore_ament_install'
[3.960s] Level 1:colcon.colcon_core.package_identification:_identify(src/ros_tutorials/turtlesim) by extensions ['colcon_pkg']
[3.960s] Level 1:colcon.colcon_core.package_identification:_identify(src/ros_tutorials/turtlesim) by extension 'colcon_pkg'
[3.960s] Level 1:colcon.colcon_core.package_identification:_identify(src/ros_tutorials/turtlesim) by extensions ['colcon_meta']
[3.960s] Level 1:colcon.colcon_core.package_identification:_identify(src/ros_tutorials/turtlesim) by extension 'colcon_meta'
[3.960s] Level 1:colcon.colcon_core.package_identification:_identify(src/ros_tutorials/turtlesim) by extensions ['ros']
[3.960s] Level 1:colcon.colcon_core.package_identification:_identify(src/ros_tutorials/turtlesim) by extension 'ros'
[3.961s] DEBUG:colcon.colcon_core.package_identification:Package 'src/ros_tutorials/turtlesim' with type 'ros.ament_cmake' and name 'turtlesim'
[3.962s] Level 1:colcon.colcon_core.package_discovery:discover_packages(recursive) using defaults
[3.962s] Level 1:colcon.colcon_core.package_discovery:discover_packages(ignore) discover
[3.962s] Level 1:colcon.colcon_core.package_discovery:discover_packages(ignore) using defaults
[3.962s] Level 1:colcon.colcon_core.package_discovery:discover_packages(path) discover
[3.962s] Level 1:colcon.colcon_core.package_discovery:discover_packages(path) using defaults
[4.170s] INFO:colcon.colcon_core.package_selection:Skipping not selected package 'turtlesim' in 'src/ros_tutorials/turtlesim'
[4.301s] Level 1:colcon.colcon_core.package_discovery:discover_packages(prefix_path) check parameters
[4.301s] Level 1:colcon.colcon_core.package_discovery:discover_packages(prefix_path) discover
[4.467s] DEBUG:colcon.colcon_installed_package_information.package_discovery:Found 2 installed packages in /home/kurisaw/Desktop/catkin_ws/install
[4.555s] DEBUG:colcon.colcon_installed_package_information.package_discovery:Found 4 installed packages in /home/kurisaw/catkin_ws/install
[4.616s] DEBUG:colcon.colcon_installed_package_information.package_discovery:Found 257 installed packages in /opt/ros/foxy
[4.619s] Level 1:colcon.colcon_core.package_discovery:discover_packages(prefix_path) using defaults
[4.959s] Level 5:colcon.colcon_core.verb:set package 'my_serial_node' build argument 'cmake_args' from command line to 'None'
[4.959s] Level 5:colcon.colcon_core.verb:set package 'my_serial_node' build argument 'cmake_target' from command line to 'None'
[4.959s] Level 5:colcon.colcon_core.verb:set package 'my_serial_node' build argument 'cmake_target_skip_unavailable' from command line to 'False'
[4.959s] Level 5:colcon.colcon_core.verb:set package 'my_serial_node' build argument 'cmake_clean_cache' from command line to 'False'
[4.959s] Level 5:colcon.colcon_core.verb:set package 'my_serial_node' build argument 'cmake_clean_first' from command line to 'False'
[4.959s] Level 5:colcon.colcon_core.verb:set package 'my_serial_node' build argument 'cmake_force_configure' from command line to 'False'
[4.959s] Level 5:colcon.colcon_core.verb:set package 'my_serial_node' build argument 'ament_cmake_args' from command line to 'None'
[4.959s] Level 5:colcon.colcon_core.verb:set package 'my_serial_node' build argument 'catkin_cmake_args' from command line to 'None'
[4.959s] Level 5:colcon.colcon_core.verb:set package 'my_serial_node' build argument 'catkin_skip_building_tests' from command line to 'False'
[4.959s] DEBUG:colcon.colcon_core.verb:Building package 'my_serial_node' with the following arguments: {'ament_cmake_args': None, 'build_base': '/home/kurisaw/Desktop/catkin_ws/build/my_serial_node', 'catkin_cmake_args': None, 'catkin_skip_building_tests': False, 'cmake_args': None, 'cmake_clean_cache': False, 'cmake_clean_first': False, 'cmake_force_configure': False, 'cmake_target': None, 'cmake_target_skip_unavailable': False, 'install_base': '/home/kurisaw/Desktop/catkin_ws/install/my_serial_node', 'merge_install': False, 'path': '/home/kurisaw/Desktop/catkin_ws/src/my_serial_node', 'symlink_install': False, 'test_result_base': None}
[5.017s] INFO:colcon.colcon_core.executor:Executing jobs using 'parallel' executor
[5.078s] DEBUG:colcon.colcon_parallel_executor.executor.parallel:run_until_complete
[5.079s] INFO:colcon.colcon_ros.task.ament_cmake.build:Building ROS package in '/home/kurisaw/Desktop/catkin_ws/src/my_serial_node' with build type 'ament_cmake'
[5.079s] INFO:colcon.colcon_cmake.task.cmake.build:Building CMake package in '/home/kurisaw/Desktop/catkin_ws/src/my_serial_node'
[5.158s] INFO:colcon.colcon_core.plugin_system:Skipping extension 'colcon_core.shell.bat': Not used on non-Windows systems
[5.159s] INFO:colcon.colcon_core.shell:Skip shell extension 'powershell' for command environment: Not usable outside of PowerShell
[5.159s] DEBUG:colcon.colcon_core.shell:Skip shell extension 'dsv' for command environment
[5.503s] DEBUG:colcon.colcon_core.event_handler.log_command:Invoking command in '/home/kurisaw/Desktop/catkin_ws/build/my_serial_node': CMAKE_PREFIX_PATH=${CMAKE_PREFIX_PATH}:/opt/ros/foxy /usr/bin/cmake --build /home/kurisaw/Desktop/catkin_ws/build/my_serial_node -- -j4 -l4
[16.486s] DEBUG:colcon.colcon_core.event_handler.log_command:Invoked command in '/home/kurisaw/Desktop/catkin_ws/build/my_serial_node' returned '0': CMAKE_PREFIX_PATH=${CMAKE_PREFIX_PATH}:/opt/ros/foxy /usr/bin/cmake --build /home/kurisaw/Desktop/catkin_ws/build/my_serial_node -- -j4 -l4
[16.632s] DEBUG:colcon.colcon_core.event_handler.log_command:Invoking command in '/home/kurisaw/Desktop/catkin_ws/build/my_serial_node': CMAKE_PREFIX_PATH=${CMAKE_PREFIX_PATH}:/opt/ros/foxy /usr/bin/cmake --install /home/kurisaw/Desktop/catkin_ws/build/my_serial_node
[16.692s] Level 1:colcon.colcon_core.environment:create_environment_scripts_only(my_serial_node)
[16.701s] DEBUG:colcon.colcon_core.event_handler.log_command:Invoked command in '/home/kurisaw/Desktop/catkin_ws/build/my_serial_node' returned '0': CMAKE_PREFIX_PATH=${CMAKE_PREFIX_PATH}:/opt/ros/foxy /usr/bin/cmake --install /home/kurisaw/Desktop/catkin_ws/build/my_serial_node
[16.834s] Level 1:colcon.colcon_core.environment:checking '/home/kurisaw/Desktop/catkin_ws/install/my_serial_node' for CMake module files
[16.838s] Level 1:colcon.colcon_core.environment:checking '/home/kurisaw/Desktop/catkin_ws/install/my_serial_node' for CMake config files
[16.840s] Level 1:colcon.colcon_core.shell:create_environment_hook('my_serial_node', 'cmake_prefix_path')
[16.928s] INFO:colcon.colcon_core.shell:Creating environment hook '/home/kurisaw/Desktop/catkin_ws/install/my_serial_node/share/my_serial_node/hook/cmake_prefix_path.ps1'
[16.931s] INFO:colcon.colcon_core.shell:Creating environment descriptor '/home/kurisaw/Desktop/catkin_ws/install/my_serial_node/share/my_serial_node/hook/cmake_prefix_path.dsv'
[16.932s] INFO:colcon.colcon_core.shell:Creating environment hook '/home/kurisaw/Desktop/catkin_ws/install/my_serial_node/share/my_serial_node/hook/cmake_prefix_path.sh'
[16.934s] Level 1:colcon.colcon_core.environment:checking '/home/kurisaw/Desktop/catkin_ws/install/my_serial_node/lib'
[16.934s] Level 1:colcon.colcon_core.environment:checking '/home/kurisaw/Desktop/catkin_ws/install/my_serial_node/bin'
[16.935s] Level 1:colcon.colcon_core.environment:checking '/home/kurisaw/Desktop/catkin_ws/install/my_serial_node/lib/pkgconfig/my_serial_node.pc'
[16.935s] Level 1:colcon.colcon_core.environment:checking '/home/kurisaw/Desktop/catkin_ws/install/my_serial_node/lib/python3.8/site-packages'
[16.935s] Level 1:colcon.colcon_core.environment:checking '/home/kurisaw/Desktop/catkin_ws/install/my_serial_node/bin'
[17.014s] INFO:colcon.colcon_core.shell:Creating package script '/home/kurisaw/Desktop/catkin_ws/install/my_serial_node/share/my_serial_node/package.ps1'
[17.016s] INFO:colcon.colcon_core.shell:Creating package descriptor '/home/kurisaw/Desktop/catkin_ws/install/my_serial_node/share/my_serial_node/package.dsv'
[17.018s] INFO:colcon.colcon_core.shell:Creating package script '/home/kurisaw/Desktop/catkin_ws/install/my_serial_node/share/my_serial_node/package.sh'
[17.021s] INFO:colcon.colcon_core.shell:Creating package script '/home/kurisaw/Desktop/catkin_ws/install/my_serial_node/share/my_serial_node/package.bash'
[17.022s] INFO:colcon.colcon_core.shell:Creating package script '/home/kurisaw/Desktop/catkin_ws/install/my_serial_node/share/my_serial_node/package.zsh'
[17.024s] Level 1:colcon.colcon_core.environment:create_file_with_runtime_dependencies(/home/kurisaw/Desktop/catkin_ws/install/my_serial_node/share/colcon-core/packages/my_serial_node)
[17.237s] Level 1:colcon.colcon_core.environment:create_environment_scripts_only(my_serial_node)
[17.312s] Level 1:colcon.colcon_core.environment:checking '/home/kurisaw/Desktop/catkin_ws/install/my_serial_node' for CMake module files
[17.314s] Level 1:colcon.colcon_core.environment:checking '/home/kurisaw/Desktop/catkin_ws/install/my_serial_node' for CMake config files
[17.315s] Level 1:colcon.colcon_core.shell:create_environment_hook('my_serial_node', 'cmake_prefix_path')
[17.383s] INFO:colcon.colcon_core.shell:Creating environment hook '/home/kurisaw/Desktop/catkin_ws/install/my_serial_node/share/my_serial_node/hook/cmake_prefix_path.ps1'
[17.384s] INFO:colcon.colcon_core.shell:Creating environment descriptor '/home/kurisaw/Desktop/catkin_ws/install/my_serial_node/share/my_serial_node/hook/cmake_prefix_path.dsv'
[17.385s] INFO:colcon.colcon_core.shell:Creating environment hook '/home/kurisaw/Desktop/catkin_ws/install/my_serial_node/share/my_serial_node/hook/cmake_prefix_path.sh'
[17.387s] Level 1:colcon.colcon_core.environment:checking '/home/kurisaw/Desktop/catkin_ws/install/my_serial_node/lib'
[17.388s] Level 1:colcon.colcon_core.environment:checking '/home/kurisaw/Desktop/catkin_ws/install/my_serial_node/bin'
[17.388s] Level 1:colcon.colcon_core.environment:checking '/home/kurisaw/Desktop/catkin_ws/install/my_serial_node/lib/pkgconfig/my_serial_node.pc'
[17.388s] Level 1:colcon.colcon_core.environment:checking '/home/kurisaw/Desktop/catkin_ws/install/my_serial_node/lib/python3.8/site-packages'
[17.389s] Level 1:colcon.colcon_core.environment:checking '/home/kurisaw/Desktop/catkin_ws/install/my_serial_node/bin'
[17.451s] INFO:colcon.colcon_core.shell:Creating package script '/home/kurisaw/Desktop/catkin_ws/install/my_serial_node/share/my_serial_node/package.ps1'
[17.453s] INFO:colcon.colcon_core.shell:Creating package descriptor '/home/kurisaw/Desktop/catkin_ws/install/my_serial_node/share/my_serial_node/package.dsv'
[17.454s] INFO:colcon.colcon_core.shell:Creating package script '/home/kurisaw/Desktop/catkin_ws/install/my_serial_node/share/my_serial_node/package.sh'
[17.455s] INFO:colcon.colcon_core.shell:Creating package script '/home/kurisaw/Desktop/catkin_ws/install/my_serial_node/share/my_serial_node/package.bash'
[17.456s] INFO:colcon.colcon_core.shell:Creating package script '/home/kurisaw/Desktop/catkin_ws/install/my_serial_node/share/my_serial_node/package.zsh'
[17.457s] Level 1:colcon.colcon_core.environment:create_file_with_runtime_dependencies(/home/kurisaw/Desktop/catkin_ws/install/my_serial_node/share/colcon-core/packages/my_serial_node)
[17.459s] DEBUG:colcon.colcon_parallel_executor.executor.parallel:closing loop
[17.460s] DEBUG:colcon.colcon_parallel_executor.executor.parallel:loop closed
[17.461s] DEBUG:colcon.colcon_parallel_executor.executor.parallel:run_until_complete finished with '0'
[17.461s] DEBUG:colcon.colcon_core.event_reactor:joining thread
[17.561s] INFO:colcon.colcon_core.plugin_system:Skipping extension 'colcon_notification.desktop_notification.terminal_notifier': Not used on non-Darwin systems
[17.562s] INFO:colcon.colcon_core.plugin_system:Skipping extension 'colcon_notification.desktop_notification.win32': Not used on non-Windows systems
[17.562s] INFO:colcon.colcon_notification.desktop_notification:Sending desktop notification using 'notify2'
[17.606s] DEBUG:colcon.colcon_core.event_reactor:joined thread
[17.702s] INFO:colcon.colcon_core.shell:Creating prefix script '/home/kurisaw/Desktop/catkin_ws/install/local_setup.ps1'
[17.706s] INFO:colcon.colcon_core.shell:Creating prefix util module '/home/kurisaw/Desktop/catkin_ws/install/_local_setup_util_ps1.py'
[17.711s] INFO:colcon.colcon_core.shell:Creating prefix chain script '/home/kurisaw/Desktop/catkin_ws/install/setup.ps1'
[17.799s] INFO:colcon.colcon_core.shell:Creating prefix script '/home/kurisaw/Desktop/catkin_ws/install/local_setup.sh'
[17.801s] INFO:colcon.colcon_core.shell:Creating prefix util module '/home/kurisaw/Desktop/catkin_ws/install/_local_setup_util_sh.py'
[17.809s] INFO:colcon.colcon_core.shell:Creating prefix chain script '/home/kurisaw/Desktop/catkin_ws/install/setup.sh'
[17.889s] INFO:colcon.colcon_core.shell:Creating prefix script '/home/kurisaw/Desktop/catkin_ws/install/local_setup.bash'
[17.889s] INFO:colcon.colcon_core.shell:Creating prefix chain script '/home/kurisaw/Desktop/catkin_ws/install/setup.bash'
[17.962s] INFO:colcon.colcon_core.shell:Creating prefix script '/home/kurisaw/Desktop/catkin_ws/install/local_setup.zsh'
[17.963s] INFO:colcon.colcon_core.shell:Creating prefix chain script '/home/kurisaw/Desktop/catkin_ws/install/setup.zsh'
