[0.979s] Invoking command in '/home/kurisaw/Desktop/catkin_ws/build/my_serial_node': CMAKE_PREFIX_PATH=${CMAKE_PREFIX_PATH}:/opt/ros/foxy /usr/bin/cmake --build /home/kurisaw/Desktop/catkin_ws/build/my_serial_node -- -j4 -l4
[1.578s] [35m[1mConsolidate compiler generated dependencies of target serial_node[0m
[1.946s] [ 50%] [32mBuilding CXX object CMakeFiles/serial_node.dir/src/my_serial_node.cpp.o[0m
[21.587s] [100%] [32m[1mLinking CXX executable serial_node[0m
[22.878s] [100%] Built target serial_node
[22.903s] Invoked command in '/home/kurisaw/Desktop/catkin_ws/build/my_serial_node' returned '0': CMAKE_PREFIX_PATH=${CMAKE_PREFIX_PATH}:/opt/ros/foxy /usr/bin/cmake --build /home/kurisaw/Desktop/catkin_ws/build/my_serial_node -- -j4 -l4
[23.009s] Invoking command in '/home/kurisaw/Desktop/catkin_ws/build/my_serial_node': CMAKE_PREFIX_PATH=${CMAKE_PREFIX_PATH}:/opt/ros/foxy /usr/bin/cmake --install /home/kurisaw/Desktop/catkin_ws/build/my_serial_node
[23.021s] -- Install configuration: ""
[23.022s] -- Installing: /home/kurisaw/Desktop/catkin_ws/install/my_serial_node/lib/my_serial_node/serial_node
[23.104s] -- Set runtime path of "/home/kurisaw/Desktop/catkin_ws/install/my_serial_node/lib/my_serial_node/serial_node" to ""
[23.104s] -- Up-to-date: /home/kurisaw/Desktop/catkin_ws/install/my_serial_node/share/my_serial_node//launch
[23.105s] -- Up-to-date: /home/kurisaw/Desktop/catkin_ws/install/my_serial_node/share/ament_index/resource_index/package_run_dependencies/my_serial_node
[23.105s] -- Up-to-date: /home/kurisaw/Desktop/catkin_ws/install/my_serial_node/share/ament_index/resource_index/parent_prefix_path/my_serial_node
[23.106s] -- Up-to-date: /home/kurisaw/Desktop/catkin_ws/install/my_serial_node/share/my_serial_node/environment/ament_prefix_path.sh
[23.106s] -- Up-to-date: /home/kurisaw/Desktop/catkin_ws/install/my_serial_node/share/my_serial_node/environment/ament_prefix_path.dsv
[23.106s] -- Up-to-date: /home/kurisaw/Desktop/catkin_ws/install/my_serial_node/share/my_serial_node/environment/path.sh
[23.107s] -- Up-to-date: /home/kurisaw/Desktop/catkin_ws/install/my_serial_node/share/my_serial_node/environment/path.dsv
[23.107s] -- Up-to-date: /home/kurisaw/Desktop/catkin_ws/install/my_serial_node/share/my_serial_node/local_setup.bash
[23.108s] -- Up-to-date: /home/kurisaw/Desktop/catkin_ws/install/my_serial_node/share/my_serial_node/local_setup.sh
[23.108s] -- Up-to-date: /home/kurisaw/Desktop/catkin_ws/install/my_serial_node/share/my_serial_node/local_setup.zsh
[23.108s] -- Up-to-date: /home/kurisaw/Desktop/catkin_ws/install/my_serial_node/share/my_serial_node/local_setup.dsv
[23.109s] -- Installing: /home/kurisaw/Desktop/catkin_ws/install/my_serial_node/share/my_serial_node/package.dsv
[23.110s] -- Up-to-date: /home/kurisaw/Desktop/catkin_ws/install/my_serial_node/share/ament_index/resource_index/packages/my_serial_node
[23.110s] -- Up-to-date: /home/kurisaw/Desktop/catkin_ws/install/my_serial_node/share/my_serial_node/cmake/my_serial_nodeConfig.cmake
[23.110s] -- Up-to-date: /home/kurisaw/Desktop/catkin_ws/install/my_serial_node/share/my_serial_node/cmake/my_serial_nodeConfig-version.cmake
[23.110s] -- Up-to-date: /home/kurisaw/Desktop/catkin_ws/install/my_serial_node/share/my_serial_node/package.xml
[23.119s] Invoked command in '/home/kurisaw/Desktop/catkin_ws/build/my_serial_node' returned '0': CMAKE_PREFIX_PATH=${CMAKE_PREFIX_PATH}:/opt/ros/foxy /usr/bin/cmake --install /home/kurisaw/Desktop/catkin_ws/build/my_serial_node
