[0.360s] Invoking command in '/home/kurisaw/Desktop/catkin_ws/build/turtlesim': CMAKE_PREFIX_PATH=/opt/ros/foxy /usr/bin/cmake --build /home/kurisaw/Desktop/catkin_ws/build/turtlesim -- -j4 -l4
[0.586s] [ 10%] Built target turtlesim__rosidl_generator_c
[0.665s] [ 11%] Built target turtlesim__cpp
[0.718s] [ 21%] Built target turtlesim__rosidl_typesupport_introspection_c
[0.779s] [ 31%] Built target turtlesim__rosidl_typesupport_c
[0.835s] [ 41%] Built target turtlesim__rosidl_typesupport_cpp
[0.874s] [ 56%] Built target turtlesim__rosidl_typesupport_fastrtps_cpp
[0.876s] [ 61%] Built target turtlesim__rosidl_typesupport_introspection_cpp
[0.973s] [ 71%] Built target turtlesim__rosidl_typesupport_fastrtps_c
[1.029s] [ 71%] Built target turtlesim
[1.183s] [ 72%] Built target turtlesim__py
[1.262s] [ 74%] Built target turtle_teleop_key
[1.276s] [ 80%] Built target turtlesim_node
[1.298s] [ 82%] Built target draw_square
[1.333s] [ 84%] Built target mimic
[1.404s] [ 93%] Built target turtlesim__python
[1.499s] [ 95%] Built target turtlesim__rosidl_typesupport_introspection_c__pyext
[1.513s] [ 97%] Built target turtlesim__rosidl_typesupport_fastrtps_c__pyext
[1.548s] [100%] Built target turtlesim__rosidl_typesupport_c__pyext
[1.590s] Invoked command in '/home/kurisaw/Desktop/catkin_ws/build/turtlesim' returned '0': CMAKE_PREFIX_PATH=/opt/ros/foxy /usr/bin/cmake --build /home/kurisaw/Desktop/catkin_ws/build/turtlesim -- -j4 -l4
